[2m2021-11-13 22:14:12.654[0;39m [32m INFO[0;39m [35m47296[0;39m [2m---[0;39m [2m[  restartedMain][0;39m [36mcom.zdk.MyBlog.MyBlogApplication        [0;39m [2m:[0;39m Starting MyBlogApplication using Java 1.8.0_282 on DESKTOP-7KN75LJ with PID 47296 (F:\project\my\my-blog\target\classes started by zdk in F:\project\my\my-blog)
[2m2021-11-13 22:14:12.658[0;39m [32m INFO[0;39m [35m47296[0;39m [2m---[0;39m [2m[  restartedMain][0;39m [36mcom.zdk.MyBlog.MyBlogApplication        [0;39m [2m:[0;39m The following profiles are active: dev
[2m2021-11-13 22:14:12.709[0;39m [32m INFO[0;39m [35m47296[0;39m [2m---[0;39m [2m[  restartedMain][0;39m [36m.e.DevToolsPropertyDefaultsPostProcessor[0;39m [2m:[0;39m Devtools property defaults active! Set 'spring.devtools.add-properties' to 'false' to disable
[2m2021-11-13 22:14:12.711[0;39m [32m INFO[0;39m [35m47296[0;39m [2m---[0;39m [2m[  restartedMain][0;39m [36m.e.DevToolsPropertyDefaultsPostProcessor[0;39m [2m:[0;39m For additional web related logging consider setting the 'logging.level.web' property to 'DEBUG'
[2m2021-11-13 22:14:14.491[0;39m [32m INFO[0;39m [35m47296[0;39m [2m---[0;39m [2m[  restartedMain][0;39m [36m.s.d.r.c.RepositoryConfigurationDelegate[0;39m [2m:[0;39m Multiple Spring Data modules found, entering strict repository configuration mode!
[2m2021-11-13 22:14:14.493[0;39m [32m INFO[0;39m [35m47296[0;39m [2m---[0;39m [2m[  restartedMain][0;39m [36m.s.d.r.c.RepositoryConfigurationDelegate[0;39m [2m:[0;39m Bootstrapping Spring Data Redis repositories in DEFAULT mode.
[2m2021-11-13 22:14:14.519[0;39m [32m INFO[0;39m [35m47296[0;39m [2m---[0;39m [2m[  restartedMain][0;39m [36m.s.d.r.c.RepositoryConfigurationDelegate[0;39m [2m:[0;39m Finished Spring Data repository scanning in 13 ms. Found 0 Redis repository interfaces.
[2m2021-11-13 22:14:15.187[0;39m [32m INFO[0;39m [35m47296[0;39m [2m---[0;39m [2m[  restartedMain][0;39m [36mo.s.b.w.embedded.tomcat.TomcatWebServer [0;39m [2m:[0;39m Tomcat initialized with port(s): 8090 (http)
[2m2021-11-13 22:14:15.195[0;39m [32m INFO[0;39m [35m47296[0;39m [2m---[0;39m [2m[  restartedMain][0;39m [36mo.apache.catalina.core.StandardService  [0;39m [2m:[0;39m Starting service [Tomcat]
[2m2021-11-13 22:14:15.196[0;39m [32m INFO[0;39m [35m47296[0;39m [2m---[0;39m [2m[  restartedMain][0;39m [36morg.apache.catalina.core.StandardEngine [0;39m [2m:[0;39m Starting Servlet engine: [Apache Tomcat/9.0.45]
[2m2021-11-13 22:14:15.299[0;39m [32m INFO[0;39m [35m47296[0;39m [2m---[0;39m [2m[  restartedMain][0;39m [36mo.a.c.c.C.[Tomcat].[localhost].[/]      [0;39m [2m:[0;39m Initializing Spring embedded WebApplicationContext
[2m2021-11-13 22:14:15.300[0;39m [32m INFO[0;39m [35m47296[0;39m [2m---[0;39m [2m[  restartedMain][0;39m [36mw.s.c.ServletWebServerApplicationContext[0;39m [2m:[0;39m Root WebApplicationContext: initialization completed in 2588 ms
[2m2021-11-13 22:14:15.446[0;39m [32m INFO[0;39m [35m47296[0;39m [2m---[0;39m [2m[  restartedMain][0;39m [36mc.a.d.s.b.a.DruidDataSourceAutoConfigure[0;39m [2m:[0;39m Init DruidDataSource
[2m2021-11-13 22:14:15.619[0;39m [32m INFO[0;39m [35m47296[0;39m [2m---[0;39m [2m[  restartedMain][0;39m [36mcom.alibaba.druid.pool.DruidDataSource  [0;39m [2m:[0;39m {dataSource-1} inited
[2m2021-11-13 22:14:17.289[0;39m [32m INFO[0;39m [35m47296[0;39m [2m---[0;39m [2m[  restartedMain][0;39m [36mpertySourcedRequestMappingHandlerMapping[0;39m [2m:[0;39m Mapped URL path [/v2/api-docs] onto method [springfox.documentation.swagger2.web.Swagger2Controller#getDocumentation(String, HttpServletRequest)]
[2m2021-11-13 22:14:17.410[0;39m [32m INFO[0;39m [35m47296[0;39m [2m---[0;39m [2m[  restartedMain][0;39m [36mo.s.s.concurrent.ThreadPoolTaskExecutor [0;39m [2m:[0;39m Initializing ExecutorService 'applicationTaskExecutor'
[2m2021-11-13 22:14:17.457[0;39m [32m INFO[0;39m [35m47296[0;39m [2m---[0;39m [2m[  restartedMain][0;39m [36mo.s.b.d.a.OptionalLiveReloadServer      [0;39m [2m:[0;39m LiveReload server is running on port 35729
[2m2021-11-13 22:14:18.273[0;39m [32m INFO[0;39m [35m47296[0;39m [2m---[0;39m [2m[  restartedMain][0;39m [36mo.s.b.w.embedded.tomcat.TomcatWebServer [0;39m [2m:[0;39m Tomcat started on port(s): 8090 (http) with context path ''
[2m2021-11-13 22:14:18.274[0;39m [32m INFO[0;39m [35m47296[0;39m [2m---[0;39m [2m[  restartedMain][0;39m [36md.s.w.p.DocumentationPluginsBootstrapper[0;39m [2m:[0;39m Context refreshed
[2m2021-11-13 22:14:18.290[0;39m [32m INFO[0;39m [35m47296[0;39m [2m---[0;39m [2m[  restartedMain][0;39m [36md.s.w.p.DocumentationPluginsBootstrapper[0;39m [2m:[0;39m Found 1 custom documentation plugin(s)
[2m2021-11-13 22:14:18.341[0;39m [32m INFO[0;39m [35m47296[0;39m [2m---[0;39m [2m[  restartedMain][0;39m [36ms.d.s.w.s.ApiListingReferenceScanner    [0;39m [2m:[0;39m Scanning for api listing references
[2m2021-11-13 22:14:18.503[0;39m [32m INFO[0;39m [35m47296[0;39m [2m---[0;39m [2m[  restartedMain][0;39m [36m.d.s.w.r.o.CachingOperationNameGenerator[0;39m [2m:[0;39m Generating unique operation named: indexUsingPOST_1
[2m2021-11-13 22:14:18.504[0;39m [32m INFO[0;39m [35m47296[0;39m [2m---[0;39m [2m[  restartedMain][0;39m [36m.d.s.w.r.o.CachingOperationNameGenerator[0;39m [2m:[0;39m Generating unique operation named: indexUsingGET_1
[2m2021-11-13 22:14:18.510[0;39m [32m INFO[0;39m [35m47296[0;39m [2m---[0;39m [2m[  restartedMain][0;39m [36m.d.s.w.r.o.CachingOperationNameGenerator[0;39m [2m:[0;39m Generating unique operation named: deleteUsingPOST_1
[2m2021-11-13 22:14:18.511[0;39m [32m INFO[0;39m [35m47296[0;39m [2m---[0;39m [2m[  restartedMain][0;39m [36m.d.s.w.r.o.CachingOperationNameGenerator[0;39m [2m:[0;39m Generating unique operation named: deleteUsingGET_1
[2m2021-11-13 22:14:18.513[0;39m [32m INFO[0;39m [35m47296[0;39m [2m---[0;39m [2m[  restartedMain][0;39m [36m.d.s.w.r.o.CachingOperationNameGenerator[0;39m [2m:[0;39m Generating unique operation named: indexUsingPOST_2
[2m2021-11-13 22:14:18.514[0;39m [32m INFO[0;39m [35m47296[0;39m [2m---[0;39m [2m[  restartedMain][0;39m [36m.d.s.w.r.o.CachingOperationNameGenerator[0;39m [2m:[0;39m Generating unique operation named: indexUsingGET_2
[2m2021-11-13 22:14:18.517[0;39m [32m INFO[0;39m [35m47296[0;39m [2m---[0;39m [2m[  restartedMain][0;39m [36m.d.s.w.r.o.CachingOperationNameGenerator[0;39m [2m:[0;39m Generating unique operation named: indexUsingPOST_3
[2m2021-11-13 22:14:18.518[0;39m [32m INFO[0;39m [35m47296[0;39m [2m---[0;39m [2m[  restartedMain][0;39m [36m.d.s.w.r.o.CachingOperationNameGenerator[0;39m [2m:[0;39m Generating unique operation named: indexUsingGET_3
[2m2021-11-13 22:14:18.520[0;39m [32m INFO[0;39m [35m47296[0;39m [2m---[0;39m [2m[  restartedMain][0;39m [36m.d.s.w.r.o.CachingOperationNameGenerator[0;39m [2m:[0;39m Generating unique operation named: indexUsingGET_4
[2m2021-11-13 22:14:18.525[0;39m [32m INFO[0;39m [35m47296[0;39m [2m---[0;39m [2m[  restartedMain][0;39m [36m.d.s.w.r.o.CachingOperationNameGenerator[0;39m [2m:[0;39m Generating unique operation named: indexUsingPOST_4
[2m2021-11-13 22:14:18.526[0;39m [32m INFO[0;39m [35m47296[0;39m [2m---[0;39m [2m[  restartedMain][0;39m [36m.d.s.w.r.o.CachingOperationNameGenerator[0;39m [2m:[0;39m Generating unique operation named: indexUsingGET_5
[2m2021-11-13 22:14:18.528[0;39m [32m INFO[0;39m [35m47296[0;39m [2m---[0;39m [2m[  restartedMain][0;39m [36m.d.s.w.r.o.CachingOperationNameGenerator[0;39m [2m:[0;39m Generating unique operation named: loginUsingGET_1
[2m2021-11-13 22:14:18.529[0;39m [32m INFO[0;39m [35m47296[0;39m [2m---[0;39m [2m[  restartedMain][0;39m [36m.d.s.w.r.o.CachingOperationNameGenerator[0;39m [2m:[0;39m Generating unique operation named: logoutUsingGET_1
[2m2021-11-13 22:14:18.531[0;39m [32m INFO[0;39m [35m47296[0;39m [2m---[0;39m [2m[  restartedMain][0;39m [36m.d.s.w.r.o.CachingOperationNameGenerator[0;39m [2m:[0;39m Generating unique operation named: indexUsingPOST_5
[2m2021-11-13 22:14:18.532[0;39m [32m INFO[0;39m [35m47296[0;39m [2m---[0;39m [2m[  restartedMain][0;39m [36m.d.s.w.r.o.CachingOperationNameGenerator[0;39m [2m:[0;39m Generating unique operation named: indexUsingGET_6
[2m2021-11-13 22:14:18.537[0;39m [32m INFO[0;39m [35m47296[0;39m [2m---[0;39m [2m[  restartedMain][0;39m [36m.d.s.w.r.o.CachingOperationNameGenerator[0;39m [2m:[0;39m Generating unique operation named: deleteUsingPOST_2
[2m2021-11-13 22:14:18.538[0;39m [32m INFO[0;39m [35m47296[0;39m [2m---[0;39m [2m[  restartedMain][0;39m [36m.d.s.w.r.o.CachingOperationNameGenerator[0;39m [2m:[0;39m Generating unique operation named: deleteUsingGET_2
[2m2021-11-13 22:14:18.543[0;39m [32m INFO[0;39m [35m47296[0;39m [2m---[0;39m [2m[  restartedMain][0;39m [36m.d.s.w.r.o.CachingOperationNameGenerator[0;39m [2m:[0;39m Generating unique operation named: indexUsingPOST_6
[2m2021-11-13 22:14:18.544[0;39m [32m INFO[0;39m [35m47296[0;39m [2m---[0;39m [2m[  restartedMain][0;39m [36m.d.s.w.r.o.CachingOperationNameGenerator[0;39m [2m:[0;39m Generating unique operation named: indexUsingGET_7
[2m2021-11-13 22:14:18.545[0;39m [32m INFO[0;39m [35m47296[0;39m [2m---[0;39m [2m[  restartedMain][0;39m [36m.d.s.w.r.o.CachingOperationNameGenerator[0;39m [2m:[0;39m Generating unique operation named: indexUsingPOST_7
[2m2021-11-13 22:14:18.546[0;39m [32m INFO[0;39m [35m47296[0;39m [2m---[0;39m [2m[  restartedMain][0;39m [36m.d.s.w.r.o.CachingOperationNameGenerator[0;39m [2m:[0;39m Generating unique operation named: indexUsingGET_8
[2m2021-11-13 22:14:18.551[0;39m [32m INFO[0;39m [35m47296[0;39m [2m---[0;39m [2m[  restartedMain][0;39m [36m.d.s.w.r.o.CachingOperationNameGenerator[0;39m [2m:[0;39m Generating unique operation named: deleteUsingPOST_3
[2m2021-11-13 22:14:18.552[0;39m [32m INFO[0;39m [35m47296[0;39m [2m---[0;39m [2m[  restartedMain][0;39m [36m.d.s.w.r.o.CachingOperationNameGenerator[0;39m [2m:[0;39m Generating unique operation named: deleteUsingGET_3
[2m2021-11-13 22:14:18.553[0;39m [32m INFO[0;39m [35m47296[0;39m [2m---[0;39m [2m[  restartedMain][0;39m [36m.d.s.w.r.o.CachingOperationNameGenerator[0;39m [2m:[0;39m Generating unique operation named: editUsingPOST_1
[2m2021-11-13 22:14:18.554[0;39m [32m INFO[0;39m [35m47296[0;39m [2m---[0;39m [2m[  restartedMain][0;39m [36m.d.s.w.r.o.CachingOperationNameGenerator[0;39m [2m:[0;39m Generating unique operation named: editUsingGET_1
[2m2021-11-13 22:14:18.555[0;39m [32m INFO[0;39m [35m47296[0;39m [2m---[0;39m [2m[  restartedMain][0;39m [36m.d.s.w.r.o.CachingOperationNameGenerator[0;39m [2m:[0;39m Generating unique operation named: indexUsingPOST_8
[2m2021-11-13 22:14:18.555[0;39m [32m INFO[0;39m [35m47296[0;39m [2m---[0;39m [2m[  restartedMain][0;39m [36m.d.s.w.r.o.CachingOperationNameGenerator[0;39m [2m:[0;39m Generating unique operation named: indexUsingGET_9
[2m2021-11-13 22:14:18.574[0;39m [32m INFO[0;39m [35m47296[0;39m [2m---[0;39m [2m[  restartedMain][0;39m [36mcom.zdk.MyBlog.MyBlogApplication        [0;39m [2m:[0;39m Started MyBlogApplication in 6.704 seconds (JVM running for 7.979)
[2m2021-11-13 22:14:30.326[0;39m [32m INFO[0;39m [35m47296[0;39m [2m---[0;39m [2m[nio-8090-exec-1][0;39m [36mo.a.c.c.C.[Tomcat].[localhost].[/]      [0;39m [2m:[0;39m Initializing Spring DispatcherServlet 'dispatcherServlet'
[2m2021-11-13 22:14:30.327[0;39m [32m INFO[0;39m [35m47296[0;39m [2m---[0;39m [2m[nio-8090-exec-1][0;39m [36mo.s.web.servlet.DispatcherServlet       [0;39m [2m:[0;39m Initializing Servlet 'dispatcherServlet'
[2m2021-11-13 22:14:30.328[0;39m [32m INFO[0;39m [35m47296[0;39m [2m---[0;39m [2m[nio-8090-exec-1][0;39m [36mo.s.web.servlet.DispatcherServlet       [0;39m [2m:[0;39m Completed initialization in 1 ms
[2m2021-11-13 22:14:30.391[0;39m [32m INFO[0;39m [35m47296[0;39m [2m---[0;39m [2m[nio-8090-exec-3][0;39m [36mcom.zdk.MyBlog.aspect.WebLogAspect      [0;39m [2m:[0;39m URL : http://localhost:8090/user/toIndex
[2m2021-11-13 22:14:30.392[0;39m [32m INFO[0;39m [35m47296[0;39m [2m---[0;39m [2m[nio-8090-exec-3][0;39m [36mcom.zdk.MyBlog.aspect.WebLogAspect      [0;39m [2m:[0;39m HTTP_METHOD : GET
[2m2021-11-13 22:14:30.392[0;39m [32m INFO[0;39m [35m47296[0;39m [2m---[0;39m [2m[nio-8090-exec-3][0;39m [36mcom.zdk.MyBlog.aspect.WebLogAspect      [0;39m [2m:[0;39m IP : 0:0:0:0:0:0:0:1
[2m2021-11-13 22:14:30.392[0;39m [32m INFO[0;39m [35m47296[0;39m [2m---[0;39m [2m[nio-8090-exec-3][0;39m [36mcom.zdk.MyBlog.aspect.WebLogAspect      [0;39m [2m:[0;39m CLASS_METHOD : com.zdk.MyBlog.controller.user.UserController.toIndex
[2m2021-11-13 22:14:30.393[0;39m [32m INFO[0;39m [35m47296[0;39m [2m---[0;39m [2m[nio-8090-exec-3][0;39m [36mcom.zdk.MyBlog.aspect.WebLogAspect      [0;39m [2m:[0;39m ARGS : [{}, 1, 5, null]
[2m2021-11-13 22:14:30.730[0;39m [32m INFO[0;39m [35m47296[0;39m [2m---[0;39m [2m[nio-8090-exec-3][0;39m [36mcom.zdk.MyBlog.aspect.WebLogAspect      [0;39m [2m:[0;39m RESPONSE : blog/index
[2m2021-11-13 22:14:30.731[0;39m [32m INFO[0;39m [35m47296[0;39m [2m---[0;39m [2m[nio-8090-exec-3][0;39m [36mcom.zdk.MyBlog.aspect.WebLogAspect      [0;39m [2m:[0;39m SPEND TIME : 343
[2m2021-11-13 22:14:31.988[0;39m [32m INFO[0;39m [35m47296[0;39m [2m---[0;39m [2m[nio-8090-exec-4][0;39m [36mcom.zdk.MyBlog.aspect.WebLogAspect      [0;39m [2m:[0;39m URL : http://localhost:8090/admin/login
[2m2021-11-13 22:14:31.989[0;39m [32m INFO[0;39m [35m47296[0;39m [2m---[0;39m [2m[nio-8090-exec-4][0;39m [36mcom.zdk.MyBlog.aspect.WebLogAspect      [0;39m [2m:[0;39m HTTP_METHOD : GET
[2m2021-11-13 22:14:31.989[0;39m [32m INFO[0;39m [35m47296[0;39m [2m---[0;39m [2m[nio-8090-exec-4][0;39m [36mcom.zdk.MyBlog.aspect.WebLogAspect      [0;39m [2m:[0;39m IP : 0:0:0:0:0:0:0:1
[2m2021-11-13 22:14:31.989[0;39m [32m INFO[0;39m [35m47296[0;39m [2m---[0;39m [2m[nio-8090-exec-4][0;39m [36mcom.zdk.MyBlog.aspect.WebLogAspect      [0;39m [2m:[0;39m CLASS_METHOD : com.zdk.MyBlog.controller.admin.IndexController.login
[2m2021-11-13 22:14:31.989[0;39m [32m INFO[0;39m [35m47296[0;39m [2m---[0;39m [2m[nio-8090-exec-4][0;39m [36mcom.zdk.MyBlog.aspect.WebLogAspect      [0;39m [2m:[0;39m ARGS : []
[2m2021-11-13 22:14:31.993[0;39m [32m INFO[0;39m [35m47296[0;39m [2m---[0;39m [2m[nio-8090-exec-4][0;39m [36mcom.zdk.MyBlog.aspect.WebLogAspect      [0;39m [2m:[0;39m RESPONSE : admin/login
[2m2021-11-13 22:14:31.993[0;39m [32m INFO[0;39m [35m47296[0;39m [2m---[0;39m [2m[nio-8090-exec-4][0;39m [36mcom.zdk.MyBlog.aspect.WebLogAspect      [0;39m [2m:[0;39m SPEND TIME : 5
[2m2021-11-13 22:14:38.707[0;39m [32m INFO[0;39m [35m47296[0;39m [2m---[0;39m [2m[nio-8090-exec-4][0;39m [36mcom.zdk.MyBlog.aspect.WebLogAspect      [0;39m [2m:[0;39m URL : http://localhost:8090/user/login
[2m2021-11-13 22:14:38.707[0;39m [32m INFO[0;39m [35m47296[0;39m [2m---[0;39m [2m[nio-8090-exec-4][0;39m [36mcom.zdk.MyBlog.aspect.WebLogAspect      [0;39m [2m:[0;39m HTTP_METHOD : POST
[2m2021-11-13 22:14:38.707[0;39m [32m INFO[0;39m [35m47296[0;39m [2m---[0;39m [2m[nio-8090-exec-4][0;39m [36mcom.zdk.MyBlog.aspect.WebLogAspect      [0;39m [2m:[0;39m IP : 0:0:0:0:0:0:0:1
[2m2021-11-13 22:14:38.707[0;39m [32m INFO[0;39m [35m47296[0;39m [2m---[0;39m [2m[nio-8090-exec-4][0;39m [36mcom.zdk.MyBlog.aspect.WebLogAspect      [0;39m [2m:[0;39m CLASS_METHOD : com.zdk.MyBlog.controller.user.LoginController.login
[2m2021-11-13 22:14:38.707[0;39m [32m INFO[0;39m [35m47296[0;39m [2m---[0;39m [2m[nio-8090-exec-4][0;39m [36mcom.zdk.MyBlog.aspect.WebLogAspect      [0;39m [2m:[0;39m ARGS : [admin, 123, on]
[2m2021-11-13 22:14:39.420[0;39m [32m INFO[0;39m [35m47296[0;39m [2m---[0;39m [2m[nio-8090-exec-4][0;39m [36mc.z.MyBlog.handler.MyMetaObjectHandler  [0;39m [2m:[0;39m 插入时开始填充--------
[2m2021-11-13 22:14:39.571[0;39m [32m INFO[0;39m [35m47296[0;39m [2m---[0;39m [2m[nio-8090-exec-4][0;39m [36mcom.zdk.MyBlog.aspect.WebLogAspect      [0;39m [2m:[0;39m RESPONSE : com.zdk.MyBlog.utils.ApiResponse@19b7506a
[2m2021-11-13 22:14:39.571[0;39m [32m INFO[0;39m [35m47296[0;39m [2m---[0;39m [2m[nio-8090-exec-4][0;39m [36mcom.zdk.MyBlog.aspect.WebLogAspect      [0;39m [2m:[0;39m SPEND TIME : 865
[2m2021-11-13 22:15:10.695[0;39m [32m INFO[0;39m [35m47296[0;39m [2m---[0;39m [2m[extShutdownHook][0;39m [36mo.s.s.concurrent.ThreadPoolTaskExecutor [0;39m [2m:[0;39m Shutting down ExecutorService 'applicationTaskExecutor'
[2m2021-11-13 22:15:10.935[0;39m [32m INFO[0;39m [35m47296[0;39m [2m---[0;39m [2m[extShutdownHook][0;39m [36mcom.alibaba.druid.pool.DruidDataSource  [0;39m [2m:[0;39m {dataSource-1} closing ...
[2m2021-11-13 22:15:10.940[0;39m [32m INFO[0;39m [35m47296[0;39m [2m---[0;39m [2m[extShutdownHook][0;39m [36mcom.alibaba.druid.pool.DruidDataSource  [0;39m [2m:[0;39m {dataSource-1} closed
