[2m2021-11-01 13:47:10.913[0;39m [32m INFO[0;39m [35m39688[0;39m [2m---[0;39m [2m[  restartedMain][0;39m [36mcom.zdk.MyBlog.MyBlogApplication        [0;39m [2m:[0;39m Starting MyBlogApplication using Java 1.8.0_282 on DESKTOP-7KN75LJ with PID 39688 (F:\project\my\my-blog\target\classes started by zdk in F:\project\my\my-blog)
[2m2021-11-01 13:47:10.934[0;39m [32m INFO[0;39m [35m39688[0;39m [2m---[0;39m [2m[  restartedMain][0;39m [36mcom.zdk.MyBlog.MyBlogApplication        [0;39m [2m:[0;39m The following profiles are active: dev
[2m2021-11-01 13:47:10.974[0;39m [32m INFO[0;39m [35m39688[0;39m [2m---[0;39m [2m[  restartedMain][0;39m [36m.e.DevToolsPropertyDefaultsPostProcessor[0;39m [2m:[0;39m Devtools property defaults active! Set 'spring.devtools.add-properties' to 'false' to disable
[2m2021-11-01 13:47:10.976[0;39m [32m INFO[0;39m [35m39688[0;39m [2m---[0;39m [2m[  restartedMain][0;39m [36m.e.DevToolsPropertyDefaultsPostProcessor[0;39m [2m:[0;39m For additional web related logging consider setting the 'logging.level.web' property to 'DEBUG'
[2m2021-11-01 13:47:11.687[0;39m [32m INFO[0;39m [35m39688[0;39m [2m---[0;39m [2m[  restartedMain][0;39m [36m.s.d.r.c.RepositoryConfigurationDelegate[0;39m [2m:[0;39m Multiple Spring Data modules found, entering strict repository configuration mode!
[2m2021-11-01 13:47:11.689[0;39m [32m INFO[0;39m [35m39688[0;39m [2m---[0;39m [2m[  restartedMain][0;39m [36m.s.d.r.c.RepositoryConfigurationDelegate[0;39m [2m:[0;39m Bootstrapping Spring Data Redis repositories in DEFAULT mode.
[2m2021-11-01 13:47:11.712[0;39m [32m INFO[0;39m [35m39688[0;39m [2m---[0;39m [2m[  restartedMain][0;39m [36m.s.d.r.c.RepositoryConfigurationDelegate[0;39m [2m:[0;39m Finished Spring Data repository scanning in 13 ms. Found 0 Redis repository interfaces.
[2m2021-11-01 13:47:12.228[0;39m [32m INFO[0;39m [35m39688[0;39m [2m---[0;39m [2m[  restartedMain][0;39m [36mo.s.b.w.embedded.tomcat.TomcatWebServer [0;39m [2m:[0;39m Tomcat initialized with port(s): 8090 (http)
[2m2021-11-01 13:47:12.234[0;39m [32m INFO[0;39m [35m39688[0;39m [2m---[0;39m [2m[  restartedMain][0;39m [36mo.apache.catalina.core.StandardService  [0;39m [2m:[0;39m Starting service [Tomcat]
[2m2021-11-01 13:47:12.235[0;39m [32m INFO[0;39m [35m39688[0;39m [2m---[0;39m [2m[  restartedMain][0;39m [36morg.apache.catalina.core.StandardEngine [0;39m [2m:[0;39m Starting Servlet engine: [Apache Tomcat/9.0.45]
[2m2021-11-01 13:47:12.333[0;39m [32m INFO[0;39m [35m39688[0;39m [2m---[0;39m [2m[  restartedMain][0;39m [36mo.a.c.c.C.[Tomcat].[localhost].[/]      [0;39m [2m:[0;39m Initializing Spring embedded WebApplicationContext
[2m2021-11-01 13:47:12.334[0;39m [32m INFO[0;39m [35m39688[0;39m [2m---[0;39m [2m[  restartedMain][0;39m [36mw.s.c.ServletWebServerApplicationContext[0;39m [2m:[0;39m Root WebApplicationContext: initialization completed in 1357 ms
[2m2021-11-01 13:47:12.450[0;39m [32m INFO[0;39m [35m39688[0;39m [2m---[0;39m [2m[  restartedMain][0;39m [36mc.a.d.s.b.a.DruidDataSourceAutoConfigure[0;39m [2m:[0;39m Init DruidDataSource
[2m2021-11-01 13:47:12.616[0;39m [32m INFO[0;39m [35m39688[0;39m [2m---[0;39m [2m[  restartedMain][0;39m [36mcom.alibaba.druid.pool.DruidDataSource  [0;39m [2m:[0;39m {dataSource-1} inited
[2m2021-11-01 13:47:14.044[0;39m [32m INFO[0;39m [35m39688[0;39m [2m---[0;39m [2m[  restartedMain][0;39m [36mpertySourcedRequestMappingHandlerMapping[0;39m [2m:[0;39m Mapped URL path [/v2/api-docs] onto method [springfox.documentation.swagger2.web.Swagger2Controller#getDocumentation(String, HttpServletRequest)]
[2m2021-11-01 13:47:14.154[0;39m [32m INFO[0;39m [35m39688[0;39m [2m---[0;39m [2m[  restartedMain][0;39m [36mo.s.s.concurrent.ThreadPoolTaskExecutor [0;39m [2m:[0;39m Initializing ExecutorService 'applicationTaskExecutor'
[2m2021-11-01 13:47:14.194[0;39m [32m INFO[0;39m [35m39688[0;39m [2m---[0;39m [2m[  restartedMain][0;39m [36mo.s.b.d.a.OptionalLiveReloadServer      [0;39m [2m:[0;39m LiveReload server is running on port 35729
[2m2021-11-01 13:47:14.591[0;39m [32m INFO[0;39m [35m39688[0;39m [2m---[0;39m [2m[  restartedMain][0;39m [36mo.s.b.w.embedded.tomcat.TomcatWebServer [0;39m [2m:[0;39m Tomcat started on port(s): 8090 (http) with context path ''
[2m2021-11-01 13:47:14.592[0;39m [32m INFO[0;39m [35m39688[0;39m [2m---[0;39m [2m[  restartedMain][0;39m [36md.s.w.p.DocumentationPluginsBootstrapper[0;39m [2m:[0;39m Context refreshed
[2m2021-11-01 13:47:14.604[0;39m [32m INFO[0;39m [35m39688[0;39m [2m---[0;39m [2m[  restartedMain][0;39m [36md.s.w.p.DocumentationPluginsBootstrapper[0;39m [2m:[0;39m Found 1 custom documentation plugin(s)
[2m2021-11-01 13:47:14.627[0;39m [32m INFO[0;39m [35m39688[0;39m [2m---[0;39m [2m[  restartedMain][0;39m [36ms.d.s.w.s.ApiListingReferenceScanner    [0;39m [2m:[0;39m Scanning for api listing references
[2m2021-11-01 13:47:14.732[0;39m [32m INFO[0;39m [35m39688[0;39m [2m---[0;39m [2m[  restartedMain][0;39m [36m.d.s.w.r.o.CachingOperationNameGenerator[0;39m [2m:[0;39m Generating unique operation named: indexUsingPOST_1
[2m2021-11-01 13:47:14.734[0;39m [32m INFO[0;39m [35m39688[0;39m [2m---[0;39m [2m[  restartedMain][0;39m [36m.d.s.w.r.o.CachingOperationNameGenerator[0;39m [2m:[0;39m Generating unique operation named: indexUsingGET_1
[2m2021-11-01 13:47:14.739[0;39m [32m INFO[0;39m [35m39688[0;39m [2m---[0;39m [2m[  restartedMain][0;39m [36m.d.s.w.r.o.CachingOperationNameGenerator[0;39m [2m:[0;39m Generating unique operation named: deleteUsingPOST_1
[2m2021-11-01 13:47:14.739[0;39m [32m INFO[0;39m [35m39688[0;39m [2m---[0;39m [2m[  restartedMain][0;39m [36m.d.s.w.r.o.CachingOperationNameGenerator[0;39m [2m:[0;39m Generating unique operation named: deleteUsingGET_1
[2m2021-11-01 13:47:14.740[0;39m [32m INFO[0;39m [35m39688[0;39m [2m---[0;39m [2m[  restartedMain][0;39m [36m.d.s.w.r.o.CachingOperationNameGenerator[0;39m [2m:[0;39m Generating unique operation named: indexUsingPOST_2
[2m2021-11-01 13:47:14.741[0;39m [32m INFO[0;39m [35m39688[0;39m [2m---[0;39m [2m[  restartedMain][0;39m [36m.d.s.w.r.o.CachingOperationNameGenerator[0;39m [2m:[0;39m Generating unique operation named: indexUsingGET_2
[2m2021-11-01 13:47:14.744[0;39m [32m INFO[0;39m [35m39688[0;39m [2m---[0;39m [2m[  restartedMain][0;39m [36m.d.s.w.r.o.CachingOperationNameGenerator[0;39m [2m:[0;39m Generating unique operation named: indexUsingPOST_3
[2m2021-11-01 13:47:14.745[0;39m [32m INFO[0;39m [35m39688[0;39m [2m---[0;39m [2m[  restartedMain][0;39m [36m.d.s.w.r.o.CachingOperationNameGenerator[0;39m [2m:[0;39m Generating unique operation named: indexUsingGET_3
[2m2021-11-01 13:47:14.746[0;39m [32m INFO[0;39m [35m39688[0;39m [2m---[0;39m [2m[  restartedMain][0;39m [36m.d.s.w.r.o.CachingOperationNameGenerator[0;39m [2m:[0;39m Generating unique operation named: indexUsingGET_4
[2m2021-11-01 13:47:14.752[0;39m [32m INFO[0;39m [35m39688[0;39m [2m---[0;39m [2m[  restartedMain][0;39m [36m.d.s.w.r.o.CachingOperationNameGenerator[0;39m [2m:[0;39m Generating unique operation named: loginUsingGET_1
[2m2021-11-01 13:47:14.753[0;39m [32m INFO[0;39m [35m39688[0;39m [2m---[0;39m [2m[  restartedMain][0;39m [36m.d.s.w.r.o.CachingOperationNameGenerator[0;39m [2m:[0;39m Generating unique operation named: logoutUsingGET_1
[2m2021-11-01 13:47:14.754[0;39m [32m INFO[0;39m [35m39688[0;39m [2m---[0;39m [2m[  restartedMain][0;39m [36m.d.s.w.r.o.CachingOperationNameGenerator[0;39m [2m:[0;39m Generating unique operation named: indexUsingPOST_4
[2m2021-11-01 13:47:14.755[0;39m [32m INFO[0;39m [35m39688[0;39m [2m---[0;39m [2m[  restartedMain][0;39m [36m.d.s.w.r.o.CachingOperationNameGenerator[0;39m [2m:[0;39m Generating unique operation named: indexUsingGET_5
[2m2021-11-01 13:47:14.760[0;39m [32m INFO[0;39m [35m39688[0;39m [2m---[0;39m [2m[  restartedMain][0;39m [36m.d.s.w.r.o.CachingOperationNameGenerator[0;39m [2m:[0;39m Generating unique operation named: deleteUsingPOST_2
[2m2021-11-01 13:47:14.760[0;39m [32m INFO[0;39m [35m39688[0;39m [2m---[0;39m [2m[  restartedMain][0;39m [36m.d.s.w.r.o.CachingOperationNameGenerator[0;39m [2m:[0;39m Generating unique operation named: deleteUsingGET_2
[2m2021-11-01 13:47:14.764[0;39m [32m INFO[0;39m [35m39688[0;39m [2m---[0;39m [2m[  restartedMain][0;39m [36m.d.s.w.r.o.CachingOperationNameGenerator[0;39m [2m:[0;39m Generating unique operation named: indexUsingPOST_5
[2m2021-11-01 13:47:14.765[0;39m [32m INFO[0;39m [35m39688[0;39m [2m---[0;39m [2m[  restartedMain][0;39m [36m.d.s.w.r.o.CachingOperationNameGenerator[0;39m [2m:[0;39m Generating unique operation named: indexUsingGET_6
[2m2021-11-01 13:47:14.767[0;39m [32m INFO[0;39m [35m39688[0;39m [2m---[0;39m [2m[  restartedMain][0;39m [36m.d.s.w.r.o.CachingOperationNameGenerator[0;39m [2m:[0;39m Generating unique operation named: indexUsingPOST_6
[2m2021-11-01 13:47:14.768[0;39m [32m INFO[0;39m [35m39688[0;39m [2m---[0;39m [2m[  restartedMain][0;39m [36m.d.s.w.r.o.CachingOperationNameGenerator[0;39m [2m:[0;39m Generating unique operation named: indexUsingGET_7
[2m2021-11-01 13:47:14.773[0;39m [32m INFO[0;39m [35m39688[0;39m [2m---[0;39m [2m[  restartedMain][0;39m [36m.d.s.w.r.o.CachingOperationNameGenerator[0;39m [2m:[0;39m Generating unique operation named: deleteUsingPOST_3
[2m2021-11-01 13:47:14.774[0;39m [32m INFO[0;39m [35m39688[0;39m [2m---[0;39m [2m[  restartedMain][0;39m [36m.d.s.w.r.o.CachingOperationNameGenerator[0;39m [2m:[0;39m Generating unique operation named: deleteUsingGET_3
[2m2021-11-01 13:47:14.774[0;39m [32m INFO[0;39m [35m39688[0;39m [2m---[0;39m [2m[  restartedMain][0;39m [36m.d.s.w.r.o.CachingOperationNameGenerator[0;39m [2m:[0;39m Generating unique operation named: editUsingPOST_1
[2m2021-11-01 13:47:14.775[0;39m [32m INFO[0;39m [35m39688[0;39m [2m---[0;39m [2m[  restartedMain][0;39m [36m.d.s.w.r.o.CachingOperationNameGenerator[0;39m [2m:[0;39m Generating unique operation named: editUsingGET_1
[2m2021-11-01 13:47:14.776[0;39m [32m INFO[0;39m [35m39688[0;39m [2m---[0;39m [2m[  restartedMain][0;39m [36m.d.s.w.r.o.CachingOperationNameGenerator[0;39m [2m:[0;39m Generating unique operation named: indexUsingPOST_7
[2m2021-11-01 13:47:14.777[0;39m [32m INFO[0;39m [35m39688[0;39m [2m---[0;39m [2m[  restartedMain][0;39m [36m.d.s.w.r.o.CachingOperationNameGenerator[0;39m [2m:[0;39m Generating unique operation named: indexUsingGET_8
[2m2021-11-01 13:47:14.793[0;39m [32m INFO[0;39m [35m39688[0;39m [2m---[0;39m [2m[  restartedMain][0;39m [36mcom.zdk.MyBlog.MyBlogApplication        [0;39m [2m:[0;39m Started MyBlogApplication in 4.243 seconds (JVM running for 4.782)
[2m2021-11-01 13:47:20.710[0;39m [32m INFO[0;39m [35m39688[0;39m [2m---[0;39m [2m[nio-8090-exec-1][0;39m [36mo.a.c.c.C.[Tomcat].[localhost].[/]      [0;39m [2m:[0;39m Initializing Spring DispatcherServlet 'dispatcherServlet'
[2m2021-11-01 13:47:20.710[0;39m [32m INFO[0;39m [35m39688[0;39m [2m---[0;39m [2m[nio-8090-exec-1][0;39m [36mo.s.web.servlet.DispatcherServlet       [0;39m [2m:[0;39m Initializing Servlet 'dispatcherServlet'
[2m2021-11-01 13:47:20.711[0;39m [32m INFO[0;39m [35m39688[0;39m [2m---[0;39m [2m[nio-8090-exec-1][0;39m [36mo.s.web.servlet.DispatcherServlet       [0;39m [2m:[0;39m Completed initialization in 1 ms
[2m2021-11-01 13:47:20.744[0;39m [32m INFO[0;39m [35m39688[0;39m [2m---[0;39m [2m[nio-8090-exec-4][0;39m [36mcom.zdk.MyBlog.aspect.WebLogAspect      [0;39m [2m:[0;39m URL : http://localhost:8090/user/toIndex
[2m2021-11-01 13:47:20.745[0;39m [32m INFO[0;39m [35m39688[0;39m [2m---[0;39m [2m[nio-8090-exec-4][0;39m [36mcom.zdk.MyBlog.aspect.WebLogAspect      [0;39m [2m:[0;39m HTTP_METHOD : GET
[2m2021-11-01 13:47:20.745[0;39m [32m INFO[0;39m [35m39688[0;39m [2m---[0;39m [2m[nio-8090-exec-4][0;39m [36mcom.zdk.MyBlog.aspect.WebLogAspect      [0;39m [2m:[0;39m IP : 0:0:0:0:0:0:0:1
[2m2021-11-01 13:47:20.746[0;39m [32m INFO[0;39m [35m39688[0;39m [2m---[0;39m [2m[nio-8090-exec-4][0;39m [36mcom.zdk.MyBlog.aspect.WebLogAspect      [0;39m [2m:[0;39m CLASS_METHOD : com.zdk.MyBlog.controller.user.UserController.toIndex
[2m2021-11-01 13:47:20.746[0;39m [32m INFO[0;39m [35m39688[0;39m [2m---[0;39m [2m[nio-8090-exec-4][0;39m [36mcom.zdk.MyBlog.aspect.WebLogAspect      [0;39m [2m:[0;39m ARGS : [{}, 1, 5, null]
[2m2021-11-01 13:47:21.001[0;39m [32m INFO[0;39m [35m39688[0;39m [2m---[0;39m [2m[nio-8090-exec-4][0;39m [36mcom.zdk.MyBlog.aspect.WebLogAspect      [0;39m [2m:[0;39m RESPONSE : blog/index
[2m2021-11-01 13:47:21.001[0;39m [32m INFO[0;39m [35m39688[0;39m [2m---[0;39m [2m[nio-8090-exec-4][0;39m [36mcom.zdk.MyBlog.aspect.WebLogAspect      [0;39m [2m:[0;39m SPEND TIME : 260
[2m2021-11-01 13:47:21.521[0;39m [32m INFO[0;39m [35m39688[0;39m [2m---[0;39m [2m[nio-8090-exec-8][0;39m [36mc.z.M.i.LoginHandlerInterceptor         [0;39m [2m:[0;39m ===========>进入拦截器
[2m2021-11-01 13:47:21.522[0;39m [32m INFO[0;39m [35m39688[0;39m [2m---[0;39m [2m[nio-8090-exec-8][0;39m [36mc.z.M.i.LoginHandlerInterceptor         [0;39m [2m:[0;39m UserAgent: Mozilla/5.0 (Windows NT 10.0; Win64; x64) AppleWebKit/537.36 (KHTML, like Gecko) Chrome/93.0.4577.82 Safari/537.36
[2m2021-11-01 13:47:21.522[0;39m [32m INFO[0;39m [35m39688[0;39m [2m---[0;39m [2m[nio-8090-exec-8][0;39m [36mc.z.M.i.LoginHandlerInterceptor         [0;39m [2m:[0;39m 用户访问地址: /assets/images/favicon.ico;jsessionid=0690015A877490D3EB0A34D68B4FCF25, 来路地址: 0:0:0:0:0:0:0:1
[2m2021-11-01 13:47:26.075[0;39m [32m INFO[0;39m [35m39688[0;39m [2m---[0;39m [2m[nio-8090-exec-4][0;39m [36mcom.zdk.MyBlog.aspect.WebLogAspect      [0;39m [2m:[0;39m URL : http://localhost:8090/admin/login
[2m2021-11-01 13:47:26.075[0;39m [32m INFO[0;39m [35m39688[0;39m [2m---[0;39m [2m[nio-8090-exec-4][0;39m [36mcom.zdk.MyBlog.aspect.WebLogAspect      [0;39m [2m:[0;39m HTTP_METHOD : GET
[2m2021-11-01 13:47:26.075[0;39m [32m INFO[0;39m [35m39688[0;39m [2m---[0;39m [2m[nio-8090-exec-4][0;39m [36mcom.zdk.MyBlog.aspect.WebLogAspect      [0;39m [2m:[0;39m IP : 0:0:0:0:0:0:0:1
[2m2021-11-01 13:47:26.075[0;39m [32m INFO[0;39m [35m39688[0;39m [2m---[0;39m [2m[nio-8090-exec-4][0;39m [36mcom.zdk.MyBlog.aspect.WebLogAspect      [0;39m [2m:[0;39m CLASS_METHOD : com.zdk.MyBlog.controller.admin.IndexController.login
[2m2021-11-01 13:47:26.075[0;39m [32m INFO[0;39m [35m39688[0;39m [2m---[0;39m [2m[nio-8090-exec-4][0;39m [36mcom.zdk.MyBlog.aspect.WebLogAspect      [0;39m [2m:[0;39m ARGS : []
[2m2021-11-01 13:47:26.078[0;39m [32m INFO[0;39m [35m39688[0;39m [2m---[0;39m [2m[nio-8090-exec-4][0;39m [36mcom.zdk.MyBlog.aspect.WebLogAspect      [0;39m [2m:[0;39m RESPONSE : admin/login
[2m2021-11-01 13:47:26.079[0;39m [32m INFO[0;39m [35m39688[0;39m [2m---[0;39m [2m[nio-8090-exec-4][0;39m [36mcom.zdk.MyBlog.aspect.WebLogAspect      [0;39m [2m:[0;39m SPEND TIME : 4
[2m2021-11-01 13:47:28.655[0;39m [32m INFO[0;39m [35m39688[0;39m [2m---[0;39m [2m[nio-8090-exec-1][0;39m [36mcom.zdk.MyBlog.aspect.WebLogAspect      [0;39m [2m:[0;39m URL : http://localhost:8090/user/login
[2m2021-11-01 13:47:28.655[0;39m [32m INFO[0;39m [35m39688[0;39m [2m---[0;39m [2m[nio-8090-exec-1][0;39m [36mcom.zdk.MyBlog.aspect.WebLogAspect      [0;39m [2m:[0;39m HTTP_METHOD : POST
[2m2021-11-01 13:47:28.655[0;39m [32m INFO[0;39m [35m39688[0;39m [2m---[0;39m [2m[nio-8090-exec-1][0;39m [36mcom.zdk.MyBlog.aspect.WebLogAspect      [0;39m [2m:[0;39m IP : 0:0:0:0:0:0:0:1
[2m2021-11-01 13:47:28.655[0;39m [32m INFO[0;39m [35m39688[0;39m [2m---[0;39m [2m[nio-8090-exec-1][0;39m [36mcom.zdk.MyBlog.aspect.WebLogAspect      [0;39m [2m:[0;39m CLASS_METHOD : com.zdk.MyBlog.controller.user.LoginController.login
[2m2021-11-01 13:47:28.655[0;39m [32m INFO[0;39m [35m39688[0;39m [2m---[0;39m [2m[nio-8090-exec-1][0;39m [36mcom.zdk.MyBlog.aspect.WebLogAspect      [0;39m [2m:[0;39m ARGS : [admin, 123, on]
[2m2021-11-01 13:47:28.850[0;39m [32m INFO[0;39m [35m39688[0;39m [2m---[0;39m [2m[nio-8090-exec-1][0;39m [36mc.z.MyBlog.handler.MyMetaObjectHandler  [0;39m [2m:[0;39m 插入时开始填充--------
[2m2021-11-01 13:47:28.928[0;39m [32m INFO[0;39m [35m39688[0;39m [2m---[0;39m [2m[nio-8090-exec-1][0;39m [36mcom.zdk.MyBlog.aspect.WebLogAspect      [0;39m [2m:[0;39m RESPONSE : com.zdk.MyBlog.utils.ApiResponse@79c981f9
[2m2021-11-01 13:47:28.928[0;39m [32m INFO[0;39m [35m39688[0;39m [2m---[0;39m [2m[nio-8090-exec-1][0;39m [36mcom.zdk.MyBlog.aspect.WebLogAspect      [0;39m [2m:[0;39m SPEND TIME : 273
[2m2021-11-01 13:47:30.332[0;39m [32m INFO[0;39m [35m39688[0;39m [2m---[0;39m [2m[nio-8090-exec-3][0;39m [36mc.z.M.i.LoginHandlerInterceptor         [0;39m [2m:[0;39m ===========>进入拦截器
[2m2021-11-01 13:47:30.332[0;39m [32m INFO[0;39m [35m39688[0;39m [2m---[0;39m [2m[nio-8090-exec-3][0;39m [36mc.z.M.i.LoginHandlerInterceptor         [0;39m [2m:[0;39m UserAgent: Mozilla/5.0 (Windows NT 10.0; Win64; x64) AppleWebKit/537.36 (KHTML, like Gecko) Chrome/93.0.4577.82 Safari/537.36
[2m2021-11-01 13:47:30.332[0;39m [32m INFO[0;39m [35m39688[0;39m [2m---[0;39m [2m[nio-8090-exec-3][0;39m [36mc.z.M.i.LoginHandlerInterceptor         [0;39m [2m:[0;39m 用户访问地址: /admin/index, 来路地址: 0:0:0:0:0:0:0:1
[2m2021-11-01 13:47:30.349[0;39m [32m INFO[0;39m [35m39688[0;39m [2m---[0;39m [2m[nio-8090-exec-3][0;39m [36mcom.zdk.MyBlog.aspect.WebLogAspect      [0;39m [2m:[0;39m URL : http://localhost:8090/admin/index
[2m2021-11-01 13:47:30.349[0;39m [32m INFO[0;39m [35m39688[0;39m [2m---[0;39m [2m[nio-8090-exec-3][0;39m [36mcom.zdk.MyBlog.aspect.WebLogAspect      [0;39m [2m:[0;39m HTTP_METHOD : GET
[2m2021-11-01 13:47:30.349[0;39m [32m INFO[0;39m [35m39688[0;39m [2m---[0;39m [2m[nio-8090-exec-3][0;39m [36mcom.zdk.MyBlog.aspect.WebLogAspect      [0;39m [2m:[0;39m IP : 0:0:0:0:0:0:0:1
[2m2021-11-01 13:47:30.349[0;39m [32m INFO[0;39m [35m39688[0;39m [2m---[0;39m [2m[nio-8090-exec-3][0;39m [36mcom.zdk.MyBlog.aspect.WebLogAspect      [0;39m [2m:[0;39m CLASS_METHOD : com.zdk.MyBlog.controller.admin.IndexController.index
[2m2021-11-01 13:47:30.349[0;39m [32m INFO[0;39m [35m39688[0;39m [2m---[0;39m [2m[nio-8090-exec-3][0;39m [36mcom.zdk.MyBlog.aspect.WebLogAspect      [0;39m [2m:[0;39m ARGS : [{}]
[2m2021-11-01 13:47:30.440[0;39m [32m INFO[0;39m [35m39688[0;39m [2m---[0;39m [2m[nio-8090-exec-3][0;39m [36mcom.zdk.MyBlog.aspect.WebLogAspect      [0;39m [2m:[0;39m RESPONSE : admin/index
[2m2021-11-01 13:47:30.441[0;39m [32m INFO[0;39m [35m39688[0;39m [2m---[0;39m [2m[nio-8090-exec-3][0;39m [36mcom.zdk.MyBlog.aspect.WebLogAspect      [0;39m [2m:[0;39m SPEND TIME : 92
[2m2021-11-01 13:47:30.540[0;39m [32m INFO[0;39m [35m39688[0;39m [2m---[0;39m [2m[nio-8090-exec-3][0;39m [36mc.z.M.i.LoginHandlerInterceptor         [0;39m [2m:[0;39m ===========>进入拦截器
[2m2021-11-01 13:47:30.540[0;39m [32m INFO[0;39m [35m39688[0;39m [2m---[0;39m [2m[nio-8090-exec-3][0;39m [36mc.z.M.i.LoginHandlerInterceptor         [0;39m [2m:[0;39m UserAgent: Mozilla/5.0 (Windows NT 10.0; Win64; x64) AppleWebKit/537.36 (KHTML, like Gecko) Chrome/93.0.4577.82 Safari/537.36
[2m2021-11-01 13:47:30.540[0;39m [32m INFO[0;39m [35m39688[0;39m [2m---[0;39m [2m[nio-8090-exec-3][0;39m [36mc.z.M.i.LoginHandlerInterceptor         [0;39m [2m:[0;39m 用户访问地址: /admin/editormd/fonts/fontawesome-webfont.woff2, 来路地址: 0:0:0:0:0:0:0:1
[2m2021-11-01 13:47:31.683[0;39m [32m INFO[0;39m [35m39688[0;39m [2m---[0;39m [2m[nio-8090-exec-9][0;39m [36mc.z.M.i.LoginHandlerInterceptor         [0;39m [2m:[0;39m ===========>进入拦截器
[2m2021-11-01 13:47:31.683[0;39m [32m INFO[0;39m [35m39688[0;39m [2m---[0;39m [2m[nio-8090-exec-9][0;39m [36mc.z.M.i.LoginHandlerInterceptor         [0;39m [2m:[0;39m UserAgent: Mozilla/5.0 (Windows NT 10.0; Win64; x64) AppleWebKit/537.36 (KHTML, like Gecko) Chrome/93.0.4577.82 Safari/537.36
[2m2021-11-01 13:47:31.683[0;39m [32m INFO[0;39m [35m39688[0;39m [2m---[0;39m [2m[nio-8090-exec-9][0;39m [36mc.z.M.i.LoginHandlerInterceptor         [0;39m [2m:[0;39m 用户访问地址: /admin/roleManage, 来路地址: 0:0:0:0:0:0:0:1
[2m2021-11-01 13:47:31.685[0;39m [32m INFO[0;39m [35m39688[0;39m [2m---[0;39m [2m[nio-8090-exec-9][0;39m [36mcom.zdk.MyBlog.aspect.WebLogAspect      [0;39m [2m:[0;39m URL : http://localhost:8090/admin/roleManage
[2m2021-11-01 13:47:31.686[0;39m [32m INFO[0;39m [35m39688[0;39m [2m---[0;39m [2m[nio-8090-exec-9][0;39m [36mcom.zdk.MyBlog.aspect.WebLogAspect      [0;39m [2m:[0;39m HTTP_METHOD : GET
[2m2021-11-01 13:47:31.686[0;39m [32m INFO[0;39m [35m39688[0;39m [2m---[0;39m [2m[nio-8090-exec-9][0;39m [36mcom.zdk.MyBlog.aspect.WebLogAspect      [0;39m [2m:[0;39m IP : 0:0:0:0:0:0:0:1
[2m2021-11-01 13:47:31.686[0;39m [32m INFO[0;39m [35m39688[0;39m [2m---[0;39m [2m[nio-8090-exec-9][0;39m [36mcom.zdk.MyBlog.aspect.WebLogAspect      [0;39m [2m:[0;39m CLASS_METHOD : com.zdk.MyBlog.controller.auth.RoleController.index
[2m2021-11-01 13:47:31.686[0;39m [32m INFO[0;39m [35m39688[0;39m [2m---[0;39m [2m[nio-8090-exec-9][0;39m [36mcom.zdk.MyBlog.aspect.WebLogAspect      [0;39m [2m:[0;39m ARGS : [{}, 1, 10, null]
[2m2021-11-01 13:47:31.761[0;39m [32m INFO[0;39m [35m39688[0;39m [2m---[0;39m [2m[nio-8090-exec-9][0;39m [36mc.z.M.i.LoginHandlerInterceptor         [0;39m [2m:[0;39m ===========>进入拦截器
[2m2021-11-01 13:47:31.761[0;39m [32m INFO[0;39m [35m39688[0;39m [2m---[0;39m [2m[nio-8090-exec-9][0;39m [36mc.z.M.i.LoginHandlerInterceptor         [0;39m [2m:[0;39m UserAgent: Mozilla/5.0 (Windows NT 10.0; Win64; x64) AppleWebKit/537.36 (KHTML, like Gecko) Chrome/93.0.4577.82 Safari/537.36
[2m2021-11-01 13:47:31.761[0;39m [32m INFO[0;39m [35m39688[0;39m [2m---[0;39m [2m[nio-8090-exec-9][0;39m [36mc.z.M.i.LoginHandlerInterceptor         [0;39m [2m:[0;39m 用户访问地址: /error, 来路地址: 0:0:0:0:0:0:0:1
[2m2021-11-01 13:47:31.871[0;39m [32m INFO[0;39m [35m39688[0;39m [2m---[0;39m [2m[nio-8090-exec-5][0;39m [36mc.z.M.i.LoginHandlerInterceptor         [0;39m [2m:[0;39m ===========>进入拦截器
[2m2021-11-01 13:47:31.871[0;39m [32m INFO[0;39m [35m39688[0;39m [2m---[0;39m [2m[nio-8090-exec-5][0;39m [36mc.z.M.i.LoginHandlerInterceptor         [0;39m [2m:[0;39m UserAgent: Mozilla/5.0 (Windows NT 10.0; Win64; x64) AppleWebKit/537.36 (KHTML, like Gecko) Chrome/93.0.4577.82 Safari/537.36
[2m2021-11-01 13:47:31.871[0;39m [32m INFO[0;39m [35m39688[0;39m [2m---[0;39m [2m[nio-8090-exec-5][0;39m [36mc.z.M.i.LoginHandlerInterceptor         [0;39m [2m:[0;39m 用户访问地址: /error/fonts/icons-64c061773912345c985cb3365a710a98.woff, 来路地址: 0:0:0:0:0:0:0:1
[2m2021-11-01 13:48:00.156[0;39m [32m INFO[0;39m [35m39688[0;39m [2m---[0;39m [2m[extShutdownHook][0;39m [36mo.s.s.concurrent.ThreadPoolTaskExecutor [0;39m [2m:[0;39m Shutting down ExecutorService 'applicationTaskExecutor'
[2m2021-11-01 13:48:00.269[0;39m [32m INFO[0;39m [35m39688[0;39m [2m---[0;39m [2m[extShutdownHook][0;39m [36mcom.alibaba.druid.pool.DruidDataSource  [0;39m [2m:[0;39m {dataSource-1} closing ...
[2m2021-11-01 13:48:00.272[0;39m [32m INFO[0;39m [35m39688[0;39m [2m---[0;39m [2m[extShutdownHook][0;39m [36mcom.alibaba.druid.pool.DruidDataSource  [0;39m [2m:[0;39m {dataSource-1} closed
[2m2021-11-01 13:48:13.555[0;39m [32m INFO[0;39m [35m4556[0;39m [2m---[0;39m [2m[  restartedMain][0;39m [36mcom.zdk.MyBlog.MyBlogApplication        [0;39m [2m:[0;39m Starting MyBlogApplication using Java 1.8.0_282 on DESKTOP-7KN75LJ with PID 4556 (F:\project\my\my-blog\target\classes started by zdk in F:\project\my\my-blog)
[2m2021-11-01 13:48:13.557[0;39m [32m INFO[0;39m [35m4556[0;39m [2m---[0;39m [2m[  restartedMain][0;39m [36mcom.zdk.MyBlog.MyBlogApplication        [0;39m [2m:[0;39m The following profiles are active: dev
[2m2021-11-01 13:48:13.596[0;39m [32m INFO[0;39m [35m4556[0;39m [2m---[0;39m [2m[  restartedMain][0;39m [36m.e.DevToolsPropertyDefaultsPostProcessor[0;39m [2m:[0;39m Devtools property defaults active! Set 'spring.devtools.add-properties' to 'false' to disable
[2m2021-11-01 13:48:13.596[0;39m [32m INFO[0;39m [35m4556[0;39m [2m---[0;39m [2m[  restartedMain][0;39m [36m.e.DevToolsPropertyDefaultsPostProcessor[0;39m [2m:[0;39m For additional web related logging consider setting the 'logging.level.web' property to 'DEBUG'
[2m2021-11-01 13:48:14.224[0;39m [32m INFO[0;39m [35m4556[0;39m [2m---[0;39m [2m[  restartedMain][0;39m [36m.s.d.r.c.RepositoryConfigurationDelegate[0;39m [2m:[0;39m Multiple Spring Data modules found, entering strict repository configuration mode!
[2m2021-11-01 13:48:14.225[0;39m [32m INFO[0;39m [35m4556[0;39m [2m---[0;39m [2m[  restartedMain][0;39m [36m.s.d.r.c.RepositoryConfigurationDelegate[0;39m [2m:[0;39m Bootstrapping Spring Data Redis repositories in DEFAULT mode.
[2m2021-11-01 13:48:14.247[0;39m [32m INFO[0;39m [35m4556[0;39m [2m---[0;39m [2m[  restartedMain][0;39m [36m.s.d.r.c.RepositoryConfigurationDelegate[0;39m [2m:[0;39m Finished Spring Data repository scanning in 13 ms. Found 0 Redis repository interfaces.
[2m2021-11-01 13:48:14.761[0;39m [32m INFO[0;39m [35m4556[0;39m [2m---[0;39m [2m[  restartedMain][0;39m [36mo.s.b.w.embedded.tomcat.TomcatWebServer [0;39m [2m:[0;39m Tomcat initialized with port(s): 8090 (http)
[2m2021-11-01 13:48:14.767[0;39m [32m INFO[0;39m [35m4556[0;39m [2m---[0;39m [2m[  restartedMain][0;39m [36mo.apache.catalina.core.StandardService  [0;39m [2m:[0;39m Starting service [Tomcat]
[2m2021-11-01 13:48:14.768[0;39m [32m INFO[0;39m [35m4556[0;39m [2m---[0;39m [2m[  restartedMain][0;39m [36morg.apache.catalina.core.StandardEngine [0;39m [2m:[0;39m Starting Servlet engine: [Apache Tomcat/9.0.45]
[2m2021-11-01 13:48:14.849[0;39m [32m INFO[0;39m [35m4556[0;39m [2m---[0;39m [2m[  restartedMain][0;39m [36mo.a.c.c.C.[Tomcat].[localhost].[/]      [0;39m [2m:[0;39m Initializing Spring embedded WebApplicationContext
[2m2021-11-01 13:48:14.849[0;39m [32m INFO[0;39m [35m4556[0;39m [2m---[0;39m [2m[  restartedMain][0;39m [36mw.s.c.ServletWebServerApplicationContext[0;39m [2m:[0;39m Root WebApplicationContext: initialization completed in 1252 ms
[2m2021-11-01 13:48:14.970[0;39m [32m INFO[0;39m [35m4556[0;39m [2m---[0;39m [2m[  restartedMain][0;39m [36mc.a.d.s.b.a.DruidDataSourceAutoConfigure[0;39m [2m:[0;39m Init DruidDataSource
[2m2021-11-01 13:48:15.144[0;39m [32m INFO[0;39m [35m4556[0;39m [2m---[0;39m [2m[  restartedMain][0;39m [36mcom.alibaba.druid.pool.DruidDataSource  [0;39m [2m:[0;39m {dataSource-1} inited
[2m2021-11-01 13:48:16.619[0;39m [32m INFO[0;39m [35m4556[0;39m [2m---[0;39m [2m[  restartedMain][0;39m [36mpertySourcedRequestMappingHandlerMapping[0;39m [2m:[0;39m Mapped URL path [/v2/api-docs] onto method [springfox.documentation.swagger2.web.Swagger2Controller#getDocumentation(String, HttpServletRequest)]
[2m2021-11-01 13:48:16.733[0;39m [32m INFO[0;39m [35m4556[0;39m [2m---[0;39m [2m[  restartedMain][0;39m [36mo.s.s.concurrent.ThreadPoolTaskExecutor [0;39m [2m:[0;39m Initializing ExecutorService 'applicationTaskExecutor'
[2m2021-11-01 13:48:16.775[0;39m [32m INFO[0;39m [35m4556[0;39m [2m---[0;39m [2m[  restartedMain][0;39m [36mo.s.b.d.a.OptionalLiveReloadServer      [0;39m [2m:[0;39m LiveReload server is running on port 35729
[2m2021-11-01 13:48:17.187[0;39m [32m INFO[0;39m [35m4556[0;39m [2m---[0;39m [2m[  restartedMain][0;39m [36mo.s.b.w.embedded.tomcat.TomcatWebServer [0;39m [2m:[0;39m Tomcat started on port(s): 8090 (http) with context path ''
[2m2021-11-01 13:48:17.188[0;39m [32m INFO[0;39m [35m4556[0;39m [2m---[0;39m [2m[  restartedMain][0;39m [36md.s.w.p.DocumentationPluginsBootstrapper[0;39m [2m:[0;39m Context refreshed
[2m2021-11-01 13:48:17.201[0;39m [32m INFO[0;39m [35m4556[0;39m [2m---[0;39m [2m[  restartedMain][0;39m [36md.s.w.p.DocumentationPluginsBootstrapper[0;39m [2m:[0;39m Found 1 custom documentation plugin(s)
[2m2021-11-01 13:48:17.225[0;39m [32m INFO[0;39m [35m4556[0;39m [2m---[0;39m [2m[  restartedMain][0;39m [36ms.d.s.w.s.ApiListingReferenceScanner    [0;39m [2m:[0;39m Scanning for api listing references
[2m2021-11-01 13:48:17.336[0;39m [32m INFO[0;39m [35m4556[0;39m [2m---[0;39m [2m[  restartedMain][0;39m [36m.d.s.w.r.o.CachingOperationNameGenerator[0;39m [2m:[0;39m Generating unique operation named: indexUsingPOST_1
[2m2021-11-01 13:48:17.337[0;39m [32m INFO[0;39m [35m4556[0;39m [2m---[0;39m [2m[  restartedMain][0;39m [36m.d.s.w.r.o.CachingOperationNameGenerator[0;39m [2m:[0;39m Generating unique operation named: indexUsingGET_1
[2m2021-11-01 13:48:17.342[0;39m [32m INFO[0;39m [35m4556[0;39m [2m---[0;39m [2m[  restartedMain][0;39m [36m.d.s.w.r.o.CachingOperationNameGenerator[0;39m [2m:[0;39m Generating unique operation named: deleteUsingPOST_1
[2m2021-11-01 13:48:17.343[0;39m [32m INFO[0;39m [35m4556[0;39m [2m---[0;39m [2m[  restartedMain][0;39m [36m.d.s.w.r.o.CachingOperationNameGenerator[0;39m [2m:[0;39m Generating unique operation named: deleteUsingGET_1
[2m2021-11-01 13:48:17.344[0;39m [32m INFO[0;39m [35m4556[0;39m [2m---[0;39m [2m[  restartedMain][0;39m [36m.d.s.w.r.o.CachingOperationNameGenerator[0;39m [2m:[0;39m Generating unique operation named: indexUsingPOST_2
[2m2021-11-01 13:48:17.345[0;39m [32m INFO[0;39m [35m4556[0;39m [2m---[0;39m [2m[  restartedMain][0;39m [36m.d.s.w.r.o.CachingOperationNameGenerator[0;39m [2m:[0;39m Generating unique operation named: indexUsingGET_2
[2m2021-11-01 13:48:17.349[0;39m [32m INFO[0;39m [35m4556[0;39m [2m---[0;39m [2m[  restartedMain][0;39m [36m.d.s.w.r.o.CachingOperationNameGenerator[0;39m [2m:[0;39m Generating unique operation named: indexUsingPOST_3
[2m2021-11-01 13:48:17.350[0;39m [32m INFO[0;39m [35m4556[0;39m [2m---[0;39m [2m[  restartedMain][0;39m [36m.d.s.w.r.o.CachingOperationNameGenerator[0;39m [2m:[0;39m Generating unique operation named: indexUsingGET_3
[2m2021-11-01 13:48:17.351[0;39m [32m INFO[0;39m [35m4556[0;39m [2m---[0;39m [2m[  restartedMain][0;39m [36m.d.s.w.r.o.CachingOperationNameGenerator[0;39m [2m:[0;39m Generating unique operation named: indexUsingGET_4
[2m2021-11-01 13:48:17.357[0;39m [32m INFO[0;39m [35m4556[0;39m [2m---[0;39m [2m[  restartedMain][0;39m [36m.d.s.w.r.o.CachingOperationNameGenerator[0;39m [2m:[0;39m Generating unique operation named: loginUsingGET_1
[2m2021-11-01 13:48:17.358[0;39m [32m INFO[0;39m [35m4556[0;39m [2m---[0;39m [2m[  restartedMain][0;39m [36m.d.s.w.r.o.CachingOperationNameGenerator[0;39m [2m:[0;39m Generating unique operation named: logoutUsingGET_1
[2m2021-11-01 13:48:17.359[0;39m [32m INFO[0;39m [35m4556[0;39m [2m---[0;39m [2m[  restartedMain][0;39m [36m.d.s.w.r.o.CachingOperationNameGenerator[0;39m [2m:[0;39m Generating unique operation named: indexUsingPOST_4
[2m2021-11-01 13:48:17.360[0;39m [32m INFO[0;39m [35m4556[0;39m [2m---[0;39m [2m[  restartedMain][0;39m [36m.d.s.w.r.o.CachingOperationNameGenerator[0;39m [2m:[0;39m Generating unique operation named: indexUsingGET_5
[2m2021-11-01 13:48:17.365[0;39m [32m INFO[0;39m [35m4556[0;39m [2m---[0;39m [2m[  restartedMain][0;39m [36m.d.s.w.r.o.CachingOperationNameGenerator[0;39m [2m:[0;39m Generating unique operation named: deleteUsingPOST_2
[2m2021-11-01 13:48:17.366[0;39m [32m INFO[0;39m [35m4556[0;39m [2m---[0;39m [2m[  restartedMain][0;39m [36m.d.s.w.r.o.CachingOperationNameGenerator[0;39m [2m:[0;39m Generating unique operation named: deleteUsingGET_2
[2m2021-11-01 13:48:17.371[0;39m [32m INFO[0;39m [35m4556[0;39m [2m---[0;39m [2m[  restartedMain][0;39m [36m.d.s.w.r.o.CachingOperationNameGenerator[0;39m [2m:[0;39m Generating unique operation named: indexUsingPOST_5
[2m2021-11-01 13:48:17.371[0;39m [32m INFO[0;39m [35m4556[0;39m [2m---[0;39m [2m[  restartedMain][0;39m [36m.d.s.w.r.o.CachingOperationNameGenerator[0;39m [2m:[0;39m Generating unique operation named: indexUsingGET_6
[2m2021-11-01 13:48:17.373[0;39m [32m INFO[0;39m [35m4556[0;39m [2m---[0;39m [2m[  restartedMain][0;39m [36m.d.s.w.r.o.CachingOperationNameGenerator[0;39m [2m:[0;39m Generating unique operation named: indexUsingPOST_6
[2m2021-11-01 13:48:17.374[0;39m [32m INFO[0;39m [35m4556[0;39m [2m---[0;39m [2m[  restartedMain][0;39m [36m.d.s.w.r.o.CachingOperationNameGenerator[0;39m [2m:[0;39m Generating unique operation named: indexUsingGET_7
[2m2021-11-01 13:48:17.380[0;39m [32m INFO[0;39m [35m4556[0;39m [2m---[0;39m [2m[  restartedMain][0;39m [36m.d.s.w.r.o.CachingOperationNameGenerator[0;39m [2m:[0;39m Generating unique operation named: deleteUsingPOST_3
[2m2021-11-01 13:48:17.380[0;39m [32m INFO[0;39m [35m4556[0;39m [2m---[0;39m [2m[  restartedMain][0;39m [36m.d.s.w.r.o.CachingOperationNameGenerator[0;39m [2m:[0;39m Generating unique operation named: deleteUsingGET_3
[2m2021-11-01 13:48:17.381[0;39m [32m INFO[0;39m [35m4556[0;39m [2m---[0;39m [2m[  restartedMain][0;39m [36m.d.s.w.r.o.CachingOperationNameGenerator[0;39m [2m:[0;39m Generating unique operation named: editUsingPOST_1
[2m2021-11-01 13:48:17.381[0;39m [32m INFO[0;39m [35m4556[0;39m [2m---[0;39m [2m[  restartedMain][0;39m [36m.d.s.w.r.o.CachingOperationNameGenerator[0;39m [2m:[0;39m Generating unique operation named: editUsingGET_1
[2m2021-11-01 13:48:17.383[0;39m [32m INFO[0;39m [35m4556[0;39m [2m---[0;39m [2m[  restartedMain][0;39m [36m.d.s.w.r.o.CachingOperationNameGenerator[0;39m [2m:[0;39m Generating unique operation named: indexUsingPOST_7
[2m2021-11-01 13:48:17.384[0;39m [32m INFO[0;39m [35m4556[0;39m [2m---[0;39m [2m[  restartedMain][0;39m [36m.d.s.w.r.o.CachingOperationNameGenerator[0;39m [2m:[0;39m Generating unique operation named: indexUsingGET_8
[2m2021-11-01 13:48:17.400[0;39m [32m INFO[0;39m [35m4556[0;39m [2m---[0;39m [2m[  restartedMain][0;39m [36mcom.zdk.MyBlog.MyBlogApplication        [0;39m [2m:[0;39m Started MyBlogApplication in 4.186 seconds (JVM running for 4.717)
[2m2021-11-01 13:48:20.002[0;39m [32m INFO[0;39m [35m4556[0;39m [2m---[0;39m [2m[nio-8090-exec-1][0;39m [36mo.a.c.c.C.[Tomcat].[localhost].[/]      [0;39m [2m:[0;39m Initializing Spring DispatcherServlet 'dispatcherServlet'
[2m2021-11-01 13:48:20.002[0;39m [32m INFO[0;39m [35m4556[0;39m [2m---[0;39m [2m[nio-8090-exec-1][0;39m [36mo.s.web.servlet.DispatcherServlet       [0;39m [2m:[0;39m Initializing Servlet 'dispatcherServlet'
[2m2021-11-01 13:48:20.003[0;39m [32m INFO[0;39m [35m4556[0;39m [2m---[0;39m [2m[nio-8090-exec-1][0;39m [36mo.s.web.servlet.DispatcherServlet       [0;39m [2m:[0;39m Completed initialization in 1 ms
[2m2021-11-01 13:48:20.013[0;39m [32m INFO[0;39m [35m4556[0;39m [2m---[0;39m [2m[nio-8090-exec-1][0;39m [36mc.z.M.i.LoginHandlerInterceptor         [0;39m [2m:[0;39m ===========>进入拦截器
[2m2021-11-01 13:48:20.013[0;39m [32m INFO[0;39m [35m4556[0;39m [2m---[0;39m [2m[nio-8090-exec-1][0;39m [36mc.z.M.i.LoginHandlerInterceptor         [0;39m [2m:[0;39m UserAgent: Mozilla/5.0 (Windows NT 10.0; Win64; x64) AppleWebKit/537.36 (KHTML, like Gecko) Chrome/93.0.4577.82 Safari/537.36
[2m2021-11-01 13:48:20.017[0;39m [32m INFO[0;39m [35m4556[0;39m [2m---[0;39m [2m[nio-8090-exec-1][0;39m [36mc.z.M.i.LoginHandlerInterceptor         [0;39m [2m:[0;39m 用户访问地址: /admin/roleManage, 来路地址: 0:0:0:0:0:0:0:1
[2m2021-11-01 13:48:20.447[0;39m [32m INFO[0;39m [35m4556[0;39m [2m---[0;39m [2m[nio-8090-exec-1][0;39m [36mcom.zdk.MyBlog.aspect.WebLogAspect      [0;39m [2m:[0;39m URL : http://localhost:8090/admin/roleManage
[2m2021-11-01 13:48:20.447[0;39m [32m INFO[0;39m [35m4556[0;39m [2m---[0;39m [2m[nio-8090-exec-1][0;39m [36mcom.zdk.MyBlog.aspect.WebLogAspect      [0;39m [2m:[0;39m HTTP_METHOD : GET
[2m2021-11-01 13:48:20.447[0;39m [32m INFO[0;39m [35m4556[0;39m [2m---[0;39m [2m[nio-8090-exec-1][0;39m [36mcom.zdk.MyBlog.aspect.WebLogAspect      [0;39m [2m:[0;39m IP : 0:0:0:0:0:0:0:1
[2m2021-11-01 13:48:20.448[0;39m [32m INFO[0;39m [35m4556[0;39m [2m---[0;39m [2m[nio-8090-exec-1][0;39m [36mcom.zdk.MyBlog.aspect.WebLogAspect      [0;39m [2m:[0;39m CLASS_METHOD : com.zdk.MyBlog.controller.auth.RoleController.index
[2m2021-11-01 13:48:20.448[0;39m [32m INFO[0;39m [35m4556[0;39m [2m---[0;39m [2m[nio-8090-exec-1][0;39m [36mcom.zdk.MyBlog.aspect.WebLogAspect      [0;39m [2m:[0;39m ARGS : [{}, 1, 10, null]
[2m2021-11-01 13:48:20.588[0;39m [32m INFO[0;39m [35m4556[0;39m [2m---[0;39m [2m[nio-8090-exec-1][0;39m [36mcom.zdk.MyBlog.aspect.WebLogAspect      [0;39m [2m:[0;39m RESPONSE : admin/auth/roleManage
[2m2021-11-01 13:48:20.588[0;39m [32m INFO[0;39m [35m4556[0;39m [2m---[0;39m [2m[nio-8090-exec-1][0;39m [36mcom.zdk.MyBlog.aspect.WebLogAspect      [0;39m [2m:[0;39m SPEND TIME : 142
[2m2021-11-01 13:48:20.911[0;39m [32m INFO[0;39m [35m4556[0;39m [2m---[0;39m [2m[nio-8090-exec-1][0;39m [36mc.z.M.i.LoginHandlerInterceptor         [0;39m [2m:[0;39m ===========>进入拦截器
[2m2021-11-01 13:48:20.911[0;39m [32m INFO[0;39m [35m4556[0;39m [2m---[0;39m [2m[nio-8090-exec-1][0;39m [36mc.z.M.i.LoginHandlerInterceptor         [0;39m [2m:[0;39m UserAgent: Mozilla/5.0 (Windows NT 10.0; Win64; x64) AppleWebKit/537.36 (KHTML, like Gecko) Chrome/93.0.4577.82 Safari/537.36
[2m2021-11-01 13:48:20.911[0;39m [32m INFO[0;39m [35m4556[0;39m [2m---[0;39m [2m[nio-8090-exec-1][0;39m [36mc.z.M.i.LoginHandlerInterceptor         [0;39m [2m:[0;39m 用户访问地址: /admin/editormd/fonts/fontawesome-webfont.woff2, 来路地址: 0:0:0:0:0:0:0:1
[2m2021-11-01 13:48:25.846[0;39m [32m INFO[0;39m [35m4556[0;39m [2m---[0;39m [2m[extShutdownHook][0;39m [36mo.s.s.concurrent.ThreadPoolTaskExecutor [0;39m [2m:[0;39m Shutting down ExecutorService 'applicationTaskExecutor'
[2m2021-11-01 13:48:25.961[0;39m [32m INFO[0;39m [35m4556[0;39m [2m---[0;39m [2m[extShutdownHook][0;39m [36mcom.alibaba.druid.pool.DruidDataSource  [0;39m [2m:[0;39m {dataSource-1} closing ...
[2m2021-11-01 13:48:25.964[0;39m [32m INFO[0;39m [35m4556[0;39m [2m---[0;39m [2m[extShutdownHook][0;39m [36mcom.alibaba.druid.pool.DruidDataSource  [0;39m [2m:[0;39m {dataSource-1} closed
