[2m2021-11-22 13:33:21.905[0;39m [32m INFO[0;39m [35m197052[0;39m [2m---[0;39m [2m[  restartedMain][0;39m [36mcom.zdk.MyBlog.MyBlogApplication        [0;39m [2m:[0;39m Starting MyBlogApplication using Java 1.8.0_282 on DESKTOP-7KN75LJ with PID 197052 (F:\project\my\my-blog\target\classes started by zdk in F:\project\my\my-blog)
[2m2021-11-22 13:33:21.911[0;39m [32m INFO[0;39m [35m197052[0;39m [2m---[0;39m [2m[  restartedMain][0;39m [36mcom.zdk.MyBlog.MyBlogApplication        [0;39m [2m:[0;39m The following profiles are active: dev
[2m2021-11-22 13:33:21.954[0;39m [32m INFO[0;39m [35m197052[0;39m [2m---[0;39m [2m[  restartedMain][0;39m [36m.e.DevToolsPropertyDefaultsPostProcessor[0;39m [2m:[0;39m Devtools property defaults active! Set 'spring.devtools.add-properties' to 'false' to disable
[2m2021-11-22 13:33:21.957[0;39m [32m INFO[0;39m [35m197052[0;39m [2m---[0;39m [2m[  restartedMain][0;39m [36m.e.DevToolsPropertyDefaultsPostProcessor[0;39m [2m:[0;39m For additional web related logging consider setting the 'logging.level.web' property to 'DEBUG'
[2m2021-11-22 13:33:22.589[0;39m [32m INFO[0;39m [35m197052[0;39m [2m---[0;39m [2m[  restartedMain][0;39m [36m.s.d.r.c.RepositoryConfigurationDelegate[0;39m [2m:[0;39m Multiple Spring Data modules found, entering strict repository configuration mode!
[2m2021-11-22 13:33:22.591[0;39m [32m INFO[0;39m [35m197052[0;39m [2m---[0;39m [2m[  restartedMain][0;39m [36m.s.d.r.c.RepositoryConfigurationDelegate[0;39m [2m:[0;39m Bootstrapping Spring Data Redis repositories in DEFAULT mode.
[2m2021-11-22 13:33:22.612[0;39m [32m INFO[0;39m [35m197052[0;39m [2m---[0;39m [2m[  restartedMain][0;39m [36m.s.d.r.c.RepositoryConfigurationDelegate[0;39m [2m:[0;39m Finished Spring Data repository scanning in 12 ms. Found 0 Redis repository interfaces.
[2m2021-11-22 13:33:23.112[0;39m [32m INFO[0;39m [35m197052[0;39m [2m---[0;39m [2m[  restartedMain][0;39m [36mo.s.b.w.embedded.tomcat.TomcatWebServer [0;39m [2m:[0;39m Tomcat initialized with port(s): 8090 (http)
[2m2021-11-22 13:33:23.120[0;39m [32m INFO[0;39m [35m197052[0;39m [2m---[0;39m [2m[  restartedMain][0;39m [36mo.apache.catalina.core.StandardService  [0;39m [2m:[0;39m Starting service [Tomcat]
[2m2021-11-22 13:33:23.120[0;39m [32m INFO[0;39m [35m197052[0;39m [2m---[0;39m [2m[  restartedMain][0;39m [36morg.apache.catalina.core.StandardEngine [0;39m [2m:[0;39m Starting Servlet engine: [Apache Tomcat/9.0.45]
[2m2021-11-22 13:33:23.216[0;39m [32m INFO[0;39m [35m197052[0;39m [2m---[0;39m [2m[  restartedMain][0;39m [36mo.a.c.c.C.[Tomcat].[localhost].[/]      [0;39m [2m:[0;39m Initializing Spring embedded WebApplicationContext
[2m2021-11-22 13:33:23.217[0;39m [32m INFO[0;39m [35m197052[0;39m [2m---[0;39m [2m[  restartedMain][0;39m [36mw.s.c.ServletWebServerApplicationContext[0;39m [2m:[0;39m Root WebApplicationContext: initialization completed in 1259 ms
[2m2021-11-22 13:33:23.339[0;39m [32m INFO[0;39m [35m197052[0;39m [2m---[0;39m [2m[  restartedMain][0;39m [36mc.a.d.s.b.a.DruidDataSourceAutoConfigure[0;39m [2m:[0;39m Init DruidDataSource
[2m2021-11-22 13:33:23.512[0;39m [32m INFO[0;39m [35m197052[0;39m [2m---[0;39m [2m[  restartedMain][0;39m [36mcom.alibaba.druid.pool.DruidDataSource  [0;39m [2m:[0;39m {dataSource-1} inited
[2m2021-11-22 13:33:24.991[0;39m [32m INFO[0;39m [35m197052[0;39m [2m---[0;39m [2m[  restartedMain][0;39m [36mpertySourcedRequestMappingHandlerMapping[0;39m [2m:[0;39m Mapped URL path [/v2/api-docs] onto method [springfox.documentation.swagger2.web.Swagger2Controller#getDocumentation(String, HttpServletRequest)]
[2m2021-11-22 13:33:25.094[0;39m [32m INFO[0;39m [35m197052[0;39m [2m---[0;39m [2m[  restartedMain][0;39m [36mo.s.s.concurrent.ThreadPoolTaskExecutor [0;39m [2m:[0;39m Initializing ExecutorService 'applicationTaskExecutor'
[2m2021-11-22 13:33:25.133[0;39m [32m INFO[0;39m [35m197052[0;39m [2m---[0;39m [2m[  restartedMain][0;39m [36mo.s.b.d.a.OptionalLiveReloadServer      [0;39m [2m:[0;39m LiveReload server is running on port 35729
[2m2021-11-22 13:33:25.506[0;39m [32m INFO[0;39m [35m197052[0;39m [2m---[0;39m [2m[  restartedMain][0;39m [36mo.s.b.w.embedded.tomcat.TomcatWebServer [0;39m [2m:[0;39m Tomcat started on port(s): 8090 (http) with context path ''
[2m2021-11-22 13:33:25.507[0;39m [32m INFO[0;39m [35m197052[0;39m [2m---[0;39m [2m[  restartedMain][0;39m [36md.s.w.p.DocumentationPluginsBootstrapper[0;39m [2m:[0;39m Context refreshed
[2m2021-11-22 13:33:25.519[0;39m [32m INFO[0;39m [35m197052[0;39m [2m---[0;39m [2m[  restartedMain][0;39m [36md.s.w.p.DocumentationPluginsBootstrapper[0;39m [2m:[0;39m Found 1 custom documentation plugin(s)
[2m2021-11-22 13:33:25.542[0;39m [32m INFO[0;39m [35m197052[0;39m [2m---[0;39m [2m[  restartedMain][0;39m [36ms.d.s.w.s.ApiListingReferenceScanner    [0;39m [2m:[0;39m Scanning for api listing references
[2m2021-11-22 13:33:25.648[0;39m [32m INFO[0;39m [35m197052[0;39m [2m---[0;39m [2m[  restartedMain][0;39m [36m.d.s.w.r.o.CachingOperationNameGenerator[0;39m [2m:[0;39m Generating unique operation named: indexUsingGET_1
[2m2021-11-22 13:33:25.653[0;39m [32m INFO[0;39m [35m197052[0;39m [2m---[0;39m [2m[  restartedMain][0;39m [36m.d.s.w.r.o.CachingOperationNameGenerator[0;39m [2m:[0;39m Generating unique operation named: deleteUsingPOST_1
[2m2021-11-22 13:33:25.654[0;39m [32m INFO[0;39m [35m197052[0;39m [2m---[0;39m [2m[  restartedMain][0;39m [36m.d.s.w.r.o.CachingOperationNameGenerator[0;39m [2m:[0;39m Generating unique operation named: indexUsingGET_2
[2m2021-11-22 13:33:25.658[0;39m [32m INFO[0;39m [35m197052[0;39m [2m---[0;39m [2m[  restartedMain][0;39m [36m.d.s.w.r.o.CachingOperationNameGenerator[0;39m [2m:[0;39m Generating unique operation named: indexUsingGET_3
[2m2021-11-22 13:33:25.659[0;39m [32m INFO[0;39m [35m197052[0;39m [2m---[0;39m [2m[  restartedMain][0;39m [36m.d.s.w.r.o.CachingOperationNameGenerator[0;39m [2m:[0;39m Generating unique operation named: indexUsingGET_4
[2m2021-11-22 13:33:25.665[0;39m [32m INFO[0;39m [35m197052[0;39m [2m---[0;39m [2m[  restartedMain][0;39m [36m.d.s.w.r.o.CachingOperationNameGenerator[0;39m [2m:[0;39m Generating unique operation named: deleteUsingPOST_2
[2m2021-11-22 13:33:25.666[0;39m [32m INFO[0;39m [35m197052[0;39m [2m---[0;39m [2m[  restartedMain][0;39m [36m.d.s.w.r.o.CachingOperationNameGenerator[0;39m [2m:[0;39m Generating unique operation named: indexUsingGET_5
[2m2021-11-22 13:33:25.668[0;39m [32m INFO[0;39m [35m197052[0;39m [2m---[0;39m [2m[  restartedMain][0;39m [36m.d.s.w.r.o.CachingOperationNameGenerator[0;39m [2m:[0;39m Generating unique operation named: saveUsingPOST_1
[2m2021-11-22 13:33:25.670[0;39m [32m INFO[0;39m [35m197052[0;39m [2m---[0;39m [2m[  restartedMain][0;39m [36m.d.s.w.r.o.CachingOperationNameGenerator[0;39m [2m:[0;39m Generating unique operation named: logoutUsingGET_1
[2m2021-11-22 13:33:25.672[0;39m [32m INFO[0;39m [35m197052[0;39m [2m---[0;39m [2m[  restartedMain][0;39m [36m.d.s.w.r.o.CachingOperationNameGenerator[0;39m [2m:[0;39m Generating unique operation named: indexUsingGET_6
[2m2021-11-22 13:33:25.676[0;39m [32m INFO[0;39m [35m197052[0;39m [2m---[0;39m [2m[  restartedMain][0;39m [36m.d.s.w.r.o.CachingOperationNameGenerator[0;39m [2m:[0;39m Generating unique operation named: deleteUsingPOST_3
[2m2021-11-22 13:33:25.679[0;39m [32m INFO[0;39m [35m197052[0;39m [2m---[0;39m [2m[  restartedMain][0;39m [36m.d.s.w.r.o.CachingOperationNameGenerator[0;39m [2m:[0;39m Generating unique operation named: indexUsingGET_7
[2m2021-11-22 13:33:25.681[0;39m [32m INFO[0;39m [35m197052[0;39m [2m---[0;39m [2m[  restartedMain][0;39m [36m.d.s.w.r.o.CachingOperationNameGenerator[0;39m [2m:[0;39m Generating unique operation named: indexUsingGET_8
[2m2021-11-22 13:33:25.685[0;39m [32m INFO[0;39m [35m197052[0;39m [2m---[0;39m [2m[  restartedMain][0;39m [36m.d.s.w.r.o.CachingOperationNameGenerator[0;39m [2m:[0;39m Generating unique operation named: deleteUsingPOST_4
[2m2021-11-22 13:33:25.687[0;39m [32m INFO[0;39m [35m197052[0;39m [2m---[0;39m [2m[  restartedMain][0;39m [36m.d.s.w.r.o.CachingOperationNameGenerator[0;39m [2m:[0;39m Generating unique operation named: indexUsingGET_9
[2m2021-11-22 13:33:25.702[0;39m [32m INFO[0;39m [35m197052[0;39m [2m---[0;39m [2m[  restartedMain][0;39m [36mcom.zdk.MyBlog.MyBlogApplication        [0;39m [2m:[0;39m Started MyBlogApplication in 4.166 seconds (JVM running for 4.708)
[2m2021-11-22 13:33:33.209[0;39m [32m INFO[0;39m [35m197052[0;39m [2m---[0;39m [2m[nio-8090-exec-1][0;39m [36mo.a.c.c.C.[Tomcat].[localhost].[/]      [0;39m [2m:[0;39m Initializing Spring DispatcherServlet 'dispatcherServlet'
[2m2021-11-22 13:33:33.210[0;39m [32m INFO[0;39m [35m197052[0;39m [2m---[0;39m [2m[nio-8090-exec-1][0;39m [36mo.s.web.servlet.DispatcherServlet       [0;39m [2m:[0;39m Initializing Servlet 'dispatcherServlet'
[2m2021-11-22 13:33:33.211[0;39m [32m INFO[0;39m [35m197052[0;39m [2m---[0;39m [2m[nio-8090-exec-1][0;39m [36mo.s.web.servlet.DispatcherServlet       [0;39m [2m:[0;39m Completed initialization in 1 ms
[2m2021-11-22 13:33:33.221[0;39m [32m INFO[0;39m [35m197052[0;39m [2m---[0;39m [2m[nio-8090-exec-1][0;39m [36mc.z.M.i.LoginHandlerInterceptor         [0;39m [2m:[0;39m ===========>进入拦截器
[2m2021-11-22 13:33:33.221[0;39m [32m INFO[0;39m [35m197052[0;39m [2m---[0;39m [2m[nio-8090-exec-1][0;39m [36mc.z.M.i.LoginHandlerInterceptor         [0;39m [2m:[0;39m UserAgent: Mozilla/5.0 (Windows NT 10.0; Win64; x64) AppleWebKit/537.36 (KHTML, like Gecko) Chrome/93.0.4577.82 Safari/537.36
[2m2021-11-22 13:33:33.226[0;39m [32m INFO[0;39m [35m197052[0;39m [2m---[0;39m [2m[nio-8090-exec-1][0;39m [36mc.z.M.i.LoginHandlerInterceptor         [0;39m [2m:[0;39m 用户访问地址: /admin/comments, 来路地址: 0:0:0:0:0:0:0:1
[2m2021-11-22 13:33:33.645[0;39m [32m INFO[0;39m [35m197052[0;39m [2m---[0;39m [2m[nio-8090-exec-1][0;39m [36mcom.zdk.MyBlog.aspect.WebLogAspect      [0;39m [2m:[0;39m URL : http://localhost:8090/admin/login
[2m2021-11-22 13:33:33.645[0;39m [32m INFO[0;39m [35m197052[0;39m [2m---[0;39m [2m[nio-8090-exec-1][0;39m [36mcom.zdk.MyBlog.aspect.WebLogAspect      [0;39m [2m:[0;39m HTTP_METHOD : GET
[2m2021-11-22 13:33:33.645[0;39m [32m INFO[0;39m [35m197052[0;39m [2m---[0;39m [2m[nio-8090-exec-1][0;39m [36mcom.zdk.MyBlog.aspect.WebLogAspect      [0;39m [2m:[0;39m IP : 0:0:0:0:0:0:0:1
[2m2021-11-22 13:33:33.646[0;39m [32m INFO[0;39m [35m197052[0;39m [2m---[0;39m [2m[nio-8090-exec-1][0;39m [36mcom.zdk.MyBlog.aspect.WebLogAspect      [0;39m [2m:[0;39m CLASS_METHOD : com.zdk.MyBlog.controller.admin.IndexController.login
[2m2021-11-22 13:33:33.646[0;39m [32m INFO[0;39m [35m197052[0;39m [2m---[0;39m [2m[nio-8090-exec-1][0;39m [36mcom.zdk.MyBlog.aspect.WebLogAspect      [0;39m [2m:[0;39m ARGS : []
[2m2021-11-22 13:33:33.651[0;39m [32m INFO[0;39m [35m197052[0;39m [2m---[0;39m [2m[nio-8090-exec-1][0;39m [36mcom.zdk.MyBlog.aspect.WebLogAspect      [0;39m [2m:[0;39m RESPONSE : admin/login
[2m2021-11-22 13:33:33.651[0;39m [32m INFO[0;39m [35m197052[0;39m [2m---[0;39m [2m[nio-8090-exec-1][0;39m [36mcom.zdk.MyBlog.aspect.WebLogAspect      [0;39m [2m:[0;39m SPEND TIME : 9
[2m2021-11-22 13:33:35.588[0;39m [32m INFO[0;39m [35m197052[0;39m [2m---[0;39m [2m[nio-8090-exec-7][0;39m [36mcom.zdk.MyBlog.aspect.WebLogAspect      [0;39m [2m:[0;39m URL : http://localhost:8090/user/login
[2m2021-11-22 13:33:35.588[0;39m [32m INFO[0;39m [35m197052[0;39m [2m---[0;39m [2m[nio-8090-exec-7][0;39m [36mcom.zdk.MyBlog.aspect.WebLogAspect      [0;39m [2m:[0;39m HTTP_METHOD : POST
[2m2021-11-22 13:33:35.588[0;39m [32m INFO[0;39m [35m197052[0;39m [2m---[0;39m [2m[nio-8090-exec-7][0;39m [36mcom.zdk.MyBlog.aspect.WebLogAspect      [0;39m [2m:[0;39m IP : 0:0:0:0:0:0:0:1
[2m2021-11-22 13:33:35.588[0;39m [32m INFO[0;39m [35m197052[0;39m [2m---[0;39m [2m[nio-8090-exec-7][0;39m [36mcom.zdk.MyBlog.aspect.WebLogAspect      [0;39m [2m:[0;39m CLASS_METHOD : com.zdk.MyBlog.controller.user.LoginController.login
[2m2021-11-22 13:33:35.588[0;39m [32m INFO[0;39m [35m197052[0;39m [2m---[0;39m [2m[nio-8090-exec-7][0;39m [36mcom.zdk.MyBlog.aspect.WebLogAspect      [0;39m [2m:[0;39m ARGS : [admin, 123, on]
[2m2021-11-22 13:33:35.855[0;39m [32m INFO[0;39m [35m197052[0;39m [2m---[0;39m [2m[nio-8090-exec-7][0;39m [36mc.z.MyBlog.handler.MyMetaObjectHandler  [0;39m [2m:[0;39m 插入时开始填充--------
[2m2021-11-22 13:33:35.948[0;39m [32m INFO[0;39m [35m197052[0;39m [2m---[0;39m [2m[nio-8090-exec-7][0;39m [36mcom.zdk.MyBlog.aspect.WebLogAspect      [0;39m [2m:[0;39m RESPONSE : ApiResponse{code=200, data=null, msg='登录成功'}
[2m2021-11-22 13:33:35.948[0;39m [32m INFO[0;39m [35m197052[0;39m [2m---[0;39m [2m[nio-8090-exec-7][0;39m [36mcom.zdk.MyBlog.aspect.WebLogAspect      [0;39m [2m:[0;39m SPEND TIME : 360
[2m2021-11-22 13:33:37.234[0;39m [32m INFO[0;39m [35m197052[0;39m [2m---[0;39m [2m[nio-8090-exec-8][0;39m [36mc.z.M.i.LoginHandlerInterceptor         [0;39m [2m:[0;39m ===========>进入拦截器
[2m2021-11-22 13:33:37.234[0;39m [32m INFO[0;39m [35m197052[0;39m [2m---[0;39m [2m[nio-8090-exec-8][0;39m [36mc.z.M.i.LoginHandlerInterceptor         [0;39m [2m:[0;39m UserAgent: Mozilla/5.0 (Windows NT 10.0; Win64; x64) AppleWebKit/537.36 (KHTML, like Gecko) Chrome/93.0.4577.82 Safari/537.36
[2m2021-11-22 13:33:37.234[0;39m [32m INFO[0;39m [35m197052[0;39m [2m---[0;39m [2m[nio-8090-exec-8][0;39m [36mc.z.M.i.LoginHandlerInterceptor         [0;39m [2m:[0;39m 用户访问地址: /admin/index, 来路地址: 0:0:0:0:0:0:0:1
[2m2021-11-22 13:33:37.251[0;39m [32m INFO[0;39m [35m197052[0;39m [2m---[0;39m [2m[nio-8090-exec-8][0;39m [36mcom.zdk.MyBlog.aspect.WebLogAspect      [0;39m [2m:[0;39m URL : http://localhost:8090/admin/index
[2m2021-11-22 13:33:37.251[0;39m [32m INFO[0;39m [35m197052[0;39m [2m---[0;39m [2m[nio-8090-exec-8][0;39m [36mcom.zdk.MyBlog.aspect.WebLogAspect      [0;39m [2m:[0;39m HTTP_METHOD : GET
[2m2021-11-22 13:33:37.251[0;39m [32m INFO[0;39m [35m197052[0;39m [2m---[0;39m [2m[nio-8090-exec-8][0;39m [36mcom.zdk.MyBlog.aspect.WebLogAspect      [0;39m [2m:[0;39m IP : 0:0:0:0:0:0:0:1
[2m2021-11-22 13:33:37.251[0;39m [32m INFO[0;39m [35m197052[0;39m [2m---[0;39m [2m[nio-8090-exec-8][0;39m [36mcom.zdk.MyBlog.aspect.WebLogAspect      [0;39m [2m:[0;39m CLASS_METHOD : com.zdk.MyBlog.controller.admin.IndexController.index
[2m2021-11-22 13:33:37.251[0;39m [32m INFO[0;39m [35m197052[0;39m [2m---[0;39m [2m[nio-8090-exec-8][0;39m [36mcom.zdk.MyBlog.aspect.WebLogAspect      [0;39m [2m:[0;39m ARGS : [{}]
[2m2021-11-22 13:33:37.369[0;39m [32m INFO[0;39m [35m197052[0;39m [2m---[0;39m [2m[nio-8090-exec-8][0;39m [36mcom.zdk.MyBlog.aspect.WebLogAspect      [0;39m [2m:[0;39m RESPONSE : admin/index
[2m2021-11-22 13:33:37.369[0;39m [32m INFO[0;39m [35m197052[0;39m [2m---[0;39m [2m[nio-8090-exec-8][0;39m [36mcom.zdk.MyBlog.aspect.WebLogAspect      [0;39m [2m:[0;39m SPEND TIME : 118
[2m2021-11-22 13:33:37.484[0;39m [32m INFO[0;39m [35m197052[0;39m [2m---[0;39m [2m[nio-8090-exec-9][0;39m [36mc.z.M.i.LoginHandlerInterceptor         [0;39m [2m:[0;39m ===========>进入拦截器
[2m2021-11-22 13:33:37.484[0;39m [32m INFO[0;39m [35m197052[0;39m [2m---[0;39m [2m[nio-8090-exec-9][0;39m [36mc.z.M.i.LoginHandlerInterceptor         [0;39m [2m:[0;39m UserAgent: Mozilla/5.0 (Windows NT 10.0; Win64; x64) AppleWebKit/537.36 (KHTML, like Gecko) Chrome/93.0.4577.82 Safari/537.36
[2m2021-11-22 13:33:37.484[0;39m [32m INFO[0;39m [35m197052[0;39m [2m---[0;39m [2m[nio-8090-exec-9][0;39m [36mc.z.M.i.LoginHandlerInterceptor         [0;39m [2m:[0;39m 用户访问地址: /admin/editormd/fonts/fontawesome-webfont.woff2, 来路地址: 0:0:0:0:0:0:0:1
[2m2021-11-22 13:33:37.491[0;39m [32m INFO[0;39m [35m197052[0;39m [2m---[0;39m [2m[nio-8090-exec-8][0;39m [36mc.z.M.i.LoginHandlerInterceptor         [0;39m [2m:[0;39m ===========>进入拦截器
[2m2021-11-22 13:33:37.491[0;39m [32m INFO[0;39m [35m197052[0;39m [2m---[0;39m [2m[nio-8090-exec-8][0;39m [36mc.z.M.i.LoginHandlerInterceptor         [0;39m [2m:[0;39m UserAgent: Mozilla/5.0 (Windows NT 10.0; Win64; x64) AppleWebKit/537.36 (KHTML, like Gecko) Chrome/93.0.4577.82 Safari/537.36
[2m2021-11-22 13:33:37.491[0;39m [32m INFO[0;39m [35m197052[0;39m [2m---[0;39m [2m[nio-8090-exec-8][0;39m [36mc.z.M.i.LoginHandlerInterceptor         [0;39m [2m:[0;39m 用户访问地址: /admin/editormd/fonts/fontawesome-webfont.woff, 来路地址: 0:0:0:0:0:0:0:1
[2m2021-11-22 13:33:37.509[0;39m [32m INFO[0;39m [35m197052[0;39m [2m---[0;39m [2m[nio-8090-exec-4][0;39m [36mc.z.M.i.LoginHandlerInterceptor         [0;39m [2m:[0;39m ===========>进入拦截器
[2m2021-11-22 13:33:37.509[0;39m [32m INFO[0;39m [35m197052[0;39m [2m---[0;39m [2m[nio-8090-exec-4][0;39m [36mc.z.M.i.LoginHandlerInterceptor         [0;39m [2m:[0;39m UserAgent: Mozilla/5.0 (Windows NT 10.0; Win64; x64) AppleWebKit/537.36 (KHTML, like Gecko) Chrome/93.0.4577.82 Safari/537.36
[2m2021-11-22 13:33:37.509[0;39m [32m INFO[0;39m [35m197052[0;39m [2m---[0;39m [2m[nio-8090-exec-4][0;39m [36mc.z.M.i.LoginHandlerInterceptor         [0;39m [2m:[0;39m 用户访问地址: /admin/editormd/fonts/fontawesome-webfont.ttf, 来路地址: 0:0:0:0:0:0:0:1
[2m2021-11-22 13:33:41.481[0;39m [32m INFO[0;39m [35m197052[0;39m [2m---[0;39m [2m[nio-8090-exec-1][0;39m [36mc.z.M.i.LoginHandlerInterceptor         [0;39m [2m:[0;39m ===========>进入拦截器
[2m2021-11-22 13:33:41.481[0;39m [32m INFO[0;39m [35m197052[0;39m [2m---[0;39m [2m[nio-8090-exec-1][0;39m [36mc.z.M.i.LoginHandlerInterceptor         [0;39m [2m:[0;39m UserAgent: Mozilla/5.0 (Windows NT 10.0; Win64; x64) AppleWebKit/537.36 (KHTML, like Gecko) Chrome/93.0.4577.82 Safari/537.36
[2m2021-11-22 13:33:41.482[0;39m [32m INFO[0;39m [35m197052[0;39m [2m---[0;39m [2m[nio-8090-exec-1][0;39m [36mc.z.M.i.LoginHandlerInterceptor         [0;39m [2m:[0;39m 用户访问地址: /admin/comments, 来路地址: 0:0:0:0:0:0:0:1
[2m2021-11-22 13:33:41.485[0;39m [32m INFO[0;39m [35m197052[0;39m [2m---[0;39m [2m[nio-8090-exec-1][0;39m [36mcom.zdk.MyBlog.aspect.WebLogAspect      [0;39m [2m:[0;39m URL : http://localhost:8090/admin/comments
[2m2021-11-22 13:33:41.485[0;39m [32m INFO[0;39m [35m197052[0;39m [2m---[0;39m [2m[nio-8090-exec-1][0;39m [36mcom.zdk.MyBlog.aspect.WebLogAspect      [0;39m [2m:[0;39m HTTP_METHOD : GET
[2m2021-11-22 13:33:41.485[0;39m [32m INFO[0;39m [35m197052[0;39m [2m---[0;39m [2m[nio-8090-exec-1][0;39m [36mcom.zdk.MyBlog.aspect.WebLogAspect      [0;39m [2m:[0;39m IP : 0:0:0:0:0:0:0:1
[2m2021-11-22 13:33:41.485[0;39m [32m INFO[0;39m [35m197052[0;39m [2m---[0;39m [2m[nio-8090-exec-1][0;39m [36mcom.zdk.MyBlog.aspect.WebLogAspect      [0;39m [2m:[0;39m CLASS_METHOD : com.zdk.MyBlog.controller.admin.CommentsController.index
[2m2021-11-22 13:33:41.485[0;39m [32m INFO[0;39m [35m197052[0;39m [2m---[0;39m [2m[nio-8090-exec-1][0;39m [36mcom.zdk.MyBlog.aspect.WebLogAspect      [0;39m [2m:[0;39m ARGS : [{}, 1, 5]
[2m2021-11-22 13:33:41.503[0;39m [32m INFO[0;39m [35m197052[0;39m [2m---[0;39m [2m[nio-8090-exec-1][0;39m [36mcom.zdk.MyBlog.aspect.WebLogAspect      [0;39m [2m:[0;39m RESPONSE : admin/comment_list
[2m2021-11-22 13:33:41.503[0;39m [32m INFO[0;39m [35m197052[0;39m [2m---[0;39m [2m[nio-8090-exec-1][0;39m [36mcom.zdk.MyBlog.aspect.WebLogAspect      [0;39m [2m:[0;39m SPEND TIME : 18
[2m2021-11-22 13:33:41.539[0;39m [32m INFO[0;39m [35m197052[0;39m [2m---[0;39m [2m[nio-8090-exec-1][0;39m [36mc.z.M.i.LoginHandlerInterceptor         [0;39m [2m:[0;39m ===========>进入拦截器
[2m2021-11-22 13:33:41.539[0;39m [32m INFO[0;39m [35m197052[0;39m [2m---[0;39m [2m[nio-8090-exec-1][0;39m [36mc.z.M.i.LoginHandlerInterceptor         [0;39m [2m:[0;39m UserAgent: Mozilla/5.0 (Windows NT 10.0; Win64; x64) AppleWebKit/537.36 (KHTML, like Gecko) Chrome/93.0.4577.82 Safari/537.36
[2m2021-11-22 13:33:41.539[0;39m [32m INFO[0;39m [35m197052[0;39m [2m---[0;39m [2m[nio-8090-exec-1][0;39m [36mc.z.M.i.LoginHandlerInterceptor         [0;39m [2m:[0;39m 用户访问地址: /admin/comments, 来路地址: 0:0:0:0:0:0:0:1
[2m2021-11-22 13:33:41.591[0;39m [32m INFO[0;39m [35m197052[0;39m [2m---[0;39m [2m[nio-8090-exec-1][0;39m [36mc.z.M.i.LoginHandlerInterceptor         [0;39m [2m:[0;39m ===========>进入拦截器
[2m2021-11-22 13:33:41.591[0;39m [32m INFO[0;39m [35m197052[0;39m [2m---[0;39m [2m[nio-8090-exec-1][0;39m [36mc.z.M.i.LoginHandlerInterceptor         [0;39m [2m:[0;39m UserAgent: Mozilla/5.0 (Windows NT 10.0; Win64; x64) AppleWebKit/537.36 (KHTML, like Gecko) Chrome/93.0.4577.82 Safari/537.36
[2m2021-11-22 13:33:41.591[0;39m [32m INFO[0;39m [35m197052[0;39m [2m---[0;39m [2m[nio-8090-exec-1][0;39m [36mc.z.M.i.LoginHandlerInterceptor         [0;39m [2m:[0;39m 用户访问地址: /admin/editormd/fonts/fontawesome-webfont.woff2, 来路地址: 0:0:0:0:0:0:0:1
[2m2021-11-22 13:33:41.597[0;39m [32m INFO[0;39m [35m197052[0;39m [2m---[0;39m [2m[nio-8090-exec-9][0;39m [36mc.z.M.i.LoginHandlerInterceptor         [0;39m [2m:[0;39m ===========>进入拦截器
[2m2021-11-22 13:33:41.597[0;39m [32m INFO[0;39m [35m197052[0;39m [2m---[0;39m [2m[nio-8090-exec-9][0;39m [36mc.z.M.i.LoginHandlerInterceptor         [0;39m [2m:[0;39m UserAgent: Mozilla/5.0 (Windows NT 10.0; Win64; x64) AppleWebKit/537.36 (KHTML, like Gecko) Chrome/93.0.4577.82 Safari/537.36
[2m2021-11-22 13:33:41.597[0;39m [32m INFO[0;39m [35m197052[0;39m [2m---[0;39m [2m[nio-8090-exec-9][0;39m [36mc.z.M.i.LoginHandlerInterceptor         [0;39m [2m:[0;39m 用户访问地址: /admin/editormd/fonts/fontawesome-webfont.woff, 来路地址: 0:0:0:0:0:0:0:1
[2m2021-11-22 13:33:41.603[0;39m [32m INFO[0;39m [35m197052[0;39m [2m---[0;39m [2m[nio-8090-exec-3][0;39m [36mc.z.M.i.LoginHandlerInterceptor         [0;39m [2m:[0;39m ===========>进入拦截器
[2m2021-11-22 13:33:41.603[0;39m [32m INFO[0;39m [35m197052[0;39m [2m---[0;39m [2m[nio-8090-exec-3][0;39m [36mc.z.M.i.LoginHandlerInterceptor         [0;39m [2m:[0;39m UserAgent: Mozilla/5.0 (Windows NT 10.0; Win64; x64) AppleWebKit/537.36 (KHTML, like Gecko) Chrome/93.0.4577.82 Safari/537.36
[2m2021-11-22 13:33:41.603[0;39m [32m INFO[0;39m [35m197052[0;39m [2m---[0;39m [2m[nio-8090-exec-3][0;39m [36mc.z.M.i.LoginHandlerInterceptor         [0;39m [2m:[0;39m 用户访问地址: /admin/editormd/fonts/fontawesome-webfont.ttf, 来路地址: 0:0:0:0:0:0:0:1
[2m2021-11-22 13:38:13.018[0;39m [32m INFO[0;39m [35m197052[0;39m [2m---[0;39m [2m[nio-8090-exec-5][0;39m [36mc.z.M.i.LoginHandlerInterceptor         [0;39m [2m:[0;39m ===========>进入拦截器
[2m2021-11-22 13:38:13.019[0;39m [32m INFO[0;39m [35m197052[0;39m [2m---[0;39m [2m[nio-8090-exec-5][0;39m [36mc.z.M.i.LoginHandlerInterceptor         [0;39m [2m:[0;39m UserAgent: Mozilla/5.0 (Windows NT 10.0; Win64; x64) AppleWebKit/537.36 (KHTML, like Gecko) Chrome/93.0.4577.82 Safari/537.36
[2m2021-11-22 13:38:13.019[0;39m [32m INFO[0;39m [35m197052[0;39m [2m---[0;39m [2m[nio-8090-exec-5][0;39m [36mc.z.M.i.LoginHandlerInterceptor         [0;39m [2m:[0;39m 用户访问地址: /admin/comments, 来路地址: 0:0:0:0:0:0:0:1
[2m2021-11-22 13:38:13.020[0;39m [32m INFO[0;39m [35m197052[0;39m [2m---[0;39m [2m[nio-8090-exec-5][0;39m [36mcom.zdk.MyBlog.aspect.WebLogAspect      [0;39m [2m:[0;39m URL : http://localhost:8090/admin/comments
[2m2021-11-22 13:38:13.020[0;39m [32m INFO[0;39m [35m197052[0;39m [2m---[0;39m [2m[nio-8090-exec-5][0;39m [36mcom.zdk.MyBlog.aspect.WebLogAspect      [0;39m [2m:[0;39m HTTP_METHOD : GET
[2m2021-11-22 13:38:13.020[0;39m [32m INFO[0;39m [35m197052[0;39m [2m---[0;39m [2m[nio-8090-exec-5][0;39m [36mcom.zdk.MyBlog.aspect.WebLogAspect      [0;39m [2m:[0;39m IP : 0:0:0:0:0:0:0:1
[2m2021-11-22 13:38:13.020[0;39m [32m INFO[0;39m [35m197052[0;39m [2m---[0;39m [2m[nio-8090-exec-5][0;39m [36mcom.zdk.MyBlog.aspect.WebLogAspect      [0;39m [2m:[0;39m CLASS_METHOD : com.zdk.MyBlog.controller.admin.CommentsController.index
[2m2021-11-22 13:38:13.020[0;39m [32m INFO[0;39m [35m197052[0;39m [2m---[0;39m [2m[nio-8090-exec-5][0;39m [36mcom.zdk.MyBlog.aspect.WebLogAspect      [0;39m [2m:[0;39m ARGS : [{}, 1, 5]
[2m2021-11-22 13:38:13.038[0;39m [32m INFO[0;39m [35m197052[0;39m [2m---[0;39m [2m[nio-8090-exec-5][0;39m [36mcom.zdk.MyBlog.aspect.WebLogAspect      [0;39m [2m:[0;39m RESPONSE : admin/comment_list
[2m2021-11-22 13:38:13.038[0;39m [32m INFO[0;39m [35m197052[0;39m [2m---[0;39m [2m[nio-8090-exec-5][0;39m [36mcom.zdk.MyBlog.aspect.WebLogAspect      [0;39m [2m:[0;39m SPEND TIME : 18
[2m2021-11-22 13:38:13.119[0;39m [32m INFO[0;39m [35m197052[0;39m [2m---[0;39m [2m[nio-8090-exec-3][0;39m [36mc.z.M.i.LoginHandlerInterceptor         [0;39m [2m:[0;39m ===========>进入拦截器
[2m2021-11-22 13:38:13.119[0;39m [32m INFO[0;39m [35m197052[0;39m [2m---[0;39m [2m[nio-8090-exec-3][0;39m [36mc.z.M.i.LoginHandlerInterceptor         [0;39m [2m:[0;39m UserAgent: Mozilla/5.0 (Windows NT 10.0; Win64; x64) AppleWebKit/537.36 (KHTML, like Gecko) Chrome/93.0.4577.82 Safari/537.36
[2m2021-11-22 13:38:13.119[0;39m [32m INFO[0;39m [35m197052[0;39m [2m---[0;39m [2m[nio-8090-exec-3][0;39m [36mc.z.M.i.LoginHandlerInterceptor         [0;39m [2m:[0;39m 用户访问地址: /admin/editormd/fonts/fontawesome-webfont.woff2, 来路地址: 0:0:0:0:0:0:0:1
[2m2021-11-22 13:38:13.126[0;39m [32m INFO[0;39m [35m197052[0;39m [2m---[0;39m [2m[nio-8090-exec-7][0;39m [36mc.z.M.i.LoginHandlerInterceptor         [0;39m [2m:[0;39m ===========>进入拦截器
[2m2021-11-22 13:38:13.126[0;39m [32m INFO[0;39m [35m197052[0;39m [2m---[0;39m [2m[nio-8090-exec-7][0;39m [36mc.z.M.i.LoginHandlerInterceptor         [0;39m [2m:[0;39m UserAgent: Mozilla/5.0 (Windows NT 10.0; Win64; x64) AppleWebKit/537.36 (KHTML, like Gecko) Chrome/93.0.4577.82 Safari/537.36
[2m2021-11-22 13:38:13.126[0;39m [32m INFO[0;39m [35m197052[0;39m [2m---[0;39m [2m[nio-8090-exec-7][0;39m [36mc.z.M.i.LoginHandlerInterceptor         [0;39m [2m:[0;39m 用户访问地址: /admin/editormd/fonts/fontawesome-webfont.woff, 来路地址: 0:0:0:0:0:0:0:1
[2m2021-11-22 13:38:13.130[0;39m [32m INFO[0;39m [35m197052[0;39m [2m---[0;39m [2m[nio-8090-exec-5][0;39m [36mc.z.M.i.LoginHandlerInterceptor         [0;39m [2m:[0;39m ===========>进入拦截器
[2m2021-11-22 13:38:13.130[0;39m [32m INFO[0;39m [35m197052[0;39m [2m---[0;39m [2m[nio-8090-exec-5][0;39m [36mc.z.M.i.LoginHandlerInterceptor         [0;39m [2m:[0;39m UserAgent: Mozilla/5.0 (Windows NT 10.0; Win64; x64) AppleWebKit/537.36 (KHTML, like Gecko) Chrome/93.0.4577.82 Safari/537.36
[2m2021-11-22 13:38:13.130[0;39m [32m INFO[0;39m [35m197052[0;39m [2m---[0;39m [2m[nio-8090-exec-5][0;39m [36mc.z.M.i.LoginHandlerInterceptor         [0;39m [2m:[0;39m 用户访问地址: /admin/editormd/fonts/fontawesome-webfont.ttf, 来路地址: 0:0:0:0:0:0:0:1
[2m2021-11-22 13:38:30.936[0;39m [32m INFO[0;39m [35m197052[0;39m [2m---[0;39m [2m[nio-8090-exec-8][0;39m [36mc.z.M.i.LoginHandlerInterceptor         [0;39m [2m:[0;39m ===========>进入拦截器
[2m2021-11-22 13:38:30.936[0;39m [32m INFO[0;39m [35m197052[0;39m [2m---[0;39m [2m[nio-8090-exec-8][0;39m [36mc.z.M.i.LoginHandlerInterceptor         [0;39m [2m:[0;39m UserAgent: Mozilla/5.0 (Windows NT 10.0; Win64; x64) AppleWebKit/537.36 (KHTML, like Gecko) Chrome/93.0.4577.82 Safari/537.36
[2m2021-11-22 13:38:30.936[0;39m [32m INFO[0;39m [35m197052[0;39m [2m---[0;39m [2m[nio-8090-exec-8][0;39m [36mc.z.M.i.LoginHandlerInterceptor         [0;39m [2m:[0;39m 用户访问地址: /blog/article/53, 来路地址: 0:0:0:0:0:0:0:1
[2m2021-11-22 13:38:30.939[0;39m [32m INFO[0;39m [35m197052[0;39m [2m---[0;39m [2m[nio-8090-exec-8][0;39m [36mc.z.M.i.LoginHandlerInterceptor         [0;39m [2m:[0;39m ===========>进入拦截器
[2m2021-11-22 13:38:30.940[0;39m [32m INFO[0;39m [35m197052[0;39m [2m---[0;39m [2m[nio-8090-exec-8][0;39m [36mc.z.M.i.LoginHandlerInterceptor         [0;39m [2m:[0;39m UserAgent: Mozilla/5.0 (Windows NT 10.0; Win64; x64) AppleWebKit/537.36 (KHTML, like Gecko) Chrome/93.0.4577.82 Safari/537.36
[2m2021-11-22 13:38:30.940[0;39m [32m INFO[0;39m [35m197052[0;39m [2m---[0;39m [2m[nio-8090-exec-8][0;39m [36mc.z.M.i.LoginHandlerInterceptor         [0;39m [2m:[0;39m 用户访问地址: /error, 来路地址: 0:0:0:0:0:0:0:1
[2m2021-11-22 13:38:31.012[0;39m [32m INFO[0;39m [35m197052[0;39m [2m---[0;39m [2m[nio-8090-exec-3][0;39m [36mc.z.M.i.LoginHandlerInterceptor         [0;39m [2m:[0;39m ===========>进入拦截器
[2m2021-11-22 13:38:31.012[0;39m [32m INFO[0;39m [35m197052[0;39m [2m---[0;39m [2m[nio-8090-exec-3][0;39m [36mc.z.M.i.LoginHandlerInterceptor         [0;39m [2m:[0;39m UserAgent: Mozilla/5.0 (Windows NT 10.0; Win64; x64) AppleWebKit/537.36 (KHTML, like Gecko) Chrome/93.0.4577.82 Safari/537.36
[2m2021-11-22 13:38:31.012[0;39m [32m INFO[0;39m [35m197052[0;39m [2m---[0;39m [2m[nio-8090-exec-3][0;39m [36mc.z.M.i.LoginHandlerInterceptor         [0;39m [2m:[0;39m 用户访问地址: /error/fonts/icons-64c061773912345c985cb3365a710a98.woff, 来路地址: 0:0:0:0:0:0:0:1
[2m2021-11-22 13:38:31.016[0;39m [32m INFO[0;39m [35m197052[0;39m [2m---[0;39m [2m[nio-8090-exec-7][0;39m [36mc.z.M.i.LoginHandlerInterceptor         [0;39m [2m:[0;39m ===========>进入拦截器
[2m2021-11-22 13:38:31.016[0;39m [32m INFO[0;39m [35m197052[0;39m [2m---[0;39m [2m[nio-8090-exec-7][0;39m [36mc.z.M.i.LoginHandlerInterceptor         [0;39m [2m:[0;39m UserAgent: Mozilla/5.0 (Windows NT 10.0; Win64; x64) AppleWebKit/537.36 (KHTML, like Gecko) Chrome/93.0.4577.82 Safari/537.36
[2m2021-11-22 13:38:31.016[0;39m [32m INFO[0;39m [35m197052[0;39m [2m---[0;39m [2m[nio-8090-exec-7][0;39m [36mc.z.M.i.LoginHandlerInterceptor         [0;39m [2m:[0;39m 用户访问地址: /error/fonts/icons-64c061773912345c985cb3365a710a98.ttf, 来路地址: 0:0:0:0:0:0:0:1
[2m2021-11-22 13:38:43.296[0;39m [32m INFO[0;39m [35m197052[0;39m [2m---[0;39m [2m[nio-8090-exec-5][0;39m [36mc.z.M.i.LoginHandlerInterceptor         [0;39m [2m:[0;39m ===========>进入拦截器
[2m2021-11-22 13:38:43.296[0;39m [32m INFO[0;39m [35m197052[0;39m [2m---[0;39m [2m[nio-8090-exec-5][0;39m [36mc.z.M.i.LoginHandlerInterceptor         [0;39m [2m:[0;39m UserAgent: Mozilla/5.0 (Windows NT 10.0; Win64; x64) AppleWebKit/537.36 (KHTML, like Gecko) Chrome/93.0.4577.82 Safari/537.36
[2m2021-11-22 13:38:43.296[0;39m [32m INFO[0;39m [35m197052[0;39m [2m---[0;39m [2m[nio-8090-exec-5][0;39m [36mc.z.M.i.LoginHandlerInterceptor         [0;39m [2m:[0;39m 用户访问地址: /admin/article, 来路地址: 0:0:0:0:0:0:0:1
[2m2021-11-22 13:38:43.298[0;39m [32m INFO[0;39m [35m197052[0;39m [2m---[0;39m [2m[nio-8090-exec-5][0;39m [36mcom.zdk.MyBlog.aspect.WebLogAspect      [0;39m [2m:[0;39m URL : http://localhost:8090/admin/article
[2m2021-11-22 13:38:43.299[0;39m [32m INFO[0;39m [35m197052[0;39m [2m---[0;39m [2m[nio-8090-exec-5][0;39m [36mcom.zdk.MyBlog.aspect.WebLogAspect      [0;39m [2m:[0;39m HTTP_METHOD : GET
[2m2021-11-22 13:38:43.299[0;39m [32m INFO[0;39m [35m197052[0;39m [2m---[0;39m [2m[nio-8090-exec-5][0;39m [36mcom.zdk.MyBlog.aspect.WebLogAspect      [0;39m [2m:[0;39m IP : 0:0:0:0:0:0:0:1
[2m2021-11-22 13:38:43.299[0;39m [32m INFO[0;39m [35m197052[0;39m [2m---[0;39m [2m[nio-8090-exec-5][0;39m [36mcom.zdk.MyBlog.aspect.WebLogAspect      [0;39m [2m:[0;39m CLASS_METHOD : com.zdk.MyBlog.controller.admin.AdminArticleController.article
[2m2021-11-22 13:38:43.299[0;39m [32m INFO[0;39m [35m197052[0;39m [2m---[0;39m [2m[nio-8090-exec-5][0;39m [36mcom.zdk.MyBlog.aspect.WebLogAspect      [0;39m [2m:[0;39m ARGS : [{}, 1, 5]
[2m2021-11-22 13:38:43.349[0;39m [32m INFO[0;39m [35m197052[0;39m [2m---[0;39m [2m[nio-8090-exec-5][0;39m [36mcom.zdk.MyBlog.aspect.WebLogAspect      [0;39m [2m:[0;39m RESPONSE : admin/article_list
[2m2021-11-22 13:38:43.350[0;39m [32m INFO[0;39m [35m197052[0;39m [2m---[0;39m [2m[nio-8090-exec-5][0;39m [36mcom.zdk.MyBlog.aspect.WebLogAspect      [0;39m [2m:[0;39m SPEND TIME : 52
[2m2021-11-22 13:38:43.421[0;39m [32m INFO[0;39m [35m197052[0;39m [2m---[0;39m [2m[io-8090-exec-10][0;39m [36mc.z.M.i.LoginHandlerInterceptor         [0;39m [2m:[0;39m ===========>进入拦截器
[2m2021-11-22 13:38:43.421[0;39m [32m INFO[0;39m [35m197052[0;39m [2m---[0;39m [2m[io-8090-exec-10][0;39m [36mc.z.M.i.LoginHandlerInterceptor         [0;39m [2m:[0;39m UserAgent: Mozilla/5.0 (Windows NT 10.0; Win64; x64) AppleWebKit/537.36 (KHTML, like Gecko) Chrome/93.0.4577.82 Safari/537.36
[2m2021-11-22 13:38:43.421[0;39m [32m INFO[0;39m [35m197052[0;39m [2m---[0;39m [2m[io-8090-exec-10][0;39m [36mc.z.M.i.LoginHandlerInterceptor         [0;39m [2m:[0;39m 用户访问地址: /admin/editormd/fonts/fontawesome-webfont.woff2, 来路地址: 0:0:0:0:0:0:0:1
[2m2021-11-22 13:38:43.428[0;39m [32m INFO[0;39m [35m197052[0;39m [2m---[0;39m [2m[nio-8090-exec-6][0;39m [36mc.z.M.i.LoginHandlerInterceptor         [0;39m [2m:[0;39m ===========>进入拦截器
[2m2021-11-22 13:38:43.428[0;39m [32m INFO[0;39m [35m197052[0;39m [2m---[0;39m [2m[nio-8090-exec-6][0;39m [36mc.z.M.i.LoginHandlerInterceptor         [0;39m [2m:[0;39m UserAgent: Mozilla/5.0 (Windows NT 10.0; Win64; x64) AppleWebKit/537.36 (KHTML, like Gecko) Chrome/93.0.4577.82 Safari/537.36
[2m2021-11-22 13:38:43.428[0;39m [32m INFO[0;39m [35m197052[0;39m [2m---[0;39m [2m[nio-8090-exec-6][0;39m [36mc.z.M.i.LoginHandlerInterceptor         [0;39m [2m:[0;39m 用户访问地址: /admin/editormd/fonts/fontawesome-webfont.woff, 来路地址: 0:0:0:0:0:0:0:1
[2m2021-11-22 13:38:43.436[0;39m [32m INFO[0;39m [35m197052[0;39m [2m---[0;39m [2m[nio-8090-exec-3][0;39m [36mc.z.M.i.LoginHandlerInterceptor         [0;39m [2m:[0;39m ===========>进入拦截器
[2m2021-11-22 13:38:43.436[0;39m [32m INFO[0;39m [35m197052[0;39m [2m---[0;39m [2m[nio-8090-exec-3][0;39m [36mc.z.M.i.LoginHandlerInterceptor         [0;39m [2m:[0;39m UserAgent: Mozilla/5.0 (Windows NT 10.0; Win64; x64) AppleWebKit/537.36 (KHTML, like Gecko) Chrome/93.0.4577.82 Safari/537.36
[2m2021-11-22 13:38:43.436[0;39m [32m INFO[0;39m [35m197052[0;39m [2m---[0;39m [2m[nio-8090-exec-3][0;39m [36mc.z.M.i.LoginHandlerInterceptor         [0;39m [2m:[0;39m 用户访问地址: /admin/editormd/fonts/fontawesome-webfont.ttf, 来路地址: 0:0:0:0:0:0:0:1
[2m2021-11-22 13:38:44.543[0;39m [32m INFO[0;39m [35m197052[0;39m [2m---[0;39m [2m[nio-8090-exec-2][0;39m [36mc.z.M.i.LoginHandlerInterceptor         [0;39m [2m:[0;39m ===========>进入拦截器
[2m2021-11-22 13:38:44.544[0;39m [32m INFO[0;39m [35m197052[0;39m [2m---[0;39m [2m[nio-8090-exec-2][0;39m [36mc.z.M.i.LoginHandlerInterceptor         [0;39m [2m:[0;39m UserAgent: Mozilla/5.0 (Windows NT 10.0; Win64; x64) AppleWebKit/537.36 (KHTML, like Gecko) Chrome/93.0.4577.82 Safari/537.36
[2m2021-11-22 13:38:44.544[0;39m [32m INFO[0;39m [35m197052[0;39m [2m---[0;39m [2m[nio-8090-exec-2][0;39m [36mc.z.M.i.LoginHandlerInterceptor         [0;39m [2m:[0;39m 用户访问地址: /admin/article/63, 来路地址: 0:0:0:0:0:0:0:1
[2m2021-11-22 13:38:44.547[0;39m [32m INFO[0;39m [35m197052[0;39m [2m---[0;39m [2m[nio-8090-exec-2][0;39m [36mcom.zdk.MyBlog.aspect.WebLogAspect      [0;39m [2m:[0;39m URL : http://localhost:8090/admin/article/63
[2m2021-11-22 13:38:44.547[0;39m [32m INFO[0;39m [35m197052[0;39m [2m---[0;39m [2m[nio-8090-exec-2][0;39m [36mcom.zdk.MyBlog.aspect.WebLogAspect      [0;39m [2m:[0;39m HTTP_METHOD : GET
[2m2021-11-22 13:38:44.547[0;39m [32m INFO[0;39m [35m197052[0;39m [2m---[0;39m [2m[nio-8090-exec-2][0;39m [36mcom.zdk.MyBlog.aspect.WebLogAspect      [0;39m [2m:[0;39m IP : 0:0:0:0:0:0:0:1
[2m2021-11-22 13:38:44.547[0;39m [32m INFO[0;39m [35m197052[0;39m [2m---[0;39m [2m[nio-8090-exec-2][0;39m [36mcom.zdk.MyBlog.aspect.WebLogAspect      [0;39m [2m:[0;39m CLASS_METHOD : com.zdk.MyBlog.controller.admin.AdminArticleController.toPost2
[2m2021-11-22 13:38:44.547[0;39m [32m INFO[0;39m [35m197052[0;39m [2m---[0;39m [2m[nio-8090-exec-2][0;39m [36mcom.zdk.MyBlog.aspect.WebLogAspect      [0;39m [2m:[0;39m ARGS : [{}, 63]
[2m2021-11-22 13:38:44.584[0;39m [32m INFO[0;39m [35m197052[0;39m [2m---[0;39m [2m[nio-8090-exec-2][0;39m [36mcom.zdk.MyBlog.aspect.WebLogAspect      [0;39m [2m:[0;39m RESPONSE : admin/article_edit
[2m2021-11-22 13:38:44.584[0;39m [32m INFO[0;39m [35m197052[0;39m [2m---[0;39m [2m[nio-8090-exec-2][0;39m [36mcom.zdk.MyBlog.aspect.WebLogAspect      [0;39m [2m:[0;39m SPEND TIME : 37
[2m2021-11-22 13:38:44.655[0;39m [32m INFO[0;39m [35m197052[0;39m [2m---[0;39m [2m[nio-8090-exec-1][0;39m [36mc.z.M.i.LoginHandlerInterceptor         [0;39m [2m:[0;39m ===========>进入拦截器
[2m2021-11-22 13:38:44.655[0;39m [32m INFO[0;39m [35m197052[0;39m [2m---[0;39m [2m[nio-8090-exec-1][0;39m [36mc.z.M.i.LoginHandlerInterceptor         [0;39m [2m:[0;39m UserAgent: Mozilla/5.0 (Windows NT 10.0; Win64; x64) AppleWebKit/537.36 (KHTML, like Gecko) Chrome/93.0.4577.82 Safari/537.36
[2m2021-11-22 13:38:44.655[0;39m [32m INFO[0;39m [35m197052[0;39m [2m---[0;39m [2m[nio-8090-exec-1][0;39m [36mc.z.M.i.LoginHandlerInterceptor         [0;39m [2m:[0;39m 用户访问地址: /admin/editormd/fonts/fontawesome-webfont.woff2, 来路地址: 0:0:0:0:0:0:0:1
[2m2021-11-22 13:38:44.661[0;39m [32m INFO[0;39m [35m197052[0;39m [2m---[0;39m [2m[io-8090-exec-10][0;39m [36mc.z.M.i.LoginHandlerInterceptor         [0;39m [2m:[0;39m ===========>进入拦截器
[2m2021-11-22 13:38:44.661[0;39m [32m INFO[0;39m [35m197052[0;39m [2m---[0;39m [2m[io-8090-exec-10][0;39m [36mc.z.M.i.LoginHandlerInterceptor         [0;39m [2m:[0;39m UserAgent: Mozilla/5.0 (Windows NT 10.0; Win64; x64) AppleWebKit/537.36 (KHTML, like Gecko) Chrome/93.0.4577.82 Safari/537.36
[2m2021-11-22 13:38:44.661[0;39m [32m INFO[0;39m [35m197052[0;39m [2m---[0;39m [2m[io-8090-exec-10][0;39m [36mc.z.M.i.LoginHandlerInterceptor         [0;39m [2m:[0;39m 用户访问地址: /admin/editormd/fonts/fontawesome-webfont.woff, 来路地址: 0:0:0:0:0:0:0:1
[2m2021-11-22 13:38:44.667[0;39m [32m INFO[0;39m [35m197052[0;39m [2m---[0;39m [2m[nio-8090-exec-4][0;39m [36mc.z.M.i.LoginHandlerInterceptor         [0;39m [2m:[0;39m ===========>进入拦截器
[2m2021-11-22 13:38:44.667[0;39m [32m INFO[0;39m [35m197052[0;39m [2m---[0;39m [2m[nio-8090-exec-4][0;39m [36mc.z.M.i.LoginHandlerInterceptor         [0;39m [2m:[0;39m UserAgent: Mozilla/5.0 (Windows NT 10.0; Win64; x64) AppleWebKit/537.36 (KHTML, like Gecko) Chrome/93.0.4577.82 Safari/537.36
[2m2021-11-22 13:38:44.668[0;39m [32m INFO[0;39m [35m197052[0;39m [2m---[0;39m [2m[nio-8090-exec-4][0;39m [36mc.z.M.i.LoginHandlerInterceptor         [0;39m [2m:[0;39m 用户访问地址: /admin/editormd/fonts/fontawesome-webfont.ttf, 来路地址: 0:0:0:0:0:0:0:1
[2m2021-11-22 13:38:44.788[0;39m [32m INFO[0;39m [35m197052[0;39m [2m---[0;39m [2m[nio-8090-exec-2][0;39m [36mc.z.M.i.LoginHandlerInterceptor         [0;39m [2m:[0;39m ===========>进入拦截器
[2m2021-11-22 13:38:44.788[0;39m [32m INFO[0;39m [35m197052[0;39m [2m---[0;39m [2m[nio-8090-exec-2][0;39m [36mc.z.M.i.LoginHandlerInterceptor         [0;39m [2m:[0;39m UserAgent: Mozilla/5.0 (Windows NT 10.0; Win64; x64) AppleWebKit/537.36 (KHTML, like Gecko) Chrome/93.0.4577.82 Safari/537.36
[2m2021-11-22 13:38:44.788[0;39m [32m INFO[0;39m [35m197052[0;39m [2m---[0;39m [2m[nio-8090-exec-2][0;39m [36mc.z.M.i.LoginHandlerInterceptor         [0;39m [2m:[0;39m 用户访问地址: /admin/editormd/images/loading.gif, 来路地址: 0:0:0:0:0:0:0:1
[2m2021-11-22 13:38:48.000[0;39m [32m INFO[0;39m [35m197052[0;39m [2m---[0;39m [2m[io-8090-exec-10][0;39m [36mc.z.M.i.LoginHandlerInterceptor         [0;39m [2m:[0;39m ===========>进入拦截器
[2m2021-11-22 13:38:48.000[0;39m [32m INFO[0;39m [35m197052[0;39m [2m---[0;39m [2m[io-8090-exec-10][0;39m [36mc.z.M.i.LoginHandlerInterceptor         [0;39m [2m:[0;39m UserAgent: Mozilla/5.0 (Windows NT 10.0; Win64; x64) AppleWebKit/537.36 (KHTML, like Gecko) Chrome/93.0.4577.82 Safari/537.36
[2m2021-11-22 13:38:48.000[0;39m [32m INFO[0;39m [35m197052[0;39m [2m---[0;39m [2m[io-8090-exec-10][0;39m [36mc.z.M.i.LoginHandlerInterceptor         [0;39m [2m:[0;39m 用户访问地址: /article/toPost/63, 来路地址: 0:0:0:0:0:0:0:1
[2m2021-11-22 13:38:48.001[0;39m [32m INFO[0;39m [35m197052[0;39m [2m---[0;39m [2m[io-8090-exec-10][0;39m [36mcom.zdk.MyBlog.aspect.WebLogAspect      [0;39m [2m:[0;39m URL : http://localhost:8090/article/toPost/63
[2m2021-11-22 13:38:48.002[0;39m [32m INFO[0;39m [35m197052[0;39m [2m---[0;39m [2m[io-8090-exec-10][0;39m [36mcom.zdk.MyBlog.aspect.WebLogAspect      [0;39m [2m:[0;39m HTTP_METHOD : GET
[2m2021-11-22 13:38:48.002[0;39m [32m INFO[0;39m [35m197052[0;39m [2m---[0;39m [2m[io-8090-exec-10][0;39m [36mcom.zdk.MyBlog.aspect.WebLogAspect      [0;39m [2m:[0;39m IP : 0:0:0:0:0:0:0:1
[2m2021-11-22 13:38:48.002[0;39m [32m INFO[0;39m [35m197052[0;39m [2m---[0;39m [2m[io-8090-exec-10][0;39m [36mcom.zdk.MyBlog.aspect.WebLogAspect      [0;39m [2m:[0;39m CLASS_METHOD : com.zdk.MyBlog.controller.article.ArticleController.toPost1
[2m2021-11-22 13:38:48.002[0;39m [32m INFO[0;39m [35m197052[0;39m [2m---[0;39m [2m[io-8090-exec-10][0;39m [36mcom.zdk.MyBlog.aspect.WebLogAspect      [0;39m [2m:[0;39m ARGS : [{}, 63]
[2m2021-11-22 13:38:48.016[0;39m [32m INFO[0;39m [35m197052[0;39m [2m---[0;39m [2m[io-8090-exec-10][0;39m [36mc.z.MyBlog.handler.MyMetaObjectHandler  [0;39m [2m:[0;39m 更新时开始填充--------
[2m2021-11-22 13:38:48.112[0;39m [32m INFO[0;39m [35m197052[0;39m [2m---[0;39m [2m[io-8090-exec-10][0;39m [36mcom.zdk.MyBlog.aspect.WebLogAspect      [0;39m [2m:[0;39m RESPONSE : blog/blog-post
[2m2021-11-22 13:38:48.112[0;39m [32m INFO[0;39m [35m197052[0;39m [2m---[0;39m [2m[io-8090-exec-10][0;39m [36mcom.zdk.MyBlog.aspect.WebLogAspect      [0;39m [2m:[0;39m SPEND TIME : 111
[2m2021-11-22 13:39:05.241[0;39m [32m INFO[0;39m [35m197052[0;39m [2m---[0;39m [2m[nio-8090-exec-4][0;39m [36mc.z.M.i.LoginHandlerInterceptor         [0;39m [2m:[0;39m ===========>进入拦截器
[2m2021-11-22 13:39:05.241[0;39m [32m INFO[0;39m [35m197052[0;39m [2m---[0;39m [2m[nio-8090-exec-4][0;39m [36mc.z.M.i.LoginHandlerInterceptor         [0;39m [2m:[0;39m UserAgent: Mozilla/5.0 (Windows NT 10.0; Win64; x64) AppleWebKit/537.36 (KHTML, like Gecko) Chrome/93.0.4577.82 Safari/537.36
[2m2021-11-22 13:39:05.241[0;39m [32m INFO[0;39m [35m197052[0;39m [2m---[0;39m [2m[nio-8090-exec-4][0;39m [36mc.z.M.i.LoginHandlerInterceptor         [0;39m [2m:[0;39m 用户访问地址: /admin/article, 来路地址: 0:0:0:0:0:0:0:1
[2m2021-11-22 13:39:05.244[0;39m [32m INFO[0;39m [35m197052[0;39m [2m---[0;39m [2m[nio-8090-exec-4][0;39m [36mcom.zdk.MyBlog.aspect.WebLogAspect      [0;39m [2m:[0;39m URL : http://localhost:8090/admin/article
[2m2021-11-22 13:39:05.245[0;39m [32m INFO[0;39m [35m197052[0;39m [2m---[0;39m [2m[nio-8090-exec-4][0;39m [36mcom.zdk.MyBlog.aspect.WebLogAspect      [0;39m [2m:[0;39m HTTP_METHOD : GET
[2m2021-11-22 13:39:05.245[0;39m [32m INFO[0;39m [35m197052[0;39m [2m---[0;39m [2m[nio-8090-exec-4][0;39m [36mcom.zdk.MyBlog.aspect.WebLogAspect      [0;39m [2m:[0;39m IP : 0:0:0:0:0:0:0:1
[2m2021-11-22 13:39:05.245[0;39m [32m INFO[0;39m [35m197052[0;39m [2m---[0;39m [2m[nio-8090-exec-4][0;39m [36mcom.zdk.MyBlog.aspect.WebLogAspect      [0;39m [2m:[0;39m CLASS_METHOD : com.zdk.MyBlog.controller.admin.AdminArticleController.article
[2m2021-11-22 13:39:05.245[0;39m [32m INFO[0;39m [35m197052[0;39m [2m---[0;39m [2m[nio-8090-exec-4][0;39m [36mcom.zdk.MyBlog.aspect.WebLogAspect      [0;39m [2m:[0;39m ARGS : [{}, 1, 5]
[2m2021-11-22 13:39:05.255[0;39m [32m INFO[0;39m [35m197052[0;39m [2m---[0;39m [2m[nio-8090-exec-4][0;39m [36mcom.zdk.MyBlog.aspect.WebLogAspect      [0;39m [2m:[0;39m RESPONSE : admin/article_list
[2m2021-11-22 13:39:05.255[0;39m [32m INFO[0;39m [35m197052[0;39m [2m---[0;39m [2m[nio-8090-exec-4][0;39m [36mcom.zdk.MyBlog.aspect.WebLogAspect      [0;39m [2m:[0;39m SPEND TIME : 11
[2m2021-11-22 13:39:05.337[0;39m [32m INFO[0;39m [35m197052[0;39m [2m---[0;39m [2m[nio-8090-exec-1][0;39m [36mc.z.M.i.LoginHandlerInterceptor         [0;39m [2m:[0;39m ===========>进入拦截器
[2m2021-11-22 13:39:05.337[0;39m [32m INFO[0;39m [35m197052[0;39m [2m---[0;39m [2m[nio-8090-exec-1][0;39m [36mc.z.M.i.LoginHandlerInterceptor         [0;39m [2m:[0;39m UserAgent: Mozilla/5.0 (Windows NT 10.0; Win64; x64) AppleWebKit/537.36 (KHTML, like Gecko) Chrome/93.0.4577.82 Safari/537.36
[2m2021-11-22 13:39:05.337[0;39m [32m INFO[0;39m [35m197052[0;39m [2m---[0;39m [2m[nio-8090-exec-1][0;39m [36mc.z.M.i.LoginHandlerInterceptor         [0;39m [2m:[0;39m 用户访问地址: /admin/editormd/fonts/fontawesome-webfont.woff2, 来路地址: 0:0:0:0:0:0:0:1
[2m2021-11-22 13:39:05.344[0;39m [32m INFO[0;39m [35m197052[0;39m [2m---[0;39m [2m[nio-8090-exec-8][0;39m [36mc.z.M.i.LoginHandlerInterceptor         [0;39m [2m:[0;39m ===========>进入拦截器
[2m2021-11-22 13:39:05.344[0;39m [32m INFO[0;39m [35m197052[0;39m [2m---[0;39m [2m[nio-8090-exec-8][0;39m [36mc.z.M.i.LoginHandlerInterceptor         [0;39m [2m:[0;39m UserAgent: Mozilla/5.0 (Windows NT 10.0; Win64; x64) AppleWebKit/537.36 (KHTML, like Gecko) Chrome/93.0.4577.82 Safari/537.36
[2m2021-11-22 13:39:05.344[0;39m [32m INFO[0;39m [35m197052[0;39m [2m---[0;39m [2m[nio-8090-exec-8][0;39m [36mc.z.M.i.LoginHandlerInterceptor         [0;39m [2m:[0;39m 用户访问地址: /admin/editormd/fonts/fontawesome-webfont.woff, 来路地址: 0:0:0:0:0:0:0:1
[2m2021-11-22 13:39:05.353[0;39m [32m INFO[0;39m [35m197052[0;39m [2m---[0;39m [2m[nio-8090-exec-9][0;39m [36mc.z.M.i.LoginHandlerInterceptor         [0;39m [2m:[0;39m ===========>进入拦截器
[2m2021-11-22 13:39:05.353[0;39m [32m INFO[0;39m [35m197052[0;39m [2m---[0;39m [2m[nio-8090-exec-9][0;39m [36mc.z.M.i.LoginHandlerInterceptor         [0;39m [2m:[0;39m UserAgent: Mozilla/5.0 (Windows NT 10.0; Win64; x64) AppleWebKit/537.36 (KHTML, like Gecko) Chrome/93.0.4577.82 Safari/537.36
[2m2021-11-22 13:39:05.353[0;39m [32m INFO[0;39m [35m197052[0;39m [2m---[0;39m [2m[nio-8090-exec-9][0;39m [36mc.z.M.i.LoginHandlerInterceptor         [0;39m [2m:[0;39m 用户访问地址: /admin/editormd/fonts/fontawesome-webfont.ttf, 来路地址: 0:0:0:0:0:0:0:1
[2m2021-11-22 13:39:07.028[0;39m [32m INFO[0;39m [35m197052[0;39m [2m---[0;39m [2m[nio-8090-exec-3][0;39m [36mc.z.M.i.LoginHandlerInterceptor         [0;39m [2m:[0;39m ===========>进入拦截器
[2m2021-11-22 13:39:07.028[0;39m [32m INFO[0;39m [35m197052[0;39m [2m---[0;39m [2m[nio-8090-exec-3][0;39m [36mc.z.M.i.LoginHandlerInterceptor         [0;39m [2m:[0;39m UserAgent: Mozilla/5.0 (Windows NT 10.0; Win64; x64) AppleWebKit/537.36 (KHTML, like Gecko) Chrome/93.0.4577.82 Safari/537.36
[2m2021-11-22 13:39:07.028[0;39m [32m INFO[0;39m [35m197052[0;39m [2m---[0;39m [2m[nio-8090-exec-3][0;39m [36mc.z.M.i.LoginHandlerInterceptor         [0;39m [2m:[0;39m 用户访问地址: /admin/comments, 来路地址: 0:0:0:0:0:0:0:1
[2m2021-11-22 13:39:07.029[0;39m [32m INFO[0;39m [35m197052[0;39m [2m---[0;39m [2m[nio-8090-exec-3][0;39m [36mcom.zdk.MyBlog.aspect.WebLogAspect      [0;39m [2m:[0;39m URL : http://localhost:8090/admin/comments
[2m2021-11-22 13:39:07.029[0;39m [32m INFO[0;39m [35m197052[0;39m [2m---[0;39m [2m[nio-8090-exec-3][0;39m [36mcom.zdk.MyBlog.aspect.WebLogAspect      [0;39m [2m:[0;39m HTTP_METHOD : GET
[2m2021-11-22 13:39:07.029[0;39m [32m INFO[0;39m [35m197052[0;39m [2m---[0;39m [2m[nio-8090-exec-3][0;39m [36mcom.zdk.MyBlog.aspect.WebLogAspect      [0;39m [2m:[0;39m IP : 0:0:0:0:0:0:0:1
[2m2021-11-22 13:39:07.029[0;39m [32m INFO[0;39m [35m197052[0;39m [2m---[0;39m [2m[nio-8090-exec-3][0;39m [36mcom.zdk.MyBlog.aspect.WebLogAspect      [0;39m [2m:[0;39m CLASS_METHOD : com.zdk.MyBlog.controller.admin.CommentsController.index
[2m2021-11-22 13:39:07.029[0;39m [32m INFO[0;39m [35m197052[0;39m [2m---[0;39m [2m[nio-8090-exec-3][0;39m [36mcom.zdk.MyBlog.aspect.WebLogAspect      [0;39m [2m:[0;39m ARGS : [{}, 1, 5]
[2m2021-11-22 13:39:07.055[0;39m [32m INFO[0;39m [35m197052[0;39m [2m---[0;39m [2m[nio-8090-exec-3][0;39m [36mcom.zdk.MyBlog.aspect.WebLogAspect      [0;39m [2m:[0;39m RESPONSE : admin/comment_list
[2m2021-11-22 13:39:07.055[0;39m [32m INFO[0;39m [35m197052[0;39m [2m---[0;39m [2m[nio-8090-exec-3][0;39m [36mcom.zdk.MyBlog.aspect.WebLogAspect      [0;39m [2m:[0;39m SPEND TIME : 26
[2m2021-11-22 13:39:07.125[0;39m [32m INFO[0;39m [35m197052[0;39m [2m---[0;39m [2m[nio-8090-exec-7][0;39m [36mc.z.M.i.LoginHandlerInterceptor         [0;39m [2m:[0;39m ===========>进入拦截器
[2m2021-11-22 13:39:07.125[0;39m [32m INFO[0;39m [35m197052[0;39m [2m---[0;39m [2m[nio-8090-exec-7][0;39m [36mc.z.M.i.LoginHandlerInterceptor         [0;39m [2m:[0;39m UserAgent: Mozilla/5.0 (Windows NT 10.0; Win64; x64) AppleWebKit/537.36 (KHTML, like Gecko) Chrome/93.0.4577.82 Safari/537.36
[2m2021-11-22 13:39:07.125[0;39m [32m INFO[0;39m [35m197052[0;39m [2m---[0;39m [2m[nio-8090-exec-7][0;39m [36mc.z.M.i.LoginHandlerInterceptor         [0;39m [2m:[0;39m 用户访问地址: /admin/editormd/fonts/fontawesome-webfont.woff2, 来路地址: 0:0:0:0:0:0:0:1
[2m2021-11-22 13:39:07.130[0;39m [32m INFO[0;39m [35m197052[0;39m [2m---[0;39m [2m[io-8090-exec-10][0;39m [36mc.z.M.i.LoginHandlerInterceptor         [0;39m [2m:[0;39m ===========>进入拦截器
[2m2021-11-22 13:39:07.130[0;39m [32m INFO[0;39m [35m197052[0;39m [2m---[0;39m [2m[io-8090-exec-10][0;39m [36mc.z.M.i.LoginHandlerInterceptor         [0;39m [2m:[0;39m UserAgent: Mozilla/5.0 (Windows NT 10.0; Win64; x64) AppleWebKit/537.36 (KHTML, like Gecko) Chrome/93.0.4577.82 Safari/537.36
[2m2021-11-22 13:39:07.130[0;39m [32m INFO[0;39m [35m197052[0;39m [2m---[0;39m [2m[io-8090-exec-10][0;39m [36mc.z.M.i.LoginHandlerInterceptor         [0;39m [2m:[0;39m 用户访问地址: /admin/editormd/fonts/fontawesome-webfont.woff, 来路地址: 0:0:0:0:0:0:0:1
[2m2021-11-22 13:39:07.135[0;39m [32m INFO[0;39m [35m197052[0;39m [2m---[0;39m [2m[nio-8090-exec-3][0;39m [36mc.z.M.i.LoginHandlerInterceptor         [0;39m [2m:[0;39m ===========>进入拦截器
[2m2021-11-22 13:39:07.135[0;39m [32m INFO[0;39m [35m197052[0;39m [2m---[0;39m [2m[nio-8090-exec-3][0;39m [36mc.z.M.i.LoginHandlerInterceptor         [0;39m [2m:[0;39m UserAgent: Mozilla/5.0 (Windows NT 10.0; Win64; x64) AppleWebKit/537.36 (KHTML, like Gecko) Chrome/93.0.4577.82 Safari/537.36
[2m2021-11-22 13:39:07.135[0;39m [32m INFO[0;39m [35m197052[0;39m [2m---[0;39m [2m[nio-8090-exec-3][0;39m [36mc.z.M.i.LoginHandlerInterceptor         [0;39m [2m:[0;39m 用户访问地址: /admin/editormd/fonts/fontawesome-webfont.ttf, 来路地址: 0:0:0:0:0:0:0:1
[2m2021-11-22 13:39:07.859[0;39m [32m INFO[0;39m [35m197052[0;39m [2m---[0;39m [2m[nio-8090-exec-1][0;39m [36mc.z.M.i.LoginHandlerInterceptor         [0;39m [2m:[0;39m ===========>进入拦截器
[2m2021-11-22 13:39:07.859[0;39m [32m INFO[0;39m [35m197052[0;39m [2m---[0;39m [2m[nio-8090-exec-1][0;39m [36mc.z.M.i.LoginHandlerInterceptor         [0;39m [2m:[0;39m UserAgent: Mozilla/5.0 (Windows NT 10.0; Win64; x64) AppleWebKit/537.36 (KHTML, like Gecko) Chrome/93.0.4577.82 Safari/537.36
[2m2021-11-22 13:39:07.859[0;39m [32m INFO[0;39m [35m197052[0;39m [2m---[0;39m [2m[nio-8090-exec-1][0;39m [36mc.z.M.i.LoginHandlerInterceptor         [0;39m [2m:[0;39m 用户访问地址: /article/toPost/53, 来路地址: 0:0:0:0:0:0:0:1
[2m2021-11-22 13:39:07.860[0;39m [32m INFO[0;39m [35m197052[0;39m [2m---[0;39m [2m[nio-8090-exec-1][0;39m [36mcom.zdk.MyBlog.aspect.WebLogAspect      [0;39m [2m:[0;39m URL : http://localhost:8090/article/toPost/53
[2m2021-11-22 13:39:07.860[0;39m [32m INFO[0;39m [35m197052[0;39m [2m---[0;39m [2m[nio-8090-exec-1][0;39m [36mcom.zdk.MyBlog.aspect.WebLogAspect      [0;39m [2m:[0;39m HTTP_METHOD : GET
[2m2021-11-22 13:39:07.860[0;39m [32m INFO[0;39m [35m197052[0;39m [2m---[0;39m [2m[nio-8090-exec-1][0;39m [36mcom.zdk.MyBlog.aspect.WebLogAspect      [0;39m [2m:[0;39m IP : 0:0:0:0:0:0:0:1
[2m2021-11-22 13:39:07.860[0;39m [32m INFO[0;39m [35m197052[0;39m [2m---[0;39m [2m[nio-8090-exec-1][0;39m [36mcom.zdk.MyBlog.aspect.WebLogAspect      [0;39m [2m:[0;39m CLASS_METHOD : com.zdk.MyBlog.controller.article.ArticleController.toPost1
[2m2021-11-22 13:39:07.860[0;39m [32m INFO[0;39m [35m197052[0;39m [2m---[0;39m [2m[nio-8090-exec-1][0;39m [36mcom.zdk.MyBlog.aspect.WebLogAspect      [0;39m [2m:[0;39m ARGS : [{}, 53]
[2m2021-11-22 13:39:07.864[0;39m [32m INFO[0;39m [35m197052[0;39m [2m---[0;39m [2m[nio-8090-exec-1][0;39m [36mc.z.MyBlog.handler.MyMetaObjectHandler  [0;39m [2m:[0;39m 更新时开始填充--------
[2m2021-11-22 13:39:07.912[0;39m [32m INFO[0;39m [35m197052[0;39m [2m---[0;39m [2m[nio-8090-exec-1][0;39m [36mcom.zdk.MyBlog.aspect.WebLogAspect      [0;39m [2m:[0;39m RESPONSE : blog/blog-post
[2m2021-11-22 13:39:07.912[0;39m [32m INFO[0;39m [35m197052[0;39m [2m---[0;39m [2m[nio-8090-exec-1][0;39m [36mcom.zdk.MyBlog.aspect.WebLogAspect      [0;39m [2m:[0;39m SPEND TIME : 52
[2m2021-11-22 14:59:18.391[0;39m [32m INFO[0;39m [35m197052[0;39m [2m---[0;39m [2m[extShutdownHook][0;39m [36mo.s.s.concurrent.ThreadPoolTaskExecutor [0;39m [2m:[0;39m Shutting down ExecutorService 'applicationTaskExecutor'
[2m2021-11-22 14:59:18.514[0;39m [32m INFO[0;39m [35m197052[0;39m [2m---[0;39m [2m[extShutdownHook][0;39m [36mcom.alibaba.druid.pool.DruidDataSource  [0;39m [2m:[0;39m {dataSource-1} closing ...
[2m2021-11-22 14:59:18.517[0;39m [32m INFO[0;39m [35m197052[0;39m [2m---[0;39m [2m[extShutdownHook][0;39m [36mcom.alibaba.druid.pool.DruidDataSource  [0;39m [2m:[0;39m {dataSource-1} closed
