2021-08-24 20:40:54.110 INFO  com.zdk.MyBlog.MyBlogApplication Line:55  - Starting MyBlogApplication using Java 1.8.0_282 on DESKTOP-7KN75LJ with PID 10040 (F:\project\my\MyBlog\target\classes started by zdk in F:\project\my\MyBlog)
2021-08-24 20:40:54.112 INFO  com.zdk.MyBlog.MyBlogApplication Line:679 - The following profiles are active: dev
2021-08-24 20:40:54.152 INFO  org.springframework.boot.devtools.env.DevToolsPropertyDefaultsPostProcessor Line:255 - Devtools property defaults active! Set 'spring.devtools.add-properties' to 'false' to disable
2021-08-24 20:40:54.153 INFO  org.springframework.boot.devtools.env.DevToolsPropertyDefaultsPostProcessor Line:255 - For additional web related logging consider setting the 'logging.level.web' property to 'DEBUG'
2021-08-24 20:40:54.768 INFO  org.springframework.data.repository.config.RepositoryConfigurationDelegate Line:250 - Multiple Spring Data modules found, entering strict repository configuration mode!
2021-08-24 20:40:54.770 INFO  org.springframework.data.repository.config.RepositoryConfigurationDelegate Line:128 - Bootstrapping Spring Data Redis repositories in DEFAULT mode.
2021-08-24 20:40:54.790 INFO  org.springframework.data.repository.config.RepositoryConfigurationDelegate Line:188 - Finished Spring Data repository scanning in 11 ms. Found 0 Redis repository interfaces.
2021-08-24 20:40:55.364 INFO  org.springframework.boot.web.embedded.tomcat.TomcatWebServer Line:108 - Tomcat initialized with port(s): 8090 (http)
2021-08-24 20:40:55.370 INFO  org.apache.catalina.core.StandardService Line:173 - Starting service [Tomcat]
2021-08-24 20:40:55.370 INFO  org.apache.catalina.core.StandardEngine Line:173 - Starting Servlet engine: [Apache Tomcat/9.0.45]
2021-08-24 20:40:55.452 INFO  org.apache.catalina.core.ContainerBase.[Tomcat].[localhost].[/] Line:173 - Initializing Spring embedded WebApplicationContext
2021-08-24 20:40:55.453 INFO  org.springframework.boot.web.servlet.context.ServletWebServerApplicationContext Line:289 - Root WebApplicationContext: initialization completed in 1299 ms
2021-08-24 20:40:55.575 INFO  com.alibaba.druid.spring.boot.autoconfigure.DruidDataSourceAutoConfigure Line:56  - Init DruidDataSource
2021-08-24 20:40:55.738 INFO  com.alibaba.druid.pool.DruidDataSource Line:990 - {dataSource-1} inited
2021-08-24 20:40:56.951 INFO  springfox.documentation.spring.web.PropertySourcedRequestMappingHandlerMapping Line:69  - Mapped URL path [/v2/api-docs] onto method [springfox.documentation.swagger2.web.Swagger2Controller#getDocumentation(String, HttpServletRequest)]
2021-08-24 20:40:57.042 INFO  org.springframework.scheduling.concurrent.ThreadPoolTaskExecutor Line:181 - Initializing ExecutorService 'applicationTaskExecutor'
2021-08-24 20:40:57.079 INFO  org.springframework.boot.devtools.autoconfigure.OptionalLiveReloadServer Line:58  - LiveReload server is running on port 35729
2021-08-24 20:40:57.437 INFO  org.springframework.boot.web.embedded.tomcat.TomcatWebServer Line:220 - Tomcat started on port(s): 8090 (http) with context path ''
2021-08-24 20:40:57.438 INFO  springfox.documentation.spring.web.plugins.DocumentationPluginsBootstrapper Line:160 - Context refreshed
2021-08-24 20:40:57.449 INFO  springfox.documentation.spring.web.plugins.DocumentationPluginsBootstrapper Line:163 - Found 1 custom documentation plugin(s)
2021-08-24 20:40:57.470 INFO  springfox.documentation.spring.web.scanners.ApiListingReferenceScanner Line:41  - Scanning for api listing references
2021-08-24 20:40:57.563 INFO  springfox.documentation.spring.web.readers.operation.CachingOperationNameGenerator Line:40  - Generating unique operation named: toPost2UsingPOST_1
2021-08-24 20:40:57.564 INFO  springfox.documentation.spring.web.readers.operation.CachingOperationNameGenerator Line:40  - Generating unique operation named: toPost2UsingGET_1
2021-08-24 20:40:57.568 INFO  springfox.documentation.spring.web.readers.operation.CachingOperationNameGenerator Line:40  - Generating unique operation named: indexUsingGET_1
2021-08-24 20:40:57.573 INFO  springfox.documentation.spring.web.readers.operation.CachingOperationNameGenerator Line:40  - Generating unique operation named: deleteUsingPOST_1
2021-08-24 20:40:57.574 INFO  springfox.documentation.spring.web.readers.operation.CachingOperationNameGenerator Line:40  - Generating unique operation named: indexUsingGET_2
2021-08-24 20:40:57.576 INFO  springfox.documentation.spring.web.readers.operation.CachingOperationNameGenerator Line:40  - Generating unique operation named: indexUsingGET_3
2021-08-24 20:40:57.578 INFO  springfox.documentation.spring.web.readers.operation.CachingOperationNameGenerator Line:40  - Generating unique operation named: indexUsingGET_4
2021-08-24 20:40:57.584 INFO  springfox.documentation.spring.web.readers.operation.CachingOperationNameGenerator Line:40  - Generating unique operation named: loginUsingGET_1
2021-08-24 20:40:57.585 INFO  springfox.documentation.spring.web.readers.operation.CachingOperationNameGenerator Line:40  - Generating unique operation named: logoutUsingGET_1
2021-08-24 20:40:57.600 INFO  com.zdk.MyBlog.MyBlogApplication Line:61  - Started MyBlogApplication in 3.832 seconds (JVM running for 4.332)
2021-08-24 20:42:18.208 INFO  org.springframework.scheduling.concurrent.ThreadPoolTaskExecutor Line:218 - Shutting down ExecutorService 'applicationTaskExecutor'
2021-08-24 20:42:18.220 INFO  com.alibaba.druid.pool.DruidDataSource Line:2043 - {dataSource-1} closing ...
2021-08-24 20:42:18.224 INFO  com.alibaba.druid.pool.DruidDataSource Line:2116 - {dataSource-1} closed
2021-08-24 20:42:22.000 INFO  com.zdk.MyBlog.MyBlogApplication Line:55  - Starting MyBlogApplication using Java 1.8.0_282 on DESKTOP-7KN75LJ with PID 1360 (F:\project\my\MyBlog\target\classes started by zdk in F:\project\my\MyBlog)
2021-08-24 20:42:22.002 INFO  com.zdk.MyBlog.MyBlogApplication Line:679 - The following profiles are active: dev
2021-08-24 20:42:22.042 INFO  org.springframework.boot.devtools.env.DevToolsPropertyDefaultsPostProcessor Line:255 - Devtools property defaults active! Set 'spring.devtools.add-properties' to 'false' to disable
2021-08-24 20:42:22.042 INFO  org.springframework.boot.devtools.env.DevToolsPropertyDefaultsPostProcessor Line:255 - For additional web related logging consider setting the 'logging.level.web' property to 'DEBUG'
2021-08-24 20:42:22.635 INFO  org.springframework.data.repository.config.RepositoryConfigurationDelegate Line:250 - Multiple Spring Data modules found, entering strict repository configuration mode!
2021-08-24 20:42:22.636 INFO  org.springframework.data.repository.config.RepositoryConfigurationDelegate Line:128 - Bootstrapping Spring Data Redis repositories in DEFAULT mode.
2021-08-24 20:42:22.657 INFO  org.springframework.data.repository.config.RepositoryConfigurationDelegate Line:188 - Finished Spring Data repository scanning in 11 ms. Found 0 Redis repository interfaces.
2021-08-24 20:42:23.190 INFO  org.springframework.boot.web.embedded.tomcat.TomcatWebServer Line:108 - Tomcat initialized with port(s): 8090 (http)
2021-08-24 20:42:23.196 INFO  org.apache.catalina.core.StandardService Line:173 - Starting service [Tomcat]
2021-08-24 20:42:23.197 INFO  org.apache.catalina.core.StandardEngine Line:173 - Starting Servlet engine: [Apache Tomcat/9.0.45]
2021-08-24 20:42:23.278 INFO  org.apache.catalina.core.ContainerBase.[Tomcat].[localhost].[/] Line:173 - Initializing Spring embedded WebApplicationContext
2021-08-24 20:42:23.278 INFO  org.springframework.boot.web.servlet.context.ServletWebServerApplicationContext Line:289 - Root WebApplicationContext: initialization completed in 1235 ms
2021-08-24 20:42:23.388 INFO  com.alibaba.druid.spring.boot.autoconfigure.DruidDataSourceAutoConfigure Line:56  - Init DruidDataSource
2021-08-24 20:42:23.548 INFO  com.alibaba.druid.pool.DruidDataSource Line:990 - {dataSource-1} inited
2021-08-24 20:42:24.758 INFO  springfox.documentation.spring.web.PropertySourcedRequestMappingHandlerMapping Line:69  - Mapped URL path [/v2/api-docs] onto method [springfox.documentation.swagger2.web.Swagger2Controller#getDocumentation(String, HttpServletRequest)]
2021-08-24 20:42:24.848 INFO  org.springframework.scheduling.concurrent.ThreadPoolTaskExecutor Line:181 - Initializing ExecutorService 'applicationTaskExecutor'
2021-08-24 20:42:24.890 INFO  org.springframework.boot.devtools.autoconfigure.OptionalLiveReloadServer Line:58  - LiveReload server is running on port 35729
2021-08-24 20:42:25.251 INFO  org.springframework.boot.web.embedded.tomcat.TomcatWebServer Line:220 - Tomcat started on port(s): 8090 (http) with context path ''
2021-08-24 20:42:25.252 INFO  springfox.documentation.spring.web.plugins.DocumentationPluginsBootstrapper Line:160 - Context refreshed
2021-08-24 20:42:25.263 INFO  springfox.documentation.spring.web.plugins.DocumentationPluginsBootstrapper Line:163 - Found 1 custom documentation plugin(s)
2021-08-24 20:42:25.285 INFO  springfox.documentation.spring.web.scanners.ApiListingReferenceScanner Line:41  - Scanning for api listing references
2021-08-24 20:42:25.378 INFO  springfox.documentation.spring.web.readers.operation.CachingOperationNameGenerator Line:40  - Generating unique operation named: toPost2UsingPOST_1
2021-08-24 20:42:25.379 INFO  springfox.documentation.spring.web.readers.operation.CachingOperationNameGenerator Line:40  - Generating unique operation named: toPost2UsingGET_1
2021-08-24 20:42:25.383 INFO  springfox.documentation.spring.web.readers.operation.CachingOperationNameGenerator Line:40  - Generating unique operation named: indexUsingGET_1
2021-08-24 20:42:25.388 INFO  springfox.documentation.spring.web.readers.operation.CachingOperationNameGenerator Line:40  - Generating unique operation named: deleteUsingPOST_1
2021-08-24 20:42:25.389 INFO  springfox.documentation.spring.web.readers.operation.CachingOperationNameGenerator Line:40  - Generating unique operation named: indexUsingGET_2
2021-08-24 20:42:25.391 INFO  springfox.documentation.spring.web.readers.operation.CachingOperationNameGenerator Line:40  - Generating unique operation named: indexUsingGET_3
2021-08-24 20:42:25.393 INFO  springfox.documentation.spring.web.readers.operation.CachingOperationNameGenerator Line:40  - Generating unique operation named: indexUsingGET_4
2021-08-24 20:42:25.399 INFO  springfox.documentation.spring.web.readers.operation.CachingOperationNameGenerator Line:40  - Generating unique operation named: loginUsingGET_1
2021-08-24 20:42:25.400 INFO  springfox.documentation.spring.web.readers.operation.CachingOperationNameGenerator Line:40  - Generating unique operation named: logoutUsingGET_1
2021-08-24 20:42:25.415 INFO  com.zdk.MyBlog.MyBlogApplication Line:61  - Started MyBlogApplication in 3.751 seconds (JVM running for 4.252)
2021-08-24 20:42:32.190 INFO  org.apache.catalina.core.ContainerBase.[Tomcat].[localhost].[/] Line:173 - Initializing Spring DispatcherServlet 'dispatcherServlet'
2021-08-24 20:42:32.191 INFO  org.springframework.web.servlet.DispatcherServlet Line:525 - Initializing Servlet 'dispatcherServlet'
2021-08-24 20:42:32.192 INFO  org.springframework.web.servlet.DispatcherServlet Line:547 - Completed initialization in 1 ms
2021-08-24 20:42:32.222 INFO  com.zdk.MyBlog.aspect.WebLogAspect Line:48  - URL : http://localhost:8090/admin/login
2021-08-24 20:42:32.222 INFO  com.zdk.MyBlog.aspect.WebLogAspect Line:49  - HTTP_METHOD : GET
2021-08-24 20:42:32.222 INFO  com.zdk.MyBlog.aspect.WebLogAspect Line:50  - IP : 0:0:0:0:0:0:0:1
2021-08-24 20:42:32.223 INFO  com.zdk.MyBlog.aspect.WebLogAspect Line:51  - CLASS_METHOD : com.zdk.MyBlog.controller.admin.IndexController.login
2021-08-24 20:42:32.223 INFO  com.zdk.MyBlog.aspect.WebLogAspect Line:52  - ARGS : []
2021-08-24 20:42:32.226 INFO  com.zdk.MyBlog.aspect.WebLogAspect Line:58  - RESPONSE : admin/login
2021-08-24 20:42:32.226 INFO  com.zdk.MyBlog.aspect.WebLogAspect Line:59  - SPEND TIME : 7
2021-08-24 20:42:39.560 INFO  com.zdk.MyBlog.aspect.WebLogAspect Line:48  - URL : http://localhost:8090/user/login
2021-08-24 20:42:39.561 INFO  com.zdk.MyBlog.aspect.WebLogAspect Line:49  - HTTP_METHOD : POST
2021-08-24 20:42:39.561 INFO  com.zdk.MyBlog.aspect.WebLogAspect Line:50  - IP : 0:0:0:0:0:0:0:1
2021-08-24 20:42:39.561 INFO  com.zdk.MyBlog.aspect.WebLogAspect Line:51  - CLASS_METHOD : com.zdk.MyBlog.controller.user.LoginController.login
2021-08-24 20:42:39.561 INFO  com.zdk.MyBlog.aspect.WebLogAspect Line:52  - ARGS : [admin, 123, on]
2021-08-24 20:42:40.102 INFO  com.zdk.MyBlog.handler.MyMetaObjectHandler Line:18  - 插入时开始填充--------
2021-08-24 20:42:40.256 INFO  com.zdk.MyBlog.aspect.WebLogAspect Line:58  - RESPONSE : com.zdk.MyBlog.utils.ApiResponse@3d450062
2021-08-24 20:42:40.256 INFO  com.zdk.MyBlog.aspect.WebLogAspect Line:59  - SPEND TIME : 696
2021-08-24 20:42:41.597 INFO  com.zdk.MyBlog.interceptor.LoginHandlerInterceptor Line:31  - ===========>进入拦截器
2021-08-24 20:42:41.598 INFO  com.zdk.MyBlog.interceptor.LoginHandlerInterceptor Line:33  - UserAgent: Mozilla/5.0 (Windows NT 10.0; Win64; x64) AppleWebKit/537.36 (KHTML, like Gecko) Chrome/92.0.4515.131 Safari/537.36
2021-08-24 20:42:41.598 INFO  com.zdk.MyBlog.interceptor.LoginHandlerInterceptor Line:34  - 用户访问地址: /admin/index, 来路地址: 0:0:0:0:0:0:0:1
2021-08-24 20:42:41.615 INFO  com.zdk.MyBlog.aspect.WebLogAspect Line:48  - URL : http://localhost:8090/admin/index
2021-08-24 20:42:41.616 INFO  com.zdk.MyBlog.aspect.WebLogAspect Line:49  - HTTP_METHOD : GET
2021-08-24 20:42:41.616 INFO  com.zdk.MyBlog.aspect.WebLogAspect Line:50  - IP : 0:0:0:0:0:0:0:1
2021-08-24 20:42:41.616 INFO  com.zdk.MyBlog.aspect.WebLogAspect Line:51  - CLASS_METHOD : com.zdk.MyBlog.controller.admin.IndexController.index
2021-08-24 20:42:41.616 INFO  com.zdk.MyBlog.aspect.WebLogAspect Line:52  - ARGS : [{}]
2021-08-24 20:42:41.758 INFO  com.zdk.MyBlog.aspect.WebLogAspect Line:58  - RESPONSE : admin/index
2021-08-24 20:42:41.758 INFO  com.zdk.MyBlog.aspect.WebLogAspect Line:59  - SPEND TIME : 143
2021-08-24 20:45:28.607 INFO  org.springframework.scheduling.concurrent.ThreadPoolTaskExecutor Line:218 - Shutting down ExecutorService 'applicationTaskExecutor'
2021-08-24 20:45:28.819 INFO  com.alibaba.druid.pool.DruidDataSource Line:2043 - {dataSource-1} closing ...
2021-08-24 20:45:28.822 INFO  com.alibaba.druid.pool.DruidDataSource Line:2116 - {dataSource-1} closed
2021-08-24 20:45:31.056 INFO  com.zdk.MyBlog.MyBlogApplication Line:55  - Starting MyBlogApplication using Java 1.8.0_282 on DESKTOP-7KN75LJ with PID 30740 (F:\project\my\MyBlog\target\classes started by zdk in F:\project\my\MyBlog)
2021-08-24 20:45:31.058 INFO  com.zdk.MyBlog.MyBlogApplication Line:679 - The following profiles are active: dev
2021-08-24 20:45:31.098 INFO  org.springframework.boot.devtools.env.DevToolsPropertyDefaultsPostProcessor Line:255 - Devtools property defaults active! Set 'spring.devtools.add-properties' to 'false' to disable
2021-08-24 20:45:31.099 INFO  org.springframework.boot.devtools.env.DevToolsPropertyDefaultsPostProcessor Line:255 - For additional web related logging consider setting the 'logging.level.web' property to 'DEBUG'
2021-08-24 20:45:31.731 INFO  org.springframework.data.repository.config.RepositoryConfigurationDelegate Line:250 - Multiple Spring Data modules found, entering strict repository configuration mode!
2021-08-24 20:45:31.733 INFO  org.springframework.data.repository.config.RepositoryConfigurationDelegate Line:128 - Bootstrapping Spring Data Redis repositories in DEFAULT mode.
2021-08-24 20:45:31.756 INFO  org.springframework.data.repository.config.RepositoryConfigurationDelegate Line:188 - Finished Spring Data repository scanning in 12 ms. Found 0 Redis repository interfaces.
2021-08-24 20:45:32.299 INFO  org.springframework.boot.web.embedded.tomcat.TomcatWebServer Line:108 - Tomcat initialized with port(s): 8090 (http)
2021-08-24 20:45:32.305 INFO  org.apache.catalina.core.StandardService Line:173 - Starting service [Tomcat]
2021-08-24 20:45:32.306 INFO  org.apache.catalina.core.StandardEngine Line:173 - Starting Servlet engine: [Apache Tomcat/9.0.45]
2021-08-24 20:45:32.387 INFO  org.apache.catalina.core.ContainerBase.[Tomcat].[localhost].[/] Line:173 - Initializing Spring embedded WebApplicationContext
2021-08-24 20:45:32.387 INFO  org.springframework.boot.web.servlet.context.ServletWebServerApplicationContext Line:289 - Root WebApplicationContext: initialization completed in 1287 ms
2021-08-24 20:45:32.510 INFO  com.alibaba.druid.spring.boot.autoconfigure.DruidDataSourceAutoConfigure Line:56  - Init DruidDataSource
2021-08-24 20:45:32.673 INFO  com.alibaba.druid.pool.DruidDataSource Line:990 - {dataSource-1} inited
2021-08-24 20:45:33.871 INFO  springfox.documentation.spring.web.PropertySourcedRequestMappingHandlerMapping Line:69  - Mapped URL path [/v2/api-docs] onto method [springfox.documentation.swagger2.web.Swagger2Controller#getDocumentation(String, HttpServletRequest)]
2021-08-24 20:45:33.961 INFO  org.springframework.scheduling.concurrent.ThreadPoolTaskExecutor Line:181 - Initializing ExecutorService 'applicationTaskExecutor'
2021-08-24 20:45:33.999 INFO  org.springframework.boot.devtools.autoconfigure.OptionalLiveReloadServer Line:58  - LiveReload server is running on port 35729
2021-08-24 20:45:34.356 INFO  org.springframework.boot.web.embedded.tomcat.TomcatWebServer Line:220 - Tomcat started on port(s): 8090 (http) with context path ''
2021-08-24 20:45:34.357 INFO  springfox.documentation.spring.web.plugins.DocumentationPluginsBootstrapper Line:160 - Context refreshed
2021-08-24 20:45:34.367 INFO  springfox.documentation.spring.web.plugins.DocumentationPluginsBootstrapper Line:163 - Found 1 custom documentation plugin(s)
2021-08-24 20:45:34.389 INFO  springfox.documentation.spring.web.scanners.ApiListingReferenceScanner Line:41  - Scanning for api listing references
2021-08-24 20:45:34.481 INFO  springfox.documentation.spring.web.readers.operation.CachingOperationNameGenerator Line:40  - Generating unique operation named: toPost2UsingPOST_1
2021-08-24 20:45:34.482 INFO  springfox.documentation.spring.web.readers.operation.CachingOperationNameGenerator Line:40  - Generating unique operation named: toPost2UsingGET_1
2021-08-24 20:45:34.486 INFO  springfox.documentation.spring.web.readers.operation.CachingOperationNameGenerator Line:40  - Generating unique operation named: indexUsingGET_1
2021-08-24 20:45:34.492 INFO  springfox.documentation.spring.web.readers.operation.CachingOperationNameGenerator Line:40  - Generating unique operation named: deleteUsingPOST_1
2021-08-24 20:45:34.493 INFO  springfox.documentation.spring.web.readers.operation.CachingOperationNameGenerator Line:40  - Generating unique operation named: indexUsingGET_2
2021-08-24 20:45:34.495 INFO  springfox.documentation.spring.web.readers.operation.CachingOperationNameGenerator Line:40  - Generating unique operation named: indexUsingGET_3
2021-08-24 20:45:34.496 INFO  springfox.documentation.spring.web.readers.operation.CachingOperationNameGenerator Line:40  - Generating unique operation named: indexUsingGET_4
2021-08-24 20:45:34.503 INFO  springfox.documentation.spring.web.readers.operation.CachingOperationNameGenerator Line:40  - Generating unique operation named: loginUsingGET_1
2021-08-24 20:45:34.503 INFO  springfox.documentation.spring.web.readers.operation.CachingOperationNameGenerator Line:40  - Generating unique operation named: logoutUsingGET_1
2021-08-24 20:45:34.518 INFO  com.zdk.MyBlog.MyBlogApplication Line:61  - Started MyBlogApplication in 3.804 seconds (JVM running for 4.326)
2021-08-24 20:45:41.985 INFO  org.apache.catalina.core.ContainerBase.[Tomcat].[localhost].[/] Line:173 - Initializing Spring DispatcherServlet 'dispatcherServlet'
2021-08-24 20:45:41.986 INFO  org.springframework.web.servlet.DispatcherServlet Line:525 - Initializing Servlet 'dispatcherServlet'
2021-08-24 20:45:41.988 INFO  org.springframework.web.servlet.DispatcherServlet Line:547 - Completed initialization in 1 ms
2021-08-24 20:45:42.013 INFO  com.zdk.MyBlog.aspect.WebLogAspect Line:48  - URL : http://localhost:8090/admin/login
2021-08-24 20:45:42.013 INFO  com.zdk.MyBlog.aspect.WebLogAspect Line:49  - HTTP_METHOD : GET
2021-08-24 20:45:42.013 INFO  com.zdk.MyBlog.aspect.WebLogAspect Line:50  - IP : 0:0:0:0:0:0:0:1
2021-08-24 20:45:42.015 INFO  com.zdk.MyBlog.aspect.WebLogAspect Line:51  - CLASS_METHOD : com.zdk.MyBlog.controller.admin.IndexController.login
2021-08-24 20:45:42.015 INFO  com.zdk.MyBlog.aspect.WebLogAspect Line:52  - ARGS : []
2021-08-24 20:45:42.018 INFO  com.zdk.MyBlog.aspect.WebLogAspect Line:58  - RESPONSE : admin/login
2021-08-24 20:45:42.019 INFO  com.zdk.MyBlog.aspect.WebLogAspect Line:59  - SPEND TIME : 7
2021-08-24 20:45:51.880 INFO  com.zdk.MyBlog.aspect.WebLogAspect Line:48  - URL : http://localhost:8090/user/login
2021-08-24 20:45:51.881 INFO  com.zdk.MyBlog.aspect.WebLogAspect Line:49  - HTTP_METHOD : POST
2021-08-24 20:45:51.881 INFO  com.zdk.MyBlog.aspect.WebLogAspect Line:50  - IP : 0:0:0:0:0:0:0:1
2021-08-24 20:45:51.881 INFO  com.zdk.MyBlog.aspect.WebLogAspect Line:51  - CLASS_METHOD : com.zdk.MyBlog.controller.user.LoginController.login
2021-08-24 20:45:51.882 INFO  com.zdk.MyBlog.aspect.WebLogAspect Line:52  - ARGS : [admin, 123, on]
2021-08-24 20:45:52.411 INFO  com.zdk.MyBlog.handler.MyMetaObjectHandler Line:18  - 插入时开始填充--------
2021-08-24 20:45:52.487 INFO  com.zdk.MyBlog.aspect.WebLogAspect Line:58  - RESPONSE : com.zdk.MyBlog.utils.ApiResponse@302fb47b
2021-08-24 20:45:52.487 INFO  com.zdk.MyBlog.aspect.WebLogAspect Line:59  - SPEND TIME : 607
2021-08-24 20:45:53.779 INFO  com.zdk.MyBlog.interceptor.LoginHandlerInterceptor Line:31  - ===========>进入拦截器
2021-08-24 20:45:53.779 INFO  com.zdk.MyBlog.interceptor.LoginHandlerInterceptor Line:33  - UserAgent: Mozilla/5.0 (Windows NT 10.0; Win64; x64) AppleWebKit/537.36 (KHTML, like Gecko) Chrome/92.0.4515.131 Safari/537.36
2021-08-24 20:45:53.780 INFO  com.zdk.MyBlog.interceptor.LoginHandlerInterceptor Line:34  - 用户访问地址: /admin/index, 来路地址: 0:0:0:0:0:0:0:1
2021-08-24 20:45:53.798 INFO  com.zdk.MyBlog.aspect.WebLogAspect Line:48  - URL : http://localhost:8090/admin/index
2021-08-24 20:45:53.798 INFO  com.zdk.MyBlog.aspect.WebLogAspect Line:49  - HTTP_METHOD : GET
2021-08-24 20:45:53.798 INFO  com.zdk.MyBlog.aspect.WebLogAspect Line:50  - IP : 0:0:0:0:0:0:0:1
2021-08-24 20:45:53.799 INFO  com.zdk.MyBlog.aspect.WebLogAspect Line:51  - CLASS_METHOD : com.zdk.MyBlog.controller.admin.IndexController.index
2021-08-24 20:45:53.799 INFO  com.zdk.MyBlog.aspect.WebLogAspect Line:52  - ARGS : [{}]
2021-08-24 20:45:53.932 INFO  com.zdk.MyBlog.aspect.WebLogAspect Line:58  - RESPONSE : admin/index
2021-08-24 20:45:53.933 INFO  com.zdk.MyBlog.aspect.WebLogAspect Line:59  - SPEND TIME : 135
2021-08-24 20:46:49.487 INFO  org.springframework.scheduling.concurrent.ThreadPoolTaskExecutor Line:218 - Shutting down ExecutorService 'applicationTaskExecutor'
2021-08-24 20:46:49.603 INFO  com.alibaba.druid.pool.DruidDataSource Line:2043 - {dataSource-1} closing ...
2021-08-24 20:46:49.606 INFO  com.alibaba.druid.pool.DruidDataSource Line:2116 - {dataSource-1} closed
2021-08-24 20:46:52.196 INFO  com.zdk.MyBlog.MyBlogApplication Line:55  - Starting MyBlogApplication using Java 1.8.0_282 on DESKTOP-7KN75LJ with PID 11476 (F:\project\my\MyBlog\target\classes started by zdk in F:\project\my\MyBlog)
2021-08-24 20:46:52.198 INFO  com.zdk.MyBlog.MyBlogApplication Line:679 - The following profiles are active: dev
2021-08-24 20:46:52.238 INFO  org.springframework.boot.devtools.env.DevToolsPropertyDefaultsPostProcessor Line:255 - Devtools property defaults active! Set 'spring.devtools.add-properties' to 'false' to disable
2021-08-24 20:46:52.238 INFO  org.springframework.boot.devtools.env.DevToolsPropertyDefaultsPostProcessor Line:255 - For additional web related logging consider setting the 'logging.level.web' property to 'DEBUG'
2021-08-24 20:46:52.891 INFO  org.springframework.data.repository.config.RepositoryConfigurationDelegate Line:250 - Multiple Spring Data modules found, entering strict repository configuration mode!
2021-08-24 20:46:52.893 INFO  org.springframework.data.repository.config.RepositoryConfigurationDelegate Line:128 - Bootstrapping Spring Data Redis repositories in DEFAULT mode.
2021-08-24 20:46:52.915 INFO  org.springframework.data.repository.config.RepositoryConfigurationDelegate Line:188 - Finished Spring Data repository scanning in 11 ms. Found 0 Redis repository interfaces.
2021-08-24 20:46:53.446 INFO  org.springframework.boot.web.embedded.tomcat.TomcatWebServer Line:108 - Tomcat initialized with port(s): 8090 (http)
2021-08-24 20:46:53.452 INFO  org.apache.catalina.core.StandardService Line:173 - Starting service [Tomcat]
2021-08-24 20:46:53.452 INFO  org.apache.catalina.core.StandardEngine Line:173 - Starting Servlet engine: [Apache Tomcat/9.0.45]
2021-08-24 20:46:53.542 INFO  org.apache.catalina.core.ContainerBase.[Tomcat].[localhost].[/] Line:173 - Initializing Spring embedded WebApplicationContext
2021-08-24 20:46:53.542 INFO  org.springframework.boot.web.servlet.context.ServletWebServerApplicationContext Line:289 - Root WebApplicationContext: initialization completed in 1303 ms
2021-08-24 20:46:53.678 INFO  com.alibaba.druid.spring.boot.autoconfigure.DruidDataSourceAutoConfigure Line:56  - Init DruidDataSource
2021-08-24 20:46:53.853 INFO  com.alibaba.druid.pool.DruidDataSource Line:990 - {dataSource-1} inited
2021-08-24 20:46:55.351 INFO  springfox.documentation.spring.web.PropertySourcedRequestMappingHandlerMapping Line:69  - Mapped URL path [/v2/api-docs] onto method [springfox.documentation.swagger2.web.Swagger2Controller#getDocumentation(String, HttpServletRequest)]
2021-08-24 20:46:55.457 INFO  org.springframework.scheduling.concurrent.ThreadPoolTaskExecutor Line:181 - Initializing ExecutorService 'applicationTaskExecutor'
2021-08-24 20:46:55.500 INFO  org.springframework.boot.devtools.autoconfigure.OptionalLiveReloadServer Line:58  - LiveReload server is running on port 35729
2021-08-24 20:46:55.886 INFO  org.springframework.boot.web.embedded.tomcat.TomcatWebServer Line:220 - Tomcat started on port(s): 8090 (http) with context path ''
2021-08-24 20:46:55.886 INFO  springfox.documentation.spring.web.plugins.DocumentationPluginsBootstrapper Line:160 - Context refreshed
2021-08-24 20:46:55.897 INFO  springfox.documentation.spring.web.plugins.DocumentationPluginsBootstrapper Line:163 - Found 1 custom documentation plugin(s)
2021-08-24 20:46:55.922 INFO  springfox.documentation.spring.web.scanners.ApiListingReferenceScanner Line:41  - Scanning for api listing references
2021-08-24 20:46:56.033 INFO  springfox.documentation.spring.web.readers.operation.CachingOperationNameGenerator Line:40  - Generating unique operation named: toPost2UsingPOST_1
2021-08-24 20:46:56.033 INFO  springfox.documentation.spring.web.readers.operation.CachingOperationNameGenerator Line:40  - Generating unique operation named: toPost2UsingGET_1
2021-08-24 20:46:56.038 INFO  springfox.documentation.spring.web.readers.operation.CachingOperationNameGenerator Line:40  - Generating unique operation named: indexUsingGET_1
2021-08-24 20:46:56.043 INFO  springfox.documentation.spring.web.readers.operation.CachingOperationNameGenerator Line:40  - Generating unique operation named: deleteUsingPOST_1
2021-08-24 20:46:56.044 INFO  springfox.documentation.spring.web.readers.operation.CachingOperationNameGenerator Line:40  - Generating unique operation named: indexUsingGET_2
2021-08-24 20:46:56.047 INFO  springfox.documentation.spring.web.readers.operation.CachingOperationNameGenerator Line:40  - Generating unique operation named: indexUsingGET_3
2021-08-24 20:46:56.049 INFO  springfox.documentation.spring.web.readers.operation.CachingOperationNameGenerator Line:40  - Generating unique operation named: indexUsingGET_4
2021-08-24 20:46:56.055 INFO  springfox.documentation.spring.web.readers.operation.CachingOperationNameGenerator Line:40  - Generating unique operation named: loginUsingGET_1
2021-08-24 20:46:56.056 INFO  springfox.documentation.spring.web.readers.operation.CachingOperationNameGenerator Line:40  - Generating unique operation named: logoutUsingGET_1
2021-08-24 20:46:56.080 INFO  com.zdk.MyBlog.MyBlogApplication Line:61  - Started MyBlogApplication in 4.219 seconds (JVM running for 4.743)
2021-08-24 20:47:13.022 INFO  org.apache.catalina.core.ContainerBase.[Tomcat].[localhost].[/] Line:173 - Initializing Spring DispatcherServlet 'dispatcherServlet'
2021-08-24 20:47:13.022 INFO  org.springframework.web.servlet.DispatcherServlet Line:525 - Initializing Servlet 'dispatcherServlet'
2021-08-24 20:47:13.023 INFO  org.springframework.web.servlet.DispatcherServlet Line:547 - Completed initialization in 1 ms
2021-08-24 20:47:13.049 INFO  com.zdk.MyBlog.aspect.WebLogAspect Line:48  - URL : http://localhost:8090/admin/login
2021-08-24 20:47:13.049 INFO  com.zdk.MyBlog.aspect.WebLogAspect Line:49  - HTTP_METHOD : GET
2021-08-24 20:47:13.049 INFO  com.zdk.MyBlog.aspect.WebLogAspect Line:50  - IP : 0:0:0:0:0:0:0:1
2021-08-24 20:47:13.051 INFO  com.zdk.MyBlog.aspect.WebLogAspect Line:51  - CLASS_METHOD : com.zdk.MyBlog.controller.admin.IndexController.login
2021-08-24 20:47:13.051 INFO  com.zdk.MyBlog.aspect.WebLogAspect Line:52  - ARGS : []
2021-08-24 20:47:13.054 INFO  com.zdk.MyBlog.aspect.WebLogAspect Line:58  - RESPONSE : admin/login
2021-08-24 20:47:13.054 INFO  com.zdk.MyBlog.aspect.WebLogAspect Line:59  - SPEND TIME : 6
2021-08-24 20:47:33.417 INFO  com.zdk.MyBlog.aspect.WebLogAspect Line:48  - URL : http://localhost:8090/user/login
2021-08-24 20:47:33.417 INFO  com.zdk.MyBlog.aspect.WebLogAspect Line:49  - HTTP_METHOD : POST
2021-08-24 20:47:33.417 INFO  com.zdk.MyBlog.aspect.WebLogAspect Line:50  - IP : 0:0:0:0:0:0:0:1
2021-08-24 20:47:33.417 INFO  com.zdk.MyBlog.aspect.WebLogAspect Line:51  - CLASS_METHOD : com.zdk.MyBlog.controller.user.LoginController.login
2021-08-24 20:47:33.418 INFO  com.zdk.MyBlog.aspect.WebLogAspect Line:52  - ARGS : [admin, 123, on]
2021-08-24 20:47:33.982 INFO  com.zdk.MyBlog.handler.MyMetaObjectHandler Line:18  - 插入时开始填充--------
2021-08-24 20:47:34.085 INFO  com.zdk.MyBlog.aspect.WebLogAspect Line:58  - RESPONSE : com.zdk.MyBlog.utils.ApiResponse@34a0c076
2021-08-24 20:47:34.085 INFO  com.zdk.MyBlog.aspect.WebLogAspect Line:59  - SPEND TIME : 668
2021-08-24 20:47:35.321 INFO  com.zdk.MyBlog.interceptor.LoginHandlerInterceptor Line:31  - ===========>进入拦截器
2021-08-24 20:47:35.321 INFO  com.zdk.MyBlog.interceptor.LoginHandlerInterceptor Line:33  - UserAgent: Mozilla/5.0 (Windows NT 10.0; Win64; x64) AppleWebKit/537.36 (KHTML, like Gecko) Chrome/92.0.4515.131 Safari/537.36
2021-08-24 20:47:35.322 INFO  com.zdk.MyBlog.interceptor.LoginHandlerInterceptor Line:34  - 用户访问地址: /admin/index, 来路地址: 0:0:0:0:0:0:0:1
2021-08-24 20:47:35.339 INFO  com.zdk.MyBlog.aspect.WebLogAspect Line:48  - URL : http://localhost:8090/admin/index
2021-08-24 20:47:35.340 INFO  com.zdk.MyBlog.aspect.WebLogAspect Line:49  - HTTP_METHOD : GET
2021-08-24 20:47:35.340 INFO  com.zdk.MyBlog.aspect.WebLogAspect Line:50  - IP : 0:0:0:0:0:0:0:1
2021-08-24 20:47:35.340 INFO  com.zdk.MyBlog.aspect.WebLogAspect Line:51  - CLASS_METHOD : com.zdk.MyBlog.controller.admin.IndexController.index
2021-08-24 20:47:35.340 INFO  com.zdk.MyBlog.aspect.WebLogAspect Line:52  - ARGS : [{}]
2021-08-24 20:47:35.442 INFO  com.zdk.MyBlog.aspect.WebLogAspect Line:58  - RESPONSE : admin/index
2021-08-24 20:47:35.442 INFO  com.zdk.MyBlog.aspect.WebLogAspect Line:59  - SPEND TIME : 103
2021-08-24 20:48:09.145 INFO  org.springframework.scheduling.concurrent.ThreadPoolTaskExecutor Line:218 - Shutting down ExecutorService 'applicationTaskExecutor'
2021-08-24 20:48:09.360 INFO  com.alibaba.druid.pool.DruidDataSource Line:2043 - {dataSource-1} closing ...
2021-08-24 20:48:09.363 INFO  com.alibaba.druid.pool.DruidDataSource Line:2116 - {dataSource-1} closed
2021-08-24 20:48:11.595 INFO  com.zdk.MyBlog.MyBlogApplication Line:55  - Starting MyBlogApplication using Java 1.8.0_282 on DESKTOP-7KN75LJ with PID 20708 (F:\project\my\MyBlog\target\classes started by zdk in F:\project\my\MyBlog)
2021-08-24 20:48:11.597 INFO  com.zdk.MyBlog.MyBlogApplication Line:679 - The following profiles are active: dev
2021-08-24 20:48:11.636 INFO  org.springframework.boot.devtools.env.DevToolsPropertyDefaultsPostProcessor Line:255 - Devtools property defaults active! Set 'spring.devtools.add-properties' to 'false' to disable
2021-08-24 20:48:11.637 INFO  org.springframework.boot.devtools.env.DevToolsPropertyDefaultsPostProcessor Line:255 - For additional web related logging consider setting the 'logging.level.web' property to 'DEBUG'
2021-08-24 20:48:12.230 INFO  org.springframework.data.repository.config.RepositoryConfigurationDelegate Line:250 - Multiple Spring Data modules found, entering strict repository configuration mode!
2021-08-24 20:48:12.232 INFO  org.springframework.data.repository.config.RepositoryConfigurationDelegate Line:128 - Bootstrapping Spring Data Redis repositories in DEFAULT mode.
2021-08-24 20:48:12.253 INFO  org.springframework.data.repository.config.RepositoryConfigurationDelegate Line:188 - Finished Spring Data repository scanning in 11 ms. Found 0 Redis repository interfaces.
2021-08-24 20:48:12.746 INFO  org.springframework.boot.web.embedded.tomcat.TomcatWebServer Line:108 - Tomcat initialized with port(s): 8090 (http)
2021-08-24 20:48:12.752 INFO  org.apache.catalina.core.StandardService Line:173 - Starting service [Tomcat]
2021-08-24 20:48:12.753 INFO  org.apache.catalina.core.StandardEngine Line:173 - Starting Servlet engine: [Apache Tomcat/9.0.45]
2021-08-24 20:48:12.836 INFO  org.apache.catalina.core.ContainerBase.[Tomcat].[localhost].[/] Line:173 - Initializing Spring embedded WebApplicationContext
2021-08-24 20:48:12.837 INFO  org.springframework.boot.web.servlet.context.ServletWebServerApplicationContext Line:289 - Root WebApplicationContext: initialization completed in 1199 ms
2021-08-24 20:48:12.951 INFO  com.alibaba.druid.spring.boot.autoconfigure.DruidDataSourceAutoConfigure Line:56  - Init DruidDataSource
2021-08-24 20:48:13.120 INFO  com.alibaba.druid.pool.DruidDataSource Line:990 - {dataSource-1} inited
2021-08-24 20:48:14.313 INFO  springfox.documentation.spring.web.PropertySourcedRequestMappingHandlerMapping Line:69  - Mapped URL path [/v2/api-docs] onto method [springfox.documentation.swagger2.web.Swagger2Controller#getDocumentation(String, HttpServletRequest)]
2021-08-24 20:48:14.411 INFO  org.springframework.scheduling.concurrent.ThreadPoolTaskExecutor Line:181 - Initializing ExecutorService 'applicationTaskExecutor'
2021-08-24 20:48:14.453 INFO  org.springframework.boot.devtools.autoconfigure.OptionalLiveReloadServer Line:58  - LiveReload server is running on port 35729
2021-08-24 20:48:14.825 INFO  org.springframework.boot.web.embedded.tomcat.TomcatWebServer Line:220 - Tomcat started on port(s): 8090 (http) with context path ''
2021-08-24 20:48:14.826 INFO  springfox.documentation.spring.web.plugins.DocumentationPluginsBootstrapper Line:160 - Context refreshed
2021-08-24 20:48:14.837 INFO  springfox.documentation.spring.web.plugins.DocumentationPluginsBootstrapper Line:163 - Found 1 custom documentation plugin(s)
2021-08-24 20:48:14.862 INFO  springfox.documentation.spring.web.scanners.ApiListingReferenceScanner Line:41  - Scanning for api listing references
2021-08-24 20:48:14.958 INFO  springfox.documentation.spring.web.readers.operation.CachingOperationNameGenerator Line:40  - Generating unique operation named: toPost2UsingPOST_1
2021-08-24 20:48:14.959 INFO  springfox.documentation.spring.web.readers.operation.CachingOperationNameGenerator Line:40  - Generating unique operation named: toPost2UsingGET_1
2021-08-24 20:48:14.963 INFO  springfox.documentation.spring.web.readers.operation.CachingOperationNameGenerator Line:40  - Generating unique operation named: indexUsingGET_1
2021-08-24 20:48:14.969 INFO  springfox.documentation.spring.web.readers.operation.CachingOperationNameGenerator Line:40  - Generating unique operation named: deleteUsingPOST_1
2021-08-24 20:48:14.970 INFO  springfox.documentation.spring.web.readers.operation.CachingOperationNameGenerator Line:40  - Generating unique operation named: indexUsingGET_2
2021-08-24 20:48:14.973 INFO  springfox.documentation.spring.web.readers.operation.CachingOperationNameGenerator Line:40  - Generating unique operation named: indexUsingGET_3
2021-08-24 20:48:14.975 INFO  springfox.documentation.spring.web.readers.operation.CachingOperationNameGenerator Line:40  - Generating unique operation named: indexUsingGET_4
2021-08-24 20:48:14.980 INFO  springfox.documentation.spring.web.readers.operation.CachingOperationNameGenerator Line:40  - Generating unique operation named: loginUsingGET_1
2021-08-24 20:48:14.981 INFO  springfox.documentation.spring.web.readers.operation.CachingOperationNameGenerator Line:40  - Generating unique operation named: logoutUsingGET_1
2021-08-24 20:48:14.997 INFO  com.zdk.MyBlog.MyBlogApplication Line:61  - Started MyBlogApplication in 3.735 seconds (JVM running for 4.26)
2021-08-24 20:49:58.230 INFO  org.springframework.scheduling.concurrent.ThreadPoolTaskExecutor Line:218 - Shutting down ExecutorService 'applicationTaskExecutor'
2021-08-24 20:49:58.243 INFO  com.alibaba.druid.pool.DruidDataSource Line:2043 - {dataSource-1} closing ...
2021-08-24 20:49:58.246 INFO  com.alibaba.druid.pool.DruidDataSource Line:2116 - {dataSource-1} closed
2021-08-24 20:50:00.528 INFO  com.zdk.MyBlog.MyBlogApplication Line:55  - Starting MyBlogApplication using Java 1.8.0_282 on DESKTOP-7KN75LJ with PID 25508 (F:\project\my\MyBlog\target\classes started by zdk in F:\project\my\MyBlog)
2021-08-24 20:50:00.530 INFO  com.zdk.MyBlog.MyBlogApplication Line:679 - The following profiles are active: dev
2021-08-24 20:50:00.570 INFO  org.springframework.boot.devtools.env.DevToolsPropertyDefaultsPostProcessor Line:255 - Devtools property defaults active! Set 'spring.devtools.add-properties' to 'false' to disable
2021-08-24 20:50:00.570 INFO  org.springframework.boot.devtools.env.DevToolsPropertyDefaultsPostProcessor Line:255 - For additional web related logging consider setting the 'logging.level.web' property to 'DEBUG'
2021-08-24 20:50:01.202 INFO  org.springframework.data.repository.config.RepositoryConfigurationDelegate Line:250 - Multiple Spring Data modules found, entering strict repository configuration mode!
2021-08-24 20:50:01.203 INFO  org.springframework.data.repository.config.RepositoryConfigurationDelegate Line:128 - Bootstrapping Spring Data Redis repositories in DEFAULT mode.
2021-08-24 20:50:01.227 INFO  org.springframework.data.repository.config.RepositoryConfigurationDelegate Line:188 - Finished Spring Data repository scanning in 13 ms. Found 0 Redis repository interfaces.
2021-08-24 20:50:01.788 INFO  org.springframework.boot.web.embedded.tomcat.TomcatWebServer Line:108 - Tomcat initialized with port(s): 8090 (http)
2021-08-24 20:50:01.794 INFO  org.apache.catalina.core.StandardService Line:173 - Starting service [Tomcat]
2021-08-24 20:50:01.794 INFO  org.apache.catalina.core.StandardEngine Line:173 - Starting Servlet engine: [Apache Tomcat/9.0.45]
2021-08-24 20:50:01.886 INFO  org.apache.catalina.core.ContainerBase.[Tomcat].[localhost].[/] Line:173 - Initializing Spring embedded WebApplicationContext
2021-08-24 20:50:01.886 INFO  org.springframework.boot.web.servlet.context.ServletWebServerApplicationContext Line:289 - Root WebApplicationContext: initialization completed in 1315 ms
2021-08-24 20:50:02.011 INFO  com.alibaba.druid.spring.boot.autoconfigure.DruidDataSourceAutoConfigure Line:56  - Init DruidDataSource
2021-08-24 20:50:02.173 INFO  com.alibaba.druid.pool.DruidDataSource Line:990 - {dataSource-1} inited
2021-08-24 20:50:03.456 INFO  springfox.documentation.spring.web.PropertySourcedRequestMappingHandlerMapping Line:69  - Mapped URL path [/v2/api-docs] onto method [springfox.documentation.swagger2.web.Swagger2Controller#getDocumentation(String, HttpServletRequest)]
2021-08-24 20:50:03.559 INFO  org.springframework.scheduling.concurrent.ThreadPoolTaskExecutor Line:181 - Initializing ExecutorService 'applicationTaskExecutor'
2021-08-24 20:50:03.597 INFO  org.springframework.boot.devtools.autoconfigure.OptionalLiveReloadServer Line:58  - LiveReload server is running on port 35729
2021-08-24 20:50:03.972 INFO  org.springframework.boot.web.embedded.tomcat.TomcatWebServer Line:220 - Tomcat started on port(s): 8090 (http) with context path ''
2021-08-24 20:50:03.973 INFO  springfox.documentation.spring.web.plugins.DocumentationPluginsBootstrapper Line:160 - Context refreshed
2021-08-24 20:50:03.983 INFO  springfox.documentation.spring.web.plugins.DocumentationPluginsBootstrapper Line:163 - Found 1 custom documentation plugin(s)
2021-08-24 20:50:04.007 INFO  springfox.documentation.spring.web.scanners.ApiListingReferenceScanner Line:41  - Scanning for api listing references
2021-08-24 20:50:04.113 INFO  springfox.documentation.spring.web.readers.operation.CachingOperationNameGenerator Line:40  - Generating unique operation named: toPost2UsingPOST_1
2021-08-24 20:50:04.114 INFO  springfox.documentation.spring.web.readers.operation.CachingOperationNameGenerator Line:40  - Generating unique operation named: toPost2UsingGET_1
2021-08-24 20:50:04.119 INFO  springfox.documentation.spring.web.readers.operation.CachingOperationNameGenerator Line:40  - Generating unique operation named: indexUsingGET_1
2021-08-24 20:50:04.125 INFO  springfox.documentation.spring.web.readers.operation.CachingOperationNameGenerator Line:40  - Generating unique operation named: deleteUsingPOST_1
2021-08-24 20:50:04.126 INFO  springfox.documentation.spring.web.readers.operation.CachingOperationNameGenerator Line:40  - Generating unique operation named: indexUsingGET_2
2021-08-24 20:50:04.129 INFO  springfox.documentation.spring.web.readers.operation.CachingOperationNameGenerator Line:40  - Generating unique operation named: indexUsingGET_3
2021-08-24 20:50:04.130 INFO  springfox.documentation.spring.web.readers.operation.CachingOperationNameGenerator Line:40  - Generating unique operation named: indexUsingGET_4
2021-08-24 20:50:04.137 INFO  springfox.documentation.spring.web.readers.operation.CachingOperationNameGenerator Line:40  - Generating unique operation named: loginUsingGET_1
2021-08-24 20:50:04.139 INFO  springfox.documentation.spring.web.readers.operation.CachingOperationNameGenerator Line:40  - Generating unique operation named: logoutUsingGET_1
2021-08-24 20:50:04.162 INFO  com.zdk.MyBlog.MyBlogApplication Line:61  - Started MyBlogApplication in 3.969 seconds (JVM running for 4.467)
2021-08-24 20:50:29.155 INFO  org.apache.catalina.core.ContainerBase.[Tomcat].[localhost].[/] Line:173 - Initializing Spring DispatcherServlet 'dispatcherServlet'
2021-08-24 20:50:29.155 INFO  org.springframework.web.servlet.DispatcherServlet Line:525 - Initializing Servlet 'dispatcherServlet'
2021-08-24 20:50:29.156 INFO  org.springframework.web.servlet.DispatcherServlet Line:547 - Completed initialization in 1 ms
2021-08-24 20:50:29.169 INFO  com.zdk.MyBlog.interceptor.LoginHandlerInterceptor Line:31  - ===========>进入拦截器
2021-08-24 20:50:29.169 INFO  com.zdk.MyBlog.interceptor.LoginHandlerInterceptor Line:33  - UserAgent: Mozilla/5.0 (Windows NT 10.0; Win64; x64) AppleWebKit/537.36 (KHTML, like Gecko) Chrome/92.0.4515.131 Safari/537.36
2021-08-24 20:50:29.174 INFO  com.zdk.MyBlog.interceptor.LoginHandlerInterceptor Line:34  - 用户访问地址: /admin/, 来路地址: 0:0:0:0:0:0:0:1
2021-08-24 20:50:29.579 INFO  com.zdk.MyBlog.interceptor.LoginHandlerInterceptor Line:31  - ===========>进入拦截器
2021-08-24 20:50:29.579 INFO  com.zdk.MyBlog.interceptor.LoginHandlerInterceptor Line:33  - UserAgent: Mozilla/5.0 (Windows NT 10.0; Win64; x64) AppleWebKit/537.36 (KHTML, like Gecko) Chrome/92.0.4515.131 Safari/537.36
2021-08-24 20:50:29.579 INFO  com.zdk.MyBlog.interceptor.LoginHandlerInterceptor Line:34  - 用户访问地址: /error, 来路地址: 0:0:0:0:0:0:0:1
2021-08-24 20:50:29.768 INFO  com.zdk.MyBlog.interceptor.LoginHandlerInterceptor Line:31  - ===========>进入拦截器
2021-08-24 20:50:29.768 INFO  com.zdk.MyBlog.interceptor.LoginHandlerInterceptor Line:33  - UserAgent: Mozilla/5.0 (Windows NT 10.0; Win64; x64) AppleWebKit/537.36 (KHTML, like Gecko) Chrome/92.0.4515.131 Safari/537.36
2021-08-24 20:50:29.768 INFO  com.zdk.MyBlog.interceptor.LoginHandlerInterceptor Line:34  - 用户访问地址: /error/fonts/icons-64c061773912345c985cb3365a710a98.woff, 来路地址: 0:0:0:0:0:0:0:1
2021-08-24 20:50:32.031 INFO  com.zdk.MyBlog.aspect.WebLogAspect Line:48  - URL : http://localhost:8090/admin/login
2021-08-24 20:50:32.031 INFO  com.zdk.MyBlog.aspect.WebLogAspect Line:49  - HTTP_METHOD : GET
2021-08-24 20:50:32.031 INFO  com.zdk.MyBlog.aspect.WebLogAspect Line:50  - IP : 0:0:0:0:0:0:0:1
2021-08-24 20:50:32.032 INFO  com.zdk.MyBlog.aspect.WebLogAspect Line:51  - CLASS_METHOD : com.zdk.MyBlog.controller.admin.IndexController.login
2021-08-24 20:50:32.032 INFO  com.zdk.MyBlog.aspect.WebLogAspect Line:52  - ARGS : []
2021-08-24 20:50:32.036 INFO  com.zdk.MyBlog.aspect.WebLogAspect Line:58  - RESPONSE : admin/login
2021-08-24 20:50:32.036 INFO  com.zdk.MyBlog.aspect.WebLogAspect Line:59  - SPEND TIME : 5
2021-08-24 20:50:36.710 INFO  com.zdk.MyBlog.aspect.WebLogAspect Line:48  - URL : http://localhost:8090/user/login
2021-08-24 20:50:36.711 INFO  com.zdk.MyBlog.aspect.WebLogAspect Line:49  - HTTP_METHOD : POST
2021-08-24 20:50:36.711 INFO  com.zdk.MyBlog.aspect.WebLogAspect Line:50  - IP : 0:0:0:0:0:0:0:1
2021-08-24 20:50:36.711 INFO  com.zdk.MyBlog.aspect.WebLogAspect Line:51  - CLASS_METHOD : com.zdk.MyBlog.controller.user.LoginController.login
2021-08-24 20:50:36.711 INFO  com.zdk.MyBlog.aspect.WebLogAspect Line:52  - ARGS : [admin, 123, on]
2021-08-24 20:50:36.982 INFO  com.zdk.MyBlog.handler.MyMetaObjectHandler Line:18  - 插入时开始填充--------
2021-08-24 20:50:37.048 INFO  com.zdk.MyBlog.aspect.WebLogAspect Line:58  - RESPONSE : com.zdk.MyBlog.utils.ApiResponse@22bf9746
2021-08-24 20:50:37.048 INFO  com.zdk.MyBlog.aspect.WebLogAspect Line:59  - SPEND TIME : 338
2021-08-24 20:50:38.261 INFO  com.zdk.MyBlog.interceptor.LoginHandlerInterceptor Line:31  - ===========>进入拦截器
2021-08-24 20:50:38.261 INFO  com.zdk.MyBlog.interceptor.LoginHandlerInterceptor Line:33  - UserAgent: Mozilla/5.0 (Windows NT 10.0; Win64; x64) AppleWebKit/537.36 (KHTML, like Gecko) Chrome/92.0.4515.131 Safari/537.36
2021-08-24 20:50:38.261 INFO  com.zdk.MyBlog.interceptor.LoginHandlerInterceptor Line:34  - 用户访问地址: /admin/index, 来路地址: 0:0:0:0:0:0:0:1
2021-08-24 20:50:38.264 INFO  com.zdk.MyBlog.aspect.WebLogAspect Line:48  - URL : http://localhost:8090/admin/index
2021-08-24 20:50:38.264 INFO  com.zdk.MyBlog.aspect.WebLogAspect Line:49  - HTTP_METHOD : GET
2021-08-24 20:50:38.264 INFO  com.zdk.MyBlog.aspect.WebLogAspect Line:50  - IP : 0:0:0:0:0:0:0:1
2021-08-24 20:50:38.264 INFO  com.zdk.MyBlog.aspect.WebLogAspect Line:51  - CLASS_METHOD : com.zdk.MyBlog.controller.admin.IndexController.index
2021-08-24 20:50:38.264 INFO  com.zdk.MyBlog.aspect.WebLogAspect Line:52  - ARGS : [{}]
2021-08-24 20:50:38.382 INFO  com.zdk.MyBlog.aspect.WebLogAspect Line:58  - RESPONSE : admin/index
2021-08-24 20:50:38.383 INFO  com.zdk.MyBlog.aspect.WebLogAspect Line:59  - SPEND TIME : 119
2021-08-24 20:55:14.082 INFO  org.springframework.scheduling.concurrent.ThreadPoolTaskExecutor Line:218 - Shutting down ExecutorService 'applicationTaskExecutor'
2021-08-24 20:55:14.198 INFO  com.alibaba.druid.pool.DruidDataSource Line:2043 - {dataSource-1} closing ...
2021-08-24 20:55:14.201 INFO  com.alibaba.druid.pool.DruidDataSource Line:2116 - {dataSource-1} closed
2021-08-24 20:55:16.852 INFO  com.zdk.MyBlog.MyBlogApplication Line:55  - Starting MyBlogApplication using Java 1.8.0_282 on DESKTOP-7KN75LJ with PID 15008 (F:\project\my\MyBlog\target\classes started by zdk in F:\project\my\MyBlog)
2021-08-24 20:55:16.854 INFO  com.zdk.MyBlog.MyBlogApplication Line:679 - The following profiles are active: dev
2021-08-24 20:55:16.893 INFO  org.springframework.boot.devtools.env.DevToolsPropertyDefaultsPostProcessor Line:255 - Devtools property defaults active! Set 'spring.devtools.add-properties' to 'false' to disable
2021-08-24 20:55:16.894 INFO  org.springframework.boot.devtools.env.DevToolsPropertyDefaultsPostProcessor Line:255 - For additional web related logging consider setting the 'logging.level.web' property to 'DEBUG'
2021-08-24 20:55:17.511 INFO  org.springframework.data.repository.config.RepositoryConfigurationDelegate Line:250 - Multiple Spring Data modules found, entering strict repository configuration mode!
2021-08-24 20:55:17.513 INFO  org.springframework.data.repository.config.RepositoryConfigurationDelegate Line:128 - Bootstrapping Spring Data Redis repositories in DEFAULT mode.
2021-08-24 20:55:17.532 INFO  org.springframework.data.repository.config.RepositoryConfigurationDelegate Line:188 - Finished Spring Data repository scanning in 10 ms. Found 0 Redis repository interfaces.
2021-08-24 20:55:18.052 INFO  org.springframework.boot.web.embedded.tomcat.TomcatWebServer Line:108 - Tomcat initialized with port(s): 8090 (http)
2021-08-24 20:55:18.059 INFO  org.apache.catalina.core.StandardService Line:173 - Starting service [Tomcat]
2021-08-24 20:55:18.059 INFO  org.apache.catalina.core.StandardEngine Line:173 - Starting Servlet engine: [Apache Tomcat/9.0.45]
2021-08-24 20:55:18.145 INFO  org.apache.catalina.core.ContainerBase.[Tomcat].[localhost].[/] Line:173 - Initializing Spring embedded WebApplicationContext
2021-08-24 20:55:18.145 INFO  org.springframework.boot.web.servlet.context.ServletWebServerApplicationContext Line:289 - Root WebApplicationContext: initialization completed in 1250 ms
2021-08-24 20:55:18.266 INFO  com.alibaba.druid.spring.boot.autoconfigure.DruidDataSourceAutoConfigure Line:56  - Init DruidDataSource
2021-08-24 20:55:18.435 INFO  com.alibaba.druid.pool.DruidDataSource Line:990 - {dataSource-1} inited
2021-08-24 20:55:19.915 INFO  springfox.documentation.spring.web.PropertySourcedRequestMappingHandlerMapping Line:69  - Mapped URL path [/v2/api-docs] onto method [springfox.documentation.swagger2.web.Swagger2Controller#getDocumentation(String, HttpServletRequest)]
2021-08-24 20:55:20.019 INFO  org.springframework.scheduling.concurrent.ThreadPoolTaskExecutor Line:181 - Initializing ExecutorService 'applicationTaskExecutor'
2021-08-24 20:55:20.061 INFO  org.springframework.boot.devtools.autoconfigure.OptionalLiveReloadServer Line:58  - LiveReload server is running on port 35729
2021-08-24 20:55:20.446 INFO  org.springframework.boot.web.embedded.tomcat.TomcatWebServer Line:220 - Tomcat started on port(s): 8090 (http) with context path ''
2021-08-24 20:55:20.447 INFO  springfox.documentation.spring.web.plugins.DocumentationPluginsBootstrapper Line:160 - Context refreshed
2021-08-24 20:55:20.459 INFO  springfox.documentation.spring.web.plugins.DocumentationPluginsBootstrapper Line:163 - Found 1 custom documentation plugin(s)
2021-08-24 20:55:20.483 INFO  springfox.documentation.spring.web.scanners.ApiListingReferenceScanner Line:41  - Scanning for api listing references
2021-08-24 20:55:20.582 INFO  springfox.documentation.spring.web.readers.operation.CachingOperationNameGenerator Line:40  - Generating unique operation named: toPost2UsingPOST_1
2021-08-24 20:55:20.583 INFO  springfox.documentation.spring.web.readers.operation.CachingOperationNameGenerator Line:40  - Generating unique operation named: toPost2UsingGET_1
2021-08-24 20:55:20.587 INFO  springfox.documentation.spring.web.readers.operation.CachingOperationNameGenerator Line:40  - Generating unique operation named: indexUsingGET_1
2021-08-24 20:55:20.592 INFO  springfox.documentation.spring.web.readers.operation.CachingOperationNameGenerator Line:40  - Generating unique operation named: deleteUsingPOST_1
2021-08-24 20:55:20.593 INFO  springfox.documentation.spring.web.readers.operation.CachingOperationNameGenerator Line:40  - Generating unique operation named: indexUsingGET_2
2021-08-24 20:55:20.596 INFO  springfox.documentation.spring.web.readers.operation.CachingOperationNameGenerator Line:40  - Generating unique operation named: indexUsingGET_3
2021-08-24 20:55:20.597 INFO  springfox.documentation.spring.web.readers.operation.CachingOperationNameGenerator Line:40  - Generating unique operation named: indexUsingGET_4
2021-08-24 20:55:20.603 INFO  springfox.documentation.spring.web.readers.operation.CachingOperationNameGenerator Line:40  - Generating unique operation named: loginUsingGET_1
2021-08-24 20:55:20.604 INFO  springfox.documentation.spring.web.readers.operation.CachingOperationNameGenerator Line:40  - Generating unique operation named: logoutUsingGET_1
2021-08-24 20:55:20.620 INFO  com.zdk.MyBlog.MyBlogApplication Line:61  - Started MyBlogApplication in 4.113 seconds (JVM running for 4.812)
2021-08-24 20:55:23.153 INFO  org.springframework.scheduling.concurrent.ThreadPoolTaskExecutor Line:218 - Shutting down ExecutorService 'applicationTaskExecutor'
2021-08-24 20:55:23.168 INFO  com.alibaba.druid.pool.DruidDataSource Line:2043 - {dataSource-1} closing ...
2021-08-24 20:55:23.171 INFO  com.alibaba.druid.pool.DruidDataSource Line:2116 - {dataSource-1} closed
2021-08-24 20:55:26.984 INFO  com.zdk.MyBlog.MyBlogApplication Line:55  - Starting MyBlogApplication using Java 1.8.0_282 on DESKTOP-7KN75LJ with PID 13532 (F:\project\my\MyBlog\target\classes started by zdk in F:\project\my\MyBlog)
2021-08-24 20:55:26.986 INFO  com.zdk.MyBlog.MyBlogApplication Line:679 - The following profiles are active: dev
2021-08-24 20:55:27.024 INFO  org.springframework.boot.devtools.env.DevToolsPropertyDefaultsPostProcessor Line:255 - Devtools property defaults active! Set 'spring.devtools.add-properties' to 'false' to disable
2021-08-24 20:55:27.024 INFO  org.springframework.boot.devtools.env.DevToolsPropertyDefaultsPostProcessor Line:255 - For additional web related logging consider setting the 'logging.level.web' property to 'DEBUG'
2021-08-24 20:55:27.643 INFO  org.springframework.data.repository.config.RepositoryConfigurationDelegate Line:250 - Multiple Spring Data modules found, entering strict repository configuration mode!
2021-08-24 20:55:27.645 INFO  org.springframework.data.repository.config.RepositoryConfigurationDelegate Line:128 - Bootstrapping Spring Data Redis repositories in DEFAULT mode.
2021-08-24 20:55:27.665 INFO  org.springframework.data.repository.config.RepositoryConfigurationDelegate Line:188 - Finished Spring Data repository scanning in 11 ms. Found 0 Redis repository interfaces.
2021-08-24 20:55:28.178 INFO  org.springframework.boot.web.embedded.tomcat.TomcatWebServer Line:108 - Tomcat initialized with port(s): 8090 (http)
2021-08-24 20:55:28.184 INFO  org.apache.catalina.core.StandardService Line:173 - Starting service [Tomcat]
2021-08-24 20:55:28.185 INFO  org.apache.catalina.core.StandardEngine Line:173 - Starting Servlet engine: [Apache Tomcat/9.0.45]
2021-08-24 20:55:28.270 INFO  org.apache.catalina.core.ContainerBase.[Tomcat].[localhost].[/] Line:173 - Initializing Spring embedded WebApplicationContext
2021-08-24 20:55:28.271 INFO  org.springframework.boot.web.servlet.context.ServletWebServerApplicationContext Line:289 - Root WebApplicationContext: initialization completed in 1246 ms
2021-08-24 20:55:28.390 INFO  com.alibaba.druid.spring.boot.autoconfigure.DruidDataSourceAutoConfigure Line:56  - Init DruidDataSource
2021-08-24 20:55:28.563 INFO  com.alibaba.druid.pool.DruidDataSource Line:990 - {dataSource-1} inited
2021-08-24 20:55:29.774 INFO  springfox.documentation.spring.web.PropertySourcedRequestMappingHandlerMapping Line:69  - Mapped URL path [/v2/api-docs] onto method [springfox.documentation.swagger2.web.Swagger2Controller#getDocumentation(String, HttpServletRequest)]
2021-08-24 20:55:29.879 INFO  org.springframework.scheduling.concurrent.ThreadPoolTaskExecutor Line:181 - Initializing ExecutorService 'applicationTaskExecutor'
2021-08-24 20:55:29.922 INFO  org.springframework.boot.devtools.autoconfigure.OptionalLiveReloadServer Line:58  - LiveReload server is running on port 35729
2021-08-24 20:55:30.306 INFO  org.springframework.boot.web.embedded.tomcat.TomcatWebServer Line:220 - Tomcat started on port(s): 8090 (http) with context path ''
2021-08-24 20:55:30.307 INFO  springfox.documentation.spring.web.plugins.DocumentationPluginsBootstrapper Line:160 - Context refreshed
2021-08-24 20:55:30.317 INFO  springfox.documentation.spring.web.plugins.DocumentationPluginsBootstrapper Line:163 - Found 1 custom documentation plugin(s)
2021-08-24 20:55:30.339 INFO  springfox.documentation.spring.web.scanners.ApiListingReferenceScanner Line:41  - Scanning for api listing references
2021-08-24 20:55:30.435 INFO  springfox.documentation.spring.web.readers.operation.CachingOperationNameGenerator Line:40  - Generating unique operation named: toPost2UsingPOST_1
2021-08-24 20:55:30.436 INFO  springfox.documentation.spring.web.readers.operation.CachingOperationNameGenerator Line:40  - Generating unique operation named: toPost2UsingGET_1
2021-08-24 20:55:30.440 INFO  springfox.documentation.spring.web.readers.operation.CachingOperationNameGenerator Line:40  - Generating unique operation named: indexUsingGET_1
2021-08-24 20:55:30.446 INFO  springfox.documentation.spring.web.readers.operation.CachingOperationNameGenerator Line:40  - Generating unique operation named: deleteUsingPOST_1
2021-08-24 20:55:30.447 INFO  springfox.documentation.spring.web.readers.operation.CachingOperationNameGenerator Line:40  - Generating unique operation named: indexUsingGET_2
2021-08-24 20:55:30.450 INFO  springfox.documentation.spring.web.readers.operation.CachingOperationNameGenerator Line:40  - Generating unique operation named: indexUsingGET_3
2021-08-24 20:55:30.451 INFO  springfox.documentation.spring.web.readers.operation.CachingOperationNameGenerator Line:40  - Generating unique operation named: indexUsingGET_4
2021-08-24 20:55:30.457 INFO  springfox.documentation.spring.web.readers.operation.CachingOperationNameGenerator Line:40  - Generating unique operation named: loginUsingGET_1
2021-08-24 20:55:30.458 INFO  springfox.documentation.spring.web.readers.operation.CachingOperationNameGenerator Line:40  - Generating unique operation named: logoutUsingGET_1
2021-08-24 20:55:30.476 INFO  com.zdk.MyBlog.MyBlogApplication Line:61  - Started MyBlogApplication in 3.826 seconds (JVM running for 4.333)
2021-08-24 20:55:37.134 INFO  org.apache.catalina.core.ContainerBase.[Tomcat].[localhost].[/] Line:173 - Initializing Spring DispatcherServlet 'dispatcherServlet'
2021-08-24 20:55:37.134 INFO  org.springframework.web.servlet.DispatcherServlet Line:525 - Initializing Servlet 'dispatcherServlet'
2021-08-24 20:55:37.136 INFO  org.springframework.web.servlet.DispatcherServlet Line:547 - Completed initialization in 1 ms
2021-08-24 20:55:37.162 INFO  com.zdk.MyBlog.aspect.WebLogAspect Line:48  - URL : http://localhost:8090/admin/login
2021-08-24 20:55:37.162 INFO  com.zdk.MyBlog.aspect.WebLogAspect Line:49  - HTTP_METHOD : GET
2021-08-24 20:55:37.162 INFO  com.zdk.MyBlog.aspect.WebLogAspect Line:50  - IP : 0:0:0:0:0:0:0:1
2021-08-24 20:55:37.163 INFO  com.zdk.MyBlog.aspect.WebLogAspect Line:51  - CLASS_METHOD : com.zdk.MyBlog.controller.admin.IndexController.login
2021-08-24 20:55:37.163 INFO  com.zdk.MyBlog.aspect.WebLogAspect Line:52  - ARGS : []
2021-08-24 20:55:37.166 INFO  com.zdk.MyBlog.aspect.WebLogAspect Line:58  - RESPONSE : admin/login
2021-08-24 20:55:37.166 INFO  com.zdk.MyBlog.aspect.WebLogAspect Line:59  - SPEND TIME : 6
2021-08-24 20:55:39.168 INFO  com.zdk.MyBlog.aspect.WebLogAspect Line:48  - URL : http://localhost:8090/user/login
2021-08-24 20:55:39.168 INFO  com.zdk.MyBlog.aspect.WebLogAspect Line:49  - HTTP_METHOD : POST
2021-08-24 20:55:39.168 INFO  com.zdk.MyBlog.aspect.WebLogAspect Line:50  - IP : 0:0:0:0:0:0:0:1
2021-08-24 20:55:39.168 INFO  com.zdk.MyBlog.aspect.WebLogAspect Line:51  - CLASS_METHOD : com.zdk.MyBlog.controller.user.LoginController.login
2021-08-24 20:55:39.168 INFO  com.zdk.MyBlog.aspect.WebLogAspect Line:52  - ARGS : [admin, 123, on]
2021-08-24 20:55:39.171 INFO  com.zdk.MyBlog.controller.user.LoginController Line:52  - 进入登录接口
2021-08-24 20:55:39.719 INFO  com.zdk.MyBlog.handler.MyMetaObjectHandler Line:18  - 插入时开始填充--------
2021-08-24 20:55:39.803 INFO  com.zdk.MyBlog.aspect.WebLogAspect Line:58  - RESPONSE : com.zdk.MyBlog.utils.ApiResponse@65b57f82
2021-08-24 20:55:39.803 INFO  com.zdk.MyBlog.aspect.WebLogAspect Line:59  - SPEND TIME : 635
2021-08-24 20:55:40.843 INFO  com.zdk.MyBlog.interceptor.LoginHandlerInterceptor Line:31  - ===========>进入拦截器
2021-08-24 20:55:40.843 INFO  com.zdk.MyBlog.interceptor.LoginHandlerInterceptor Line:33  - UserAgent: Mozilla/5.0 (Windows NT 10.0; Win64; x64) AppleWebKit/537.36 (KHTML, like Gecko) Chrome/92.0.4515.131 Safari/537.36
2021-08-24 20:55:40.843 INFO  com.zdk.MyBlog.interceptor.LoginHandlerInterceptor Line:34  - 用户访问地址: /admin/index, 来路地址: 0:0:0:0:0:0:0:1
2021-08-24 20:55:40.861 INFO  com.zdk.MyBlog.aspect.WebLogAspect Line:48  - URL : http://localhost:8090/admin/index
2021-08-24 20:55:40.862 INFO  com.zdk.MyBlog.aspect.WebLogAspect Line:49  - HTTP_METHOD : GET
2021-08-24 20:55:40.862 INFO  com.zdk.MyBlog.aspect.WebLogAspect Line:50  - IP : 0:0:0:0:0:0:0:1
2021-08-24 20:55:40.862 INFO  com.zdk.MyBlog.aspect.WebLogAspect Line:51  - CLASS_METHOD : com.zdk.MyBlog.controller.admin.IndexController.index
2021-08-24 20:55:40.862 INFO  com.zdk.MyBlog.aspect.WebLogAspect Line:52  - ARGS : [{}]
2021-08-24 20:55:40.963 INFO  com.zdk.MyBlog.aspect.WebLogAspect Line:58  - RESPONSE : admin/index
2021-08-24 20:55:40.963 INFO  com.zdk.MyBlog.aspect.WebLogAspect Line:59  - SPEND TIME : 102
2021-08-24 20:57:34.783 INFO  org.springframework.scheduling.concurrent.ThreadPoolTaskExecutor Line:218 - Shutting down ExecutorService 'applicationTaskExecutor'
2021-08-24 20:57:34.906 INFO  com.alibaba.druid.pool.DruidDataSource Line:2043 - {dataSource-1} closing ...
2021-08-24 20:57:34.909 INFO  com.alibaba.druid.pool.DruidDataSource Line:2116 - {dataSource-1} closed
