[2m2021-10-31 10:59:10.551[0;39m [32mDEBUG[0;39m [35m29232[0;39m [2m---[0;39m [2m[  restartedMain][0;39m [36mcom.zdk.MyBlog.MyBlogApplication        [0;39m [2m:[0;39m Running with Spring Boot v2.4.5, Spring v5.3.6
[2m2021-10-31 10:59:22.256[0;39m [32mDEBUG[0;39m [35m29232[0;39m [2m---[0;39m [2m[nio-8090-exec-8][0;39m [36mc.z.M.i.LoginHandlerInterceptor         [0;39m [2m:[0;39m cookieValue: userInfo0:0:0:0:0:0:0:1admin
[2m2021-10-31 10:59:22.526[0;39m [32mDEBUG[0;39m [35m29232[0;39m [2m---[0;39m [2m[nio-8090-exec-3][0;39m [36mc.z.M.i.LoginHandlerInterceptor         [0;39m [2m:[0;39m cookieValue: userInfo0:0:0:0:0:0:0:1admin
[2m2021-10-31 10:59:26.026[0;39m [32mDEBUG[0;39m [35m29232[0;39m [2m---[0;39m [2m[nio-8090-exec-5][0;39m [36mc.z.M.i.LoginHandlerInterceptor         [0;39m [2m:[0;39m cookieValue: userInfo0:0:0:0:0:0:0:1admin
[2m2021-10-31 10:59:26.127[0;39m [32mDEBUG[0;39m [35m29232[0;39m [2m---[0;39m [2m[nio-8090-exec-9][0;39m [36mc.z.M.i.LoginHandlerInterceptor         [0;39m [2m:[0;39m cookieValue: userInfo0:0:0:0:0:0:0:1admin
[2m2021-10-31 10:59:28.817[0;39m [32mDEBUG[0;39m [35m29232[0;39m [2m---[0;39m [2m[nio-8090-exec-7][0;39m [36mc.z.M.i.LoginHandlerInterceptor         [0;39m [2m:[0;39m cookieValue: userInfo0:0:0:0:0:0:0:1admin
[2m2021-10-31 10:59:28.932[0;39m [32mDEBUG[0;39m [35m29232[0;39m [2m---[0;39m [2m[nio-8090-exec-7][0;39m [36mc.z.M.i.LoginHandlerInterceptor         [0;39m [2m:[0;39m cookieValue: userInfo0:0:0:0:0:0:0:1admin
[2m2021-10-31 10:59:30.167[0;39m [32mDEBUG[0;39m [35m29232[0;39m [2m---[0;39m [2m[io-8090-exec-10][0;39m [36mc.z.M.i.LoginHandlerInterceptor         [0;39m [2m:[0;39m cookieValue: userInfo0:0:0:0:0:0:0:1admin
[2m2021-10-31 10:59:30.252[0;39m [32mDEBUG[0;39m [35m29232[0;39m [2m---[0;39m [2m[io-8090-exec-10][0;39m [36mc.z.M.i.LoginHandlerInterceptor         [0;39m [2m:[0;39m cookieValue: userInfo0:0:0:0:0:0:0:1admin
[2m2021-10-31 10:59:30.314[0;39m [32mDEBUG[0;39m [35m29232[0;39m [2m---[0;39m [2m[nio-8090-exec-9][0;39m [36mc.z.M.i.LoginHandlerInterceptor         [0;39m [2m:[0;39m cookieValue: userInfo0:0:0:0:0:0:0:1admin
[2m2021-10-31 10:59:33.974[0;39m [32mDEBUG[0;39m [35m29232[0;39m [2m---[0;39m [2m[nio-8090-exec-5][0;39m [36mc.z.M.i.LoginHandlerInterceptor         [0;39m [2m:[0;39m cookieValue: userInfo0:0:0:0:0:0:0:1admin
[2m2021-10-31 10:59:34.049[0;39m [32mDEBUG[0;39m [35m29232[0;39m [2m---[0;39m [2m[nio-8090-exec-3][0;39m [36mc.z.M.i.LoginHandlerInterceptor         [0;39m [2m:[0;39m cookieValue: userInfo0:0:0:0:0:0:0:1admin
[2m2021-10-31 10:59:34.816[0;39m [32mDEBUG[0;39m [35m29232[0;39m [2m---[0;39m [2m[nio-8090-exec-5][0;39m [36mc.z.M.i.LoginHandlerInterceptor         [0;39m [2m:[0;39m cookieValue: userInfo0:0:0:0:0:0:0:1admin
[2m2021-10-31 10:59:34.830[0;39m [32mDEBUG[0;39m [35m29232[0;39m [2m---[0;39m [2m[nio-8090-exec-5][0;39m [36mc.z.M.i.LoginHandlerInterceptor         [0;39m [2m:[0;39m cookieValue: userInfo0:0:0:0:0:0:0:1admin
[2m2021-10-31 10:59:34.892[0;39m [32mDEBUG[0;39m [35m29232[0;39m [2m---[0;39m [2m[nio-8090-exec-8][0;39m [36mc.z.M.i.LoginHandlerInterceptor         [0;39m [2m:[0;39m cookieValue: userInfo0:0:0:0:0:0:0:1admin
[2m2021-10-31 10:59:36.269[0;39m [32mDEBUG[0;39m [35m29232[0;39m [2m---[0;39m [2m[nio-8090-exec-1][0;39m [36mc.z.M.i.LoginHandlerInterceptor         [0;39m [2m:[0;39m cookieValue: userInfo0:0:0:0:0:0:0:1admin
[2m2021-10-31 10:59:36.363[0;39m [32mDEBUG[0;39m [35m29232[0;39m [2m---[0;39m [2m[nio-8090-exec-9][0;39m [36mc.z.M.i.LoginHandlerInterceptor         [0;39m [2m:[0;39m cookieValue: userInfo0:0:0:0:0:0:0:1admin
[2m2021-10-31 10:59:37.826[0;39m [32mDEBUG[0;39m [35m29232[0;39m [2m---[0;39m [2m[nio-8090-exec-8][0;39m [36mc.z.M.i.LoginHandlerInterceptor         [0;39m [2m:[0;39m cookieValue: userInfo0:0:0:0:0:0:0:1admin
[2m2021-10-31 10:59:37.903[0;39m [32mDEBUG[0;39m [35m29232[0;39m [2m---[0;39m [2m[nio-8090-exec-4][0;39m [36mc.z.M.i.LoginHandlerInterceptor         [0;39m [2m:[0;39m cookieValue: userInfo0:0:0:0:0:0:0:1admin
[2m2021-10-31 10:59:39.647[0;39m [32mDEBUG[0;39m [35m29232[0;39m [2m---[0;39m [2m[nio-8090-exec-7][0;39m [36mc.z.M.i.LoginHandlerInterceptor         [0;39m [2m:[0;39m cookieValue: userInfo0:0:0:0:0:0:0:1admin
[2m2021-10-31 10:59:39.722[0;39m [32mDEBUG[0;39m [35m29232[0;39m [2m---[0;39m [2m[nio-8090-exec-4][0;39m [36mc.z.M.i.LoginHandlerInterceptor         [0;39m [2m:[0;39m cookieValue: userInfo0:0:0:0:0:0:0:1admin
[2m2021-10-31 10:59:40.943[0;39m [32mDEBUG[0;39m [35m29232[0;39m [2m---[0;39m [2m[nio-8090-exec-8][0;39m [36mc.z.M.i.LoginHandlerInterceptor         [0;39m [2m:[0;39m cookieValue: userInfo0:0:0:0:0:0:0:1admin
[2m2021-10-31 10:59:41.013[0;39m [32mDEBUG[0;39m [35m29232[0;39m [2m---[0;39m [2m[nio-8090-exec-6][0;39m [36mc.z.M.i.LoginHandlerInterceptor         [0;39m [2m:[0;39m cookieValue: userInfo0:0:0:0:0:0:0:1admin
[2m2021-10-31 11:00:25.700[0;39m [32mDEBUG[0;39m [35m29232[0;39m [2m---[0;39m [2m[nio-8090-exec-7][0;39m [36mc.z.M.i.LoginHandlerInterceptor         [0;39m [2m:[0;39m cookieValue: userInfo0:0:0:0:0:0:0:1admin
[2m2021-10-31 11:00:25.778[0;39m [32mDEBUG[0;39m [35m29232[0;39m [2m---[0;39m [2m[nio-8090-exec-1][0;39m [36mc.z.M.i.LoginHandlerInterceptor         [0;39m [2m:[0;39m cookieValue: userInfo0:0:0:0:0:0:0:1admin
[2m2021-10-31 11:00:27.120[0;39m [32mDEBUG[0;39m [35m29232[0;39m [2m---[0;39m [2m[nio-8090-exec-6][0;39m [36mc.z.M.i.LoginHandlerInterceptor         [0;39m [2m:[0;39m cookieValue: userInfo0:0:0:0:0:0:0:1admin
[2m2021-10-31 11:00:27.190[0;39m [32mDEBUG[0;39m [35m29232[0;39m [2m---[0;39m [2m[nio-8090-exec-5][0;39m [36mc.z.M.i.LoginHandlerInterceptor         [0;39m [2m:[0;39m cookieValue: userInfo0:0:0:0:0:0:0:1admin
[2m2021-10-31 11:00:27.931[0;39m [32mDEBUG[0;39m [35m29232[0;39m [2m---[0;39m [2m[nio-8090-exec-7][0;39m [36mc.z.M.i.LoginHandlerInterceptor         [0;39m [2m:[0;39m cookieValue: userInfo0:0:0:0:0:0:0:1admin
[2m2021-10-31 11:00:28.003[0;39m [32mDEBUG[0;39m [35m29232[0;39m [2m---[0;39m [2m[nio-8090-exec-8][0;39m [36mc.z.M.i.LoginHandlerInterceptor         [0;39m [2m:[0;39m cookieValue: userInfo0:0:0:0:0:0:0:1admin
[2m2021-10-31 11:00:28.743[0;39m [32mDEBUG[0;39m [35m29232[0;39m [2m---[0;39m [2m[nio-8090-exec-9][0;39m [36mc.z.M.i.LoginHandlerInterceptor         [0;39m [2m:[0;39m cookieValue: userInfo0:0:0:0:0:0:0:1admin
[2m2021-10-31 11:00:28.756[0;39m [32mDEBUG[0;39m [35m29232[0;39m [2m---[0;39m [2m[nio-8090-exec-9][0;39m [36mc.z.M.i.LoginHandlerInterceptor         [0;39m [2m:[0;39m cookieValue: userInfo0:0:0:0:0:0:0:1admin
[2m2021-10-31 11:00:28.810[0;39m [32mDEBUG[0;39m [35m29232[0;39m [2m---[0;39m [2m[nio-8090-exec-6][0;39m [36mc.z.M.i.LoginHandlerInterceptor         [0;39m [2m:[0;39m cookieValue: userInfo0:0:0:0:0:0:0:1admin
[2m2021-10-31 11:00:29.677[0;39m [32mDEBUG[0;39m [35m29232[0;39m [2m---[0;39m [2m[nio-8090-exec-5][0;39m [36mc.z.M.i.LoginHandlerInterceptor         [0;39m [2m:[0;39m cookieValue: userInfo0:0:0:0:0:0:0:1admin
[2m2021-10-31 11:00:29.780[0;39m [32mDEBUG[0;39m [35m29232[0;39m [2m---[0;39m [2m[io-8090-exec-10][0;39m [36mc.z.M.i.LoginHandlerInterceptor         [0;39m [2m:[0;39m cookieValue: userInfo0:0:0:0:0:0:0:1admin
[2m2021-10-31 11:00:29.815[0;39m [32mDEBUG[0;39m [35m29232[0;39m [2m---[0;39m [2m[nio-8090-exec-1][0;39m [36mc.z.M.i.LoginHandlerInterceptor         [0;39m [2m:[0;39m cookieValue: userInfo0:0:0:0:0:0:0:1admin
[2m2021-10-31 11:00:30.520[0;39m [32mDEBUG[0;39m [35m29232[0;39m [2m---[0;39m [2m[nio-8090-exec-1][0;39m [36mc.z.M.i.LoginHandlerInterceptor         [0;39m [2m:[0;39m cookieValue: userInfo0:0:0:0:0:0:0:1admin
[2m2021-10-31 11:00:30.595[0;39m [32mDEBUG[0;39m [35m29232[0;39m [2m---[0;39m [2m[nio-8090-exec-2][0;39m [36mc.z.M.i.LoginHandlerInterceptor         [0;39m [2m:[0;39m cookieValue: userInfo0:0:0:0:0:0:0:1admin
[2m2021-10-31 11:00:31.080[0;39m [32mDEBUG[0;39m [35m29232[0;39m [2m---[0;39m [2m[nio-8090-exec-1][0;39m [36mc.z.M.i.LoginHandlerInterceptor         [0;39m [2m:[0;39m cookieValue: userInfo0:0:0:0:0:0:0:1admin
[2m2021-10-31 11:00:31.146[0;39m [32mDEBUG[0;39m [35m29232[0;39m [2m---[0;39m [2m[nio-8090-exec-4][0;39m [36mc.z.M.i.LoginHandlerInterceptor         [0;39m [2m:[0;39m cookieValue: userInfo0:0:0:0:0:0:0:1admin
[2m2021-10-31 11:00:31.648[0;39m [32mDEBUG[0;39m [35m29232[0;39m [2m---[0;39m [2m[nio-8090-exec-8][0;39m [36mc.z.M.i.LoginHandlerInterceptor         [0;39m [2m:[0;39m cookieValue: userInfo0:0:0:0:0:0:0:1admin
[2m2021-10-31 11:00:31.722[0;39m [32mDEBUG[0;39m [35m29232[0;39m [2m---[0;39m [2m[nio-8090-exec-6][0;39m [36mc.z.M.i.LoginHandlerInterceptor         [0;39m [2m:[0;39m cookieValue: userInfo0:0:0:0:0:0:0:1admin
[2m2021-10-31 11:00:32.150[0;39m [32mDEBUG[0;39m [35m29232[0;39m [2m---[0;39m [2m[nio-8090-exec-7][0;39m [36mc.z.M.i.LoginHandlerInterceptor         [0;39m [2m:[0;39m cookieValue: userInfo0:0:0:0:0:0:0:1admin
[2m2021-10-31 11:00:32.238[0;39m [32mDEBUG[0;39m [35m29232[0;39m [2m---[0;39m [2m[nio-8090-exec-5][0;39m [36mc.z.M.i.LoginHandlerInterceptor         [0;39m [2m:[0;39m cookieValue: userInfo0:0:0:0:0:0:0:1admin
[2m2021-10-31 11:00:32.593[0;39m [32mDEBUG[0;39m [35m29232[0;39m [2m---[0;39m [2m[nio-8090-exec-9][0;39m [36mc.z.M.i.LoginHandlerInterceptor         [0;39m [2m:[0;39m cookieValue: userInfo0:0:0:0:0:0:0:1admin
[2m2021-10-31 11:00:32.596[0;39m [32mDEBUG[0;39m [35m29232[0;39m [2m---[0;39m [2m[nio-8090-exec-9][0;39m [36mc.z.M.i.LoginHandlerInterceptor         [0;39m [2m:[0;39m cookieValue: userInfo0:0:0:0:0:0:0:1admin
[2m2021-10-31 11:00:32.687[0;39m [32mDEBUG[0;39m [35m29232[0;39m [2m---[0;39m [2m[io-8090-exec-10][0;39m [36mc.z.M.i.LoginHandlerInterceptor         [0;39m [2m:[0;39m cookieValue: userInfo0:0:0:0:0:0:0:1admin
[2m2021-10-31 11:01:30.568[0;39m [32mDEBUG[0;39m [35m29232[0;39m [2m---[0;39m [2m[nio-8090-exec-2][0;39m [36mc.z.M.i.LoginHandlerInterceptor         [0;39m [2m:[0;39m cookieValue: userInfo0:0:0:0:0:0:0:1admin
[2m2021-10-31 11:01:30.646[0;39m [32mDEBUG[0;39m [35m29232[0;39m [2m---[0;39m [2m[nio-8090-exec-8][0;39m [36mc.z.M.i.LoginHandlerInterceptor         [0;39m [2m:[0;39m cookieValue: userInfo0:0:0:0:0:0:0:1admin
[2m2021-10-31 11:01:31.019[0;39m [32mDEBUG[0;39m [35m29232[0;39m [2m---[0;39m [2m[io-8090-exec-10][0;39m [36mc.z.M.i.LoginHandlerInterceptor         [0;39m [2m:[0;39m cookieValue: userInfo0:0:0:0:0:0:0:1admin
[2m2021-10-31 11:01:31.086[0;39m [32mDEBUG[0;39m [35m29232[0;39m [2m---[0;39m [2m[nio-8090-exec-7][0;39m [36mc.z.M.i.LoginHandlerInterceptor         [0;39m [2m:[0;39m cookieValue: userInfo0:0:0:0:0:0:0:1admin
[2m2021-10-31 11:01:32.941[0;39m [32mDEBUG[0;39m [35m29232[0;39m [2m---[0;39m [2m[nio-8090-exec-1][0;39m [36mc.z.M.i.LoginHandlerInterceptor         [0;39m [2m:[0;39m cookieValue: userInfo0:0:0:0:0:0:0:1admin
[2m2021-10-31 11:01:32.941[0;39m [32mDEBUG[0;39m [35m29232[0;39m [2m---[0;39m [2m[nio-8090-exec-3][0;39m [36mc.z.M.i.LoginHandlerInterceptor         [0;39m [2m:[0;39m cookieValue: userInfo0:0:0:0:0:0:0:1admin
[2m2021-10-31 11:01:46.676[0;39m [32mDEBUG[0;39m [35m29232[0;39m [2m---[0;39m [2m[nio-8090-exec-4][0;39m [36mc.z.M.i.LoginHandlerInterceptor         [0;39m [2m:[0;39m cookieValue: userInfo0:0:0:0:0:0:0:1admin
[2m2021-10-31 11:01:47.937[0;39m [32mDEBUG[0;39m [35m29232[0;39m [2m---[0;39m [2m[nio-8090-exec-5][0;39m [36mc.z.M.i.LoginHandlerInterceptor         [0;39m [2m:[0;39m cookieValue: userInfo0:0:0:0:0:0:0:1admin
[2m2021-10-31 11:01:48.046[0;39m [32mDEBUG[0;39m [35m29232[0;39m [2m---[0;39m [2m[nio-8090-exec-4][0;39m [36mc.z.M.i.LoginHandlerInterceptor         [0;39m [2m:[0;39m cookieValue: userInfo0:0:0:0:0:0:0:1admin
[2m2021-10-31 11:02:46.078[0;39m [32mDEBUG[0;39m [35m29232[0;39m [2m---[0;39m [2m[nio-8090-exec-1][0;39m [36mc.z.M.i.LoginHandlerInterceptor         [0;39m [2m:[0;39m cookieValue: userInfo0:0:0:0:0:0:0:1admin
[2m2021-10-31 11:02:46.194[0;39m [32mDEBUG[0;39m [35m29232[0;39m [2m---[0;39m [2m[nio-8090-exec-7][0;39m [36mc.z.M.i.LoginHandlerInterceptor         [0;39m [2m:[0;39m cookieValue: userInfo0:0:0:0:0:0:0:1admin
[2m2021-10-31 11:02:49.917[0;39m [32mDEBUG[0;39m [35m29232[0;39m [2m---[0;39m [2m[nio-8090-exec-6][0;39m [36mc.z.M.i.LoginHandlerInterceptor         [0;39m [2m:[0;39m cookieValue: userInfo0:0:0:0:0:0:0:1admin
[2m2021-10-31 11:02:49.918[0;39m [32mDEBUG[0;39m [35m29232[0;39m [2m---[0;39m [2m[nio-8090-exec-5][0;39m [36mc.z.M.i.LoginHandlerInterceptor         [0;39m [2m:[0;39m cookieValue: userInfo0:0:0:0:0:0:0:1admin
[2m2021-10-31 11:04:34.056[0;39m [32mDEBUG[0;39m [35m40168[0;39m [2m---[0;39m [2m[  restartedMain][0;39m [36mcom.zdk.MyBlog.MyBlogApplication        [0;39m [2m:[0;39m Running with Spring Boot v2.4.5, Spring v5.3.6
[2m2021-10-31 11:04:41.654[0;39m [32mDEBUG[0;39m [35m40168[0;39m [2m---[0;39m [2m[nio-8090-exec-1][0;39m [36mc.z.M.i.LoginHandlerInterceptor         [0;39m [2m:[0;39m cookieValue: userInfo0:0:0:0:0:0:0:1admin
[2m2021-10-31 11:04:42.164[0;39m [32mDEBUG[0;39m [35m40168[0;39m [2m---[0;39m [2m[nio-8090-exec-5][0;39m [36mc.z.M.i.LoginHandlerInterceptor         [0;39m [2m:[0;39m cookieValue: userInfo0:0:0:0:0:0:0:1admin
[2m2021-10-31 11:04:43.720[0;39m [32mDEBUG[0;39m [35m40168[0;39m [2m---[0;39m [2m[nio-8090-exec-9][0;39m [36mc.z.M.i.LoginHandlerInterceptor         [0;39m [2m:[0;39m cookieValue: userInfo0:0:0:0:0:0:0:1admin
[2m2021-10-31 11:04:43.720[0;39m [32mDEBUG[0;39m [35m40168[0;39m [2m---[0;39m [2m[nio-8090-exec-7][0;39m [36mc.z.M.i.LoginHandlerInterceptor         [0;39m [2m:[0;39m cookieValue: userInfo0:0:0:0:0:0:0:1admin
[2m2021-10-31 11:04:43.722[0;39m [32mDEBUG[0;39m [35m40168[0;39m [2m---[0;39m [2m[nio-8090-exec-9][0;39m [36mc.z.M.controller.auth.RoleController    [0;39m [2m:[0;39m 父级角色id-->18
[2m2021-10-31 11:05:16.672[0;39m [32mDEBUG[0;39m [35m40168[0;39m [2m---[0;39m [2m[nio-8090-exec-9][0;39m [36mc.z.M.i.LoginHandlerInterceptor         [0;39m [2m:[0;39m cookieValue: userInfo0:0:0:0:0:0:0:1admin
[2m2021-10-31 11:05:16.787[0;39m [32mDEBUG[0;39m [35m40168[0;39m [2m---[0;39m [2m[nio-8090-exec-9][0;39m [36mc.z.M.i.LoginHandlerInterceptor         [0;39m [2m:[0;39m cookieValue: userInfo0:0:0:0:0:0:0:1admin
[2m2021-10-31 11:05:17.616[0;39m [32mDEBUG[0;39m [35m40168[0;39m [2m---[0;39m [2m[nio-8090-exec-5][0;39m [36mc.z.M.i.LoginHandlerInterceptor         [0;39m [2m:[0;39m cookieValue: userInfo0:0:0:0:0:0:0:1admin
[2m2021-10-31 11:05:17.616[0;39m [32mDEBUG[0;39m [35m40168[0;39m [2m---[0;39m [2m[nio-8090-exec-3][0;39m [36mc.z.M.i.LoginHandlerInterceptor         [0;39m [2m:[0;39m cookieValue: userInfo0:0:0:0:0:0:0:1admin
[2m2021-10-31 11:05:23.021[0;39m [32mDEBUG[0;39m [35m40168[0;39m [2m---[0;39m [2m[nio-8090-exec-4][0;39m [36mc.z.M.i.LoginHandlerInterceptor         [0;39m [2m:[0;39m cookieValue: userInfo0:0:0:0:0:0:0:1admin
[2m2021-10-31 11:05:24.321[0;39m [32mDEBUG[0;39m [35m40168[0;39m [2m---[0;39m [2m[nio-8090-exec-8][0;39m [36mc.z.M.i.LoginHandlerInterceptor         [0;39m [2m:[0;39m cookieValue: userInfo0:0:0:0:0:0:0:1admin
[2m2021-10-31 11:05:24.440[0;39m [32mDEBUG[0;39m [35m40168[0;39m [2m---[0;39m [2m[nio-8090-exec-8][0;39m [36mc.z.M.i.LoginHandlerInterceptor         [0;39m [2m:[0;39m cookieValue: userInfo0:0:0:0:0:0:0:1admin
[2m2021-10-31 11:08:30.552[0;39m [32mDEBUG[0;39m [35m40168[0;39m [2m---[0;39m [2m[io-8090-exec-10][0;39m [36mc.z.M.i.LoginHandlerInterceptor         [0;39m [2m:[0;39m cookieValue: userInfo0:0:0:0:0:0:0:1admin
[2m2021-10-31 11:08:30.677[0;39m [32mDEBUG[0;39m [35m40168[0;39m [2m---[0;39m [2m[nio-8090-exec-2][0;39m [36mc.z.M.i.LoginHandlerInterceptor         [0;39m [2m:[0;39m cookieValue: userInfo0:0:0:0:0:0:0:1admin
[2m2021-10-31 11:08:31.774[0;39m [32mDEBUG[0;39m [35m40168[0;39m [2m---[0;39m [2m[nio-8090-exec-9][0;39m [36mc.z.M.i.LoginHandlerInterceptor         [0;39m [2m:[0;39m cookieValue: userInfo0:0:0:0:0:0:0:1admin
[2m2021-10-31 11:08:31.775[0;39m [32mDEBUG[0;39m [35m40168[0;39m [2m---[0;39m [2m[nio-8090-exec-4][0;39m [36mc.z.M.i.LoginHandlerInterceptor         [0;39m [2m:[0;39m cookieValue: userInfo0:0:0:0:0:0:0:1admin
[2m2021-10-31 11:08:37.901[0;39m [32mDEBUG[0;39m [35m40168[0;39m [2m---[0;39m [2m[nio-8090-exec-1][0;39m [36mc.z.M.i.LoginHandlerInterceptor         [0;39m [2m:[0;39m cookieValue: userInfo0:0:0:0:0:0:0:1admin
[2m2021-10-31 11:08:37.902[0;39m [32mDEBUG[0;39m [35m40168[0;39m [2m---[0;39m [2m[nio-8090-exec-1][0;39m [36mc.z.M.controller.auth.RoleController    [0;39m [2m:[0;39m 父级角色id-->18
[2m2021-10-31 11:09:58.144[0;39m [32mDEBUG[0;39m [35m40168[0;39m [2m---[0;39m [2m[nio-8090-exec-3][0;39m [36mc.z.M.i.LoginHandlerInterceptor         [0;39m [2m:[0;39m cookieValue: userInfo0:0:0:0:0:0:0:1admin
[2m2021-10-31 11:09:58.270[0;39m [32mDEBUG[0;39m [35m40168[0;39m [2m---[0;39m [2m[nio-8090-exec-6][0;39m [36mc.z.M.i.LoginHandlerInterceptor         [0;39m [2m:[0;39m cookieValue: userInfo0:0:0:0:0:0:0:1admin
[2m2021-10-31 11:10:12.825[0;39m [32mDEBUG[0;39m [35m40168[0;39m [2m---[0;39m [2m[nio-8090-exec-3][0;39m [36mc.z.M.i.LoginHandlerInterceptor         [0;39m [2m:[0;39m cookieValue: userInfo0:0:0:0:0:0:0:1admin
[2m2021-10-31 11:10:12.959[0;39m [32mDEBUG[0;39m [35m40168[0;39m [2m---[0;39m [2m[nio-8090-exec-6][0;39m [36mc.z.M.i.LoginHandlerInterceptor         [0;39m [2m:[0;39m cookieValue: userInfo0:0:0:0:0:0:0:1admin
[2m2021-10-31 11:10:14.207[0;39m [32mDEBUG[0;39m [35m40168[0;39m [2m---[0;39m [2m[nio-8090-exec-1][0;39m [36mc.z.M.i.LoginHandlerInterceptor         [0;39m [2m:[0;39m cookieValue: userInfo0:0:0:0:0:0:0:1admin
[2m2021-10-31 11:10:14.208[0;39m [32mDEBUG[0;39m [35m40168[0;39m [2m---[0;39m [2m[nio-8090-exec-8][0;39m [36mc.z.M.i.LoginHandlerInterceptor         [0;39m [2m:[0;39m cookieValue: userInfo0:0:0:0:0:0:0:1admin
[2m2021-10-31 11:10:14.208[0;39m [32mDEBUG[0;39m [35m40168[0;39m [2m---[0;39m [2m[nio-8090-exec-8][0;39m [36mc.z.M.controller.auth.RoleController    [0;39m [2m:[0;39m 父级角色id-->18
[2m2021-10-31 11:10:56.950[0;39m [32mDEBUG[0;39m [35m40168[0;39m [2m---[0;39m [2m[nio-8090-exec-3][0;39m [36mc.z.M.i.LoginHandlerInterceptor         [0;39m [2m:[0;39m cookieValue: userInfo0:0:0:0:0:0:0:1admin
[2m2021-10-31 11:10:57.075[0;39m [32mDEBUG[0;39m [35m40168[0;39m [2m---[0;39m [2m[nio-8090-exec-7][0;39m [36mc.z.M.i.LoginHandlerInterceptor         [0;39m [2m:[0;39m cookieValue: userInfo0:0:0:0:0:0:0:1admin
[2m2021-10-31 11:10:58.270[0;39m [32mDEBUG[0;39m [35m40168[0;39m [2m---[0;39m [2m[io-8090-exec-10][0;39m [36mc.z.M.i.LoginHandlerInterceptor         [0;39m [2m:[0;39m cookieValue: userInfo0:0:0:0:0:0:0:1admin
[2m2021-10-31 11:10:58.270[0;39m [32mDEBUG[0;39m [35m40168[0;39m [2m---[0;39m [2m[nio-8090-exec-4][0;39m [36mc.z.M.i.LoginHandlerInterceptor         [0;39m [2m:[0;39m cookieValue: userInfo0:0:0:0:0:0:0:1admin
[2m2021-10-31 11:10:58.271[0;39m [32mDEBUG[0;39m [35m40168[0;39m [2m---[0;39m [2m[nio-8090-exec-4][0;39m [36mc.z.M.controller.auth.RoleController    [0;39m [2m:[0;39m 父级角色id-->18
[2m2021-10-31 11:11:08.086[0;39m [32mDEBUG[0;39m [35m40168[0;39m [2m---[0;39m [2m[nio-8090-exec-1][0;39m [36mc.z.M.i.LoginHandlerInterceptor         [0;39m [2m:[0;39m cookieValue: userInfo0:0:0:0:0:0:0:1admin
[2m2021-10-31 11:11:09.387[0;39m [32mDEBUG[0;39m [35m40168[0;39m [2m---[0;39m [2m[nio-8090-exec-2][0;39m [36mc.z.M.i.LoginHandlerInterceptor         [0;39m [2m:[0;39m cookieValue: userInfo0:0:0:0:0:0:0:1admin
[2m2021-10-31 11:11:09.499[0;39m [32mDEBUG[0;39m [35m40168[0;39m [2m---[0;39m [2m[nio-8090-exec-1][0;39m [36mc.z.M.i.LoginHandlerInterceptor         [0;39m [2m:[0;39m cookieValue: userInfo0:0:0:0:0:0:0:1admin
[2m2021-10-31 11:23:01.425[0;39m [32mDEBUG[0;39m [35m40168[0;39m [2m---[0;39m [2m[  restartedMain][0;39m [36mcom.zdk.MyBlog.MyBlogApplication        [0;39m [2m:[0;39m Running with Spring Boot v2.4.5, Spring v5.3.6
[2m2021-10-31 11:23:04.866[0;39m [32mDEBUG[0;39m [35m40168[0;39m [2m---[0;39m [2m[  restartedMain][0;39m [36mcom.zdk.MyBlog.MyBlogApplication        [0;39m [2m:[0;39m Running with Spring Boot v2.4.5, Spring v5.3.6
[2m2021-10-31 11:23:15.958[0;39m [32mDEBUG[0;39m [35m40168[0;39m [2m---[0;39m [2m[nio-8090-exec-3][0;39m [36mc.z.M.i.LoginHandlerInterceptor         [0;39m [2m:[0;39m cookieValue: userInfo0:0:0:0:0:0:0:1admin
[2m2021-10-31 11:23:16.094[0;39m [32mDEBUG[0;39m [35m40168[0;39m [2m---[0;39m [2m[nio-8090-exec-5][0;39m [36mc.z.M.i.LoginHandlerInterceptor         [0;39m [2m:[0;39m cookieValue: userInfo0:0:0:0:0:0:0:1admin
[2m2021-10-31 11:23:21.908[0;39m [32mDEBUG[0;39m [35m40168[0;39m [2m---[0;39m [2m[io-8090-exec-10][0;39m [36mc.z.M.i.LoginHandlerInterceptor         [0;39m [2m:[0;39m cookieValue: userInfo0:0:0:0:0:0:0:1admin
[2m2021-10-31 11:23:21.913[0;39m [32mDEBUG[0;39m [35m40168[0;39m [2m---[0;39m [2m[io-8090-exec-10][0;39m [36mc.z.M.i.LoginHandlerInterceptor         [0;39m [2m:[0;39m cookieValue: userInfo0:0:0:0:0:0:0:1admin
[2m2021-10-31 11:23:22.015[0;39m [32mDEBUG[0;39m [35m40168[0;39m [2m---[0;39m [2m[nio-8090-exec-7][0;39m [36mc.z.M.i.LoginHandlerInterceptor         [0;39m [2m:[0;39m cookieValue: userInfo0:0:0:0:0:0:0:1admin
[2m2021-10-31 11:26:08.217[0;39m [32mDEBUG[0;39m [35m40168[0;39m [2m---[0;39m [2m[io-8090-exec-10][0;39m [36mc.z.M.i.LoginHandlerInterceptor         [0;39m [2m:[0;39m cookieValue: userInfo0:0:0:0:0:0:0:1admin
[2m2021-10-31 11:26:08.339[0;39m [32mDEBUG[0;39m [35m40168[0;39m [2m---[0;39m [2m[nio-8090-exec-1][0;39m [36mc.z.M.i.LoginHandlerInterceptor         [0;39m [2m:[0;39m cookieValue: userInfo0:0:0:0:0:0:0:1admin
[2m2021-10-31 11:26:12.032[0;39m [32mDEBUG[0;39m [35m40168[0;39m [2m---[0;39m [2m[nio-8090-exec-8][0;39m [36mc.z.M.i.LoginHandlerInterceptor         [0;39m [2m:[0;39m cookieValue: userInfo0:0:0:0:0:0:0:1admin
[2m2021-10-31 11:26:12.032[0;39m [32mDEBUG[0;39m [35m40168[0;39m [2m---[0;39m [2m[nio-8090-exec-4][0;39m [36mc.z.M.i.LoginHandlerInterceptor         [0;39m [2m:[0;39m cookieValue: userInfo0:0:0:0:0:0:0:1admin
[2m2021-10-31 11:35:14.060[0;39m [32mDEBUG[0;39m [35m40596[0;39m [2m---[0;39m [2m[  restartedMain][0;39m [36mcom.zdk.MyBlog.MyBlogApplication        [0;39m [2m:[0;39m Running with Spring Boot v2.4.5, Spring v5.3.6
[2m2021-10-31 11:35:27.407[0;39m [32mDEBUG[0;39m [35m40596[0;39m [2m---[0;39m [2m[nio-8090-exec-1][0;39m [36mc.z.M.i.LoginHandlerInterceptor         [0;39m [2m:[0;39m cookieValue: userInfo0:0:0:0:0:0:0:1admin
[2m2021-10-31 11:35:27.928[0;39m [32mDEBUG[0;39m [35m40596[0;39m [2m---[0;39m [2m[nio-8090-exec-4][0;39m [36mc.z.M.i.LoginHandlerInterceptor         [0;39m [2m:[0;39m cookieValue: userInfo0:0:0:0:0:0:0:1admin
[2m2021-10-31 11:35:30.594[0;39m [32mDEBUG[0;39m [35m40596[0;39m [2m---[0;39m [2m[nio-8090-exec-8][0;39m [36mc.z.M.i.LoginHandlerInterceptor         [0;39m [2m:[0;39m cookieValue: userInfo0:0:0:0:0:0:0:1admin
[2m2021-10-31 11:35:30.595[0;39m [32mDEBUG[0;39m [35m40596[0;39m [2m---[0;39m [2m[nio-8090-exec-2][0;39m [36mc.z.M.i.LoginHandlerInterceptor         [0;39m [2m:[0;39m cookieValue: userInfo0:0:0:0:0:0:0:1admin
[2m2021-10-31 11:35:32.801[0;39m [32mDEBUG[0;39m [35m40596[0;39m [2m---[0;39m [2m[nio-8090-exec-4][0;39m [36mc.z.M.i.LoginHandlerInterceptor         [0;39m [2m:[0;39m cookieValue: userInfo0:0:0:0:0:0:0:1admin
[2m2021-10-31 11:35:32.882[0;39m [32mDEBUG[0;39m [35m40596[0;39m [2m---[0;39m [2m[nio-8090-exec-4][0;39m [36mc.z.M.i.LoginHandlerInterceptor         [0;39m [2m:[0;39m cookieValue: userInfo0:0:0:0:0:0:0:1admin
[2m2021-10-31 11:36:05.011[0;39m [32mDEBUG[0;39m [35m39860[0;39m [2m---[0;39m [2m[  restartedMain][0;39m [36mcom.zdk.MyBlog.MyBlogApplication        [0;39m [2m:[0;39m Running with Spring Boot v2.4.5, Spring v5.3.6
[2m2021-10-31 11:36:12.662[0;39m [32mDEBUG[0;39m [35m39860[0;39m [2m---[0;39m [2m[nio-8090-exec-1][0;39m [36mc.z.M.i.LoginHandlerInterceptor         [0;39m [2m:[0;39m cookieValue: userInfo0:0:0:0:0:0:0:1admin
[2m2021-10-31 11:36:13.190[0;39m [32mDEBUG[0;39m [35m39860[0;39m [2m---[0;39m [2m[nio-8090-exec-5][0;39m [36mc.z.M.i.LoginHandlerInterceptor         [0;39m [2m:[0;39m cookieValue: userInfo0:0:0:0:0:0:0:1admin
[2m2021-10-31 11:36:16.169[0;39m [32mDEBUG[0;39m [35m39860[0;39m [2m---[0;39m [2m[nio-8090-exec-4][0;39m [36mc.z.M.i.LoginHandlerInterceptor         [0;39m [2m:[0;39m cookieValue: userInfo0:0:0:0:0:0:0:1admin
[2m2021-10-31 11:36:16.169[0;39m [32mDEBUG[0;39m [35m39860[0;39m [2m---[0;39m [2m[nio-8090-exec-6][0;39m [36mc.z.M.i.LoginHandlerInterceptor         [0;39m [2m:[0;39m cookieValue: userInfo0:0:0:0:0:0:0:1admin
[2m2021-10-31 11:36:20.609[0;39m [32mDEBUG[0;39m [35m39860[0;39m [2m---[0;39m [2m[nio-8090-exec-9][0;39m [36mc.z.M.i.LoginHandlerInterceptor         [0;39m [2m:[0;39m cookieValue: userInfo0:0:0:0:0:0:0:1admin
[2m2021-10-31 11:36:20.688[0;39m [32mDEBUG[0;39m [35m39860[0;39m [2m---[0;39m [2m[nio-8090-exec-9][0;39m [36mc.z.M.i.LoginHandlerInterceptor         [0;39m [2m:[0;39m cookieValue: userInfo0:0:0:0:0:0:0:1admin
[2m2021-10-31 11:36:47.923[0;39m [32mDEBUG[0;39m [35m36336[0;39m [2m---[0;39m [2m[  restartedMain][0;39m [36mcom.zdk.MyBlog.MyBlogApplication        [0;39m [2m:[0;39m Running with Spring Boot v2.4.5, Spring v5.3.6
[2m2021-10-31 11:36:55.304[0;39m [32mDEBUG[0;39m [35m36336[0;39m [2m---[0;39m [2m[nio-8090-exec-1][0;39m [36mc.z.M.i.LoginHandlerInterceptor         [0;39m [2m:[0;39m cookieValue: userInfo0:0:0:0:0:0:0:1admin
[2m2021-10-31 11:36:55.827[0;39m [32mDEBUG[0;39m [35m36336[0;39m [2m---[0;39m [2m[nio-8090-exec-5][0;39m [36mc.z.M.i.LoginHandlerInterceptor         [0;39m [2m:[0;39m cookieValue: userInfo0:0:0:0:0:0:0:1admin
[2m2021-10-31 11:36:58.428[0;39m [32mDEBUG[0;39m [35m36336[0;39m [2m---[0;39m [2m[nio-8090-exec-7][0;39m [36mc.z.M.i.LoginHandlerInterceptor         [0;39m [2m:[0;39m cookieValue: userInfo0:0:0:0:0:0:0:1admin
[2m2021-10-31 11:36:58.429[0;39m [32mDEBUG[0;39m [35m36336[0;39m [2m---[0;39m [2m[nio-8090-exec-9][0;39m [36mc.z.M.i.LoginHandlerInterceptor         [0;39m [2m:[0;39m cookieValue: userInfo0:0:0:0:0:0:0:1admin
[2m2021-10-31 11:37:00.646[0;39m [32mDEBUG[0;39m [35m36336[0;39m [2m---[0;39m [2m[nio-8090-exec-4][0;39m [36mc.z.M.i.LoginHandlerInterceptor         [0;39m [2m:[0;39m cookieValue: userInfo0:0:0:0:0:0:0:1admin
[2m2021-10-31 11:37:01.964[0;39m [32mDEBUG[0;39m [35m36336[0;39m [2m---[0;39m [2m[io-8090-exec-10][0;39m [36mc.z.M.i.LoginHandlerInterceptor         [0;39m [2m:[0;39m cookieValue: userInfo0:0:0:0:0:0:0:1admin
[2m2021-10-31 11:37:02.077[0;39m [32mDEBUG[0;39m [35m36336[0;39m [2m---[0;39m [2m[nio-8090-exec-7][0;39m [36mc.z.M.i.LoginHandlerInterceptor         [0;39m [2m:[0;39m cookieValue: userInfo0:0:0:0:0:0:0:1admin
[2m2021-10-31 11:38:18.441[0;39m [32mDEBUG[0;39m [35m36336[0;39m [2m---[0;39m [2m[  restartedMain][0;39m [36mcom.zdk.MyBlog.MyBlogApplication        [0;39m [2m:[0;39m Running with Spring Boot v2.4.5, Spring v5.3.6
[2m2021-10-31 11:38:22.028[0;39m [32mDEBUG[0;39m [35m36336[0;39m [2m---[0;39m [2m[  restartedMain][0;39m [36mcom.zdk.MyBlog.MyBlogApplication        [0;39m [2m:[0;39m Running with Spring Boot v2.4.5, Spring v5.3.6
[2m2021-10-31 11:39:20.076[0;39m [32mDEBUG[0;39m [35m24344[0;39m [2m---[0;39m [2m[  restartedMain][0;39m [36mcom.zdk.MyBlog.MyBlogApplication        [0;39m [2m:[0;39m Running with Spring Boot v2.4.5, Spring v5.3.6
[2m2021-10-31 11:39:42.281[0;39m [32mDEBUG[0;39m [35m22676[0;39m [2m---[0;39m [2m[  restartedMain][0;39m [36mcom.zdk.MyBlog.MyBlogApplication        [0;39m [2m:[0;39m Running with Spring Boot v2.4.5, Spring v5.3.6
[2m2021-10-31 11:39:49.786[0;39m [32mDEBUG[0;39m [35m22676[0;39m [2m---[0;39m [2m[nio-8090-exec-1][0;39m [36mc.z.M.i.LoginHandlerInterceptor         [0;39m [2m:[0;39m cookieValue: userInfo0:0:0:0:0:0:0:1admin
[2m2021-10-31 11:39:50.291[0;39m [32mDEBUG[0;39m [35m22676[0;39m [2m---[0;39m [2m[nio-8090-exec-6][0;39m [36mc.z.M.i.LoginHandlerInterceptor         [0;39m [2m:[0;39m cookieValue: userInfo0:0:0:0:0:0:0:1admin
[2m2021-10-31 11:41:56.343[0;39m [32mDEBUG[0;39m [35m22676[0;39m [2m---[0;39m [2m[io-8090-exec-10][0;39m [36mc.z.M.i.LoginHandlerInterceptor         [0;39m [2m:[0;39m cookieValue: userInfo0:0:0:0:0:0:0:1admin
[2m2021-10-31 11:41:56.486[0;39m [32mDEBUG[0;39m [35m22676[0;39m [2m---[0;39m [2m[nio-8090-exec-5][0;39m [36mc.z.M.i.LoginHandlerInterceptor         [0;39m [2m:[0;39m cookieValue: userInfo0:0:0:0:0:0:0:1admin
[2m2021-10-31 11:41:59.786[0;39m [32mDEBUG[0;39m [35m22676[0;39m [2m---[0;39m [2m[nio-8090-exec-6][0;39m [36mc.z.M.i.LoginHandlerInterceptor         [0;39m [2m:[0;39m cookieValue: userInfo0:0:0:0:0:0:0:1admin
[2m2021-10-31 11:41:59.786[0;39m [32mDEBUG[0;39m [35m22676[0;39m [2m---[0;39m [2m[nio-8090-exec-2][0;39m [36mc.z.M.i.LoginHandlerInterceptor         [0;39m [2m:[0;39m cookieValue: userInfo0:0:0:0:0:0:0:1admin
[2m2021-10-31 11:42:44.935[0;39m [32mDEBUG[0;39m [35m22676[0;39m [2m---[0;39m [2m[nio-8090-exec-6][0;39m [36mc.z.M.i.LoginHandlerInterceptor         [0;39m [2m:[0;39m cookieValue: userInfo0:0:0:0:0:0:0:1admin
[2m2021-10-31 11:42:45.060[0;39m [32mDEBUG[0;39m [35m22676[0;39m [2m---[0;39m [2m[nio-8090-exec-7][0;39m [36mc.z.M.i.LoginHandlerInterceptor         [0;39m [2m:[0;39m cookieValue: userInfo0:0:0:0:0:0:0:1admin
[2m2021-10-31 11:44:58.178[0;39m [32mDEBUG[0;39m [35m22676[0;39m [2m---[0;39m [2m[nio-8090-exec-1][0;39m [36mc.z.M.i.LoginHandlerInterceptor         [0;39m [2m:[0;39m cookieValue: userInfo0:0:0:0:0:0:0:1admin
[2m2021-10-31 11:44:58.276[0;39m [32mDEBUG[0;39m [35m22676[0;39m [2m---[0;39m [2m[nio-8090-exec-5][0;39m [36mc.z.M.i.LoginHandlerInterceptor         [0;39m [2m:[0;39m cookieValue: userInfo0:0:0:0:0:0:0:1admin
[2m2021-10-31 11:45:09.291[0;39m [32mDEBUG[0;39m [35m22676[0;39m [2m---[0;39m [2m[nio-8090-exec-7][0;39m [36mc.z.M.i.LoginHandlerInterceptor         [0;39m [2m:[0;39m cookieValue: userInfo0:0:0:0:0:0:0:1admin
[2m2021-10-31 11:45:09.365[0;39m [32mDEBUG[0;39m [35m22676[0;39m [2m---[0;39m [2m[nio-8090-exec-9][0;39m [36mc.z.M.i.LoginHandlerInterceptor         [0;39m [2m:[0;39m cookieValue: userInfo0:0:0:0:0:0:0:1admin
[2m2021-10-31 11:45:15.643[0;39m [32mDEBUG[0;39m [35m22676[0;39m [2m---[0;39m [2m[nio-8090-exec-6][0;39m [36mc.z.M.i.LoginHandlerInterceptor         [0;39m [2m:[0;39m cookieValue: userInfo0:0:0:0:0:0:0:1admin
[2m2021-10-31 11:45:15.746[0;39m [32mDEBUG[0;39m [35m22676[0;39m [2m---[0;39m [2m[nio-8090-exec-5][0;39m [36mc.z.M.i.LoginHandlerInterceptor         [0;39m [2m:[0;39m cookieValue: userInfo0:0:0:0:0:0:0:1admin
[2m2021-10-31 11:45:22.070[0;39m [32mDEBUG[0;39m [35m22676[0;39m [2m---[0;39m [2m[nio-8090-exec-3][0;39m [36mc.z.M.i.LoginHandlerInterceptor         [0;39m [2m:[0;39m cookieValue: userInfo0:0:0:0:0:0:0:1admin
[2m2021-10-31 11:45:22.160[0;39m [32mDEBUG[0;39m [35m22676[0;39m [2m---[0;39m [2m[nio-8090-exec-1][0;39m [36mc.z.M.i.LoginHandlerInterceptor         [0;39m [2m:[0;39m cookieValue: userInfo0:0:0:0:0:0:0:1admin
[2m2021-10-31 11:45:37.193[0;39m [32mDEBUG[0;39m [35m22676[0;39m [2m---[0;39m [2m[nio-8090-exec-1][0;39m [36mc.z.M.i.LoginHandlerInterceptor         [0;39m [2m:[0;39m cookieValue: userInfo0:0:0:0:0:0:0:1admin
[2m2021-10-31 11:45:37.329[0;39m [32mDEBUG[0;39m [35m22676[0;39m [2m---[0;39m [2m[nio-8090-exec-4][0;39m [36mc.z.M.i.LoginHandlerInterceptor         [0;39m [2m:[0;39m cookieValue: userInfo0:0:0:0:0:0:0:1admin
[2m2021-10-31 11:45:49.854[0;39m [32mDEBUG[0;39m [35m22676[0;39m [2m---[0;39m [2m[nio-8090-exec-9][0;39m [36mc.z.M.i.LoginHandlerInterceptor         [0;39m [2m:[0;39m cookieValue: userInfo0:0:0:0:0:0:0:1admin
[2m2021-10-31 11:45:49.979[0;39m [32mDEBUG[0;39m [35m22676[0;39m [2m---[0;39m [2m[nio-8090-exec-2][0;39m [36mc.z.M.i.LoginHandlerInterceptor         [0;39m [2m:[0;39m cookieValue: userInfo0:0:0:0:0:0:0:1admin
[2m2021-10-31 11:45:58.562[0;39m [32mDEBUG[0;39m [35m22676[0;39m [2m---[0;39m [2m[nio-8090-exec-8][0;39m [36mc.z.M.i.LoginHandlerInterceptor         [0;39m [2m:[0;39m cookieValue: userInfo0:0:0:0:0:0:0:1admin
[2m2021-10-31 11:45:58.723[0;39m [32mDEBUG[0;39m [35m22676[0;39m [2m---[0;39m [2m[nio-8090-exec-4][0;39m [36mc.z.M.i.LoginHandlerInterceptor         [0;39m [2m:[0;39m cookieValue: userInfo0:0:0:0:0:0:0:1admin
[2m2021-10-31 11:46:49.876[0;39m [32mDEBUG[0;39m [35m22676[0;39m [2m---[0;39m [2m[nio-8090-exec-3][0;39m [36mc.z.M.i.LoginHandlerInterceptor         [0;39m [2m:[0;39m cookieValue: userInfo0:0:0:0:0:0:0:1admin
[2m2021-10-31 11:46:49.986[0;39m [32mDEBUG[0;39m [35m22676[0;39m [2m---[0;39m [2m[nio-8090-exec-2][0;39m [36mc.z.M.i.LoginHandlerInterceptor         [0;39m [2m:[0;39m cookieValue: userInfo0:0:0:0:0:0:0:1admin
[2m2021-10-31 11:47:17.331[0;39m [32mDEBUG[0;39m [35m22676[0;39m [2m---[0;39m [2m[nio-8090-exec-6][0;39m [36mc.z.M.i.LoginHandlerInterceptor         [0;39m [2m:[0;39m cookieValue: userInfo0:0:0:0:0:0:0:1admin
[2m2021-10-31 11:47:17.447[0;39m [32mDEBUG[0;39m [35m22676[0;39m [2m---[0;39m [2m[io-8090-exec-10][0;39m [36mc.z.M.i.LoginHandlerInterceptor         [0;39m [2m:[0;39m cookieValue: userInfo0:0:0:0:0:0:0:1admin
[2m2021-10-31 11:47:27.043[0;39m [32mDEBUG[0;39m [35m22676[0;39m [2m---[0;39m [2m[nio-8090-exec-8][0;39m [36mc.z.M.i.LoginHandlerInterceptor         [0;39m [2m:[0;39m cookieValue: userInfo0:0:0:0:0:0:0:1admin
[2m2021-10-31 11:47:27.160[0;39m [32mDEBUG[0;39m [35m22676[0;39m [2m---[0;39m [2m[nio-8090-exec-2][0;39m [36mc.z.M.i.LoginHandlerInterceptor         [0;39m [2m:[0;39m cookieValue: userInfo0:0:0:0:0:0:0:1admin
[2m2021-10-31 11:47:39.794[0;39m [32mDEBUG[0;39m [35m22676[0;39m [2m---[0;39m [2m[nio-8090-exec-7][0;39m [36mc.z.M.i.LoginHandlerInterceptor         [0;39m [2m:[0;39m cookieValue: userInfo0:0:0:0:0:0:0:1admin
[2m2021-10-31 11:47:39.903[0;39m [32mDEBUG[0;39m [35m22676[0;39m [2m---[0;39m [2m[nio-8090-exec-1][0;39m [36mc.z.M.i.LoginHandlerInterceptor         [0;39m [2m:[0;39m cookieValue: userInfo0:0:0:0:0:0:0:1admin
[2m2021-10-31 11:48:12.963[0;39m [32mDEBUG[0;39m [35m22676[0;39m [2m---[0;39m [2m[nio-8090-exec-7][0;39m [36mc.z.M.i.LoginHandlerInterceptor         [0;39m [2m:[0;39m cookieValue: userInfo0:0:0:0:0:0:0:1admin
[2m2021-10-31 11:48:13.074[0;39m [32mDEBUG[0;39m [35m22676[0;39m [2m---[0;39m [2m[nio-8090-exec-7][0;39m [36mc.z.M.i.LoginHandlerInterceptor         [0;39m [2m:[0;39m cookieValue: userInfo0:0:0:0:0:0:0:1admin
[2m2021-10-31 11:48:34.045[0;39m [32mDEBUG[0;39m [35m22676[0;39m [2m---[0;39m [2m[nio-8090-exec-4][0;39m [36mc.z.M.i.LoginHandlerInterceptor         [0;39m [2m:[0;39m cookieValue: userInfo0:0:0:0:0:0:0:1admin
[2m2021-10-31 11:48:34.171[0;39m [32mDEBUG[0;39m [35m22676[0;39m [2m---[0;39m [2m[io-8090-exec-10][0;39m [36mc.z.M.i.LoginHandlerInterceptor         [0;39m [2m:[0;39m cookieValue: userInfo0:0:0:0:0:0:0:1admin
[2m2021-10-31 11:48:42.384[0;39m [32mDEBUG[0;39m [35m22676[0;39m [2m---[0;39m [2m[nio-8090-exec-3][0;39m [36mc.z.M.i.LoginHandlerInterceptor         [0;39m [2m:[0;39m cookieValue: userInfo0:0:0:0:0:0:0:1admin
[2m2021-10-31 11:48:42.506[0;39m [32mDEBUG[0;39m [35m22676[0;39m [2m---[0;39m [2m[nio-8090-exec-9][0;39m [36mc.z.M.i.LoginHandlerInterceptor         [0;39m [2m:[0;39m cookieValue: userInfo0:0:0:0:0:0:0:1admin
[2m2021-10-31 11:49:06.054[0;39m [32mDEBUG[0;39m [35m22676[0;39m [2m---[0;39m [2m[nio-8090-exec-2][0;39m [36mc.z.M.i.LoginHandlerInterceptor         [0;39m [2m:[0;39m cookieValue: userInfo0:0:0:0:0:0:0:1admin
[2m2021-10-31 11:49:06.184[0;39m [32mDEBUG[0;39m [35m22676[0;39m [2m---[0;39m [2m[io-8090-exec-10][0;39m [36mc.z.M.i.LoginHandlerInterceptor         [0;39m [2m:[0;39m cookieValue: userInfo0:0:0:0:0:0:0:1admin
[2m2021-10-31 11:49:08.032[0;39m [32mDEBUG[0;39m [35m22676[0;39m [2m---[0;39m [2m[nio-8090-exec-1][0;39m [36mc.z.M.i.LoginHandlerInterceptor         [0;39m [2m:[0;39m cookieValue: userInfo0:0:0:0:0:0:0:1admin
[2m2021-10-31 11:49:10.268[0;39m [32mDEBUG[0;39m [35m22676[0;39m [2m---[0;39m [2m[nio-8090-exec-6][0;39m [36mc.z.M.i.LoginHandlerInterceptor         [0;39m [2m:[0;39m cookieValue: userInfo0:0:0:0:0:0:0:1admin
[2m2021-10-31 11:49:10.434[0;39m [32mDEBUG[0;39m [35m22676[0;39m [2m---[0;39m [2m[nio-8090-exec-6][0;39m [36mc.z.M.i.LoginHandlerInterceptor         [0;39m [2m:[0;39m cookieValue: userInfo0:0:0:0:0:0:0:1admin
[2m2021-10-31 11:49:25.874[0;39m [32mDEBUG[0;39m [35m22676[0;39m [2m---[0;39m [2m[nio-8090-exec-5][0;39m [36mc.z.M.i.LoginHandlerInterceptor         [0;39m [2m:[0;39m cookieValue: userInfo0:0:0:0:0:0:0:1admin
[2m2021-10-31 11:49:26.003[0;39m [32mDEBUG[0;39m [35m22676[0;39m [2m---[0;39m [2m[io-8090-exec-10][0;39m [36mc.z.M.i.LoginHandlerInterceptor         [0;39m [2m:[0;39m cookieValue: userInfo0:0:0:0:0:0:0:1admin
[2m2021-10-31 11:49:30.286[0;39m [32mDEBUG[0;39m [35m22676[0;39m [2m---[0;39m [2m[nio-8090-exec-5][0;39m [36mc.z.M.i.LoginHandlerInterceptor         [0;39m [2m:[0;39m cookieValue: userInfo0:0:0:0:0:0:0:1admin
[2m2021-10-31 11:49:37.583[0;39m [32mDEBUG[0;39m [35m22676[0;39m [2m---[0;39m [2m[nio-8090-exec-2][0;39m [36mc.z.M.i.LoginHandlerInterceptor         [0;39m [2m:[0;39m cookieValue: userInfo0:0:0:0:0:0:0:1admin
[2m2021-10-31 11:49:37.696[0;39m [32mDEBUG[0;39m [35m22676[0;39m [2m---[0;39m [2m[nio-8090-exec-2][0;39m [36mc.z.M.i.LoginHandlerInterceptor         [0;39m [2m:[0;39m cookieValue: userInfo0:0:0:0:0:0:0:1admin
[2m2021-10-31 11:52:46.634[0;39m [32mDEBUG[0;39m [35m22676[0;39m [2m---[0;39m [2m[nio-8090-exec-6][0;39m [36mc.z.M.i.LoginHandlerInterceptor         [0;39m [2m:[0;39m cookieValue: userInfo0:0:0:0:0:0:0:1admin
[2m2021-10-31 11:52:46.713[0;39m [32mDEBUG[0;39m [35m22676[0;39m [2m---[0;39m [2m[nio-8090-exec-4][0;39m [36mc.z.M.i.LoginHandlerInterceptor         [0;39m [2m:[0;39m cookieValue: userInfo0:0:0:0:0:0:0:1admin
[2m2021-10-31 11:52:47.440[0;39m [32mDEBUG[0;39m [35m22676[0;39m [2m---[0;39m [2m[nio-8090-exec-7][0;39m [36mc.z.M.i.LoginHandlerInterceptor         [0;39m [2m:[0;39m cookieValue: userInfo0:0:0:0:0:0:0:1admin
[2m2021-10-31 11:52:47.440[0;39m [32mDEBUG[0;39m [35m22676[0;39m [2m---[0;39m [2m[nio-8090-exec-3][0;39m [36mc.z.M.i.LoginHandlerInterceptor         [0;39m [2m:[0;39m cookieValue: userInfo0:0:0:0:0:0:0:1admin
[2m2021-10-31 11:52:47.462[0;39m [32mDEBUG[0;39m [35m22676[0;39m [2m---[0;39m [2m[nio-8090-exec-7][0;39m [36mc.z.M.i.LoginHandlerInterceptor         [0;39m [2m:[0;39m cookieValue: userInfo0:0:0:0:0:0:0:1admin
[2m2021-10-31 11:52:47.523[0;39m [32mDEBUG[0;39m [35m22676[0;39m [2m---[0;39m [2m[nio-8090-exec-5][0;39m [36mc.z.M.i.LoginHandlerInterceptor         [0;39m [2m:[0;39m cookieValue: userInfo0:0:0:0:0:0:0:1admin
[2m2021-10-31 11:53:22.831[0;39m [32mDEBUG[0;39m [35m22676[0;39m [2m---[0;39m [2m[nio-8090-exec-2][0;39m [36mc.z.M.i.LoginHandlerInterceptor         [0;39m [2m:[0;39m cookieValue: userInfo0:0:0:0:0:0:0:1admin
[2m2021-10-31 11:53:22.910[0;39m [32mDEBUG[0;39m [35m22676[0;39m [2m---[0;39m [2m[nio-8090-exec-2][0;39m [36mc.z.M.i.LoginHandlerInterceptor         [0;39m [2m:[0;39m cookieValue: userInfo0:0:0:0:0:0:0:1admin
[2m2021-10-31 11:53:23.780[0;39m [32mDEBUG[0;39m [35m22676[0;39m [2m---[0;39m [2m[nio-8090-exec-7][0;39m [36mc.z.M.i.LoginHandlerInterceptor         [0;39m [2m:[0;39m cookieValue: userInfo0:0:0:0:0:0:0:1admin
[2m2021-10-31 11:53:23.780[0;39m [32mDEBUG[0;39m [35m22676[0;39m [2m---[0;39m [2m[nio-8090-exec-1][0;39m [36mc.z.M.i.LoginHandlerInterceptor         [0;39m [2m:[0;39m cookieValue: userInfo0:0:0:0:0:0:0:1admin
[2m2021-10-31 11:53:27.551[0;39m [32mDEBUG[0;39m [35m22676[0;39m [2m---[0;39m [2m[nio-8090-exec-7][0;39m [36mc.z.M.i.LoginHandlerInterceptor         [0;39m [2m:[0;39m cookieValue: userInfo0:0:0:0:0:0:0:1admin
[2m2021-10-31 11:53:29.279[0;39m [32mDEBUG[0;39m [35m22676[0;39m [2m---[0;39m [2m[nio-8090-exec-4][0;39m [36mc.z.M.i.LoginHandlerInterceptor         [0;39m [2m:[0;39m cookieValue: userInfo0:0:0:0:0:0:0:1admin
[2m2021-10-31 11:53:29.362[0;39m [32mDEBUG[0;39m [35m22676[0;39m [2m---[0;39m [2m[nio-8090-exec-8][0;39m [36mc.z.M.i.LoginHandlerInterceptor         [0;39m [2m:[0;39m cookieValue: userInfo0:0:0:0:0:0:0:1admin
[2m2021-10-31 11:53:33.938[0;39m [32mDEBUG[0;39m [35m22676[0;39m [2m---[0;39m [2m[nio-8090-exec-6][0;39m [36mc.z.M.i.LoginHandlerInterceptor         [0;39m [2m:[0;39m cookieValue: userInfo0:0:0:0:0:0:0:1admin
[2m2021-10-31 11:53:33.938[0;39m [32mDEBUG[0;39m [35m22676[0;39m [2m---[0;39m [2m[nio-8090-exec-2][0;39m [36mc.z.M.i.LoginHandlerInterceptor         [0;39m [2m:[0;39m cookieValue: userInfo0:0:0:0:0:0:0:1admin
[2m2021-10-31 11:53:38.759[0;39m [32mDEBUG[0;39m [35m22676[0;39m [2m---[0;39m [2m[io-8090-exec-10][0;39m [36mc.z.M.i.LoginHandlerInterceptor         [0;39m [2m:[0;39m cookieValue: userInfo0:0:0:0:0:0:0:1admin
[2m2021-10-31 11:53:44.303[0;39m [32mDEBUG[0;39m [35m22676[0;39m [2m---[0;39m [2m[nio-8090-exec-5][0;39m [36mc.z.M.i.LoginHandlerInterceptor         [0;39m [2m:[0;39m cookieValue: userInfo0:0:0:0:0:0:0:1admin
[2m2021-10-31 11:53:48.585[0;39m [32mDEBUG[0;39m [35m22676[0;39m [2m---[0;39m [2m[nio-8090-exec-2][0;39m [36mc.z.M.i.LoginHandlerInterceptor         [0;39m [2m:[0;39m cookieValue: userInfo0:0:0:0:0:0:0:1admin
[2m2021-10-31 11:53:48.662[0;39m [32mDEBUG[0;39m [35m22676[0;39m [2m---[0;39m [2m[nio-8090-exec-1][0;39m [36mc.z.M.i.LoginHandlerInterceptor         [0;39m [2m:[0;39m cookieValue: userInfo0:0:0:0:0:0:0:1admin
[2m2021-10-31 11:54:23.218[0;39m [32mDEBUG[0;39m [35m22676[0;39m [2m---[0;39m [2m[nio-8090-exec-9][0;39m [36mc.z.M.i.LoginHandlerInterceptor         [0;39m [2m:[0;39m cookieValue: userInfo0:0:0:0:0:0:0:1admin
[2m2021-10-31 11:54:23.299[0;39m [32mDEBUG[0;39m [35m22676[0;39m [2m---[0;39m [2m[nio-8090-exec-4][0;39m [36mc.z.M.i.LoginHandlerInterceptor         [0;39m [2m:[0;39m cookieValue: userInfo0:0:0:0:0:0:0:1admin
[2m2021-10-31 11:54:26.633[0;39m [32mDEBUG[0;39m [35m22676[0;39m [2m---[0;39m [2m[nio-8090-exec-5][0;39m [36mc.z.M.i.LoginHandlerInterceptor         [0;39m [2m:[0;39m cookieValue: userInfo0:0:0:0:0:0:0:1admin
[2m2021-10-31 11:54:26.633[0;39m [32mDEBUG[0;39m [35m22676[0;39m [2m---[0;39m [2m[io-8090-exec-10][0;39m [36mc.z.M.i.LoginHandlerInterceptor         [0;39m [2m:[0;39m cookieValue: userInfo0:0:0:0:0:0:0:1admin
[2m2021-10-31 11:54:29.136[0;39m [32mDEBUG[0;39m [35m22676[0;39m [2m---[0;39m [2m[nio-8090-exec-7][0;39m [36mc.z.M.i.LoginHandlerInterceptor         [0;39m [2m:[0;39m cookieValue: userInfo0:0:0:0:0:0:0:1admin
[2m2021-10-31 11:54:31.648[0;39m [32mDEBUG[0;39m [35m22676[0;39m [2m---[0;39m [2m[nio-8090-exec-1][0;39m [36mc.z.M.i.LoginHandlerInterceptor         [0;39m [2m:[0;39m cookieValue: userInfo0:0:0:0:0:0:0:1admin
[2m2021-10-31 11:54:31.724[0;39m [32mDEBUG[0;39m [35m22676[0;39m [2m---[0;39m [2m[nio-8090-exec-8][0;39m [36mc.z.M.i.LoginHandlerInterceptor         [0;39m [2m:[0;39m cookieValue: userInfo0:0:0:0:0:0:0:1admin
[2m2021-10-31 11:58:07.451[0;39m [32mDEBUG[0;39m [35m41332[0;39m [2m---[0;39m [2m[  restartedMain][0;39m [36mcom.zdk.MyBlog.MyBlogApplication        [0;39m [2m:[0;39m Running with Spring Boot v2.4.5, Spring v5.3.6
[2m2021-10-31 11:58:13.275[0;39m [32mDEBUG[0;39m [35m41332[0;39m [2m---[0;39m [2m[nio-8090-exec-1][0;39m [36mc.z.M.i.LoginHandlerInterceptor         [0;39m [2m:[0;39m cookieValue: userInfo0:0:0:0:0:0:0:1admin
[2m2021-10-31 11:58:13.765[0;39m [32mDEBUG[0;39m [35m41332[0;39m [2m---[0;39m [2m[io-8090-exec-10][0;39m [36mc.z.M.i.LoginHandlerInterceptor         [0;39m [2m:[0;39m cookieValue: userInfo0:0:0:0:0:0:0:1admin
[2m2021-10-31 11:58:14.900[0;39m [32mDEBUG[0;39m [35m41332[0;39m [2m---[0;39m [2m[nio-8090-exec-3][0;39m [36mc.z.M.i.LoginHandlerInterceptor         [0;39m [2m:[0;39m cookieValue: userInfo0:0:0:0:0:0:0:1admin
[2m2021-10-31 11:58:14.900[0;39m [32mDEBUG[0;39m [35m41332[0;39m [2m---[0;39m [2m[nio-8090-exec-5][0;39m [36mc.z.M.i.LoginHandlerInterceptor         [0;39m [2m:[0;39m cookieValue: userInfo0:0:0:0:0:0:0:1admin
[2m2021-10-31 11:58:17.600[0;39m [32mDEBUG[0;39m [35m41332[0;39m [2m---[0;39m [2m[nio-8090-exec-4][0;39m [36mc.z.M.i.LoginHandlerInterceptor         [0;39m [2m:[0;39m cookieValue: userInfo0:0:0:0:0:0:0:1admin
[2m2021-10-31 11:58:20.414[0;39m [32mDEBUG[0;39m [35m41332[0;39m [2m---[0;39m [2m[nio-8090-exec-2][0;39m [36mc.z.M.i.LoginHandlerInterceptor         [0;39m [2m:[0;39m cookieValue: userInfo0:0:0:0:0:0:0:1admin
[2m2021-10-31 11:58:20.501[0;39m [32mDEBUG[0;39m [35m41332[0;39m [2m---[0;39m [2m[nio-8090-exec-8][0;39m [36mc.z.M.i.LoginHandlerInterceptor         [0;39m [2m:[0;39m cookieValue: userInfo0:0:0:0:0:0:0:1admin
[2m2021-10-31 14:41:30.789[0;39m [32mDEBUG[0;39m [35m41332[0;39m [2m---[0;39m [2m[nio-8090-exec-6][0;39m [36mc.z.M.i.LoginHandlerInterceptor         [0;39m [2m:[0;39m cookieValue: userInfo0:0:0:0:0:0:0:1admin
[2m2021-10-31 14:41:30.969[0;39m [32mDEBUG[0;39m [35m41332[0;39m [2m---[0;39m [2m[nio-8090-exec-4][0;39m [36mc.z.M.i.LoginHandlerInterceptor         [0;39m [2m:[0;39m cookieValue: userInfo0:0:0:0:0:0:0:1admin
[2m2021-10-31 14:41:35.165[0;39m [32mDEBUG[0;39m [35m41332[0;39m [2m---[0;39m [2m[nio-8090-exec-5][0;39m [36mc.z.M.i.LoginHandlerInterceptor         [0;39m [2m:[0;39m cookieValue: userInfo0:0:0:0:0:0:0:1admin
[2m2021-10-31 14:41:35.280[0;39m [32mDEBUG[0;39m [35m41332[0;39m [2m---[0;39m [2m[nio-8090-exec-3][0;39m [36mc.z.M.i.LoginHandlerInterceptor         [0;39m [2m:[0;39m cookieValue: userInfo0:0:0:0:0:0:0:1admin
[2m2021-10-31 14:41:37.540[0;39m [32mDEBUG[0;39m [35m41332[0;39m [2m---[0;39m [2m[nio-8090-exec-9][0;39m [36mc.z.M.i.LoginHandlerInterceptor         [0;39m [2m:[0;39m cookieValue: userInfo0:0:0:0:0:0:0:1admin
[2m2021-10-31 14:41:37.540[0;39m [32mDEBUG[0;39m [35m41332[0;39m [2m---[0;39m [2m[nio-8090-exec-4][0;39m [36mc.z.M.i.LoginHandlerInterceptor         [0;39m [2m:[0;39m cookieValue: userInfo0:0:0:0:0:0:0:1admin
[2m2021-10-31 14:42:18.628[0;39m [32mDEBUG[0;39m [35m41332[0;39m [2m---[0;39m [2m[io-8090-exec-10][0;39m [36mc.z.M.i.LoginHandlerInterceptor         [0;39m [2m:[0;39m cookieValue: userInfo0:0:0:0:0:0:0:1admin
[2m2021-10-31 14:42:18.706[0;39m [32mDEBUG[0;39m [35m41332[0;39m [2m---[0;39m [2m[nio-8090-exec-3][0;39m [36mc.z.M.i.LoginHandlerInterceptor         [0;39m [2m:[0;39m cookieValue: userInfo0:0:0:0:0:0:0:1admin
[2m2021-10-31 14:42:19.838[0;39m [32mDEBUG[0;39m [35m41332[0;39m [2m---[0;39m [2m[nio-8090-exec-6][0;39m [36mc.z.M.i.LoginHandlerInterceptor         [0;39m [2m:[0;39m cookieValue: userInfo0:0:0:0:0:0:0:1admin
[2m2021-10-31 14:42:19.839[0;39m [32mDEBUG[0;39m [35m41332[0;39m [2m---[0;39m [2m[nio-8090-exec-1][0;39m [36mc.z.M.i.LoginHandlerInterceptor         [0;39m [2m:[0;39m cookieValue: userInfo0:0:0:0:0:0:0:1admin
[2m2021-10-31 14:42:38.294[0;39m [32mDEBUG[0;39m [35m41332[0;39m [2m---[0;39m [2m[nio-8090-exec-6][0;39m [36mc.z.M.i.LoginHandlerInterceptor         [0;39m [2m:[0;39m cookieValue: userInfo0:0:0:0:0:0:0:1admin
[2m2021-10-31 14:42:38.404[0;39m [32mDEBUG[0;39m [35m41332[0;39m [2m---[0;39m [2m[nio-8090-exec-1][0;39m [36mc.z.M.i.LoginHandlerInterceptor         [0;39m [2m:[0;39m cookieValue: userInfo0:0:0:0:0:0:0:1admin
[2m2021-10-31 14:42:39.580[0;39m [32mDEBUG[0;39m [35m41332[0;39m [2m---[0;39m [2m[nio-8090-exec-7][0;39m [36mc.z.M.i.LoginHandlerInterceptor         [0;39m [2m:[0;39m cookieValue: userInfo0:0:0:0:0:0:0:1admin
[2m2021-10-31 14:42:39.580[0;39m [32mDEBUG[0;39m [35m41332[0;39m [2m---[0;39m [2m[nio-8090-exec-6][0;39m [36mc.z.M.i.LoginHandlerInterceptor         [0;39m [2m:[0;39m cookieValue: userInfo0:0:0:0:0:0:0:1admin
[2m2021-10-31 14:43:28.816[0;39m [32mDEBUG[0;39m [35m41332[0;39m [2m---[0;39m [2m[nio-8090-exec-7][0;39m [36mc.z.M.i.LoginHandlerInterceptor         [0;39m [2m:[0;39m cookieValue: userInfo0:0:0:0:0:0:0:1admin
[2m2021-10-31 14:43:28.903[0;39m [32mDEBUG[0;39m [35m41332[0;39m [2m---[0;39m [2m[nio-8090-exec-5][0;39m [36mc.z.M.i.LoginHandlerInterceptor         [0;39m [2m:[0;39m cookieValue: userInfo0:0:0:0:0:0:0:1admin
[2m2021-10-31 14:43:29.627[0;39m [32mDEBUG[0;39m [35m41332[0;39m [2m---[0;39m [2m[nio-8090-exec-1][0;39m [36mc.z.M.i.LoginHandlerInterceptor         [0;39m [2m:[0;39m cookieValue: userInfo0:0:0:0:0:0:0:1admin
[2m2021-10-31 14:43:29.627[0;39m [32mDEBUG[0;39m [35m41332[0;39m [2m---[0;39m [2m[nio-8090-exec-7][0;39m [36mc.z.M.i.LoginHandlerInterceptor         [0;39m [2m:[0;39m cookieValue: userInfo0:0:0:0:0:0:0:1admin
[2m2021-10-31 14:43:38.577[0;39m [32mDEBUG[0;39m [35m41332[0;39m [2m---[0;39m [2m[io-8090-exec-10][0;39m [36mc.z.M.i.LoginHandlerInterceptor         [0;39m [2m:[0;39m cookieValue: userInfo0:0:0:0:0:0:0:1admin
[2m2021-10-31 14:43:38.674[0;39m [32mDEBUG[0;39m [35m41332[0;39m [2m---[0;39m [2m[nio-8090-exec-3][0;39m [36mc.z.M.i.LoginHandlerInterceptor         [0;39m [2m:[0;39m cookieValue: userInfo0:0:0:0:0:0:0:1admin
[2m2021-10-31 14:43:39.492[0;39m [32mDEBUG[0;39m [35m41332[0;39m [2m---[0;39m [2m[nio-8090-exec-5][0;39m [36mc.z.M.i.LoginHandlerInterceptor         [0;39m [2m:[0;39m cookieValue: userInfo0:0:0:0:0:0:0:1admin
[2m2021-10-31 14:43:39.493[0;39m [32mDEBUG[0;39m [35m41332[0;39m [2m---[0;39m [2m[io-8090-exec-10][0;39m [36mc.z.M.i.LoginHandlerInterceptor         [0;39m [2m:[0;39m cookieValue: userInfo0:0:0:0:0:0:0:1admin
[2m2021-10-31 14:44:09.823[0;39m [32mDEBUG[0;39m [35m41332[0;39m [2m---[0;39m [2m[nio-8090-exec-7][0;39m [36mc.z.M.i.LoginHandlerInterceptor         [0;39m [2m:[0;39m cookieValue: userInfo0:0:0:0:0:0:0:1admin
[2m2021-10-31 14:44:09.911[0;39m [32mDEBUG[0;39m [35m41332[0;39m [2m---[0;39m [2m[nio-8090-exec-1][0;39m [36mc.z.M.i.LoginHandlerInterceptor         [0;39m [2m:[0;39m cookieValue: userInfo0:0:0:0:0:0:0:1admin
[2m2021-10-31 14:44:11.147[0;39m [32mDEBUG[0;39m [35m41332[0;39m [2m---[0;39m [2m[io-8090-exec-10][0;39m [36mc.z.M.i.LoginHandlerInterceptor         [0;39m [2m:[0;39m cookieValue: userInfo0:0:0:0:0:0:0:1admin
[2m2021-10-31 14:44:11.147[0;39m [32mDEBUG[0;39m [35m41332[0;39m [2m---[0;39m [2m[nio-8090-exec-2][0;39m [36mc.z.M.i.LoginHandlerInterceptor         [0;39m [2m:[0;39m cookieValue: userInfo0:0:0:0:0:0:0:1admin
[2m2021-10-31 14:44:15.879[0;39m [32mDEBUG[0;39m [35m41332[0;39m [2m---[0;39m [2m[nio-8090-exec-2][0;39m [36mc.z.M.i.LoginHandlerInterceptor         [0;39m [2m:[0;39m cookieValue: userInfo0:0:0:0:0:0:0:1admin
[2m2021-10-31 14:44:15.949[0;39m [32mDEBUG[0;39m [35m41332[0;39m [2m---[0;39m [2m[nio-8090-exec-8][0;39m [36mc.z.M.i.LoginHandlerInterceptor         [0;39m [2m:[0;39m cookieValue: userInfo0:0:0:0:0:0:0:1admin
[2m2021-10-31 14:44:17.020[0;39m [32mDEBUG[0;39m [35m41332[0;39m [2m---[0;39m [2m[nio-8090-exec-3][0;39m [36mc.z.M.i.LoginHandlerInterceptor         [0;39m [2m:[0;39m cookieValue: userInfo0:0:0:0:0:0:0:1admin
[2m2021-10-31 14:44:17.020[0;39m [32mDEBUG[0;39m [35m41332[0;39m [2m---[0;39m [2m[nio-8090-exec-6][0;39m [36mc.z.M.i.LoginHandlerInterceptor         [0;39m [2m:[0;39m cookieValue: userInfo0:0:0:0:0:0:0:1admin
[2m2021-10-31 14:45:33.318[0;39m [32mDEBUG[0;39m [35m41332[0;39m [2m---[0;39m [2m[nio-8090-exec-3][0;39m [36mc.z.M.i.LoginHandlerInterceptor         [0;39m [2m:[0;39m cookieValue: userInfo0:0:0:0:0:0:0:1admin
[2m2021-10-31 14:45:33.395[0;39m [32mDEBUG[0;39m [35m41332[0;39m [2m---[0;39m [2m[nio-8090-exec-1][0;39m [36mc.z.M.i.LoginHandlerInterceptor         [0;39m [2m:[0;39m cookieValue: userInfo0:0:0:0:0:0:0:1admin
[2m2021-10-31 14:45:34.394[0;39m [32mDEBUG[0;39m [35m41332[0;39m [2m---[0;39m [2m[nio-8090-exec-7][0;39m [36mc.z.M.i.LoginHandlerInterceptor         [0;39m [2m:[0;39m cookieValue: userInfo0:0:0:0:0:0:0:1admin
[2m2021-10-31 14:45:34.394[0;39m [32mDEBUG[0;39m [35m41332[0;39m [2m---[0;39m [2m[nio-8090-exec-8][0;39m [36mc.z.M.i.LoginHandlerInterceptor         [0;39m [2m:[0;39m cookieValue: userInfo0:0:0:0:0:0:0:1admin
[2m2021-10-31 14:45:59.229[0;39m [32mDEBUG[0;39m [35m41332[0;39m [2m---[0;39m [2m[nio-8090-exec-9][0;39m [36mc.z.M.i.LoginHandlerInterceptor         [0;39m [2m:[0;39m cookieValue: userInfo0:0:0:0:0:0:0:1admin
[2m2021-10-31 14:45:59.329[0;39m [32mDEBUG[0;39m [35m41332[0;39m [2m---[0;39m [2m[nio-8090-exec-1][0;39m [36mc.z.M.i.LoginHandlerInterceptor         [0;39m [2m:[0;39m cookieValue: userInfo0:0:0:0:0:0:0:1admin
[2m2021-10-31 14:46:00.324[0;39m [32mDEBUG[0;39m [35m41332[0;39m [2m---[0;39m [2m[nio-8090-exec-8][0;39m [36mc.z.M.i.LoginHandlerInterceptor         [0;39m [2m:[0;39m cookieValue: userInfo0:0:0:0:0:0:0:1admin
[2m2021-10-31 14:46:00.324[0;39m [32mDEBUG[0;39m [35m41332[0;39m [2m---[0;39m [2m[nio-8090-exec-6][0;39m [36mc.z.M.i.LoginHandlerInterceptor         [0;39m [2m:[0;39m cookieValue: userInfo0:0:0:0:0:0:0:1admin
[2m2021-10-31 14:46:20.876[0;39m [32mDEBUG[0;39m [35m41332[0;39m [2m---[0;39m [2m[nio-8090-exec-3][0;39m [36mc.z.M.i.LoginHandlerInterceptor         [0;39m [2m:[0;39m cookieValue: userInfo0:0:0:0:0:0:0:1admin
[2m2021-10-31 14:46:20.959[0;39m [32mDEBUG[0;39m [35m41332[0;39m [2m---[0;39m [2m[nio-8090-exec-9][0;39m [36mc.z.M.i.LoginHandlerInterceptor         [0;39m [2m:[0;39m cookieValue: userInfo0:0:0:0:0:0:0:1admin
[2m2021-10-31 14:46:22.142[0;39m [32mDEBUG[0;39m [35m41332[0;39m [2m---[0;39m [2m[nio-8090-exec-8][0;39m [36mc.z.M.i.LoginHandlerInterceptor         [0;39m [2m:[0;39m cookieValue: userInfo0:0:0:0:0:0:0:1admin
[2m2021-10-31 14:46:22.142[0;39m [32mDEBUG[0;39m [35m41332[0;39m [2m---[0;39m [2m[nio-8090-exec-5][0;39m [36mc.z.M.i.LoginHandlerInterceptor         [0;39m [2m:[0;39m cookieValue: userInfo0:0:0:0:0:0:0:1admin
[2m2021-10-31 16:24:50.080[0;39m [32mDEBUG[0;39m [35m40036[0;39m [2m---[0;39m [2m[  restartedMain][0;39m [36mcom.zdk.MyBlog.MyBlogApplication        [0;39m [2m:[0;39m Running with Spring Boot v2.4.5, Spring v5.3.6
