[2m2021-11-08 18:38:09.190[0;39m [32m INFO[0;39m [35m30964[0;39m [2m---[0;39m [2m[  restartedMain][0;39m [36mcom.zdk.MyBlog.MyBlogApplication        [0;39m [2m:[0;39m Starting MyBlogApplication using Java 1.8.0_282 on DESKTOP-7KN75LJ with PID 30964 (F:\project\my\my-blog\target\classes started by zdk in F:\project\my\my-blog)
[2m2021-11-08 18:38:09.221[0;39m [32m INFO[0;39m [35m30964[0;39m [2m---[0;39m [2m[  restartedMain][0;39m [36mcom.zdk.MyBlog.MyBlogApplication        [0;39m [2m:[0;39m The following profiles are active: dev
[2m2021-11-08 18:38:09.265[0;39m [32m INFO[0;39m [35m30964[0;39m [2m---[0;39m [2m[  restartedMain][0;39m [36m.e.DevToolsPropertyDefaultsPostProcessor[0;39m [2m:[0;39m Devtools property defaults active! Set 'spring.devtools.add-properties' to 'false' to disable
[2m2021-11-08 18:38:09.267[0;39m [32m INFO[0;39m [35m30964[0;39m [2m---[0;39m [2m[  restartedMain][0;39m [36m.e.DevToolsPropertyDefaultsPostProcessor[0;39m [2m:[0;39m For additional web related logging consider setting the 'logging.level.web' property to 'DEBUG'
[2m2021-11-08 18:38:11.023[0;39m [32m INFO[0;39m [35m30964[0;39m [2m---[0;39m [2m[  restartedMain][0;39m [36m.s.d.r.c.RepositoryConfigurationDelegate[0;39m [2m:[0;39m Multiple Spring Data modules found, entering strict repository configuration mode!
[2m2021-11-08 18:38:11.025[0;39m [32m INFO[0;39m [35m30964[0;39m [2m---[0;39m [2m[  restartedMain][0;39m [36m.s.d.r.c.RepositoryConfigurationDelegate[0;39m [2m:[0;39m Bootstrapping Spring Data Redis repositories in DEFAULT mode.
[2m2021-11-08 18:38:11.054[0;39m [32m INFO[0;39m [35m30964[0;39m [2m---[0;39m [2m[  restartedMain][0;39m [36m.s.d.r.c.RepositoryConfigurationDelegate[0;39m [2m:[0;39m Finished Spring Data repository scanning in 15 ms. Found 0 Redis repository interfaces.
[2m2021-11-08 18:38:11.680[0;39m [32m INFO[0;39m [35m30964[0;39m [2m---[0;39m [2m[  restartedMain][0;39m [36mo.s.b.w.embedded.tomcat.TomcatWebServer [0;39m [2m:[0;39m Tomcat initialized with port(s): 8090 (http)
[2m2021-11-08 18:38:11.688[0;39m [32m INFO[0;39m [35m30964[0;39m [2m---[0;39m [2m[  restartedMain][0;39m [36mo.apache.catalina.core.StandardService  [0;39m [2m:[0;39m Starting service [Tomcat]
[2m2021-11-08 18:38:11.688[0;39m [32m INFO[0;39m [35m30964[0;39m [2m---[0;39m [2m[  restartedMain][0;39m [36morg.apache.catalina.core.StandardEngine [0;39m [2m:[0;39m Starting Servlet engine: [Apache Tomcat/9.0.45]
[2m2021-11-08 18:38:11.779[0;39m [32m INFO[0;39m [35m30964[0;39m [2m---[0;39m [2m[  restartedMain][0;39m [36mo.a.c.c.C.[Tomcat].[localhost].[/]      [0;39m [2m:[0;39m Initializing Spring embedded WebApplicationContext
[2m2021-11-08 18:38:11.780[0;39m [32m INFO[0;39m [35m30964[0;39m [2m---[0;39m [2m[  restartedMain][0;39m [36mw.s.c.ServletWebServerApplicationContext[0;39m [2m:[0;39m Root WebApplicationContext: initialization completed in 2512 ms
[2m2021-11-08 18:38:11.931[0;39m [32m INFO[0;39m [35m30964[0;39m [2m---[0;39m [2m[  restartedMain][0;39m [36mc.a.d.s.b.a.DruidDataSourceAutoConfigure[0;39m [2m:[0;39m Init DruidDataSource
[2m2021-11-08 18:38:12.105[0;39m [32m INFO[0;39m [35m30964[0;39m [2m---[0;39m [2m[  restartedMain][0;39m [36mcom.alibaba.druid.pool.DruidDataSource  [0;39m [2m:[0;39m {dataSource-1} inited
[2m2021-11-08 18:38:13.855[0;39m [32m INFO[0;39m [35m30964[0;39m [2m---[0;39m [2m[  restartedMain][0;39m [36mpertySourcedRequestMappingHandlerMapping[0;39m [2m:[0;39m Mapped URL path [/v2/api-docs] onto method [springfox.documentation.swagger2.web.Swagger2Controller#getDocumentation(String, HttpServletRequest)]
[2m2021-11-08 18:38:13.972[0;39m [32m INFO[0;39m [35m30964[0;39m [2m---[0;39m [2m[  restartedMain][0;39m [36mo.s.s.concurrent.ThreadPoolTaskExecutor [0;39m [2m:[0;39m Initializing ExecutorService 'applicationTaskExecutor'
[2m2021-11-08 18:38:14.019[0;39m [32m INFO[0;39m [35m30964[0;39m [2m---[0;39m [2m[  restartedMain][0;39m [36mo.s.b.d.a.OptionalLiveReloadServer      [0;39m [2m:[0;39m LiveReload server is running on port 35729
[2m2021-11-08 18:38:14.497[0;39m [32m INFO[0;39m [35m30964[0;39m [2m---[0;39m [2m[  restartedMain][0;39m [36mo.s.b.w.embedded.tomcat.TomcatWebServer [0;39m [2m:[0;39m Tomcat started on port(s): 8090 (http) with context path ''
[2m2021-11-08 18:38:14.498[0;39m [32m INFO[0;39m [35m30964[0;39m [2m---[0;39m [2m[  restartedMain][0;39m [36md.s.w.p.DocumentationPluginsBootstrapper[0;39m [2m:[0;39m Context refreshed
[2m2021-11-08 18:38:14.512[0;39m [32m INFO[0;39m [35m30964[0;39m [2m---[0;39m [2m[  restartedMain][0;39m [36md.s.w.p.DocumentationPluginsBootstrapper[0;39m [2m:[0;39m Found 1 custom documentation plugin(s)
[2m2021-11-08 18:38:14.540[0;39m [32m INFO[0;39m [35m30964[0;39m [2m---[0;39m [2m[  restartedMain][0;39m [36ms.d.s.w.s.ApiListingReferenceScanner    [0;39m [2m:[0;39m Scanning for api listing references
[2m2021-11-08 18:38:14.657[0;39m [32m INFO[0;39m [35m30964[0;39m [2m---[0;39m [2m[  restartedMain][0;39m [36m.d.s.w.r.o.CachingOperationNameGenerator[0;39m [2m:[0;39m Generating unique operation named: indexUsingPOST_1
[2m2021-11-08 18:38:14.658[0;39m [32m INFO[0;39m [35m30964[0;39m [2m---[0;39m [2m[  restartedMain][0;39m [36m.d.s.w.r.o.CachingOperationNameGenerator[0;39m [2m:[0;39m Generating unique operation named: indexUsingGET_1
[2m2021-11-08 18:38:14.664[0;39m [32m INFO[0;39m [35m30964[0;39m [2m---[0;39m [2m[  restartedMain][0;39m [36m.d.s.w.r.o.CachingOperationNameGenerator[0;39m [2m:[0;39m Generating unique operation named: deleteUsingPOST_1
[2m2021-11-08 18:38:14.665[0;39m [32m INFO[0;39m [35m30964[0;39m [2m---[0;39m [2m[  restartedMain][0;39m [36m.d.s.w.r.o.CachingOperationNameGenerator[0;39m [2m:[0;39m Generating unique operation named: deleteUsingGET_1
[2m2021-11-08 18:38:14.666[0;39m [32m INFO[0;39m [35m30964[0;39m [2m---[0;39m [2m[  restartedMain][0;39m [36m.d.s.w.r.o.CachingOperationNameGenerator[0;39m [2m:[0;39m Generating unique operation named: indexUsingPOST_2
[2m2021-11-08 18:38:14.666[0;39m [32m INFO[0;39m [35m30964[0;39m [2m---[0;39m [2m[  restartedMain][0;39m [36m.d.s.w.r.o.CachingOperationNameGenerator[0;39m [2m:[0;39m Generating unique operation named: indexUsingGET_2
[2m2021-11-08 18:38:14.670[0;39m [32m INFO[0;39m [35m30964[0;39m [2m---[0;39m [2m[  restartedMain][0;39m [36m.d.s.w.r.o.CachingOperationNameGenerator[0;39m [2m:[0;39m Generating unique operation named: indexUsingPOST_3
[2m2021-11-08 18:38:14.671[0;39m [32m INFO[0;39m [35m30964[0;39m [2m---[0;39m [2m[  restartedMain][0;39m [36m.d.s.w.r.o.CachingOperationNameGenerator[0;39m [2m:[0;39m Generating unique operation named: indexUsingGET_3
[2m2021-11-08 18:38:14.672[0;39m [32m INFO[0;39m [35m30964[0;39m [2m---[0;39m [2m[  restartedMain][0;39m [36m.d.s.w.r.o.CachingOperationNameGenerator[0;39m [2m:[0;39m Generating unique operation named: indexUsingGET_4
[2m2021-11-08 18:38:14.679[0;39m [32m INFO[0;39m [35m30964[0;39m [2m---[0;39m [2m[  restartedMain][0;39m [36m.d.s.w.r.o.CachingOperationNameGenerator[0;39m [2m:[0;39m Generating unique operation named: loginUsingGET_1
[2m2021-11-08 18:38:14.679[0;39m [32m INFO[0;39m [35m30964[0;39m [2m---[0;39m [2m[  restartedMain][0;39m [36m.d.s.w.r.o.CachingOperationNameGenerator[0;39m [2m:[0;39m Generating unique operation named: logoutUsingGET_1
[2m2021-11-08 18:38:14.680[0;39m [32m INFO[0;39m [35m30964[0;39m [2m---[0;39m [2m[  restartedMain][0;39m [36m.d.s.w.r.o.CachingOperationNameGenerator[0;39m [2m:[0;39m Generating unique operation named: indexUsingPOST_4
[2m2021-11-08 18:38:14.681[0;39m [32m INFO[0;39m [35m30964[0;39m [2m---[0;39m [2m[  restartedMain][0;39m [36m.d.s.w.r.o.CachingOperationNameGenerator[0;39m [2m:[0;39m Generating unique operation named: indexUsingGET_5
[2m2021-11-08 18:38:14.686[0;39m [32m INFO[0;39m [35m30964[0;39m [2m---[0;39m [2m[  restartedMain][0;39m [36m.d.s.w.r.o.CachingOperationNameGenerator[0;39m [2m:[0;39m Generating unique operation named: deleteUsingPOST_2
[2m2021-11-08 18:38:14.687[0;39m [32m INFO[0;39m [35m30964[0;39m [2m---[0;39m [2m[  restartedMain][0;39m [36m.d.s.w.r.o.CachingOperationNameGenerator[0;39m [2m:[0;39m Generating unique operation named: deleteUsingGET_2
[2m2021-11-08 18:38:14.693[0;39m [32m INFO[0;39m [35m30964[0;39m [2m---[0;39m [2m[  restartedMain][0;39m [36m.d.s.w.r.o.CachingOperationNameGenerator[0;39m [2m:[0;39m Generating unique operation named: indexUsingPOST_5
[2m2021-11-08 18:38:14.693[0;39m [32m INFO[0;39m [35m30964[0;39m [2m---[0;39m [2m[  restartedMain][0;39m [36m.d.s.w.r.o.CachingOperationNameGenerator[0;39m [2m:[0;39m Generating unique operation named: indexUsingGET_6
[2m2021-11-08 18:38:14.695[0;39m [32m INFO[0;39m [35m30964[0;39m [2m---[0;39m [2m[  restartedMain][0;39m [36m.d.s.w.r.o.CachingOperationNameGenerator[0;39m [2m:[0;39m Generating unique operation named: indexUsingPOST_6
[2m2021-11-08 18:38:14.695[0;39m [32m INFO[0;39m [35m30964[0;39m [2m---[0;39m [2m[  restartedMain][0;39m [36m.d.s.w.r.o.CachingOperationNameGenerator[0;39m [2m:[0;39m Generating unique operation named: indexUsingGET_7
[2m2021-11-08 18:38:14.701[0;39m [32m INFO[0;39m [35m30964[0;39m [2m---[0;39m [2m[  restartedMain][0;39m [36m.d.s.w.r.o.CachingOperationNameGenerator[0;39m [2m:[0;39m Generating unique operation named: deleteUsingPOST_3
[2m2021-11-08 18:38:14.701[0;39m [32m INFO[0;39m [35m30964[0;39m [2m---[0;39m [2m[  restartedMain][0;39m [36m.d.s.w.r.o.CachingOperationNameGenerator[0;39m [2m:[0;39m Generating unique operation named: deleteUsingGET_3
[2m2021-11-08 18:38:14.702[0;39m [32m INFO[0;39m [35m30964[0;39m [2m---[0;39m [2m[  restartedMain][0;39m [36m.d.s.w.r.o.CachingOperationNameGenerator[0;39m [2m:[0;39m Generating unique operation named: editUsingPOST_1
[2m2021-11-08 18:38:14.703[0;39m [32m INFO[0;39m [35m30964[0;39m [2m---[0;39m [2m[  restartedMain][0;39m [36m.d.s.w.r.o.CachingOperationNameGenerator[0;39m [2m:[0;39m Generating unique operation named: editUsingGET_1
[2m2021-11-08 18:38:14.704[0;39m [32m INFO[0;39m [35m30964[0;39m [2m---[0;39m [2m[  restartedMain][0;39m [36m.d.s.w.r.o.CachingOperationNameGenerator[0;39m [2m:[0;39m Generating unique operation named: indexUsingPOST_7
[2m2021-11-08 18:38:14.705[0;39m [32m INFO[0;39m [35m30964[0;39m [2m---[0;39m [2m[  restartedMain][0;39m [36m.d.s.w.r.o.CachingOperationNameGenerator[0;39m [2m:[0;39m Generating unique operation named: indexUsingGET_8
[2m2021-11-08 18:38:14.723[0;39m [32m INFO[0;39m [35m30964[0;39m [2m---[0;39m [2m[  restartedMain][0;39m [36mcom.zdk.MyBlog.MyBlogApplication        [0;39m [2m:[0;39m Started MyBlogApplication in 5.965 seconds (JVM running for 6.679)
[2m2021-11-08 18:39:30.032[0;39m [32m INFO[0;39m [35m30964[0;39m [2m---[0;39m [2m[nio-8090-exec-1][0;39m [36mo.a.c.c.C.[Tomcat].[localhost].[/]      [0;39m [2m:[0;39m Initializing Spring DispatcherServlet 'dispatcherServlet'
[2m2021-11-08 18:39:30.032[0;39m [32m INFO[0;39m [35m30964[0;39m [2m---[0;39m [2m[nio-8090-exec-1][0;39m [36mo.s.web.servlet.DispatcherServlet       [0;39m [2m:[0;39m Initializing Servlet 'dispatcherServlet'
[2m2021-11-08 18:39:30.033[0;39m [32m INFO[0;39m [35m30964[0;39m [2m---[0;39m [2m[nio-8090-exec-1][0;39m [36mo.s.web.servlet.DispatcherServlet       [0;39m [2m:[0;39m Completed initialization in 1 ms
[2m2021-11-08 18:39:30.112[0;39m [32m INFO[0;39m [35m30964[0;39m [2m---[0;39m [2m[nio-8090-exec-4][0;39m [36mcom.zdk.MyBlog.aspect.WebLogAspect      [0;39m [2m:[0;39m URL : http://localhost:8090/user/toIndex
[2m2021-11-08 18:39:30.112[0;39m [32m INFO[0;39m [35m30964[0;39m [2m---[0;39m [2m[nio-8090-exec-4][0;39m [36mcom.zdk.MyBlog.aspect.WebLogAspect      [0;39m [2m:[0;39m HTTP_METHOD : GET
[2m2021-11-08 18:39:30.112[0;39m [32m INFO[0;39m [35m30964[0;39m [2m---[0;39m [2m[nio-8090-exec-4][0;39m [36mcom.zdk.MyBlog.aspect.WebLogAspect      [0;39m [2m:[0;39m IP : 0:0:0:0:0:0:0:1
[2m2021-11-08 18:39:30.113[0;39m [32m INFO[0;39m [35m30964[0;39m [2m---[0;39m [2m[nio-8090-exec-4][0;39m [36mcom.zdk.MyBlog.aspect.WebLogAspect      [0;39m [2m:[0;39m CLASS_METHOD : com.zdk.MyBlog.controller.user.UserController.toIndex
[2m2021-11-08 18:39:30.113[0;39m [32m INFO[0;39m [35m30964[0;39m [2m---[0;39m [2m[nio-8090-exec-4][0;39m [36mcom.zdk.MyBlog.aspect.WebLogAspect      [0;39m [2m:[0;39m ARGS : [{}, 1, 5, null]
[2m2021-11-08 18:39:30.535[0;39m [32m INFO[0;39m [35m30964[0;39m [2m---[0;39m [2m[nio-8090-exec-4][0;39m [36mcom.zdk.MyBlog.aspect.WebLogAspect      [0;39m [2m:[0;39m RESPONSE : blog/index
[2m2021-11-08 18:39:30.535[0;39m [32m INFO[0;39m [35m30964[0;39m [2m---[0;39m [2m[nio-8090-exec-4][0;39m [36mcom.zdk.MyBlog.aspect.WebLogAspect      [0;39m [2m:[0;39m SPEND TIME : 425
[2m2021-11-08 18:39:32.459[0;39m [32m INFO[0;39m [35m30964[0;39m [2m---[0;39m [2m[nio-8090-exec-1][0;39m [36mc.z.M.i.LoginHandlerInterceptor         [0;39m [2m:[0;39m ===========>进入拦截器
[2m2021-11-08 18:39:32.459[0;39m [32m INFO[0;39m [35m30964[0;39m [2m---[0;39m [2m[nio-8090-exec-1][0;39m [36mc.z.M.i.LoginHandlerInterceptor         [0;39m [2m:[0;39m UserAgent: Mozilla/5.0 (Windows NT 10.0; Win64; x64) AppleWebKit/537.36 (KHTML, like Gecko) Chrome/93.0.4577.82 Safari/537.36
[2m2021-11-08 18:39:32.459[0;39m [32m INFO[0;39m [35m30964[0;39m [2m---[0;39m [2m[nio-8090-exec-1][0;39m [36mc.z.M.i.LoginHandlerInterceptor         [0;39m [2m:[0;39m 用户访问地址: /assets/images/favicon.ico;jsessionid=ADAD589ECC892C312E1802EB00B4ACAC, 来路地址: 0:0:0:0:0:0:0:1
[2m2021-11-08 18:39:35.146[0;39m [32m INFO[0;39m [35m30964[0;39m [2m---[0;39m [2m[nio-8090-exec-8][0;39m [36mcom.zdk.MyBlog.aspect.WebLogAspect      [0;39m [2m:[0;39m URL : http://localhost:8090/user/toIndex
[2m2021-11-08 18:39:35.147[0;39m [32m INFO[0;39m [35m30964[0;39m [2m---[0;39m [2m[nio-8090-exec-8][0;39m [36mcom.zdk.MyBlog.aspect.WebLogAspect      [0;39m [2m:[0;39m HTTP_METHOD : GET
[2m2021-11-08 18:39:35.147[0;39m [32m INFO[0;39m [35m30964[0;39m [2m---[0;39m [2m[nio-8090-exec-8][0;39m [36mcom.zdk.MyBlog.aspect.WebLogAspect      [0;39m [2m:[0;39m IP : 0:0:0:0:0:0:0:1
[2m2021-11-08 18:39:35.147[0;39m [32m INFO[0;39m [35m30964[0;39m [2m---[0;39m [2m[nio-8090-exec-8][0;39m [36mcom.zdk.MyBlog.aspect.WebLogAspect      [0;39m [2m:[0;39m CLASS_METHOD : com.zdk.MyBlog.controller.user.UserController.toIndex
[2m2021-11-08 18:39:35.147[0;39m [32m INFO[0;39m [35m30964[0;39m [2m---[0;39m [2m[nio-8090-exec-8][0;39m [36mcom.zdk.MyBlog.aspect.WebLogAspect      [0;39m [2m:[0;39m ARGS : [{}, 3, 5, null]
[2m2021-11-08 18:39:35.168[0;39m [32m INFO[0;39m [35m30964[0;39m [2m---[0;39m [2m[nio-8090-exec-8][0;39m [36mcom.zdk.MyBlog.aspect.WebLogAspect      [0;39m [2m:[0;39m RESPONSE : blog/index
[2m2021-11-08 18:39:35.168[0;39m [32m INFO[0;39m [35m30964[0;39m [2m---[0;39m [2m[nio-8090-exec-8][0;39m [36mcom.zdk.MyBlog.aspect.WebLogAspect      [0;39m [2m:[0;39m SPEND TIME : 22
[2m2021-11-08 18:39:35.352[0;39m [32m INFO[0;39m [35m30964[0;39m [2m---[0;39m [2m[nio-8090-exec-9][0;39m [36mc.z.M.i.LoginHandlerInterceptor         [0;39m [2m:[0;39m ===========>进入拦截器
[2m2021-11-08 18:39:35.353[0;39m [32m INFO[0;39m [35m30964[0;39m [2m---[0;39m [2m[nio-8090-exec-9][0;39m [36mc.z.M.i.LoginHandlerInterceptor         [0;39m [2m:[0;39m UserAgent: Mozilla/5.0 (Windows NT 10.0; Win64; x64) AppleWebKit/537.36 (KHTML, like Gecko) Chrome/93.0.4577.82 Safari/537.36
[2m2021-11-08 18:39:35.353[0;39m [32m INFO[0;39m [35m30964[0;39m [2m---[0;39m [2m[nio-8090-exec-9][0;39m [36mc.z.M.i.LoginHandlerInterceptor         [0;39m [2m:[0;39m 用户访问地址: /assets/images/favicon.ico, 来路地址: 0:0:0:0:0:0:0:1
[2m2021-11-08 18:39:38.664[0;39m [32m INFO[0;39m [35m30964[0;39m [2m---[0;39m [2m[nio-8090-exec-6][0;39m [36mcom.zdk.MyBlog.aspect.WebLogAspect      [0;39m [2m:[0;39m URL : http://localhost:8090/user/toIndex
[2m2021-11-08 18:39:38.664[0;39m [32m INFO[0;39m [35m30964[0;39m [2m---[0;39m [2m[nio-8090-exec-6][0;39m [36mcom.zdk.MyBlog.aspect.WebLogAspect      [0;39m [2m:[0;39m HTTP_METHOD : GET
[2m2021-11-08 18:39:38.664[0;39m [32m INFO[0;39m [35m30964[0;39m [2m---[0;39m [2m[nio-8090-exec-6][0;39m [36mcom.zdk.MyBlog.aspect.WebLogAspect      [0;39m [2m:[0;39m IP : 0:0:0:0:0:0:0:1
[2m2021-11-08 18:39:38.664[0;39m [32m INFO[0;39m [35m30964[0;39m [2m---[0;39m [2m[nio-8090-exec-6][0;39m [36mcom.zdk.MyBlog.aspect.WebLogAspect      [0;39m [2m:[0;39m CLASS_METHOD : com.zdk.MyBlog.controller.user.UserController.toIndex
[2m2021-11-08 18:39:38.664[0;39m [32m INFO[0;39m [35m30964[0;39m [2m---[0;39m [2m[nio-8090-exec-6][0;39m [36mcom.zdk.MyBlog.aspect.WebLogAspect      [0;39m [2m:[0;39m ARGS : [{}, 1, 5, null]
[2m2021-11-08 18:39:38.683[0;39m [32m INFO[0;39m [35m30964[0;39m [2m---[0;39m [2m[nio-8090-exec-6][0;39m [36mcom.zdk.MyBlog.aspect.WebLogAspect      [0;39m [2m:[0;39m RESPONSE : blog/index
[2m2021-11-08 18:39:38.683[0;39m [32m INFO[0;39m [35m30964[0;39m [2m---[0;39m [2m[nio-8090-exec-6][0;39m [36mcom.zdk.MyBlog.aspect.WebLogAspect      [0;39m [2m:[0;39m SPEND TIME : 19
[2m2021-11-08 18:39:40.281[0;39m [32m INFO[0;39m [35m30964[0;39m [2m---[0;39m [2m[nio-8090-exec-5][0;39m [36mcom.zdk.MyBlog.aspect.WebLogAspect      [0;39m [2m:[0;39m URL : http://localhost:8090/user/toIndex
[2m2021-11-08 18:39:40.281[0;39m [32m INFO[0;39m [35m30964[0;39m [2m---[0;39m [2m[nio-8090-exec-5][0;39m [36mcom.zdk.MyBlog.aspect.WebLogAspect      [0;39m [2m:[0;39m HTTP_METHOD : GET
[2m2021-11-08 18:39:40.281[0;39m [32m INFO[0;39m [35m30964[0;39m [2m---[0;39m [2m[nio-8090-exec-5][0;39m [36mcom.zdk.MyBlog.aspect.WebLogAspect      [0;39m [2m:[0;39m IP : 0:0:0:0:0:0:0:1
[2m2021-11-08 18:39:40.281[0;39m [32m INFO[0;39m [35m30964[0;39m [2m---[0;39m [2m[nio-8090-exec-5][0;39m [36mcom.zdk.MyBlog.aspect.WebLogAspect      [0;39m [2m:[0;39m CLASS_METHOD : com.zdk.MyBlog.controller.user.UserController.toIndex
[2m2021-11-08 18:39:40.281[0;39m [32m INFO[0;39m [35m30964[0;39m [2m---[0;39m [2m[nio-8090-exec-5][0;39m [36mcom.zdk.MyBlog.aspect.WebLogAspect      [0;39m [2m:[0;39m ARGS : [{}, 2, 5, null]
[2m2021-11-08 18:39:40.297[0;39m [32m INFO[0;39m [35m30964[0;39m [2m---[0;39m [2m[nio-8090-exec-5][0;39m [36mcom.zdk.MyBlog.aspect.WebLogAspect      [0;39m [2m:[0;39m RESPONSE : blog/index
[2m2021-11-08 18:39:40.297[0;39m [32m INFO[0;39m [35m30964[0;39m [2m---[0;39m [2m[nio-8090-exec-5][0;39m [36mcom.zdk.MyBlog.aspect.WebLogAspect      [0;39m [2m:[0;39m SPEND TIME : 16
[2m2021-11-08 18:39:42.489[0;39m [32m INFO[0;39m [35m30964[0;39m [2m---[0;39m [2m[nio-8090-exec-2][0;39m [36mcom.zdk.MyBlog.aspect.WebLogAspect      [0;39m [2m:[0;39m URL : http://localhost:8090/user/toIndex
[2m2021-11-08 18:39:42.489[0;39m [32m INFO[0;39m [35m30964[0;39m [2m---[0;39m [2m[nio-8090-exec-2][0;39m [36mcom.zdk.MyBlog.aspect.WebLogAspect      [0;39m [2m:[0;39m HTTP_METHOD : GET
[2m2021-11-08 18:39:42.489[0;39m [32m INFO[0;39m [35m30964[0;39m [2m---[0;39m [2m[nio-8090-exec-2][0;39m [36mcom.zdk.MyBlog.aspect.WebLogAspect      [0;39m [2m:[0;39m IP : 0:0:0:0:0:0:0:1
[2m2021-11-08 18:39:42.489[0;39m [32m INFO[0;39m [35m30964[0;39m [2m---[0;39m [2m[nio-8090-exec-2][0;39m [36mcom.zdk.MyBlog.aspect.WebLogAspect      [0;39m [2m:[0;39m CLASS_METHOD : com.zdk.MyBlog.controller.user.UserController.toIndex
[2m2021-11-08 18:39:42.489[0;39m [32m INFO[0;39m [35m30964[0;39m [2m---[0;39m [2m[nio-8090-exec-2][0;39m [36mcom.zdk.MyBlog.aspect.WebLogAspect      [0;39m [2m:[0;39m ARGS : [{}, 3, 5, null]
[2m2021-11-08 18:39:42.502[0;39m [32m INFO[0;39m [35m30964[0;39m [2m---[0;39m [2m[nio-8090-exec-2][0;39m [36mcom.zdk.MyBlog.aspect.WebLogAspect      [0;39m [2m:[0;39m RESPONSE : blog/index
[2m2021-11-08 18:39:42.502[0;39m [32m INFO[0;39m [35m30964[0;39m [2m---[0;39m [2m[nio-8090-exec-2][0;39m [36mcom.zdk.MyBlog.aspect.WebLogAspect      [0;39m [2m:[0;39m SPEND TIME : 13
[2m2021-11-08 18:39:44.256[0;39m [32m INFO[0;39m [35m30964[0;39m [2m---[0;39m [2m[nio-8090-exec-1][0;39m [36mcom.zdk.MyBlog.aspect.WebLogAspect      [0;39m [2m:[0;39m URL : http://localhost:8090/user/toIndex
[2m2021-11-08 18:39:44.256[0;39m [32m INFO[0;39m [35m30964[0;39m [2m---[0;39m [2m[nio-8090-exec-1][0;39m [36mcom.zdk.MyBlog.aspect.WebLogAspect      [0;39m [2m:[0;39m HTTP_METHOD : GET
[2m2021-11-08 18:39:44.256[0;39m [32m INFO[0;39m [35m30964[0;39m [2m---[0;39m [2m[nio-8090-exec-1][0;39m [36mcom.zdk.MyBlog.aspect.WebLogAspect      [0;39m [2m:[0;39m IP : 0:0:0:0:0:0:0:1
[2m2021-11-08 18:39:44.256[0;39m [32m INFO[0;39m [35m30964[0;39m [2m---[0;39m [2m[nio-8090-exec-1][0;39m [36mcom.zdk.MyBlog.aspect.WebLogAspect      [0;39m [2m:[0;39m CLASS_METHOD : com.zdk.MyBlog.controller.user.UserController.toIndex
[2m2021-11-08 18:39:44.256[0;39m [32m INFO[0;39m [35m30964[0;39m [2m---[0;39m [2m[nio-8090-exec-1][0;39m [36mcom.zdk.MyBlog.aspect.WebLogAspect      [0;39m [2m:[0;39m ARGS : [{}, 1, 5, null]
[2m2021-11-08 18:39:44.272[0;39m [32m INFO[0;39m [35m30964[0;39m [2m---[0;39m [2m[nio-8090-exec-1][0;39m [36mcom.zdk.MyBlog.aspect.WebLogAspect      [0;39m [2m:[0;39m RESPONSE : blog/index
[2m2021-11-08 18:39:44.272[0;39m [32m INFO[0;39m [35m30964[0;39m [2m---[0;39m [2m[nio-8090-exec-1][0;39m [36mcom.zdk.MyBlog.aspect.WebLogAspect      [0;39m [2m:[0;39m SPEND TIME : 16
[2m2021-11-08 18:39:57.802[0;39m [32m INFO[0;39m [35m30964[0;39m [2m---[0;39m [2m[nio-8090-exec-8][0;39m [36mcom.zdk.MyBlog.aspect.WebLogAspect      [0;39m [2m:[0;39m URL : http://localhost:8090/user/toIndex
[2m2021-11-08 18:39:57.802[0;39m [32m INFO[0;39m [35m30964[0;39m [2m---[0;39m [2m[nio-8090-exec-8][0;39m [36mcom.zdk.MyBlog.aspect.WebLogAspect      [0;39m [2m:[0;39m HTTP_METHOD : GET
[2m2021-11-08 18:39:57.802[0;39m [32m INFO[0;39m [35m30964[0;39m [2m---[0;39m [2m[nio-8090-exec-8][0;39m [36mcom.zdk.MyBlog.aspect.WebLogAspect      [0;39m [2m:[0;39m IP : 0:0:0:0:0:0:0:1
[2m2021-11-08 18:39:57.802[0;39m [32m INFO[0;39m [35m30964[0;39m [2m---[0;39m [2m[nio-8090-exec-8][0;39m [36mcom.zdk.MyBlog.aspect.WebLogAspect      [0;39m [2m:[0;39m CLASS_METHOD : com.zdk.MyBlog.controller.user.UserController.toIndex
[2m2021-11-08 18:39:57.802[0;39m [32m INFO[0;39m [35m30964[0;39m [2m---[0;39m [2m[nio-8090-exec-8][0;39m [36mcom.zdk.MyBlog.aspect.WebLogAspect      [0;39m [2m:[0;39m ARGS : [{}, 1, 5, 又拍云]
[2m2021-11-08 18:39:57.822[0;39m [32m INFO[0;39m [35m30964[0;39m [2m---[0;39m [2m[nio-8090-exec-8][0;39m [36mcom.zdk.MyBlog.aspect.WebLogAspect      [0;39m [2m:[0;39m RESPONSE : blog/index
[2m2021-11-08 18:39:57.822[0;39m [32m INFO[0;39m [35m30964[0;39m [2m---[0;39m [2m[nio-8090-exec-8][0;39m [36mcom.zdk.MyBlog.aspect.WebLogAspect      [0;39m [2m:[0;39m SPEND TIME : 21
[2m2021-11-08 18:40:00.982[0;39m [32m INFO[0;39m [35m30964[0;39m [2m---[0;39m [2m[nio-8090-exec-7][0;39m [36mcom.zdk.MyBlog.aspect.WebLogAspect      [0;39m [2m:[0;39m URL : http://localhost:8090/user/toIndex
[2m2021-11-08 18:40:00.982[0;39m [32m INFO[0;39m [35m30964[0;39m [2m---[0;39m [2m[nio-8090-exec-7][0;39m [36mcom.zdk.MyBlog.aspect.WebLogAspect      [0;39m [2m:[0;39m HTTP_METHOD : GET
[2m2021-11-08 18:40:00.982[0;39m [32m INFO[0;39m [35m30964[0;39m [2m---[0;39m [2m[nio-8090-exec-7][0;39m [36mcom.zdk.MyBlog.aspect.WebLogAspect      [0;39m [2m:[0;39m IP : 0:0:0:0:0:0:0:1
[2m2021-11-08 18:40:00.982[0;39m [32m INFO[0;39m [35m30964[0;39m [2m---[0;39m [2m[nio-8090-exec-7][0;39m [36mcom.zdk.MyBlog.aspect.WebLogAspect      [0;39m [2m:[0;39m CLASS_METHOD : com.zdk.MyBlog.controller.user.UserController.toIndex
[2m2021-11-08 18:40:00.982[0;39m [32m INFO[0;39m [35m30964[0;39m [2m---[0;39m [2m[nio-8090-exec-7][0;39m [36mcom.zdk.MyBlog.aspect.WebLogAspect      [0;39m [2m:[0;39m ARGS : [{}, 1, 5, ]
[2m2021-11-08 18:40:00.997[0;39m [32m INFO[0;39m [35m30964[0;39m [2m---[0;39m [2m[nio-8090-exec-7][0;39m [36mcom.zdk.MyBlog.aspect.WebLogAspect      [0;39m [2m:[0;39m RESPONSE : blog/index
[2m2021-11-08 18:40:00.997[0;39m [32m INFO[0;39m [35m30964[0;39m [2m---[0;39m [2m[nio-8090-exec-7][0;39m [36mcom.zdk.MyBlog.aspect.WebLogAspect      [0;39m [2m:[0;39m SPEND TIME : 15
[2m2021-11-08 18:41:07.022[0;39m [32m INFO[0;39m [35m30964[0;39m [2m---[0;39m [2m[nio-8090-exec-3][0;39m [36mcom.zdk.MyBlog.aspect.WebLogAspect      [0;39m [2m:[0;39m URL : http://localhost:8090/admin/login
[2m2021-11-08 18:41:07.022[0;39m [32m INFO[0;39m [35m30964[0;39m [2m---[0;39m [2m[nio-8090-exec-3][0;39m [36mcom.zdk.MyBlog.aspect.WebLogAspect      [0;39m [2m:[0;39m HTTP_METHOD : GET
[2m2021-11-08 18:41:07.022[0;39m [32m INFO[0;39m [35m30964[0;39m [2m---[0;39m [2m[nio-8090-exec-3][0;39m [36mcom.zdk.MyBlog.aspect.WebLogAspect      [0;39m [2m:[0;39m IP : 0:0:0:0:0:0:0:1
[2m2021-11-08 18:41:07.022[0;39m [32m INFO[0;39m [35m30964[0;39m [2m---[0;39m [2m[nio-8090-exec-3][0;39m [36mcom.zdk.MyBlog.aspect.WebLogAspect      [0;39m [2m:[0;39m CLASS_METHOD : com.zdk.MyBlog.controller.admin.IndexController.login
[2m2021-11-08 18:41:07.022[0;39m [32m INFO[0;39m [35m30964[0;39m [2m---[0;39m [2m[nio-8090-exec-3][0;39m [36mcom.zdk.MyBlog.aspect.WebLogAspect      [0;39m [2m:[0;39m ARGS : []
[2m2021-11-08 18:41:07.025[0;39m [32m INFO[0;39m [35m30964[0;39m [2m---[0;39m [2m[nio-8090-exec-3][0;39m [36mcom.zdk.MyBlog.aspect.WebLogAspect      [0;39m [2m:[0;39m RESPONSE : admin/login
[2m2021-11-08 18:41:07.025[0;39m [32m INFO[0;39m [35m30964[0;39m [2m---[0;39m [2m[nio-8090-exec-3][0;39m [36mcom.zdk.MyBlog.aspect.WebLogAspect      [0;39m [2m:[0;39m SPEND TIME : 3
[2m2021-11-08 18:41:09.695[0;39m [32m INFO[0;39m [35m30964[0;39m [2m---[0;39m [2m[nio-8090-exec-1][0;39m [36mcom.zdk.MyBlog.aspect.WebLogAspect      [0;39m [2m:[0;39m URL : http://localhost:8090/user/login
[2m2021-11-08 18:41:09.695[0;39m [32m INFO[0;39m [35m30964[0;39m [2m---[0;39m [2m[nio-8090-exec-1][0;39m [36mcom.zdk.MyBlog.aspect.WebLogAspect      [0;39m [2m:[0;39m HTTP_METHOD : POST
[2m2021-11-08 18:41:09.695[0;39m [32m INFO[0;39m [35m30964[0;39m [2m---[0;39m [2m[nio-8090-exec-1][0;39m [36mcom.zdk.MyBlog.aspect.WebLogAspect      [0;39m [2m:[0;39m IP : 0:0:0:0:0:0:0:1
[2m2021-11-08 18:41:09.695[0;39m [32m INFO[0;39m [35m30964[0;39m [2m---[0;39m [2m[nio-8090-exec-1][0;39m [36mcom.zdk.MyBlog.aspect.WebLogAspect      [0;39m [2m:[0;39m CLASS_METHOD : com.zdk.MyBlog.controller.user.LoginController.login
[2m2021-11-08 18:41:09.695[0;39m [32m INFO[0;39m [35m30964[0;39m [2m---[0;39m [2m[nio-8090-exec-1][0;39m [36mcom.zdk.MyBlog.aspect.WebLogAspect      [0;39m [2m:[0;39m ARGS : [admin, 123, on]
[2m2021-11-08 18:41:09.976[0;39m [32m INFO[0;39m [35m30964[0;39m [2m---[0;39m [2m[nio-8090-exec-1][0;39m [36mc.z.MyBlog.handler.MyMetaObjectHandler  [0;39m [2m:[0;39m 插入时开始填充--------
[2m2021-11-08 18:41:10.132[0;39m [32m INFO[0;39m [35m30964[0;39m [2m---[0;39m [2m[nio-8090-exec-1][0;39m [36mcom.zdk.MyBlog.aspect.WebLogAspect      [0;39m [2m:[0;39m RESPONSE : com.zdk.MyBlog.utils.ApiResponse@35281918
[2m2021-11-08 18:41:10.132[0;39m [32m INFO[0;39m [35m30964[0;39m [2m---[0;39m [2m[nio-8090-exec-1][0;39m [36mcom.zdk.MyBlog.aspect.WebLogAspect      [0;39m [2m:[0;39m SPEND TIME : 437
[2m2021-11-08 18:41:11.410[0;39m [32m INFO[0;39m [35m30964[0;39m [2m---[0;39m [2m[nio-8090-exec-3][0;39m [36mc.z.M.i.LoginHandlerInterceptor         [0;39m [2m:[0;39m ===========>进入拦截器
[2m2021-11-08 18:41:11.411[0;39m [32m INFO[0;39m [35m30964[0;39m [2m---[0;39m [2m[nio-8090-exec-3][0;39m [36mc.z.M.i.LoginHandlerInterceptor         [0;39m [2m:[0;39m UserAgent: Mozilla/5.0 (Windows NT 10.0; Win64; x64) AppleWebKit/537.36 (KHTML, like Gecko) Chrome/93.0.4577.82 Safari/537.36
[2m2021-11-08 18:41:11.411[0;39m [32m INFO[0;39m [35m30964[0;39m [2m---[0;39m [2m[nio-8090-exec-3][0;39m [36mc.z.M.i.LoginHandlerInterceptor         [0;39m [2m:[0;39m 用户访问地址: /admin/index, 来路地址: 0:0:0:0:0:0:0:1
[2m2021-11-08 18:41:11.437[0;39m [32m INFO[0;39m [35m30964[0;39m [2m---[0;39m [2m[nio-8090-exec-3][0;39m [36mcom.zdk.MyBlog.aspect.WebLogAspect      [0;39m [2m:[0;39m URL : http://localhost:8090/admin/index
[2m2021-11-08 18:41:11.437[0;39m [32m INFO[0;39m [35m30964[0;39m [2m---[0;39m [2m[nio-8090-exec-3][0;39m [36mcom.zdk.MyBlog.aspect.WebLogAspect      [0;39m [2m:[0;39m HTTP_METHOD : GET
[2m2021-11-08 18:41:11.437[0;39m [32m INFO[0;39m [35m30964[0;39m [2m---[0;39m [2m[nio-8090-exec-3][0;39m [36mcom.zdk.MyBlog.aspect.WebLogAspect      [0;39m [2m:[0;39m IP : 0:0:0:0:0:0:0:1
[2m2021-11-08 18:41:11.437[0;39m [32m INFO[0;39m [35m30964[0;39m [2m---[0;39m [2m[nio-8090-exec-3][0;39m [36mcom.zdk.MyBlog.aspect.WebLogAspect      [0;39m [2m:[0;39m CLASS_METHOD : com.zdk.MyBlog.controller.admin.IndexController.index
[2m2021-11-08 18:41:11.437[0;39m [32m INFO[0;39m [35m30964[0;39m [2m---[0;39m [2m[nio-8090-exec-3][0;39m [36mcom.zdk.MyBlog.aspect.WebLogAspect      [0;39m [2m:[0;39m ARGS : [{}]
[2m2021-11-08 18:41:11.553[0;39m [32m INFO[0;39m [35m30964[0;39m [2m---[0;39m [2m[nio-8090-exec-3][0;39m [36mcom.zdk.MyBlog.aspect.WebLogAspect      [0;39m [2m:[0;39m RESPONSE : admin/index
[2m2021-11-08 18:41:11.553[0;39m [32m INFO[0;39m [35m30964[0;39m [2m---[0;39m [2m[nio-8090-exec-3][0;39m [36mcom.zdk.MyBlog.aspect.WebLogAspect      [0;39m [2m:[0;39m SPEND TIME : 116
[2m2021-11-08 18:41:11.762[0;39m [32m INFO[0;39m [35m30964[0;39m [2m---[0;39m [2m[nio-8090-exec-6][0;39m [36mc.z.M.i.LoginHandlerInterceptor         [0;39m [2m:[0;39m ===========>进入拦截器
[2m2021-11-08 18:41:11.762[0;39m [32m INFO[0;39m [35m30964[0;39m [2m---[0;39m [2m[nio-8090-exec-6][0;39m [36mc.z.M.i.LoginHandlerInterceptor         [0;39m [2m:[0;39m UserAgent: Mozilla/5.0 (Windows NT 10.0; Win64; x64) AppleWebKit/537.36 (KHTML, like Gecko) Chrome/93.0.4577.82 Safari/537.36
[2m2021-11-08 18:41:11.762[0;39m [32m INFO[0;39m [35m30964[0;39m [2m---[0;39m [2m[nio-8090-exec-6][0;39m [36mc.z.M.i.LoginHandlerInterceptor         [0;39m [2m:[0;39m 用户访问地址: /admin/editormd/fonts/fontawesome-webfont.woff2, 来路地址: 0:0:0:0:0:0:0:1
[2m2021-11-08 18:41:14.196[0;39m [32m INFO[0;39m [35m30964[0;39m [2m---[0;39m [2m[nio-8090-exec-1][0;39m [36mc.z.M.i.LoginHandlerInterceptor         [0;39m [2m:[0;39m ===========>进入拦截器
[2m2021-11-08 18:41:14.196[0;39m [32m INFO[0;39m [35m30964[0;39m [2m---[0;39m [2m[nio-8090-exec-1][0;39m [36mc.z.M.i.LoginHandlerInterceptor         [0;39m [2m:[0;39m UserAgent: Mozilla/5.0 (Windows NT 10.0; Win64; x64) AppleWebKit/537.36 (KHTML, like Gecko) Chrome/93.0.4577.82 Safari/537.36
[2m2021-11-08 18:41:14.196[0;39m [32m INFO[0;39m [35m30964[0;39m [2m---[0;39m [2m[nio-8090-exec-1][0;39m [36mc.z.M.i.LoginHandlerInterceptor         [0;39m [2m:[0;39m 用户访问地址: /admin/roleManage, 来路地址: 0:0:0:0:0:0:0:1
[2m2021-11-08 18:41:14.198[0;39m [32m INFO[0;39m [35m30964[0;39m [2m---[0;39m [2m[nio-8090-exec-1][0;39m [36mcom.zdk.MyBlog.aspect.WebLogAspect      [0;39m [2m:[0;39m URL : http://localhost:8090/admin/roleManage
[2m2021-11-08 18:41:14.198[0;39m [32m INFO[0;39m [35m30964[0;39m [2m---[0;39m [2m[nio-8090-exec-1][0;39m [36mcom.zdk.MyBlog.aspect.WebLogAspect      [0;39m [2m:[0;39m HTTP_METHOD : GET
[2m2021-11-08 18:41:14.198[0;39m [32m INFO[0;39m [35m30964[0;39m [2m---[0;39m [2m[nio-8090-exec-1][0;39m [36mcom.zdk.MyBlog.aspect.WebLogAspect      [0;39m [2m:[0;39m IP : 0:0:0:0:0:0:0:1
[2m2021-11-08 18:41:14.198[0;39m [32m INFO[0;39m [35m30964[0;39m [2m---[0;39m [2m[nio-8090-exec-1][0;39m [36mcom.zdk.MyBlog.aspect.WebLogAspect      [0;39m [2m:[0;39m CLASS_METHOD : com.zdk.MyBlog.controller.auth.RoleController.index
[2m2021-11-08 18:41:14.199[0;39m [32m INFO[0;39m [35m30964[0;39m [2m---[0;39m [2m[nio-8090-exec-1][0;39m [36mcom.zdk.MyBlog.aspect.WebLogAspect      [0;39m [2m:[0;39m ARGS : [{}, 1, 10, null]
[2m2021-11-08 18:41:14.226[0;39m [32m INFO[0;39m [35m30964[0;39m [2m---[0;39m [2m[nio-8090-exec-1][0;39m [36mcom.zdk.MyBlog.aspect.WebLogAspect      [0;39m [2m:[0;39m RESPONSE : admin/auth/roleManage
[2m2021-11-08 18:41:14.226[0;39m [32m INFO[0;39m [35m30964[0;39m [2m---[0;39m [2m[nio-8090-exec-1][0;39m [36mcom.zdk.MyBlog.aspect.WebLogAspect      [0;39m [2m:[0;39m SPEND TIME : 28
[2m2021-11-08 18:41:14.319[0;39m [32m INFO[0;39m [35m30964[0;39m [2m---[0;39m [2m[nio-8090-exec-7][0;39m [36mc.z.M.i.LoginHandlerInterceptor         [0;39m [2m:[0;39m ===========>进入拦截器
[2m2021-11-08 18:41:14.319[0;39m [32m INFO[0;39m [35m30964[0;39m [2m---[0;39m [2m[nio-8090-exec-7][0;39m [36mc.z.M.i.LoginHandlerInterceptor         [0;39m [2m:[0;39m UserAgent: Mozilla/5.0 (Windows NT 10.0; Win64; x64) AppleWebKit/537.36 (KHTML, like Gecko) Chrome/93.0.4577.82 Safari/537.36
[2m2021-11-08 18:41:14.319[0;39m [32m INFO[0;39m [35m30964[0;39m [2m---[0;39m [2m[nio-8090-exec-7][0;39m [36mc.z.M.i.LoginHandlerInterceptor         [0;39m [2m:[0;39m 用户访问地址: /admin/editormd/fonts/fontawesome-webfont.woff2, 来路地址: 0:0:0:0:0:0:0:1
[2m2021-11-08 20:14:43.588[0;39m [32m INFO[0;39m [35m30964[0;39m [2m---[0;39m [2m[extShutdownHook][0;39m [36mo.s.s.concurrent.ThreadPoolTaskExecutor [0;39m [2m:[0;39m Shutting down ExecutorService 'applicationTaskExecutor'
[2m2021-11-08 20:14:43.776[0;39m [32m INFO[0;39m [35m30964[0;39m [2m---[0;39m [2m[extShutdownHook][0;39m [36mcom.alibaba.druid.pool.DruidDataSource  [0;39m [2m:[0;39m {dataSource-1} closing ...
[2m2021-11-08 20:14:43.783[0;39m [32m INFO[0;39m [35m30964[0;39m [2m---[0;39m [2m[extShutdownHook][0;39m [36mcom.alibaba.druid.pool.DruidDataSource  [0;39m [2m:[0;39m {dataSource-1} closed
