[2m2021-11-25 08:45:47.291[0;39m [32mDEBUG[0;39m [35m26260[0;39m [2m---[0;39m [2m[  restartedMain][0;39m [36mcom.zdk.MyBlog.MyBlogApplication        [0;39m [2m:[0;39m Running with Spring Boot v2.4.5, Spring v5.3.6
[2m2021-11-25 08:46:14.583[0;39m [32mDEBUG[0;39m [35m26260[0;39m [2m---[0;39m [2m[nio-8090-exec-5][0;39m [36mc.z.M.i.LoginHandlerInterceptor         [0;39m [2m:[0;39m cookieValue: userInfo0:0:0:0:0:0:0:1admin
[2m2021-11-25 08:46:14.767[0;39m [32mDEBUG[0;39m [35m26260[0;39m [2m---[0;39m [2m[nio-8090-exec-6][0;39m [36mc.z.M.i.LoginHandlerInterceptor         [0;39m [2m:[0;39m cookieValue: userInfo0:0:0:0:0:0:0:1admin
[2m2021-11-25 08:46:14.773[0;39m [32mDEBUG[0;39m [35m26260[0;39m [2m---[0;39m [2m[nio-8090-exec-1][0;39m [36mc.z.M.i.LoginHandlerInterceptor         [0;39m [2m:[0;39m cookieValue: userInfo0:0:0:0:0:0:0:1admin
[2m2021-11-25 08:46:14.780[0;39m [32mDEBUG[0;39m [35m26260[0;39m [2m---[0;39m [2m[nio-8090-exec-9][0;39m [36mc.z.M.i.LoginHandlerInterceptor         [0;39m [2m:[0;39m cookieValue: userInfo0:0:0:0:0:0:0:1admin
[2m2021-11-25 08:49:24.230[0;39m [32mDEBUG[0;39m [35m26260[0;39m [2m---[0;39m [2m[nio-8090-exec-3][0;39m [36mc.z.M.i.LoginHandlerInterceptor         [0;39m [2m:[0;39m cookieValue: userInfo0:0:0:0:0:0:0:1admin
[2m2021-11-25 08:53:21.671[0;39m [32mDEBUG[0;39m [35m26260[0;39m [2m---[0;39m [2m[  restartedMain][0;39m [36mcom.zdk.MyBlog.MyBlogApplication        [0;39m [2m:[0;39m Running with Spring Boot v2.4.5, Spring v5.3.6
[2m2021-11-25 08:53:25.027[0;39m [32mDEBUG[0;39m [35m26260[0;39m [2m---[0;39m [2m[  restartedMain][0;39m [36mcom.zdk.MyBlog.MyBlogApplication        [0;39m [2m:[0;39m Running with Spring Boot v2.4.5, Spring v5.3.6
[2m2021-11-25 08:53:33.863[0;39m [32mDEBUG[0;39m [35m26260[0;39m [2m---[0;39m [2m[nio-8090-exec-5][0;39m [36mc.z.M.i.LoginHandlerInterceptor         [0;39m [2m:[0;39m cookieValue: userInfo0:0:0:0:0:0:0:1admin
[2m2021-11-25 08:53:34.131[0;39m [32mDEBUG[0;39m [35m26260[0;39m [2m---[0;39m [2m[nio-8090-exec-7][0;39m [36mc.z.M.i.LoginHandlerInterceptor         [0;39m [2m:[0;39m cookieValue: userInfo0:0:0:0:0:0:0:1admin
[2m2021-11-25 08:53:34.137[0;39m [32mDEBUG[0;39m [35m26260[0;39m [2m---[0;39m [2m[nio-8090-exec-6][0;39m [36mc.z.M.i.LoginHandlerInterceptor         [0;39m [2m:[0;39m cookieValue: userInfo0:0:0:0:0:0:0:1admin
[2m2021-11-25 08:53:34.141[0;39m [32mDEBUG[0;39m [35m26260[0;39m [2m---[0;39m [2m[nio-8090-exec-4][0;39m [36mc.z.M.i.LoginHandlerInterceptor         [0;39m [2m:[0;39m cookieValue: userInfo0:0:0:0:0:0:0:1admin
[2m2021-11-25 08:54:00.234[0;39m [32mDEBUG[0;39m [35m26260[0;39m [2m---[0;39m [2m[nio-8090-exec-3][0;39m [36mc.z.M.i.LoginHandlerInterceptor         [0;39m [2m:[0;39m cookieValue: userInfo0:0:0:0:0:0:0:1admin
[2m2021-11-25 08:54:00.487[0;39m [32mDEBUG[0;39m [35m26260[0;39m [2m---[0;39m [2m[nio-8090-exec-7][0;39m [36mc.z.M.i.LoginHandlerInterceptor         [0;39m [2m:[0;39m cookieValue: userInfo0:0:0:0:0:0:0:1admin
[2m2021-11-25 08:54:00.490[0;39m [32mDEBUG[0;39m [35m26260[0;39m [2m---[0;39m [2m[nio-8090-exec-7][0;39m [36mc.z.M.i.LoginHandlerInterceptor         [0;39m [2m:[0;39m cookieValue: userInfo0:0:0:0:0:0:0:1admin
[2m2021-11-25 08:54:06.677[0;39m [32mDEBUG[0;39m [35m26260[0;39m [2m---[0;39m [2m[nio-8090-exec-4][0;39m [36mc.z.M.i.LoginHandlerInterceptor         [0;39m [2m:[0;39m cookieValue: userInfo0:0:0:0:0:0:0:1test
[2m2021-11-25 08:54:06.785[0;39m [32mDEBUG[0;39m [35m26260[0;39m [2m---[0;39m [2m[nio-8090-exec-9][0;39m [36mc.z.M.i.LoginHandlerInterceptor         [0;39m [2m:[0;39m cookieValue: userInfo0:0:0:0:0:0:0:1test
[2m2021-11-25 08:54:06.791[0;39m [32mDEBUG[0;39m [35m26260[0;39m [2m---[0;39m [2m[nio-8090-exec-4][0;39m [36mc.z.M.i.LoginHandlerInterceptor         [0;39m [2m:[0;39m cookieValue: userInfo0:0:0:0:0:0:0:1test
[2m2021-11-25 08:54:06.795[0;39m [32mDEBUG[0;39m [35m26260[0;39m [2m---[0;39m [2m[nio-8090-exec-2][0;39m [36mc.z.M.i.LoginHandlerInterceptor         [0;39m [2m:[0;39m cookieValue: userInfo0:0:0:0:0:0:0:1test
[2m2021-11-25 08:55:07.175[0;39m [32mDEBUG[0;39m [35m26260[0;39m [2m---[0;39m [2m[io-8090-exec-10][0;39m [36mc.z.M.i.LoginHandlerInterceptor         [0;39m [2m:[0;39m cookieValue: userInfo0:0:0:0:0:0:0:1test
[2m2021-11-25 08:55:07.270[0;39m [32mDEBUG[0;39m [35m26260[0;39m [2m---[0;39m [2m[nio-8090-exec-7][0;39m [36mc.z.M.i.LoginHandlerInterceptor         [0;39m [2m:[0;39m cookieValue: userInfo0:0:0:0:0:0:0:1test
[2m2021-11-25 08:55:07.276[0;39m [32mDEBUG[0;39m [35m26260[0;39m [2m---[0;39m [2m[nio-8090-exec-3][0;39m [36mc.z.M.i.LoginHandlerInterceptor         [0;39m [2m:[0;39m cookieValue: userInfo0:0:0:0:0:0:0:1test
[2m2021-11-25 08:55:07.280[0;39m [32mDEBUG[0;39m [35m26260[0;39m [2m---[0;39m [2m[nio-8090-exec-2][0;39m [36mc.z.M.i.LoginHandlerInterceptor         [0;39m [2m:[0;39m cookieValue: userInfo0:0:0:0:0:0:0:1test
[2m2021-11-25 08:55:08.980[0;39m [32mDEBUG[0;39m [35m26260[0;39m [2m---[0;39m [2m[nio-8090-exec-6][0;39m [36mc.z.M.i.LoginHandlerInterceptor         [0;39m [2m:[0;39m cookieValue: userInfo0:0:0:0:0:0:0:1test
[2m2021-11-25 08:55:09.055[0;39m [32mDEBUG[0;39m [35m26260[0;39m [2m---[0;39m [2m[nio-8090-exec-5][0;39m [36mc.z.M.i.LoginHandlerInterceptor         [0;39m [2m:[0;39m cookieValue: userInfo0:0:0:0:0:0:0:1test
[2m2021-11-25 08:55:09.060[0;39m [32mDEBUG[0;39m [35m26260[0;39m [2m---[0;39m [2m[nio-8090-exec-7][0;39m [36mc.z.M.i.LoginHandlerInterceptor         [0;39m [2m:[0;39m cookieValue: userInfo0:0:0:0:0:0:0:1test
[2m2021-11-25 08:55:09.064[0;39m [32mDEBUG[0;39m [35m26260[0;39m [2m---[0;39m [2m[nio-8090-exec-3][0;39m [36mc.z.M.i.LoginHandlerInterceptor         [0;39m [2m:[0;39m cookieValue: userInfo0:0:0:0:0:0:0:1test
[2m2021-11-25 08:55:09.716[0;39m [32mDEBUG[0;39m [35m26260[0;39m [2m---[0;39m [2m[nio-8090-exec-4][0;39m [36mc.z.M.i.LoginHandlerInterceptor         [0;39m [2m:[0;39m cookieValue: userInfo0:0:0:0:0:0:0:1test
[2m2021-11-25 08:55:09.803[0;39m [32mDEBUG[0;39m [35m26260[0;39m [2m---[0;39m [2m[nio-8090-exec-2][0;39m [36mc.z.M.i.LoginHandlerInterceptor         [0;39m [2m:[0;39m cookieValue: userInfo0:0:0:0:0:0:0:1test
[2m2021-11-25 08:55:09.810[0;39m [32mDEBUG[0;39m [35m26260[0;39m [2m---[0;39m [2m[nio-8090-exec-9][0;39m [36mc.z.M.i.LoginHandlerInterceptor         [0;39m [2m:[0;39m cookieValue: userInfo0:0:0:0:0:0:0:1test
[2m2021-11-25 08:55:09.814[0;39m [32mDEBUG[0;39m [35m26260[0;39m [2m---[0;39m [2m[nio-8090-exec-7][0;39m [36mc.z.M.i.LoginHandlerInterceptor         [0;39m [2m:[0;39m cookieValue: userInfo0:0:0:0:0:0:0:1test
[2m2021-11-25 08:55:10.826[0;39m [32mDEBUG[0;39m [35m26260[0;39m [2m---[0;39m [2m[nio-8090-exec-8][0;39m [36mc.z.M.i.LoginHandlerInterceptor         [0;39m [2m:[0;39m cookieValue: userInfo0:0:0:0:0:0:0:1test
[2m2021-11-25 08:55:10.909[0;39m [32mDEBUG[0;39m [35m26260[0;39m [2m---[0;39m [2m[nio-8090-exec-1][0;39m [36mc.z.M.i.LoginHandlerInterceptor         [0;39m [2m:[0;39m cookieValue: userInfo0:0:0:0:0:0:0:1test
[2m2021-11-25 08:55:10.917[0;39m [32mDEBUG[0;39m [35m26260[0;39m [2m---[0;39m [2m[nio-8090-exec-5][0;39m [36mc.z.M.i.LoginHandlerInterceptor         [0;39m [2m:[0;39m cookieValue: userInfo0:0:0:0:0:0:0:1test
[2m2021-11-25 08:55:10.921[0;39m [32mDEBUG[0;39m [35m26260[0;39m [2m---[0;39m [2m[nio-8090-exec-9][0;39m [36mc.z.M.i.LoginHandlerInterceptor         [0;39m [2m:[0;39m cookieValue: userInfo0:0:0:0:0:0:0:1test
[2m2021-11-25 08:55:12.298[0;39m [32mDEBUG[0;39m [35m26260[0;39m [2m---[0;39m [2m[nio-8090-exec-8][0;39m [36mc.z.M.i.LoginHandlerInterceptor         [0;39m [2m:[0;39m cookieValue: userInfo0:0:0:0:0:0:0:1test
[2m2021-11-25 08:55:12.377[0;39m [32mDEBUG[0;39m [35m26260[0;39m [2m---[0;39m [2m[nio-8090-exec-6][0;39m [36mc.z.M.i.LoginHandlerInterceptor         [0;39m [2m:[0;39m cookieValue: userInfo0:0:0:0:0:0:0:1test
[2m2021-11-25 08:55:12.381[0;39m [32mDEBUG[0;39m [35m26260[0;39m [2m---[0;39m [2m[nio-8090-exec-3][0;39m [36mc.z.M.i.LoginHandlerInterceptor         [0;39m [2m:[0;39m cookieValue: userInfo0:0:0:0:0:0:0:1test
[2m2021-11-25 08:55:12.386[0;39m [32mDEBUG[0;39m [35m26260[0;39m [2m---[0;39m [2m[nio-8090-exec-2][0;39m [36mc.z.M.i.LoginHandlerInterceptor         [0;39m [2m:[0;39m cookieValue: userInfo0:0:0:0:0:0:0:1test
[2m2021-11-25 08:55:12.929[0;39m [32mDEBUG[0;39m [35m26260[0;39m [2m---[0;39m [2m[nio-8090-exec-1][0;39m [36mc.z.M.i.LoginHandlerInterceptor         [0;39m [2m:[0;39m cookieValue: userInfo0:0:0:0:0:0:0:1test
[2m2021-11-25 08:55:12.999[0;39m [32mDEBUG[0;39m [35m26260[0;39m [2m---[0;39m [2m[nio-8090-exec-8][0;39m [36mc.z.M.i.LoginHandlerInterceptor         [0;39m [2m:[0;39m cookieValue: userInfo0:0:0:0:0:0:0:1test
[2m2021-11-25 08:55:13.004[0;39m [32mDEBUG[0;39m [35m26260[0;39m [2m---[0;39m [2m[nio-8090-exec-9][0;39m [36mc.z.M.i.LoginHandlerInterceptor         [0;39m [2m:[0;39m cookieValue: userInfo0:0:0:0:0:0:0:1test
[2m2021-11-25 08:55:13.009[0;39m [32mDEBUG[0;39m [35m26260[0;39m [2m---[0;39m [2m[nio-8090-exec-7][0;39m [36mc.z.M.i.LoginHandlerInterceptor         [0;39m [2m:[0;39m cookieValue: userInfo0:0:0:0:0:0:0:1test
[2m2021-11-25 08:55:15.450[0;39m [32mDEBUG[0;39m [35m26260[0;39m [2m---[0;39m [2m[io-8090-exec-10][0;39m [36mc.z.M.i.LoginHandlerInterceptor         [0;39m [2m:[0;39m cookieValue: userInfo0:0:0:0:0:0:0:1test
[2m2021-11-25 08:55:15.517[0;39m [32mDEBUG[0;39m [35m26260[0;39m [2m---[0;39m [2m[nio-8090-exec-5][0;39m [36mc.z.M.i.LoginHandlerInterceptor         [0;39m [2m:[0;39m cookieValue: userInfo0:0:0:0:0:0:0:1test
[2m2021-11-25 08:55:15.522[0;39m [32mDEBUG[0;39m [35m26260[0;39m [2m---[0;39m [2m[nio-8090-exec-7][0;39m [36mc.z.M.i.LoginHandlerInterceptor         [0;39m [2m:[0;39m cookieValue: userInfo0:0:0:0:0:0:0:1test
[2m2021-11-25 08:55:15.526[0;39m [32mDEBUG[0;39m [35m26260[0;39m [2m---[0;39m [2m[nio-8090-exec-4][0;39m [36mc.z.M.i.LoginHandlerInterceptor         [0;39m [2m:[0;39m cookieValue: userInfo0:0:0:0:0:0:0:1test
[2m2021-11-25 08:55:17.759[0;39m [32mDEBUG[0;39m [35m26260[0;39m [2m---[0;39m [2m[nio-8090-exec-6][0;39m [36mc.z.M.i.LoginHandlerInterceptor         [0;39m [2m:[0;39m cookieValue: userInfo0:0:0:0:0:0:0:1test
[2m2021-11-25 08:55:17.893[0;39m [32mDEBUG[0;39m [35m26260[0;39m [2m---[0;39m [2m[nio-8090-exec-4][0;39m [36mc.z.M.i.LoginHandlerInterceptor         [0;39m [2m:[0;39m cookieValue: userInfo0:0:0:0:0:0:0:1test
[2m2021-11-25 08:55:17.899[0;39m [32mDEBUG[0;39m [35m26260[0;39m [2m---[0;39m [2m[nio-8090-exec-2][0;39m [36mc.z.M.i.LoginHandlerInterceptor         [0;39m [2m:[0;39m cookieValue: userInfo0:0:0:0:0:0:0:1test
[2m2021-11-25 08:55:17.906[0;39m [32mDEBUG[0;39m [35m26260[0;39m [2m---[0;39m [2m[nio-8090-exec-9][0;39m [36mc.z.M.i.LoginHandlerInterceptor         [0;39m [2m:[0;39m cookieValue: userInfo0:0:0:0:0:0:0:1test
[2m2021-11-25 08:56:18.399[0;39m [32mDEBUG[0;39m [35m26260[0;39m [2m---[0;39m [2m[nio-8090-exec-2][0;39m [36mc.z.M.i.LoginHandlerInterceptor         [0;39m [2m:[0;39m cookieValue: userInfo0:0:0:0:0:0:0:1test
[2m2021-11-25 08:56:18.484[0;39m [32mDEBUG[0;39m [35m26260[0;39m [2m---[0;39m [2m[nio-8090-exec-1][0;39m [36mc.z.M.i.LoginHandlerInterceptor         [0;39m [2m:[0;39m cookieValue: userInfo0:0:0:0:0:0:0:1test
[2m2021-11-25 08:56:18.489[0;39m [32mDEBUG[0;39m [35m26260[0;39m [2m---[0;39m [2m[nio-8090-exec-9][0;39m [36mc.z.M.i.LoginHandlerInterceptor         [0;39m [2m:[0;39m cookieValue: userInfo0:0:0:0:0:0:0:1test
[2m2021-11-25 08:56:18.492[0;39m [32mDEBUG[0;39m [35m26260[0;39m [2m---[0;39m [2m[nio-8090-exec-4][0;39m [36mc.z.M.i.LoginHandlerInterceptor         [0;39m [2m:[0;39m cookieValue: userInfo0:0:0:0:0:0:0:1test
[2m2021-11-25 08:56:20.909[0;39m [32mDEBUG[0;39m [35m26260[0;39m [2m---[0;39m [2m[nio-8090-exec-8][0;39m [36mc.z.M.i.LoginHandlerInterceptor         [0;39m [2m:[0;39m cookieValue: userInfo0:0:0:0:0:0:0:1test
[2m2021-11-25 08:56:20.984[0;39m [32mDEBUG[0;39m [35m26260[0;39m [2m---[0;39m [2m[nio-8090-exec-8][0;39m [36mc.z.M.i.LoginHandlerInterceptor         [0;39m [2m:[0;39m cookieValue: userInfo0:0:0:0:0:0:0:1test
[2m2021-11-25 08:56:20.990[0;39m [32mDEBUG[0;39m [35m26260[0;39m [2m---[0;39m [2m[nio-8090-exec-1][0;39m [36mc.z.M.i.LoginHandlerInterceptor         [0;39m [2m:[0;39m cookieValue: userInfo0:0:0:0:0:0:0:1test
[2m2021-11-25 08:56:20.998[0;39m [32mDEBUG[0;39m [35m26260[0;39m [2m---[0;39m [2m[nio-8090-exec-2][0;39m [36mc.z.M.i.LoginHandlerInterceptor         [0;39m [2m:[0;39m cookieValue: userInfo0:0:0:0:0:0:0:1test
[2m2021-11-25 08:56:21.769[0;39m [32mDEBUG[0;39m [35m26260[0;39m [2m---[0;39m [2m[nio-8090-exec-4][0;39m [36mc.z.M.i.LoginHandlerInterceptor         [0;39m [2m:[0;39m cookieValue: userInfo0:0:0:0:0:0:0:1test
[2m2021-11-25 08:56:21.858[0;39m [32mDEBUG[0;39m [35m26260[0;39m [2m---[0;39m [2m[nio-8090-exec-9][0;39m [36mc.z.M.i.LoginHandlerInterceptor         [0;39m [2m:[0;39m cookieValue: userInfo0:0:0:0:0:0:0:1test
[2m2021-11-25 08:56:21.862[0;39m [32mDEBUG[0;39m [35m26260[0;39m [2m---[0;39m [2m[nio-8090-exec-5][0;39m [36mc.z.M.i.LoginHandlerInterceptor         [0;39m [2m:[0;39m cookieValue: userInfo0:0:0:0:0:0:0:1test
[2m2021-11-25 08:56:21.866[0;39m [32mDEBUG[0;39m [35m26260[0;39m [2m---[0;39m [2m[io-8090-exec-10][0;39m [36mc.z.M.i.LoginHandlerInterceptor         [0;39m [2m:[0;39m cookieValue: userInfo0:0:0:0:0:0:0:1test
[2m2021-11-25 08:56:23.058[0;39m [32mDEBUG[0;39m [35m26260[0;39m [2m---[0;39m [2m[nio-8090-exec-3][0;39m [36mc.z.M.i.LoginHandlerInterceptor         [0;39m [2m:[0;39m cookieValue: userInfo0:0:0:0:0:0:0:1test
[2m2021-11-25 08:56:23.136[0;39m [32mDEBUG[0;39m [35m26260[0;39m [2m---[0;39m [2m[nio-8090-exec-7][0;39m [36mc.z.M.i.LoginHandlerInterceptor         [0;39m [2m:[0;39m cookieValue: userInfo0:0:0:0:0:0:0:1test
[2m2021-11-25 08:56:23.141[0;39m [32mDEBUG[0;39m [35m26260[0;39m [2m---[0;39m [2m[nio-8090-exec-6][0;39m [36mc.z.M.i.LoginHandlerInterceptor         [0;39m [2m:[0;39m cookieValue: userInfo0:0:0:0:0:0:0:1test
[2m2021-11-25 08:56:23.145[0;39m [32mDEBUG[0;39m [35m26260[0;39m [2m---[0;39m [2m[nio-8090-exec-1][0;39m [36mc.z.M.i.LoginHandlerInterceptor         [0;39m [2m:[0;39m cookieValue: userInfo0:0:0:0:0:0:0:1test
[2m2021-11-25 08:57:20.300[0;39m [32mDEBUG[0;39m [35m26260[0;39m [2m---[0;39m [2m[io-8090-exec-10][0;39m [36mc.z.M.i.LoginHandlerInterceptor         [0;39m [2m:[0;39m cookieValue: userInfo0:0:0:0:0:0:0:1test
[2m2021-11-25 08:57:20.380[0;39m [32mDEBUG[0;39m [35m26260[0;39m [2m---[0;39m [2m[io-8090-exec-10][0;39m [36mc.z.M.i.LoginHandlerInterceptor         [0;39m [2m:[0;39m cookieValue: userInfo0:0:0:0:0:0:0:1test
[2m2021-11-25 08:57:20.384[0;39m [32mDEBUG[0;39m [35m26260[0;39m [2m---[0;39m [2m[nio-8090-exec-7][0;39m [36mc.z.M.i.LoginHandlerInterceptor         [0;39m [2m:[0;39m cookieValue: userInfo0:0:0:0:0:0:0:1test
[2m2021-11-25 08:57:20.388[0;39m [32mDEBUG[0;39m [35m26260[0;39m [2m---[0;39m [2m[nio-8090-exec-9][0;39m [36mc.z.M.i.LoginHandlerInterceptor         [0;39m [2m:[0;39m cookieValue: userInfo0:0:0:0:0:0:0:1test
[2m2021-11-25 08:57:20.521[0;39m [32mDEBUG[0;39m [35m26260[0;39m [2m---[0;39m [2m[nio-8090-exec-6][0;39m [36mc.z.M.i.LoginHandlerInterceptor         [0;39m [2m:[0;39m cookieValue: userInfo0:0:0:0:0:0:0:1test
[2m2021-11-25 08:57:34.881[0;39m [32mDEBUG[0;39m [35m26260[0;39m [2m---[0;39m [2m[nio-8090-exec-6][0;39m [36mc.z.M.i.LoginHandlerInterceptor         [0;39m [2m:[0;39m cookieValue: userInfo0:0:0:0:0:0:0:1test
[2m2021-11-25 08:57:34.986[0;39m [32mDEBUG[0;39m [35m26260[0;39m [2m---[0;39m [2m[nio-8090-exec-7][0;39m [36mc.z.M.i.LoginHandlerInterceptor         [0;39m [2m:[0;39m cookieValue: userInfo0:0:0:0:0:0:0:1test
[2m2021-11-25 08:57:34.990[0;39m [32mDEBUG[0;39m [35m26260[0;39m [2m---[0;39m [2m[nio-8090-exec-3][0;39m [36mc.z.M.i.LoginHandlerInterceptor         [0;39m [2m:[0;39m cookieValue: userInfo0:0:0:0:0:0:0:1test
[2m2021-11-25 08:57:34.996[0;39m [32mDEBUG[0;39m [35m26260[0;39m [2m---[0;39m [2m[nio-8090-exec-9][0;39m [36mc.z.M.i.LoginHandlerInterceptor         [0;39m [2m:[0;39m cookieValue: userInfo0:0:0:0:0:0:0:1test
[2m2021-11-25 08:57:42.955[0;39m [32mDEBUG[0;39m [35m26260[0;39m [2m---[0;39m [2m[nio-8090-exec-6][0;39m [36mc.z.M.i.LoginHandlerInterceptor         [0;39m [2m:[0;39m cookieValue: userInfo0:0:0:0:0:0:0:1test
[2m2021-11-25 08:57:47.923[0;39m [32mDEBUG[0;39m [35m26260[0;39m [2m---[0;39m [2m[nio-8090-exec-7][0;39m [36mc.z.M.i.LoginHandlerInterceptor         [0;39m [2m:[0;39m cookieValue: userInfo0:0:0:0:0:0:0:1admin
[2m2021-11-25 08:57:48.019[0;39m [32mDEBUG[0;39m [35m26260[0;39m [2m---[0;39m [2m[nio-8090-exec-9][0;39m [36mc.z.M.i.LoginHandlerInterceptor         [0;39m [2m:[0;39m cookieValue: userInfo0:0:0:0:0:0:0:1admin
[2m2021-11-25 08:57:48.023[0;39m [32mDEBUG[0;39m [35m26260[0;39m [2m---[0;39m [2m[nio-8090-exec-7][0;39m [36mc.z.M.i.LoginHandlerInterceptor         [0;39m [2m:[0;39m cookieValue: userInfo0:0:0:0:0:0:0:1admin
[2m2021-11-25 08:57:48.028[0;39m [32mDEBUG[0;39m [35m26260[0;39m [2m---[0;39m [2m[nio-8090-exec-8][0;39m [36mc.z.M.i.LoginHandlerInterceptor         [0;39m [2m:[0;39m cookieValue: userInfo0:0:0:0:0:0:0:1admin
[2m2021-11-25 08:57:51.284[0;39m [32mDEBUG[0;39m [35m26260[0;39m [2m---[0;39m [2m[nio-8090-exec-6][0;39m [36mc.z.M.i.LoginHandlerInterceptor         [0;39m [2m:[0;39m cookieValue: userInfo0:0:0:0:0:0:0:1admin
[2m2021-11-25 08:57:51.357[0;39m [32mDEBUG[0;39m [35m26260[0;39m [2m---[0;39m [2m[nio-8090-exec-5][0;39m [36mc.z.M.i.LoginHandlerInterceptor         [0;39m [2m:[0;39m cookieValue: userInfo0:0:0:0:0:0:0:1admin
[2m2021-11-25 08:57:51.362[0;39m [32mDEBUG[0;39m [35m26260[0;39m [2m---[0;39m [2m[nio-8090-exec-2][0;39m [36mc.z.M.i.LoginHandlerInterceptor         [0;39m [2m:[0;39m cookieValue: userInfo0:0:0:0:0:0:0:1admin
[2m2021-11-25 08:57:51.367[0;39m [32mDEBUG[0;39m [35m26260[0;39m [2m---[0;39m [2m[nio-8090-exec-3][0;39m [36mc.z.M.i.LoginHandlerInterceptor         [0;39m [2m:[0;39m cookieValue: userInfo0:0:0:0:0:0:0:1admin
[2m2021-11-25 08:57:54.780[0;39m [32mDEBUG[0;39m [35m26260[0;39m [2m---[0;39m [2m[nio-8090-exec-7][0;39m [36mc.z.M.i.LoginHandlerInterceptor         [0;39m [2m:[0;39m cookieValue: userInfo0:0:0:0:0:0:0:1admin
[2m2021-11-25 08:58:00.702[0;39m [32mDEBUG[0;39m [35m26260[0;39m [2m---[0;39m [2m[nio-8090-exec-4][0;39m [36mc.z.M.i.LoginHandlerInterceptor         [0;39m [2m:[0;39m cookieValue: userInfo0:0:0:0:0:0:0:1admin
[2m2021-11-25 08:59:21.812[0;39m [32mDEBUG[0;39m [35m26260[0;39m [2m---[0;39m [2m[nio-8090-exec-6][0;39m [36mc.z.M.i.LoginHandlerInterceptor         [0;39m [2m:[0;39m cookieValue: userInfo0:0:0:0:0:0:0:1admin
[2m2021-11-25 08:59:21.889[0;39m [32mDEBUG[0;39m [35m26260[0;39m [2m---[0;39m [2m[nio-8090-exec-9][0;39m [36mc.z.M.i.LoginHandlerInterceptor         [0;39m [2m:[0;39m cookieValue: userInfo0:0:0:0:0:0:0:1admin
[2m2021-11-25 08:59:21.893[0;39m [32mDEBUG[0;39m [35m26260[0;39m [2m---[0;39m [2m[nio-8090-exec-4][0;39m [36mc.z.M.i.LoginHandlerInterceptor         [0;39m [2m:[0;39m cookieValue: userInfo0:0:0:0:0:0:0:1admin
[2m2021-11-25 08:59:21.896[0;39m [32mDEBUG[0;39m [35m26260[0;39m [2m---[0;39m [2m[nio-8090-exec-8][0;39m [36mc.z.M.i.LoginHandlerInterceptor         [0;39m [2m:[0;39m cookieValue: userInfo0:0:0:0:0:0:0:1admin
[2m2021-11-25 08:59:23.061[0;39m [32mDEBUG[0;39m [35m26260[0;39m [2m---[0;39m [2m[nio-8090-exec-5][0;39m [36mc.z.M.i.LoginHandlerInterceptor         [0;39m [2m:[0;39m cookieValue: userInfo0:0:0:0:0:0:0:1admin
[2m2021-11-25 08:59:35.840[0;39m [32mDEBUG[0;39m [35m26260[0;39m [2m---[0;39m [2m[nio-8090-exec-1][0;39m [36mc.z.M.i.LoginHandlerInterceptor         [0;39m [2m:[0;39m cookieValue: userInfo0:0:0:0:0:0:0:1admin
[2m2021-11-25 09:01:29.910[0;39m [32mDEBUG[0;39m [35m200224[0;39m [2m---[0;39m [2m[  restartedMain][0;39m [36mcom.zdk.MyBlog.MyBlogApplication        [0;39m [2m:[0;39m Running with Spring Boot v2.4.5, Spring v5.3.6
[2m2021-11-25 09:01:45.792[0;39m [32mDEBUG[0;39m [35m203824[0;39m [2m---[0;39m [2m[  restartedMain][0;39m [36mcom.zdk.MyBlog.MyBlogApplication        [0;39m [2m:[0;39m Running with Spring Boot v2.4.5, Spring v5.3.6
[2m2021-11-25 09:01:52.770[0;39m [32mDEBUG[0;39m [35m203824[0;39m [2m---[0;39m [2m[nio-8090-exec-1][0;39m [36mc.z.M.i.LoginHandlerInterceptor         [0;39m [2m:[0;39m cookieValue: userInfo0:0:0:0:0:0:0:1admin
[2m2021-11-25 09:01:53.277[0;39m [32mDEBUG[0;39m [35m203824[0;39m [2m---[0;39m [2m[nio-8090-exec-9][0;39m [36mc.z.M.i.LoginHandlerInterceptor         [0;39m [2m:[0;39m cookieValue: userInfo0:0:0:0:0:0:0:1admin
[2m2021-11-25 09:01:53.283[0;39m [32mDEBUG[0;39m [35m203824[0;39m [2m---[0;39m [2m[nio-8090-exec-4][0;39m [36mc.z.M.i.LoginHandlerInterceptor         [0;39m [2m:[0;39m cookieValue: userInfo0:0:0:0:0:0:0:1admin
[2m2021-11-25 09:01:53.290[0;39m [32mDEBUG[0;39m [35m203824[0;39m [2m---[0;39m [2m[nio-8090-exec-1][0;39m [36mc.z.M.i.LoginHandlerInterceptor         [0;39m [2m:[0;39m cookieValue: userInfo0:0:0:0:0:0:0:1admin
[2m2021-11-25 09:01:55.789[0;39m [32mDEBUG[0;39m [35m203824[0;39m [2m---[0;39m [2m[nio-8090-exec-5][0;39m [36mc.z.M.i.LoginHandlerInterceptor         [0;39m [2m:[0;39m cookieValue: userInfo0:0:0:0:0:0:0:1admin
[2m2021-11-25 09:02:12.929[0;39m [32mDEBUG[0;39m [35m179756[0;39m [2m---[0;39m [2m[  restartedMain][0;39m [36mcom.zdk.MyBlog.MyBlogApplication        [0;39m [2m:[0;39m Running with Spring Boot v2.4.5, Spring v5.3.6
[2m2021-11-25 09:02:19.431[0;39m [32mDEBUG[0;39m [35m179756[0;39m [2m---[0;39m [2m[nio-8090-exec-1][0;39m [36mc.z.M.i.LoginHandlerInterceptor         [0;39m [2m:[0;39m cookieValue: userInfo0:0:0:0:0:0:0:1admin
[2m2021-11-25 09:02:19.948[0;39m [32mDEBUG[0;39m [35m179756[0;39m [2m---[0;39m [2m[nio-8090-exec-7][0;39m [36mc.z.M.i.LoginHandlerInterceptor         [0;39m [2m:[0;39m cookieValue: userInfo0:0:0:0:0:0:0:1admin
[2m2021-11-25 09:02:19.953[0;39m [32mDEBUG[0;39m [35m179756[0;39m [2m---[0;39m [2m[nio-8090-exec-6][0;39m [36mc.z.M.i.LoginHandlerInterceptor         [0;39m [2m:[0;39m cookieValue: userInfo0:0:0:0:0:0:0:1admin
[2m2021-11-25 09:02:19.958[0;39m [32mDEBUG[0;39m [35m179756[0;39m [2m---[0;39m [2m[nio-8090-exec-1][0;39m [36mc.z.M.i.LoginHandlerInterceptor         [0;39m [2m:[0;39m cookieValue: userInfo0:0:0:0:0:0:0:1admin
[2m2021-11-25 09:02:23.266[0;39m [32mDEBUG[0;39m [35m179756[0;39m [2m---[0;39m [2m[nio-8090-exec-9][0;39m [36mc.z.M.i.LoginHandlerInterceptor         [0;39m [2m:[0;39m cookieValue: userInfo0:0:0:0:0:0:0:1admin
[2m2021-11-25 09:02:36.888[0;39m [32mDEBUG[0;39m [35m179756[0;39m [2m---[0;39m [2m[nio-8090-exec-3][0;39m [36mc.z.M.i.LoginHandlerInterceptor         [0;39m [2m:[0;39m cookieValue: userInfo0:0:0:0:0:0:0:1admin
[2m2021-11-25 09:02:46.752[0;39m [32mDEBUG[0;39m [35m179756[0;39m [2m---[0;39m [2m[nio-8090-exec-2][0;39m [36mc.z.M.i.LoginHandlerInterceptor         [0;39m [2m:[0;39m cookieValue: userInfo0:0:0:0:0:0:0:1admin
[2m2021-11-25 09:02:46.869[0;39m [32mDEBUG[0;39m [35m179756[0;39m [2m---[0;39m [2m[nio-8090-exec-7][0;39m [36mc.z.M.i.LoginHandlerInterceptor         [0;39m [2m:[0;39m cookieValue: userInfo0:0:0:0:0:0:0:1admin
[2m2021-11-25 09:02:46.874[0;39m [32mDEBUG[0;39m [35m179756[0;39m [2m---[0;39m [2m[nio-8090-exec-8][0;39m [36mc.z.M.i.LoginHandlerInterceptor         [0;39m [2m:[0;39m cookieValue: userInfo0:0:0:0:0:0:0:1admin
[2m2021-11-25 09:02:46.878[0;39m [32mDEBUG[0;39m [35m179756[0;39m [2m---[0;39m [2m[nio-8090-exec-9][0;39m [36mc.z.M.i.LoginHandlerInterceptor         [0;39m [2m:[0;39m cookieValue: userInfo0:0:0:0:0:0:0:1admin
[2m2021-11-25 09:02:47.355[0;39m [32mDEBUG[0;39m [35m179756[0;39m [2m---[0;39m [2m[nio-8090-exec-4][0;39m [36mc.z.M.i.LoginHandlerInterceptor         [0;39m [2m:[0;39m cookieValue: userInfo0:0:0:0:0:0:0:1admin
[2m2021-11-25 09:02:47.452[0;39m [32mDEBUG[0;39m [35m179756[0;39m [2m---[0;39m [2m[nio-8090-exec-9][0;39m [36mc.z.M.i.LoginHandlerInterceptor         [0;39m [2m:[0;39m cookieValue: userInfo0:0:0:0:0:0:0:1admin
[2m2021-11-25 09:02:47.456[0;39m [32mDEBUG[0;39m [35m179756[0;39m [2m---[0;39m [2m[nio-8090-exec-3][0;39m [36mc.z.M.i.LoginHandlerInterceptor         [0;39m [2m:[0;39m cookieValue: userInfo0:0:0:0:0:0:0:1admin
[2m2021-11-25 09:02:47.461[0;39m [32mDEBUG[0;39m [35m179756[0;39m [2m---[0;39m [2m[nio-8090-exec-6][0;39m [36mc.z.M.i.LoginHandlerInterceptor         [0;39m [2m:[0;39m cookieValue: userInfo0:0:0:0:0:0:0:1admin
[2m2021-11-25 09:02:58.042[0;39m [32mDEBUG[0;39m [35m179756[0;39m [2m---[0;39m [2m[nio-8090-exec-8][0;39m [36mc.z.M.i.LoginHandlerInterceptor         [0;39m [2m:[0;39m cookieValue: userInfo0:0:0:0:0:0:0:1admin
[2m2021-11-25 09:02:58.146[0;39m [32mDEBUG[0;39m [35m179756[0;39m [2m---[0;39m [2m[nio-8090-exec-5][0;39m [36mc.z.M.i.LoginHandlerInterceptor         [0;39m [2m:[0;39m cookieValue: userInfo0:0:0:0:0:0:0:1admin
[2m2021-11-25 09:02:58.152[0;39m [32mDEBUG[0;39m [35m179756[0;39m [2m---[0;39m [2m[nio-8090-exec-3][0;39m [36mc.z.M.i.LoginHandlerInterceptor         [0;39m [2m:[0;39m cookieValue: userInfo0:0:0:0:0:0:0:1admin
[2m2021-11-25 09:02:58.156[0;39m [32mDEBUG[0;39m [35m179756[0;39m [2m---[0;39m [2m[nio-8090-exec-9][0;39m [36mc.z.M.i.LoginHandlerInterceptor         [0;39m [2m:[0;39m cookieValue: userInfo0:0:0:0:0:0:0:1admin
[2m2021-11-25 09:02:58.685[0;39m [32mDEBUG[0;39m [35m179756[0;39m [2m---[0;39m [2m[nio-8090-exec-8][0;39m [36mc.z.M.i.LoginHandlerInterceptor         [0;39m [2m:[0;39m cookieValue: userInfo0:0:0:0:0:0:0:1admin
[2m2021-11-25 09:02:58.776[0;39m [32mDEBUG[0;39m [35m179756[0;39m [2m---[0;39m [2m[nio-8090-exec-8][0;39m [36mc.z.M.i.LoginHandlerInterceptor         [0;39m [2m:[0;39m cookieValue: userInfo0:0:0:0:0:0:0:1admin
[2m2021-11-25 09:02:58.781[0;39m [32mDEBUG[0;39m [35m179756[0;39m [2m---[0;39m [2m[nio-8090-exec-4][0;39m [36mc.z.M.i.LoginHandlerInterceptor         [0;39m [2m:[0;39m cookieValue: userInfo0:0:0:0:0:0:0:1admin
[2m2021-11-25 09:02:58.785[0;39m [32mDEBUG[0;39m [35m179756[0;39m [2m---[0;39m [2m[io-8090-exec-10][0;39m [36mc.z.M.i.LoginHandlerInterceptor         [0;39m [2m:[0;39m cookieValue: userInfo0:0:0:0:0:0:0:1admin
[2m2021-11-25 09:02:59.459[0;39m [32mDEBUG[0;39m [35m179756[0;39m [2m---[0;39m [2m[nio-8090-exec-5][0;39m [36mc.z.M.i.LoginHandlerInterceptor         [0;39m [2m:[0;39m cookieValue: userInfo0:0:0:0:0:0:0:1admin
[2m2021-11-25 09:02:59.533[0;39m [32mDEBUG[0;39m [35m179756[0;39m [2m---[0;39m [2m[nio-8090-exec-3][0;39m [36mc.z.M.i.LoginHandlerInterceptor         [0;39m [2m:[0;39m cookieValue: userInfo0:0:0:0:0:0:0:1admin
[2m2021-11-25 09:02:59.538[0;39m [32mDEBUG[0;39m [35m179756[0;39m [2m---[0;39m [2m[nio-8090-exec-4][0;39m [36mc.z.M.i.LoginHandlerInterceptor         [0;39m [2m:[0;39m cookieValue: userInfo0:0:0:0:0:0:0:1admin
[2m2021-11-25 09:02:59.543[0;39m [32mDEBUG[0;39m [35m179756[0;39m [2m---[0;39m [2m[nio-8090-exec-5][0;39m [36mc.z.M.i.LoginHandlerInterceptor         [0;39m [2m:[0;39m cookieValue: userInfo0:0:0:0:0:0:0:1admin
[2m2021-11-25 09:02:59.680[0;39m [32mDEBUG[0;39m [35m179756[0;39m [2m---[0;39m [2m[nio-8090-exec-8][0;39m [36mc.z.M.i.LoginHandlerInterceptor         [0;39m [2m:[0;39m cookieValue: userInfo0:0:0:0:0:0:0:1admin
[2m2021-11-25 09:03:01.595[0;39m [32mDEBUG[0;39m [35m179756[0;39m [2m---[0;39m [2m[nio-8090-exec-8][0;39m [36mc.z.M.i.LoginHandlerInterceptor         [0;39m [2m:[0;39m cookieValue: userInfo0:0:0:0:0:0:0:1admin
[2m2021-11-25 09:03:01.655[0;39m [32mDEBUG[0;39m [35m179756[0;39m [2m---[0;39m [2m[nio-8090-exec-8][0;39m [36mc.z.M.i.LoginHandlerInterceptor         [0;39m [2m:[0;39m cookieValue: userInfo0:0:0:0:0:0:0:1admin
[2m2021-11-25 09:03:01.703[0;39m [32mDEBUG[0;39m [35m179756[0;39m [2m---[0;39m [2m[nio-8090-exec-2][0;39m [36mc.z.M.i.LoginHandlerInterceptor         [0;39m [2m:[0;39m cookieValue: userInfo0:0:0:0:0:0:0:1admin
[2m2021-11-25 09:03:01.707[0;39m [32mDEBUG[0;39m [35m179756[0;39m [2m---[0;39m [2m[io-8090-exec-10][0;39m [36mc.z.M.i.LoginHandlerInterceptor         [0;39m [2m:[0;39m cookieValue: userInfo0:0:0:0:0:0:0:1admin
[2m2021-11-25 09:03:01.712[0;39m [32mDEBUG[0;39m [35m179756[0;39m [2m---[0;39m [2m[nio-8090-exec-1][0;39m [36mc.z.M.i.LoginHandlerInterceptor         [0;39m [2m:[0;39m cookieValue: userInfo0:0:0:0:0:0:0:1admin
[2m2021-11-25 09:03:02.457[0;39m [32mDEBUG[0;39m [35m179756[0;39m [2m---[0;39m [2m[nio-8090-exec-5][0;39m [36mc.z.M.i.LoginHandlerInterceptor         [0;39m [2m:[0;39m cookieValue: userInfo0:0:0:0:0:0:0:1admin
[2m2021-11-25 09:03:02.528[0;39m [32mDEBUG[0;39m [35m179756[0;39m [2m---[0;39m [2m[nio-8090-exec-5][0;39m [36mc.z.M.i.LoginHandlerInterceptor         [0;39m [2m:[0;39m cookieValue: userInfo0:0:0:0:0:0:0:1admin
[2m2021-11-25 09:03:02.533[0;39m [32mDEBUG[0;39m [35m179756[0;39m [2m---[0;39m [2m[nio-8090-exec-9][0;39m [36mc.z.M.i.LoginHandlerInterceptor         [0;39m [2m:[0;39m cookieValue: userInfo0:0:0:0:0:0:0:1admin
[2m2021-11-25 09:03:02.537[0;39m [32mDEBUG[0;39m [35m179756[0;39m [2m---[0;39m [2m[io-8090-exec-10][0;39m [36mc.z.M.i.LoginHandlerInterceptor         [0;39m [2m:[0;39m cookieValue: userInfo0:0:0:0:0:0:0:1admin
[2m2021-11-25 09:03:02.663[0;39m [32mDEBUG[0;39m [35m179756[0;39m [2m---[0;39m [2m[nio-8090-exec-8][0;39m [36mc.z.M.i.LoginHandlerInterceptor         [0;39m [2m:[0;39m cookieValue: userInfo0:0:0:0:0:0:0:1admin
[2m2021-11-25 09:05:43.997[0;39m [32mDEBUG[0;39m [35m179756[0;39m [2m---[0;39m [2m[nio-8090-exec-6][0;39m [36mc.z.M.i.LoginHandlerInterceptor         [0;39m [2m:[0;39m cookieValue: userInfo0:0:0:0:0:0:0:1admin
[2m2021-11-25 09:05:45.732[0;39m [32mDEBUG[0;39m [35m179756[0;39m [2m---[0;39m [2m[nio-8090-exec-4][0;39m [36mc.z.M.i.LoginHandlerInterceptor         [0;39m [2m:[0;39m cookieValue: userInfo0:0:0:0:0:0:0:1admin
[2m2021-11-25 09:05:45.823[0;39m [32mDEBUG[0;39m [35m179756[0;39m [2m---[0;39m [2m[nio-8090-exec-2][0;39m [36mc.z.M.i.LoginHandlerInterceptor         [0;39m [2m:[0;39m cookieValue: userInfo0:0:0:0:0:0:0:1admin
[2m2021-11-25 09:05:45.828[0;39m [32mDEBUG[0;39m [35m179756[0;39m [2m---[0;39m [2m[nio-8090-exec-3][0;39m [36mc.z.M.i.LoginHandlerInterceptor         [0;39m [2m:[0;39m cookieValue: userInfo0:0:0:0:0:0:0:1admin
[2m2021-11-25 09:05:45.832[0;39m [32mDEBUG[0;39m [35m179756[0;39m [2m---[0;39m [2m[nio-8090-exec-9][0;39m [36mc.z.M.i.LoginHandlerInterceptor         [0;39m [2m:[0;39m cookieValue: userInfo0:0:0:0:0:0:0:1admin
[2m2021-11-25 09:06:55.153[0;39m [32mDEBUG[0;39m [35m179756[0;39m [2m---[0;39m [2m[nio-8090-exec-2][0;39m [36mc.z.M.i.LoginHandlerInterceptor         [0;39m [2m:[0;39m cookieValue: userInfo0:0:0:0:0:0:0:1admin
[2m2021-11-25 09:13:29.658[0;39m [32mDEBUG[0;39m [35m179756[0;39m [2m---[0;39m [2m[nio-8090-exec-1][0;39m [36mc.z.M.i.LoginHandlerInterceptor         [0;39m [2m:[0;39m cookieValue: userInfo0:0:0:0:0:0:0:1admin
[2m2021-11-25 09:13:29.765[0;39m [32mDEBUG[0;39m [35m179756[0;39m [2m---[0;39m [2m[io-8090-exec-10][0;39m [36mc.z.M.i.LoginHandlerInterceptor         [0;39m [2m:[0;39m cookieValue: userInfo0:0:0:0:0:0:0:1admin
[2m2021-11-25 09:13:29.772[0;39m [32mDEBUG[0;39m [35m179756[0;39m [2m---[0;39m [2m[nio-8090-exec-8][0;39m [36mc.z.M.i.LoginHandlerInterceptor         [0;39m [2m:[0;39m cookieValue: userInfo0:0:0:0:0:0:0:1admin
[2m2021-11-25 09:13:29.777[0;39m [32mDEBUG[0;39m [35m179756[0;39m [2m---[0;39m [2m[nio-8090-exec-1][0;39m [36mc.z.M.i.LoginHandlerInterceptor         [0;39m [2m:[0;39m cookieValue: userInfo0:0:0:0:0:0:0:1admin
[2m2021-11-25 09:13:33.098[0;39m [32mDEBUG[0;39m [35m179756[0;39m [2m---[0;39m [2m[nio-8090-exec-5][0;39m [36mc.z.M.i.LoginHandlerInterceptor         [0;39m [2m:[0;39m cookieValue: userInfo0:0:0:0:0:0:0:1admin
[2m2021-11-25 09:13:33.176[0;39m [32mDEBUG[0;39m [35m179756[0;39m [2m---[0;39m [2m[nio-8090-exec-2][0;39m [36mc.z.M.i.LoginHandlerInterceptor         [0;39m [2m:[0;39m cookieValue: userInfo0:0:0:0:0:0:0:1admin
[2m2021-11-25 09:13:33.183[0;39m [32mDEBUG[0;39m [35m179756[0;39m [2m---[0;39m [2m[nio-8090-exec-5][0;39m [36mc.z.M.i.LoginHandlerInterceptor         [0;39m [2m:[0;39m cookieValue: userInfo0:0:0:0:0:0:0:1admin
[2m2021-11-25 09:13:33.188[0;39m [32mDEBUG[0;39m [35m179756[0;39m [2m---[0;39m [2m[nio-8090-exec-6][0;39m [36mc.z.M.i.LoginHandlerInterceptor         [0;39m [2m:[0;39m cookieValue: userInfo0:0:0:0:0:0:0:1admin
[2m2021-11-25 09:13:39.167[0;39m [32mDEBUG[0;39m [35m179756[0;39m [2m---[0;39m [2m[nio-8090-exec-8][0;39m [36mc.z.M.i.LoginHandlerInterceptor         [0;39m [2m:[0;39m cookieValue: userInfo0:0:0:0:0:0:0:1admin
[2m2021-11-25 09:13:40.436[0;39m [32mDEBUG[0;39m [35m179756[0;39m [2m---[0;39m [2m[io-8090-exec-10][0;39m [36mc.z.M.i.LoginHandlerInterceptor         [0;39m [2m:[0;39m cookieValue: userInfo0:0:0:0:0:0:0:1admin
[2m2021-11-25 09:13:40.516[0;39m [32mDEBUG[0;39m [35m179756[0;39m [2m---[0;39m [2m[nio-8090-exec-9][0;39m [36mc.z.M.i.LoginHandlerInterceptor         [0;39m [2m:[0;39m cookieValue: userInfo0:0:0:0:0:0:0:1admin
[2m2021-11-25 09:13:40.520[0;39m [32mDEBUG[0;39m [35m179756[0;39m [2m---[0;39m [2m[nio-8090-exec-7][0;39m [36mc.z.M.i.LoginHandlerInterceptor         [0;39m [2m:[0;39m cookieValue: userInfo0:0:0:0:0:0:0:1admin
[2m2021-11-25 09:13:40.525[0;39m [32mDEBUG[0;39m [35m179756[0;39m [2m---[0;39m [2m[nio-8090-exec-2][0;39m [36mc.z.M.i.LoginHandlerInterceptor         [0;39m [2m:[0;39m cookieValue: userInfo0:0:0:0:0:0:0:1admin
[2m2021-11-25 09:17:10.439[0;39m [32mDEBUG[0;39m [35m218456[0;39m [2m---[0;39m [2m[  restartedMain][0;39m [36mcom.zdk.MyBlog.MyBlogApplication        [0;39m [2m:[0;39m Running with Spring Boot v2.4.5, Spring v5.3.6
[2m2021-11-25 09:33:04.824[0;39m [32mDEBUG[0;39m [35m218456[0;39m [2m---[0;39m [2m[nio-8090-exec-9][0;39m [36mc.z.M.i.LoginHandlerInterceptor         [0;39m [2m:[0;39m cookieValue: userInfo0:0:0:0:0:0:0:1admin
[2m2021-11-25 09:33:04.969[0;39m [32mDEBUG[0;39m [35m218456[0;39m [2m---[0;39m [2m[nio-8090-exec-1][0;39m [36mc.z.M.i.LoginHandlerInterceptor         [0;39m [2m:[0;39m cookieValue: userInfo0:0:0:0:0:0:0:1admin
[2m2021-11-25 09:33:04.974[0;39m [32mDEBUG[0;39m [35m218456[0;39m [2m---[0;39m [2m[nio-8090-exec-2][0;39m [36mc.z.M.i.LoginHandlerInterceptor         [0;39m [2m:[0;39m cookieValue: userInfo0:0:0:0:0:0:0:1admin
[2m2021-11-25 09:33:04.980[0;39m [32mDEBUG[0;39m [35m218456[0;39m [2m---[0;39m [2m[nio-8090-exec-9][0;39m [36mc.z.M.i.LoginHandlerInterceptor         [0;39m [2m:[0;39m cookieValue: userInfo0:0:0:0:0:0:0:1admin
[2m2021-11-25 09:33:06.814[0;39m [32mDEBUG[0;39m [35m218456[0;39m [2m---[0;39m [2m[nio-8090-exec-7][0;39m [36mc.z.M.i.LoginHandlerInterceptor         [0;39m [2m:[0;39m cookieValue: userInfo0:0:0:0:0:0:0:1admin
[2m2021-11-25 09:33:08.219[0;39m [32mDEBUG[0;39m [35m218456[0;39m [2m---[0;39m [2m[nio-8090-exec-5][0;39m [36mc.z.M.i.LoginHandlerInterceptor         [0;39m [2m:[0;39m cookieValue: userInfo0:0:0:0:0:0:0:1admin
[2m2021-11-25 09:33:08.293[0;39m [32mDEBUG[0;39m [35m218456[0;39m [2m---[0;39m [2m[io-8090-exec-10][0;39m [36mc.z.M.i.LoginHandlerInterceptor         [0;39m [2m:[0;39m cookieValue: userInfo0:0:0:0:0:0:0:1admin
[2m2021-11-25 09:33:08.299[0;39m [32mDEBUG[0;39m [35m218456[0;39m [2m---[0;39m [2m[nio-8090-exec-3][0;39m [36mc.z.M.i.LoginHandlerInterceptor         [0;39m [2m:[0;39m cookieValue: userInfo0:0:0:0:0:0:0:1admin
[2m2021-11-25 09:33:08.303[0;39m [32mDEBUG[0;39m [35m218456[0;39m [2m---[0;39m [2m[nio-8090-exec-6][0;39m [36mc.z.M.i.LoginHandlerInterceptor         [0;39m [2m:[0;39m cookieValue: userInfo0:0:0:0:0:0:0:1admin
[2m2021-11-25 09:33:09.711[0;39m [32mDEBUG[0;39m [35m218456[0;39m [2m---[0;39m [2m[nio-8090-exec-1][0;39m [36mc.z.M.i.LoginHandlerInterceptor         [0;39m [2m:[0;39m cookieValue: userInfo0:0:0:0:0:0:0:1admin
[2m2021-11-25 09:33:11.458[0;39m [32mDEBUG[0;39m [35m218456[0;39m [2m---[0;39m [2m[nio-8090-exec-7][0;39m [36mc.z.M.i.LoginHandlerInterceptor         [0;39m [2m:[0;39m cookieValue: userInfo0:0:0:0:0:0:0:1admin
[2m2021-11-25 09:33:11.534[0;39m [32mDEBUG[0;39m [35m218456[0;39m [2m---[0;39m [2m[nio-8090-exec-2][0;39m [36mc.z.M.i.LoginHandlerInterceptor         [0;39m [2m:[0;39m cookieValue: userInfo0:0:0:0:0:0:0:1admin
[2m2021-11-25 09:33:11.540[0;39m [32mDEBUG[0;39m [35m218456[0;39m [2m---[0;39m [2m[io-8090-exec-10][0;39m [36mc.z.M.i.LoginHandlerInterceptor         [0;39m [2m:[0;39m cookieValue: userInfo0:0:0:0:0:0:0:1admin
[2m2021-11-25 09:33:11.544[0;39m [32mDEBUG[0;39m [35m218456[0;39m [2m---[0;39m [2m[nio-8090-exec-4][0;39m [36mc.z.M.i.LoginHandlerInterceptor         [0;39m [2m:[0;39m cookieValue: userInfo0:0:0:0:0:0:0:1admin
[2m2021-11-25 09:33:12.789[0;39m [32mDEBUG[0;39m [35m218456[0;39m [2m---[0;39m [2m[nio-8090-exec-1][0;39m [36mc.z.M.i.LoginHandlerInterceptor         [0;39m [2m:[0;39m cookieValue: userInfo0:0:0:0:0:0:0:1admin
[2m2021-11-25 09:33:15.738[0;39m [32mDEBUG[0;39m [35m218456[0;39m [2m---[0;39m [2m[nio-8090-exec-8][0;39m [36mc.z.M.i.LoginHandlerInterceptor         [0;39m [2m:[0;39m cookieValue: userInfo0:0:0:0:0:0:0:1admin
[2m2021-11-25 09:33:15.806[0;39m [32mDEBUG[0;39m [35m218456[0;39m [2m---[0;39m [2m[nio-8090-exec-1][0;39m [36mc.z.M.i.LoginHandlerInterceptor         [0;39m [2m:[0;39m cookieValue: userInfo0:0:0:0:0:0:0:1admin
[2m2021-11-25 09:33:15.811[0;39m [32mDEBUG[0;39m [35m218456[0;39m [2m---[0;39m [2m[io-8090-exec-10][0;39m [36mc.z.M.i.LoginHandlerInterceptor         [0;39m [2m:[0;39m cookieValue: userInfo0:0:0:0:0:0:0:1admin
[2m2021-11-25 09:33:15.814[0;39m [32mDEBUG[0;39m [35m218456[0;39m [2m---[0;39m [2m[nio-8090-exec-7][0;39m [36mc.z.M.i.LoginHandlerInterceptor         [0;39m [2m:[0;39m cookieValue: userInfo0:0:0:0:0:0:0:1admin
[2m2021-11-25 09:37:04.416[0;39m [32mDEBUG[0;39m [35m218456[0;39m [2m---[0;39m [2m[nio-8090-exec-7][0;39m [36mc.z.M.i.LoginHandlerInterceptor         [0;39m [2m:[0;39m cookieValue: userInfo0:0:0:0:0:0:0:1admin
[2m2021-11-25 09:37:04.497[0;39m [32mDEBUG[0;39m [35m218456[0;39m [2m---[0;39m [2m[nio-8090-exec-6][0;39m [36mc.z.M.i.LoginHandlerInterceptor         [0;39m [2m:[0;39m cookieValue: userInfo0:0:0:0:0:0:0:1admin
[2m2021-11-25 09:37:04.501[0;39m [32mDEBUG[0;39m [35m218456[0;39m [2m---[0;39m [2m[nio-8090-exec-1][0;39m [36mc.z.M.i.LoginHandlerInterceptor         [0;39m [2m:[0;39m cookieValue: userInfo0:0:0:0:0:0:0:1admin
[2m2021-11-25 09:37:04.505[0;39m [32mDEBUG[0;39m [35m218456[0;39m [2m---[0;39m [2m[nio-8090-exec-7][0;39m [36mc.z.M.i.LoginHandlerInterceptor         [0;39m [2m:[0;39m cookieValue: userInfo0:0:0:0:0:0:0:1admin
[2m2021-11-25 09:40:34.236[0;39m [32mDEBUG[0;39m [35m23604[0;39m [2m---[0;39m [2m[  restartedMain][0;39m [36mcom.zdk.MyBlog.MyBlogApplication        [0;39m [2m:[0;39m Running with Spring Boot v2.4.5, Spring v5.3.6
[2m2021-11-25 09:40:44.370[0;39m [32mDEBUG[0;39m [35m23604[0;39m [2m---[0;39m [2m[nio-8090-exec-1][0;39m [36mc.z.M.i.LoginHandlerInterceptor         [0;39m [2m:[0;39m cookieValue: userInfo0:0:0:0:0:0:0:1admin
[2m2021-11-25 09:40:51.464[0;39m [32mDEBUG[0;39m [35m23604[0;39m [2m---[0;39m [2m[nio-8090-exec-6][0;39m [36mc.z.M.i.LoginHandlerInterceptor         [0;39m [2m:[0;39m cookieValue: userInfo0:0:0:0:0:0:0:1test
[2m2021-11-25 09:40:51.707[0;39m [32mDEBUG[0;39m [35m23604[0;39m [2m---[0;39m [2m[nio-8090-exec-7][0;39m [36mc.z.M.i.LoginHandlerInterceptor         [0;39m [2m:[0;39m cookieValue: userInfo0:0:0:0:0:0:0:1test
[2m2021-11-25 09:40:51.714[0;39m [32mDEBUG[0;39m [35m23604[0;39m [2m---[0;39m [2m[nio-8090-exec-8][0;39m [36mc.z.M.i.LoginHandlerInterceptor         [0;39m [2m:[0;39m cookieValue: userInfo0:0:0:0:0:0:0:1test
[2m2021-11-25 09:40:51.720[0;39m [32mDEBUG[0;39m [35m23604[0;39m [2m---[0;39m [2m[nio-8090-exec-6][0;39m [36mc.z.M.i.LoginHandlerInterceptor         [0;39m [2m:[0;39m cookieValue: userInfo0:0:0:0:0:0:0:1test
[2m2021-11-25 09:40:54.714[0;39m [32mDEBUG[0;39m [35m23604[0;39m [2m---[0;39m [2m[nio-8090-exec-9][0;39m [36mc.z.M.i.LoginHandlerInterceptor         [0;39m [2m:[0;39m cookieValue: userInfo0:0:0:0:0:0:0:1test
[2m2021-11-25 09:40:54.816[0;39m [32mDEBUG[0;39m [35m23604[0;39m [2m---[0;39m [2m[nio-8090-exec-9][0;39m [36mc.z.M.i.LoginHandlerInterceptor         [0;39m [2m:[0;39m cookieValue: userInfo0:0:0:0:0:0:0:1test
[2m2021-11-25 09:40:54.822[0;39m [32mDEBUG[0;39m [35m23604[0;39m [2m---[0;39m [2m[nio-8090-exec-5][0;39m [36mc.z.M.i.LoginHandlerInterceptor         [0;39m [2m:[0;39m cookieValue: userInfo0:0:0:0:0:0:0:1test
[2m2021-11-25 09:40:54.829[0;39m [32mDEBUG[0;39m [35m23604[0;39m [2m---[0;39m [2m[nio-8090-exec-4][0;39m [36mc.z.M.i.LoginHandlerInterceptor         [0;39m [2m:[0;39m cookieValue: userInfo0:0:0:0:0:0:0:1test
[2m2021-11-25 09:44:07.674[0;39m [32mDEBUG[0;39m [35m35364[0;39m [2m---[0;39m [2m[  restartedMain][0;39m [36mcom.zdk.MyBlog.MyBlogApplication        [0;39m [2m:[0;39m Running with Spring Boot v2.4.5, Spring v5.3.6
[2m2021-11-25 09:44:48.740[0;39m [32mDEBUG[0;39m [35m2468[0;39m [2m---[0;39m [2m[  restartedMain][0;39m [36mcom.zdk.MyBlog.MyBlogApplication        [0;39m [2m:[0;39m Running with Spring Boot v2.4.5, Spring v5.3.6
[2m2021-11-25 09:45:18.319[0;39m [32mDEBUG[0;39m [35m32204[0;39m [2m---[0;39m [2m[  restartedMain][0;39m [36mcom.zdk.MyBlog.MyBlogApplication        [0;39m [2m:[0;39m Running with Spring Boot v2.4.5, Spring v5.3.6
[2m2021-11-25 09:46:33.921[0;39m [32mDEBUG[0;39m [35m36648[0;39m [2m---[0;39m [2m[  restartedMain][0;39m [36mcom.zdk.MyBlog.MyBlogApplication        [0;39m [2m:[0;39m Running with Spring Boot v2.4.5, Spring v5.3.6
[2m2021-11-25 09:47:50.060[0;39m [32mDEBUG[0;39m [35m162652[0;39m [2m---[0;39m [2m[  restartedMain][0;39m [36mcom.zdk.MyBlog.MyBlogApplication        [0;39m [2m:[0;39m Running with Spring Boot v2.4.5, Spring v5.3.6
[2m2021-11-25 09:49:25.745[0;39m [32mDEBUG[0;39m [35m162652[0;39m [2m---[0;39m [2m[nio-8090-exec-9][0;39m [36mc.z.M.i.LoginHandlerInterceptor         [0;39m [2m:[0;39m cookieValue: userInfo0:0:0:0:0:0:0:1test
[2m2021-11-25 09:49:42.189[0;39m [32mDEBUG[0;39m [35m162652[0;39m [2m---[0;39m [2m[nio-8090-exec-3][0;39m [36mc.z.M.i.LoginHandlerInterceptor         [0;39m [2m:[0;39m cookieValue: userInfo0:0:0:0:0:0:0:1test
[2m2021-11-25 09:49:42.288[0;39m [32mDEBUG[0;39m [35m162652[0;39m [2m---[0;39m [2m[nio-8090-exec-2][0;39m [36mc.z.M.i.LoginHandlerInterceptor         [0;39m [2m:[0;39m cookieValue: userInfo0:0:0:0:0:0:0:1test
[2m2021-11-25 09:49:42.296[0;39m [32mDEBUG[0;39m [35m162652[0;39m [2m---[0;39m [2m[nio-8090-exec-7][0;39m [36mc.z.M.i.LoginHandlerInterceptor         [0;39m [2m:[0;39m cookieValue: userInfo0:0:0:0:0:0:0:1test
[2m2021-11-25 09:49:42.301[0;39m [32mDEBUG[0;39m [35m162652[0;39m [2m---[0;39m [2m[nio-8090-exec-4][0;39m [36mc.z.M.i.LoginHandlerInterceptor         [0;39m [2m:[0;39m cookieValue: userInfo0:0:0:0:0:0:0:1test
[2m2021-11-25 09:49:43.537[0;39m [32mDEBUG[0;39m [35m162652[0;39m [2m---[0;39m [2m[io-8090-exec-10][0;39m [36mc.z.M.i.LoginHandlerInterceptor         [0;39m [2m:[0;39m cookieValue: userInfo0:0:0:0:0:0:0:1test
[2m2021-11-25 09:49:43.622[0;39m [32mDEBUG[0;39m [35m162652[0;39m [2m---[0;39m [2m[nio-8090-exec-5][0;39m [36mc.z.M.i.LoginHandlerInterceptor         [0;39m [2m:[0;39m cookieValue: userInfo0:0:0:0:0:0:0:1test
[2m2021-11-25 09:49:43.627[0;39m [32mDEBUG[0;39m [35m162652[0;39m [2m---[0;39m [2m[nio-8090-exec-7][0;39m [36mc.z.M.i.LoginHandlerInterceptor         [0;39m [2m:[0;39m cookieValue: userInfo0:0:0:0:0:0:0:1test
[2m2021-11-25 09:49:43.631[0;39m [32mDEBUG[0;39m [35m162652[0;39m [2m---[0;39m [2m[nio-8090-exec-4][0;39m [36mc.z.M.i.LoginHandlerInterceptor         [0;39m [2m:[0;39m cookieValue: userInfo0:0:0:0:0:0:0:1test
[2m2021-11-25 09:49:45.832[0;39m [32mDEBUG[0;39m [35m162652[0;39m [2m---[0;39m [2m[nio-8090-exec-3][0;39m [36mc.z.M.i.LoginHandlerInterceptor         [0;39m [2m:[0;39m cookieValue: userInfo0:0:0:0:0:0:0:1test
[2m2021-11-25 09:49:45.905[0;39m [32mDEBUG[0;39m [35m162652[0;39m [2m---[0;39m [2m[nio-8090-exec-4][0;39m [36mc.z.M.i.LoginHandlerInterceptor         [0;39m [2m:[0;39m cookieValue: userInfo0:0:0:0:0:0:0:1test
[2m2021-11-25 09:49:45.910[0;39m [32mDEBUG[0;39m [35m162652[0;39m [2m---[0;39m [2m[io-8090-exec-10][0;39m [36mc.z.M.i.LoginHandlerInterceptor         [0;39m [2m:[0;39m cookieValue: userInfo0:0:0:0:0:0:0:1test
[2m2021-11-25 09:49:45.916[0;39m [32mDEBUG[0;39m [35m162652[0;39m [2m---[0;39m [2m[nio-8090-exec-5][0;39m [36mc.z.M.i.LoginHandlerInterceptor         [0;39m [2m:[0;39m cookieValue: userInfo0:0:0:0:0:0:0:1test
[2m2021-11-25 09:49:47.072[0;39m [32mDEBUG[0;39m [35m162652[0;39m [2m---[0;39m [2m[nio-8090-exec-3][0;39m [36mc.z.M.i.LoginHandlerInterceptor         [0;39m [2m:[0;39m cookieValue: userInfo0:0:0:0:0:0:0:1test
[2m2021-11-25 09:49:47.148[0;39m [32mDEBUG[0;39m [35m162652[0;39m [2m---[0;39m [2m[nio-8090-exec-7][0;39m [36mc.z.M.i.LoginHandlerInterceptor         [0;39m [2m:[0;39m cookieValue: userInfo0:0:0:0:0:0:0:1test
[2m2021-11-25 09:49:47.152[0;39m [32mDEBUG[0;39m [35m162652[0;39m [2m---[0;39m [2m[io-8090-exec-10][0;39m [36mc.z.M.i.LoginHandlerInterceptor         [0;39m [2m:[0;39m cookieValue: userInfo0:0:0:0:0:0:0:1test
[2m2021-11-25 09:49:47.156[0;39m [32mDEBUG[0;39m [35m162652[0;39m [2m---[0;39m [2m[nio-8090-exec-6][0;39m [36mc.z.M.i.LoginHandlerInterceptor         [0;39m [2m:[0;39m cookieValue: userInfo0:0:0:0:0:0:0:1test
[2m2021-11-25 09:49:47.266[0;39m [32mDEBUG[0;39m [35m162652[0;39m [2m---[0;39m [2m[nio-8090-exec-4][0;39m [36mc.z.M.i.LoginHandlerInterceptor         [0;39m [2m:[0;39m cookieValue: userInfo0:0:0:0:0:0:0:1test
[2m2021-11-25 09:49:47.783[0;39m [32mDEBUG[0;39m [35m162652[0;39m [2m---[0;39m [2m[nio-8090-exec-4][0;39m [36mc.z.M.i.LoginHandlerInterceptor         [0;39m [2m:[0;39m cookieValue: userInfo0:0:0:0:0:0:0:1test
[2m2021-11-25 09:49:47.857[0;39m [32mDEBUG[0;39m [35m162652[0;39m [2m---[0;39m [2m[nio-8090-exec-1][0;39m [36mc.z.M.i.LoginHandlerInterceptor         [0;39m [2m:[0;39m cookieValue: userInfo0:0:0:0:0:0:0:1test
[2m2021-11-25 09:49:47.861[0;39m [32mDEBUG[0;39m [35m162652[0;39m [2m---[0;39m [2m[nio-8090-exec-4][0;39m [36mc.z.M.i.LoginHandlerInterceptor         [0;39m [2m:[0;39m cookieValue: userInfo0:0:0:0:0:0:0:1test
[2m2021-11-25 09:49:47.865[0;39m [32mDEBUG[0;39m [35m162652[0;39m [2m---[0;39m [2m[nio-8090-exec-6][0;39m [36mc.z.M.i.LoginHandlerInterceptor         [0;39m [2m:[0;39m cookieValue: userInfo0:0:0:0:0:0:0:1test
[2m2021-11-25 09:49:55.280[0;39m [32mDEBUG[0;39m [35m162652[0;39m [2m---[0;39m [2m[io-8090-exec-10][0;39m [36mc.z.M.i.LoginHandlerInterceptor         [0;39m [2m:[0;39m cookieValue: userInfo0:0:0:0:0:0:0:1test
[2m2021-11-25 09:49:55.350[0;39m [32mDEBUG[0;39m [35m162652[0;39m [2m---[0;39m [2m[nio-8090-exec-3][0;39m [36mc.z.M.i.LoginHandlerInterceptor         [0;39m [2m:[0;39m cookieValue: userInfo0:0:0:0:0:0:0:1test
[2m2021-11-25 09:49:55.354[0;39m [32mDEBUG[0;39m [35m162652[0;39m [2m---[0;39m [2m[nio-8090-exec-8][0;39m [36mc.z.M.i.LoginHandlerInterceptor         [0;39m [2m:[0;39m cookieValue: userInfo0:0:0:0:0:0:0:1test
[2m2021-11-25 09:49:55.359[0;39m [32mDEBUG[0;39m [35m162652[0;39m [2m---[0;39m [2m[nio-8090-exec-9][0;39m [36mc.z.M.i.LoginHandlerInterceptor         [0;39m [2m:[0;39m cookieValue: userInfo0:0:0:0:0:0:0:1test
[2m2021-11-25 09:51:28.327[0;39m [32mDEBUG[0;39m [35m162652[0;39m [2m---[0;39m [2m[nio-8090-exec-9][0;39m [36mc.z.M.i.LoginHandlerInterceptor         [0;39m [2m:[0;39m cookieValue: userInfo0:0:0:0:0:0:0:1test
[2m2021-11-25 09:51:31.587[0;39m [32mDEBUG[0;39m [35m162652[0;39m [2m---[0;39m [2m[nio-8090-exec-3][0;39m [36mc.z.M.i.LoginHandlerInterceptor         [0;39m [2m:[0;39m cookieValue: userInfo0:0:0:0:0:0:0:1admin
[2m2021-11-25 09:51:31.705[0;39m [32mDEBUG[0;39m [35m162652[0;39m [2m---[0;39m [2m[nio-8090-exec-8][0;39m [36mc.z.M.i.LoginHandlerInterceptor         [0;39m [2m:[0;39m cookieValue: userInfo0:0:0:0:0:0:0:1admin
[2m2021-11-25 09:51:31.709[0;39m [32mDEBUG[0;39m [35m162652[0;39m [2m---[0;39m [2m[io-8090-exec-10][0;39m [36mc.z.M.i.LoginHandlerInterceptor         [0;39m [2m:[0;39m cookieValue: userInfo0:0:0:0:0:0:0:1admin
[2m2021-11-25 09:51:31.713[0;39m [32mDEBUG[0;39m [35m162652[0;39m [2m---[0;39m [2m[nio-8090-exec-2][0;39m [36mc.z.M.i.LoginHandlerInterceptor         [0;39m [2m:[0;39m cookieValue: userInfo0:0:0:0:0:0:0:1admin
[2m2021-11-25 09:51:34.330[0;39m [32mDEBUG[0;39m [35m162652[0;39m [2m---[0;39m [2m[nio-8090-exec-5][0;39m [36mc.z.M.i.LoginHandlerInterceptor         [0;39m [2m:[0;39m cookieValue: userInfo0:0:0:0:0:0:0:1admin
[2m2021-11-25 09:51:34.403[0;39m [32mDEBUG[0;39m [35m162652[0;39m [2m---[0;39m [2m[nio-8090-exec-9][0;39m [36mc.z.M.i.LoginHandlerInterceptor         [0;39m [2m:[0;39m cookieValue: userInfo0:0:0:0:0:0:0:1admin
[2m2021-11-25 09:51:34.408[0;39m [32mDEBUG[0;39m [35m162652[0;39m [2m---[0;39m [2m[nio-8090-exec-6][0;39m [36mc.z.M.i.LoginHandlerInterceptor         [0;39m [2m:[0;39m cookieValue: userInfo0:0:0:0:0:0:0:1admin
[2m2021-11-25 09:51:34.412[0;39m [32mDEBUG[0;39m [35m162652[0;39m [2m---[0;39m [2m[io-8090-exec-10][0;39m [36mc.z.M.i.LoginHandlerInterceptor         [0;39m [2m:[0;39m cookieValue: userInfo0:0:0:0:0:0:0:1admin
[2m2021-11-25 09:51:39.596[0;39m [32mDEBUG[0;39m [35m162652[0;39m [2m---[0;39m [2m[nio-8090-exec-3][0;39m [36mc.z.M.i.LoginHandlerInterceptor         [0;39m [2m:[0;39m cookieValue: userInfo0:0:0:0:0:0:0:1admin
[2m2021-11-25 09:51:40.952[0;39m [32mDEBUG[0;39m [35m162652[0;39m [2m---[0;39m [2m[nio-8090-exec-7][0;39m [36mc.z.M.i.LoginHandlerInterceptor         [0;39m [2m:[0;39m cookieValue: userInfo0:0:0:0:0:0:0:1admin
[2m2021-11-25 09:51:41.028[0;39m [32mDEBUG[0;39m [35m162652[0;39m [2m---[0;39m [2m[nio-8090-exec-5][0;39m [36mc.z.M.i.LoginHandlerInterceptor         [0;39m [2m:[0;39m cookieValue: userInfo0:0:0:0:0:0:0:1admin
[2m2021-11-25 09:51:41.033[0;39m [32mDEBUG[0;39m [35m162652[0;39m [2m---[0;39m [2m[nio-8090-exec-1][0;39m [36mc.z.M.i.LoginHandlerInterceptor         [0;39m [2m:[0;39m cookieValue: userInfo0:0:0:0:0:0:0:1admin
[2m2021-11-25 09:51:41.037[0;39m [32mDEBUG[0;39m [35m162652[0;39m [2m---[0;39m [2m[nio-8090-exec-6][0;39m [36mc.z.M.i.LoginHandlerInterceptor         [0;39m [2m:[0;39m cookieValue: userInfo0:0:0:0:0:0:0:1admin
