2021-09-11 19:46:27.532 INFO  com.zdk.MyBlog.MyBlogApplication Line:55  - Starting MyBlogApplication using Java 1.8.0_282 on DESKTOP-7KN75LJ with PID 14980 (F:\project\my\my-blog\target\classes started by zdk in F:\project\my\my-blog)
2021-09-11 19:46:27.535 INFO  com.zdk.MyBlog.MyBlogApplication Line:679 - The following profiles are active: dev
2021-09-11 19:46:27.663 INFO  org.springframework.boot.devtools.env.DevToolsPropertyDefaultsPostProcessor Line:255 - Devtools property defaults active! Set 'spring.devtools.add-properties' to 'false' to disable
2021-09-11 19:46:27.664 INFO  org.springframework.boot.devtools.env.DevToolsPropertyDefaultsPostProcessor Line:255 - For additional web related logging consider setting the 'logging.level.web' property to 'DEBUG'
2021-09-11 19:46:32.497 INFO  org.springframework.data.repository.config.RepositoryConfigurationDelegate Line:250 - Multiple Spring Data modules found, entering strict repository configuration mode!
2021-09-11 19:46:32.501 INFO  org.springframework.data.repository.config.RepositoryConfigurationDelegate Line:128 - Bootstrapping Spring Data Redis repositories in DEFAULT mode.
2021-09-11 19:46:32.617 INFO  org.springframework.data.repository.config.RepositoryConfigurationDelegate Line:188 - Finished Spring Data repository scanning in 11 ms. Found 0 Redis repository interfaces.
2021-09-11 19:46:35.440 INFO  org.springframework.boot.web.embedded.tomcat.TomcatWebServer Line:108 - Tomcat initialized with port(s): 8090 (http)
2021-09-11 19:46:35.447 INFO  org.apache.catalina.core.StandardService Line:173 - Starting service [Tomcat]
2021-09-11 19:46:35.448 INFO  org.apache.catalina.core.StandardEngine Line:173 - Starting Servlet engine: [Apache Tomcat/9.0.45]
2021-09-11 19:46:35.554 INFO  org.apache.catalina.core.ContainerBase.[Tomcat].[localhost].[/] Line:173 - Initializing Spring embedded WebApplicationContext
2021-09-11 19:46:35.554 INFO  org.springframework.boot.web.servlet.context.ServletWebServerApplicationContext Line:289 - Root WebApplicationContext: initialization completed in 7814 ms
2021-09-11 19:46:35.982 INFO  com.alibaba.druid.spring.boot.autoconfigure.DruidDataSourceAutoConfigure Line:56  - Init DruidDataSource
2021-09-11 19:46:36.644 INFO  com.alibaba.druid.pool.DruidDataSource Line:990 - {dataSource-1} inited
2021-09-11 19:46:38.652 INFO  springfox.documentation.spring.web.PropertySourcedRequestMappingHandlerMapping Line:69  - Mapped URL path [/v2/api-docs] onto method [springfox.documentation.swagger2.web.Swagger2Controller#getDocumentation(String, HttpServletRequest)]
2021-09-11 19:46:38.761 INFO  org.springframework.scheduling.concurrent.ThreadPoolTaskExecutor Line:181 - Initializing ExecutorService 'applicationTaskExecutor'
2021-09-11 19:46:38.825 INFO  org.springframework.boot.devtools.autoconfigure.OptionalLiveReloadServer Line:58  - LiveReload server is running on port 35729
2021-09-11 19:46:39.350 INFO  org.springframework.boot.web.embedded.tomcat.TomcatWebServer Line:220 - Tomcat started on port(s): 8090 (http) with context path ''
2021-09-11 19:46:39.352 INFO  springfox.documentation.spring.web.plugins.DocumentationPluginsBootstrapper Line:160 - Context refreshed
2021-09-11 19:46:39.366 INFO  springfox.documentation.spring.web.plugins.DocumentationPluginsBootstrapper Line:163 - Found 1 custom documentation plugin(s)
2021-09-11 19:46:39.391 INFO  springfox.documentation.spring.web.scanners.ApiListingReferenceScanner Line:41  - Scanning for api listing references
2021-09-11 19:46:39.494 INFO  springfox.documentation.spring.web.readers.operation.CachingOperationNameGenerator Line:40  - Generating unique operation named: toPost2UsingPOST_1
2021-09-11 19:46:39.494 INFO  springfox.documentation.spring.web.readers.operation.CachingOperationNameGenerator Line:40  - Generating unique operation named: toPost2UsingGET_1
2021-09-11 19:46:39.498 INFO  springfox.documentation.spring.web.readers.operation.CachingOperationNameGenerator Line:40  - Generating unique operation named: indexUsingGET_1
2021-09-11 19:46:39.503 INFO  springfox.documentation.spring.web.readers.operation.CachingOperationNameGenerator Line:40  - Generating unique operation named: deleteUsingPOST_1
2021-09-11 19:46:39.504 INFO  springfox.documentation.spring.web.readers.operation.CachingOperationNameGenerator Line:40  - Generating unique operation named: indexUsingGET_2
2021-09-11 19:46:39.508 INFO  springfox.documentation.spring.web.readers.operation.CachingOperationNameGenerator Line:40  - Generating unique operation named: indexUsingGET_3
2021-09-11 19:46:39.509 INFO  springfox.documentation.spring.web.readers.operation.CachingOperationNameGenerator Line:40  - Generating unique operation named: indexUsingGET_4
2021-09-11 19:46:39.516 INFO  springfox.documentation.spring.web.readers.operation.CachingOperationNameGenerator Line:40  - Generating unique operation named: loginUsingGET_1
2021-09-11 19:46:39.516 INFO  springfox.documentation.spring.web.readers.operation.CachingOperationNameGenerator Line:40  - Generating unique operation named: logoutUsingGET_1
2021-09-11 19:46:39.522 INFO  springfox.documentation.spring.web.readers.operation.CachingOperationNameGenerator Line:40  - Generating unique operation named: indexUsingGET_5
2021-09-11 19:46:39.539 INFO  com.zdk.MyBlog.MyBlogApplication Line:61  - Started MyBlogApplication in 12.845 seconds (JVM running for 14.001)
2021-09-11 20:25:39.471 INFO  org.springframework.scheduling.concurrent.ThreadPoolTaskExecutor Line:218 - Shutting down ExecutorService 'applicationTaskExecutor'
2021-09-11 20:25:39.501 INFO  com.alibaba.druid.pool.DruidDataSource Line:2043 - {dataSource-1} closing ...
2021-09-11 20:25:39.505 INFO  com.alibaba.druid.pool.DruidDataSource Line:2116 - {dataSource-1} closed
2021-09-11 20:25:42.813 INFO  com.zdk.MyBlog.MyBlogApplication Line:55  - Starting MyBlogApplication using Java 1.8.0_282 on DESKTOP-7KN75LJ with PID 4880 (F:\project\my\my-blog\target\classes started by zdk in F:\project\my\my-blog)
2021-09-11 20:25:42.815 INFO  com.zdk.MyBlog.MyBlogApplication Line:679 - The following profiles are active: dev
2021-09-11 20:25:42.854 INFO  org.springframework.boot.devtools.env.DevToolsPropertyDefaultsPostProcessor Line:255 - Devtools property defaults active! Set 'spring.devtools.add-properties' to 'false' to disable
2021-09-11 20:25:42.855 INFO  org.springframework.boot.devtools.env.DevToolsPropertyDefaultsPostProcessor Line:255 - For additional web related logging consider setting the 'logging.level.web' property to 'DEBUG'
2021-09-11 20:25:43.481 INFO  org.springframework.data.repository.config.RepositoryConfigurationDelegate Line:250 - Multiple Spring Data modules found, entering strict repository configuration mode!
2021-09-11 20:25:43.482 INFO  org.springframework.data.repository.config.RepositoryConfigurationDelegate Line:128 - Bootstrapping Spring Data Redis repositories in DEFAULT mode.
2021-09-11 20:25:43.503 INFO  org.springframework.data.repository.config.RepositoryConfigurationDelegate Line:188 - Finished Spring Data repository scanning in 11 ms. Found 0 Redis repository interfaces.
2021-09-11 20:25:44.012 INFO  org.springframework.boot.web.embedded.tomcat.TomcatWebServer Line:108 - Tomcat initialized with port(s): 8090 (http)
2021-09-11 20:25:44.020 INFO  org.apache.catalina.core.StandardService Line:173 - Starting service [Tomcat]
2021-09-11 20:25:44.020 INFO  org.apache.catalina.core.StandardEngine Line:173 - Starting Servlet engine: [Apache Tomcat/9.0.45]
2021-09-11 20:25:44.102 INFO  org.apache.catalina.core.ContainerBase.[Tomcat].[localhost].[/] Line:173 - Initializing Spring embedded WebApplicationContext
2021-09-11 20:25:44.103 INFO  org.springframework.boot.web.servlet.context.ServletWebServerApplicationContext Line:289 - Root WebApplicationContext: initialization completed in 1247 ms
2021-09-11 20:25:44.219 INFO  com.alibaba.druid.spring.boot.autoconfigure.DruidDataSourceAutoConfigure Line:56  - Init DruidDataSource
2021-09-11 20:25:44.383 INFO  com.alibaba.druid.pool.DruidDataSource Line:990 - {dataSource-1} inited
2021-09-11 20:25:45.551 INFO  springfox.documentation.spring.web.PropertySourcedRequestMappingHandlerMapping Line:69  - Mapped URL path [/v2/api-docs] onto method [springfox.documentation.swagger2.web.Swagger2Controller#getDocumentation(String, HttpServletRequest)]
2021-09-11 20:25:45.652 INFO  org.springframework.scheduling.concurrent.ThreadPoolTaskExecutor Line:181 - Initializing ExecutorService 'applicationTaskExecutor'
2021-09-11 20:25:45.693 INFO  org.springframework.boot.devtools.autoconfigure.OptionalLiveReloadServer Line:58  - LiveReload server is running on port 35729
2021-09-11 20:25:46.081 INFO  org.springframework.boot.web.embedded.tomcat.TomcatWebServer Line:220 - Tomcat started on port(s): 8090 (http) with context path ''
2021-09-11 20:25:46.082 INFO  springfox.documentation.spring.web.plugins.DocumentationPluginsBootstrapper Line:160 - Context refreshed
2021-09-11 20:25:46.093 INFO  springfox.documentation.spring.web.plugins.DocumentationPluginsBootstrapper Line:163 - Found 1 custom documentation plugin(s)
2021-09-11 20:25:46.117 INFO  springfox.documentation.spring.web.scanners.ApiListingReferenceScanner Line:41  - Scanning for api listing references
2021-09-11 20:25:46.219 INFO  springfox.documentation.spring.web.readers.operation.CachingOperationNameGenerator Line:40  - Generating unique operation named: toPost2UsingPOST_1
2021-09-11 20:25:46.221 INFO  springfox.documentation.spring.web.readers.operation.CachingOperationNameGenerator Line:40  - Generating unique operation named: toPost2UsingGET_1
2021-09-11 20:25:46.226 INFO  springfox.documentation.spring.web.readers.operation.CachingOperationNameGenerator Line:40  - Generating unique operation named: indexUsingGET_1
2021-09-11 20:25:46.231 INFO  springfox.documentation.spring.web.readers.operation.CachingOperationNameGenerator Line:40  - Generating unique operation named: deleteUsingPOST_1
2021-09-11 20:25:46.232 INFO  springfox.documentation.spring.web.readers.operation.CachingOperationNameGenerator Line:40  - Generating unique operation named: indexUsingGET_2
2021-09-11 20:25:46.235 INFO  springfox.documentation.spring.web.readers.operation.CachingOperationNameGenerator Line:40  - Generating unique operation named: indexUsingGET_3
2021-09-11 20:25:46.237 INFO  springfox.documentation.spring.web.readers.operation.CachingOperationNameGenerator Line:40  - Generating unique operation named: indexUsingGET_4
2021-09-11 20:25:46.242 INFO  springfox.documentation.spring.web.readers.operation.CachingOperationNameGenerator Line:40  - Generating unique operation named: loginUsingGET_1
2021-09-11 20:25:46.243 INFO  springfox.documentation.spring.web.readers.operation.CachingOperationNameGenerator Line:40  - Generating unique operation named: logoutUsingGET_1
2021-09-11 20:25:46.249 INFO  springfox.documentation.spring.web.readers.operation.CachingOperationNameGenerator Line:40  - Generating unique operation named: indexUsingGET_5
2021-09-11 20:25:46.264 INFO  com.zdk.MyBlog.MyBlogApplication Line:61  - Started MyBlogApplication in 3.801 seconds (JVM running for 4.302)
2021-09-11 20:29:03.544 INFO  org.apache.catalina.core.ContainerBase.[Tomcat].[localhost].[/] Line:173 - Initializing Spring DispatcherServlet 'dispatcherServlet'
2021-09-11 20:29:03.544 INFO  org.springframework.web.servlet.DispatcherServlet Line:525 - Initializing Servlet 'dispatcherServlet'
2021-09-11 20:29:03.546 INFO  org.springframework.web.servlet.DispatcherServlet Line:547 - Completed initialization in 2 ms
2021-09-11 20:29:03.605 INFO  com.zdk.MyBlog.aspect.WebLogAspect Line:48  - URL : http://localhost:8090/admin/login
2021-09-11 20:29:03.606 INFO  com.zdk.MyBlog.aspect.WebLogAspect Line:49  - HTTP_METHOD : GET
2021-09-11 20:29:03.606 INFO  com.zdk.MyBlog.aspect.WebLogAspect Line:50  - IP : 0:0:0:0:0:0:0:1
2021-09-11 20:29:03.608 INFO  com.zdk.MyBlog.aspect.WebLogAspect Line:51  - CLASS_METHOD : com.zdk.MyBlog.controller.admin.IndexController.login
2021-09-11 20:29:03.608 INFO  com.zdk.MyBlog.aspect.WebLogAspect Line:52  - ARGS : []
2021-09-11 20:29:03.611 INFO  com.zdk.MyBlog.aspect.WebLogAspect Line:58  - RESPONSE : admin/login
2021-09-11 20:29:03.611 INFO  com.zdk.MyBlog.aspect.WebLogAspect Line:59  - SPEND TIME : 8
2021-09-11 20:29:04.178 INFO  com.zdk.MyBlog.interceptor.LoginHandlerInterceptor Line:31  - ===========>进入拦截器
2021-09-11 20:29:04.179 INFO  com.zdk.MyBlog.interceptor.LoginHandlerInterceptor Line:33  - UserAgent: Mozilla/5.0 (Windows NT 10.0; Win64; x64) AppleWebKit/537.36 (KHTML, like Gecko) Chrome/93.0.4577.63 Safari/537.36
2021-09-11 20:29:04.183 INFO  com.zdk.MyBlog.interceptor.LoginHandlerInterceptor Line:34  - 用户访问地址: /favicon.ico, 来路地址: 0:0:0:0:0:0:0:1
2021-09-11 20:29:04.201 INFO  com.zdk.MyBlog.interceptor.LoginHandlerInterceptor Line:31  - ===========>进入拦截器
2021-09-11 20:29:04.201 INFO  com.zdk.MyBlog.interceptor.LoginHandlerInterceptor Line:33  - UserAgent: Mozilla/5.0 (Windows NT 10.0; Win64; x64) AppleWebKit/537.36 (KHTML, like Gecko) Chrome/93.0.4577.63 Safari/537.36
2021-09-11 20:29:04.201 INFO  com.zdk.MyBlog.interceptor.LoginHandlerInterceptor Line:34  - 用户访问地址: /error, 来路地址: 0:0:0:0:0:0:0:1
2021-09-11 20:29:11.911 INFO  com.zdk.MyBlog.aspect.WebLogAspect Line:48  - URL : http://localhost:8090/user/login
2021-09-11 20:29:11.912 INFO  com.zdk.MyBlog.aspect.WebLogAspect Line:49  - HTTP_METHOD : POST
2021-09-11 20:29:11.912 INFO  com.zdk.MyBlog.aspect.WebLogAspect Line:50  - IP : 0:0:0:0:0:0:0:1
2021-09-11 20:29:11.912 INFO  com.zdk.MyBlog.aspect.WebLogAspect Line:51  - CLASS_METHOD : com.zdk.MyBlog.controller.user.LoginController.login
2021-09-11 20:29:11.912 INFO  com.zdk.MyBlog.aspect.WebLogAspect Line:52  - ARGS : [admin, 123, on]
2021-09-11 20:29:12.618 INFO  com.zdk.MyBlog.handler.MyMetaObjectHandler Line:18  - 插入时开始填充--------
2021-09-11 20:29:12.828 INFO  com.zdk.MyBlog.aspect.WebLogAspect Line:58  - RESPONSE : com.zdk.MyBlog.utils.ApiResponse@595a4d7
2021-09-11 20:29:12.828 INFO  com.zdk.MyBlog.aspect.WebLogAspect Line:59  - SPEND TIME : 917
2021-09-11 20:29:14.234 INFO  com.zdk.MyBlog.interceptor.LoginHandlerInterceptor Line:31  - ===========>进入拦截器
2021-09-11 20:29:14.234 INFO  com.zdk.MyBlog.interceptor.LoginHandlerInterceptor Line:33  - UserAgent: Mozilla/5.0 (Windows NT 10.0; Win64; x64) AppleWebKit/537.36 (KHTML, like Gecko) Chrome/93.0.4577.63 Safari/537.36
2021-09-11 20:29:14.234 INFO  com.zdk.MyBlog.interceptor.LoginHandlerInterceptor Line:34  - 用户访问地址: /admin/index, 来路地址: 0:0:0:0:0:0:0:1
2021-09-11 20:29:14.259 INFO  com.zdk.MyBlog.aspect.WebLogAspect Line:48  - URL : http://localhost:8090/admin/index
2021-09-11 20:29:14.259 INFO  com.zdk.MyBlog.aspect.WebLogAspect Line:49  - HTTP_METHOD : GET
2021-09-11 20:29:14.259 INFO  com.zdk.MyBlog.aspect.WebLogAspect Line:50  - IP : 0:0:0:0:0:0:0:1
2021-09-11 20:29:14.259 INFO  com.zdk.MyBlog.aspect.WebLogAspect Line:51  - CLASS_METHOD : com.zdk.MyBlog.controller.admin.IndexController.index
2021-09-11 20:29:14.259 INFO  com.zdk.MyBlog.aspect.WebLogAspect Line:52  - ARGS : [{}]
2021-09-11 20:29:14.416 INFO  com.zdk.MyBlog.aspect.WebLogAspect Line:58  - RESPONSE : admin/index
2021-09-11 20:29:14.416 INFO  com.zdk.MyBlog.aspect.WebLogAspect Line:59  - SPEND TIME : 157
2021-09-11 20:29:22.315 INFO  com.zdk.MyBlog.interceptor.LoginHandlerInterceptor Line:31  - ===========>进入拦截器
2021-09-11 20:29:22.316 INFO  com.zdk.MyBlog.interceptor.LoginHandlerInterceptor Line:33  - UserAgent: Mozilla/5.0 (Windows NT 10.0; Win64; x64) AppleWebKit/537.36 (KHTML, like Gecko) Chrome/93.0.4577.63 Safari/537.36
2021-09-11 20:29:22.316 INFO  com.zdk.MyBlog.interceptor.LoginHandlerInterceptor Line:34  - 用户访问地址: /admin/userManage, 来路地址: 0:0:0:0:0:0:0:1
2021-09-11 20:29:22.318 INFO  com.zdk.MyBlog.aspect.WebLogAspect Line:48  - URL : http://localhost:8090/admin/userManage
2021-09-11 20:29:22.318 INFO  com.zdk.MyBlog.aspect.WebLogAspect Line:49  - HTTP_METHOD : GET
2021-09-11 20:29:22.318 INFO  com.zdk.MyBlog.aspect.WebLogAspect Line:50  - IP : 0:0:0:0:0:0:0:1
2021-09-11 20:29:22.319 INFO  com.zdk.MyBlog.aspect.WebLogAspect Line:51  - CLASS_METHOD : com.zdk.MyBlog.controller.admin.UserManageController.index
2021-09-11 20:29:22.319 INFO  com.zdk.MyBlog.aspect.WebLogAspect Line:52  - ARGS : [{}, 1, 5, null]
2021-09-11 20:29:22.327 INFO  com.zdk.MyBlog.aspect.WebLogAspect Line:58  - RESPONSE : admin/userManage
2021-09-11 20:29:22.327 INFO  com.zdk.MyBlog.aspect.WebLogAspect Line:59  - SPEND TIME : 9
2021-09-11 20:29:22.357 INFO  com.zdk.MyBlog.interceptor.LoginHandlerInterceptor Line:31  - ===========>进入拦截器
2021-09-11 20:29:22.357 INFO  com.zdk.MyBlog.interceptor.LoginHandlerInterceptor Line:33  - UserAgent: Mozilla/5.0 (Windows NT 10.0; Win64; x64) AppleWebKit/537.36 (KHTML, like Gecko) Chrome/93.0.4577.63 Safari/537.36
2021-09-11 20:29:22.358 INFO  com.zdk.MyBlog.interceptor.LoginHandlerInterceptor Line:34  - 用户访问地址: /error, 来路地址: 0:0:0:0:0:0:0:1
2021-09-11 20:29:24.797 INFO  com.zdk.MyBlog.interceptor.LoginHandlerInterceptor Line:31  - ===========>进入拦截器
2021-09-11 20:29:24.797 INFO  com.zdk.MyBlog.interceptor.LoginHandlerInterceptor Line:33  - UserAgent: Mozilla/5.0 (Windows NT 10.0; Win64; x64) AppleWebKit/537.36 (KHTML, like Gecko) Chrome/93.0.4577.63 Safari/537.36
2021-09-11 20:29:24.797 INFO  com.zdk.MyBlog.interceptor.LoginHandlerInterceptor Line:34  - 用户访问地址: /admin/userManage/edit/1, 来路地址: 0:0:0:0:0:0:0:1
2021-09-11 20:29:24.800 INFO  com.zdk.MyBlog.aspect.WebLogAspect Line:48  - URL : http://localhost:8090/admin/userManage/edit/1
2021-09-11 20:29:24.800 INFO  com.zdk.MyBlog.aspect.WebLogAspect Line:49  - HTTP_METHOD : GET
2021-09-11 20:29:24.800 INFO  com.zdk.MyBlog.aspect.WebLogAspect Line:50  - IP : 0:0:0:0:0:0:0:1
2021-09-11 20:29:24.800 INFO  com.zdk.MyBlog.aspect.WebLogAspect Line:51  - CLASS_METHOD : com.zdk.MyBlog.controller.admin.UserManageController.edit
2021-09-11 20:29:24.800 INFO  com.zdk.MyBlog.aspect.WebLogAspect Line:52  - ARGS : [1]
2021-09-11 20:29:24.802 INFO  com.zdk.MyBlog.aspect.WebLogAspect Line:58  - RESPONSE : com.zdk.MyBlog.utils.ApiResponse@1e224451
2021-09-11 20:29:24.803 INFO  com.zdk.MyBlog.aspect.WebLogAspect Line:59  - SPEND TIME : 3
2021-09-11 20:29:30.778 INFO  com.zdk.MyBlog.interceptor.LoginHandlerInterceptor Line:31  - ===========>进入拦截器
2021-09-11 20:29:30.778 INFO  com.zdk.MyBlog.interceptor.LoginHandlerInterceptor Line:33  - UserAgent: Mozilla/5.0 (Windows NT 10.0; Win64; x64) AppleWebKit/537.36 (KHTML, like Gecko) Chrome/93.0.4577.63 Safari/537.36
2021-09-11 20:29:30.778 INFO  com.zdk.MyBlog.interceptor.LoginHandlerInterceptor Line:34  - 用户访问地址: /admin/article/publish, 来路地址: 0:0:0:0:0:0:0:1
2021-09-11 20:29:30.780 INFO  com.zdk.MyBlog.aspect.WebLogAspect Line:48  - URL : http://localhost:8090/admin/article/publish
2021-09-11 20:29:30.780 INFO  com.zdk.MyBlog.aspect.WebLogAspect Line:49  - HTTP_METHOD : GET
2021-09-11 20:29:30.780 INFO  com.zdk.MyBlog.aspect.WebLogAspect Line:50  - IP : 0:0:0:0:0:0:0:1
2021-09-11 20:29:30.780 INFO  com.zdk.MyBlog.aspect.WebLogAspect Line:51  - CLASS_METHOD : com.zdk.MyBlog.controller.admin.AdminArticleController.index
2021-09-11 20:29:30.780 INFO  com.zdk.MyBlog.aspect.WebLogAspect Line:52  - ARGS : [{}]
2021-09-11 20:29:30.809 INFO  com.zdk.MyBlog.aspect.WebLogAspect Line:58  - RESPONSE : admin/article_edit
2021-09-11 20:29:30.809 INFO  com.zdk.MyBlog.aspect.WebLogAspect Line:59  - SPEND TIME : 29
2021-09-11 20:29:30.923 INFO  com.zdk.MyBlog.interceptor.LoginHandlerInterceptor Line:31  - ===========>进入拦截器
2021-09-11 20:29:30.924 INFO  com.zdk.MyBlog.interceptor.LoginHandlerInterceptor Line:33  - UserAgent: Mozilla/5.0 (Windows NT 10.0; Win64; x64) AppleWebKit/537.36 (KHTML, like Gecko) Chrome/93.0.4577.63 Safari/537.36
2021-09-11 20:29:30.924 INFO  com.zdk.MyBlog.interceptor.LoginHandlerInterceptor Line:34  - 用户访问地址: /admin/editormd/fonts/fontawesome-webfont.woff2, 来路地址: 0:0:0:0:0:0:0:1
2021-09-11 20:29:30.958 INFO  com.zdk.MyBlog.interceptor.LoginHandlerInterceptor Line:31  - ===========>进入拦截器
2021-09-11 20:29:30.958 INFO  com.zdk.MyBlog.interceptor.LoginHandlerInterceptor Line:33  - UserAgent: Mozilla/5.0 (Windows NT 10.0; Win64; x64) AppleWebKit/537.36 (KHTML, like Gecko) Chrome/93.0.4577.63 Safari/537.36
2021-09-11 20:29:30.958 INFO  com.zdk.MyBlog.interceptor.LoginHandlerInterceptor Line:34  - 用户访问地址: /admin/editormd/images/loading.gif, 来路地址: 0:0:0:0:0:0:0:1
2021-09-11 20:29:31.740 INFO  com.zdk.MyBlog.interceptor.LoginHandlerInterceptor Line:31  - ===========>进入拦截器
2021-09-11 20:29:31.740 INFO  com.zdk.MyBlog.interceptor.LoginHandlerInterceptor Line:33  - UserAgent: Mozilla/5.0 (Windows NT 10.0; Win64; x64) AppleWebKit/537.36 (KHTML, like Gecko) Chrome/93.0.4577.63 Safari/537.36
2021-09-11 20:29:31.740 INFO  com.zdk.MyBlog.interceptor.LoginHandlerInterceptor Line:34  - 用户访问地址: /admin/article, 来路地址: 0:0:0:0:0:0:0:1
2021-09-11 20:29:31.741 INFO  com.zdk.MyBlog.aspect.WebLogAspect Line:48  - URL : http://localhost:8090/admin/article
2021-09-11 20:29:31.741 INFO  com.zdk.MyBlog.aspect.WebLogAspect Line:49  - HTTP_METHOD : GET
2021-09-11 20:29:31.741 INFO  com.zdk.MyBlog.aspect.WebLogAspect Line:50  - IP : 0:0:0:0:0:0:0:1
2021-09-11 20:29:31.742 INFO  com.zdk.MyBlog.aspect.WebLogAspect Line:51  - CLASS_METHOD : com.zdk.MyBlog.controller.admin.AdminArticleController.article
2021-09-11 20:29:31.742 INFO  com.zdk.MyBlog.aspect.WebLogAspect Line:52  - ARGS : [{}, 1, 5]
2021-09-11 20:29:31.750 INFO  com.zdk.MyBlog.aspect.WebLogAspect Line:58  - RESPONSE : admin/article_list
2021-09-11 20:29:31.750 INFO  com.zdk.MyBlog.aspect.WebLogAspect Line:59  - SPEND TIME : 9
2021-09-11 20:29:32.475 INFO  com.zdk.MyBlog.interceptor.LoginHandlerInterceptor Line:31  - ===========>进入拦截器
2021-09-11 20:29:32.475 INFO  com.zdk.MyBlog.interceptor.LoginHandlerInterceptor Line:33  - UserAgent: Mozilla/5.0 (Windows NT 10.0; Win64; x64) AppleWebKit/537.36 (KHTML, like Gecko) Chrome/93.0.4577.63 Safari/537.36
2021-09-11 20:29:32.475 INFO  com.zdk.MyBlog.interceptor.LoginHandlerInterceptor Line:34  - 用户访问地址: /admin/comments, 来路地址: 0:0:0:0:0:0:0:1
2021-09-11 20:29:32.478 INFO  com.zdk.MyBlog.aspect.WebLogAspect Line:48  - URL : http://localhost:8090/admin/comments
2021-09-11 20:29:32.479 INFO  com.zdk.MyBlog.aspect.WebLogAspect Line:49  - HTTP_METHOD : GET
2021-09-11 20:29:32.479 INFO  com.zdk.MyBlog.aspect.WebLogAspect Line:50  - IP : 0:0:0:0:0:0:0:1
2021-09-11 20:29:32.479 INFO  com.zdk.MyBlog.aspect.WebLogAspect Line:51  - CLASS_METHOD : com.zdk.MyBlog.controller.admin.CommentsController.index
2021-09-11 20:29:32.479 INFO  com.zdk.MyBlog.aspect.WebLogAspect Line:52  - ARGS : [{}, 1, 5]
2021-09-11 20:29:32.487 INFO  com.zdk.MyBlog.aspect.WebLogAspect Line:58  - RESPONSE : admin/comment_list
2021-09-11 20:29:32.488 INFO  com.zdk.MyBlog.aspect.WebLogAspect Line:59  - SPEND TIME : 10
2021-09-11 20:29:33.412 INFO  com.zdk.MyBlog.interceptor.LoginHandlerInterceptor Line:31  - ===========>进入拦截器
2021-09-11 20:29:33.412 INFO  com.zdk.MyBlog.interceptor.LoginHandlerInterceptor Line:33  - UserAgent: Mozilla/5.0 (Windows NT 10.0; Win64; x64) AppleWebKit/537.36 (KHTML, like Gecko) Chrome/93.0.4577.63 Safari/537.36
2021-09-11 20:29:33.412 INFO  com.zdk.MyBlog.interceptor.LoginHandlerInterceptor Line:34  - 用户访问地址: /admin/category, 来路地址: 0:0:0:0:0:0:0:1
2021-09-11 20:29:33.414 INFO  com.zdk.MyBlog.aspect.WebLogAspect Line:48  - URL : http://localhost:8090/admin/category
2021-09-11 20:29:33.414 INFO  com.zdk.MyBlog.aspect.WebLogAspect Line:49  - HTTP_METHOD : GET
2021-09-11 20:29:33.414 INFO  com.zdk.MyBlog.aspect.WebLogAspect Line:50  - IP : 0:0:0:0:0:0:0:1
2021-09-11 20:29:33.414 INFO  com.zdk.MyBlog.aspect.WebLogAspect Line:51  - CLASS_METHOD : com.zdk.MyBlog.controller.admin.CategoryController.index
2021-09-11 20:29:33.414 INFO  com.zdk.MyBlog.aspect.WebLogAspect Line:52  - ARGS : [{}]
2021-09-11 20:29:33.423 INFO  com.zdk.MyBlog.aspect.WebLogAspect Line:58  - RESPONSE : admin/category
2021-09-11 20:29:33.423 INFO  com.zdk.MyBlog.aspect.WebLogAspect Line:59  - SPEND TIME : 10
2021-09-11 20:29:34.444 INFO  com.zdk.MyBlog.interceptor.LoginHandlerInterceptor Line:31  - ===========>进入拦截器
2021-09-11 20:29:34.444 INFO  com.zdk.MyBlog.interceptor.LoginHandlerInterceptor Line:33  - UserAgent: Mozilla/5.0 (Windows NT 10.0; Win64; x64) AppleWebKit/537.36 (KHTML, like Gecko) Chrome/93.0.4577.63 Safari/537.36
2021-09-11 20:29:34.444 INFO  com.zdk.MyBlog.interceptor.LoginHandlerInterceptor Line:34  - 用户访问地址: /admin/attach, 来路地址: 0:0:0:0:0:0:0:1
2021-09-11 20:29:34.446 INFO  com.zdk.MyBlog.aspect.WebLogAspect Line:48  - URL : http://localhost:8090/admin/attach
2021-09-11 20:29:34.446 INFO  com.zdk.MyBlog.aspect.WebLogAspect Line:49  - HTTP_METHOD : GET
2021-09-11 20:29:34.446 INFO  com.zdk.MyBlog.aspect.WebLogAspect Line:50  - IP : 0:0:0:0:0:0:0:1
2021-09-11 20:29:34.446 INFO  com.zdk.MyBlog.aspect.WebLogAspect Line:51  - CLASS_METHOD : com.zdk.MyBlog.controller.admin.AttAchController.index
2021-09-11 20:29:34.446 INFO  com.zdk.MyBlog.aspect.WebLogAspect Line:52  - ARGS : [{}, 1, 5]
2021-09-11 20:29:34.454 INFO  com.zdk.MyBlog.aspect.WebLogAspect Line:58  - RESPONSE : admin/attach
2021-09-11 20:29:34.454 INFO  com.zdk.MyBlog.aspect.WebLogAspect Line:59  - SPEND TIME : 8
2021-09-11 20:29:37.930 INFO  com.zdk.MyBlog.interceptor.LoginHandlerInterceptor Line:31  - ===========>进入拦截器
2021-09-11 20:29:37.931 INFO  com.zdk.MyBlog.interceptor.LoginHandlerInterceptor Line:33  - UserAgent: Mozilla/5.0 (Windows NT 10.0; Win64; x64) AppleWebKit/537.36 (KHTML, like Gecko) Chrome/93.0.4577.63 Safari/537.36
2021-09-11 20:29:37.931 INFO  com.zdk.MyBlog.interceptor.LoginHandlerInterceptor Line:34  - 用户访问地址: /admin/attach, 来路地址: 0:0:0:0:0:0:0:1
2021-09-11 20:29:37.932 INFO  com.zdk.MyBlog.aspect.WebLogAspect Line:48  - URL : http://localhost:8090/admin/attach
2021-09-11 20:29:37.932 INFO  com.zdk.MyBlog.aspect.WebLogAspect Line:49  - HTTP_METHOD : GET
2021-09-11 20:29:37.932 INFO  com.zdk.MyBlog.aspect.WebLogAspect Line:50  - IP : 0:0:0:0:0:0:0:1
2021-09-11 20:29:37.933 INFO  com.zdk.MyBlog.aspect.WebLogAspect Line:51  - CLASS_METHOD : com.zdk.MyBlog.controller.admin.AttAchController.index
2021-09-11 20:29:37.933 INFO  com.zdk.MyBlog.aspect.WebLogAspect Line:52  - ARGS : [{}, 2, 5]
2021-09-11 20:29:37.939 INFO  com.zdk.MyBlog.aspect.WebLogAspect Line:58  - RESPONSE : admin/attach
2021-09-11 20:29:37.939 INFO  com.zdk.MyBlog.aspect.WebLogAspect Line:59  - SPEND TIME : 7
2021-09-11 20:29:39.044 INFO  com.zdk.MyBlog.interceptor.LoginHandlerInterceptor Line:31  - ===========>进入拦截器
2021-09-11 20:29:39.044 INFO  com.zdk.MyBlog.interceptor.LoginHandlerInterceptor Line:33  - UserAgent: Mozilla/5.0 (Windows NT 10.0; Win64; x64) AppleWebKit/537.36 (KHTML, like Gecko) Chrome/93.0.4577.63 Safari/537.36
2021-09-11 20:29:39.044 INFO  com.zdk.MyBlog.interceptor.LoginHandlerInterceptor Line:34  - 用户访问地址: /admin/attach, 来路地址: 0:0:0:0:0:0:0:1
2021-09-11 20:29:39.045 INFO  com.zdk.MyBlog.aspect.WebLogAspect Line:48  - URL : http://localhost:8090/admin/attach
2021-09-11 20:29:39.045 INFO  com.zdk.MyBlog.aspect.WebLogAspect Line:49  - HTTP_METHOD : GET
2021-09-11 20:29:39.045 INFO  com.zdk.MyBlog.aspect.WebLogAspect Line:50  - IP : 0:0:0:0:0:0:0:1
2021-09-11 20:29:39.045 INFO  com.zdk.MyBlog.aspect.WebLogAspect Line:51  - CLASS_METHOD : com.zdk.MyBlog.controller.admin.AttAchController.index
2021-09-11 20:29:39.045 INFO  com.zdk.MyBlog.aspect.WebLogAspect Line:52  - ARGS : [{}, 1, 5]
2021-09-11 20:29:39.051 INFO  com.zdk.MyBlog.aspect.WebLogAspect Line:58  - RESPONSE : admin/attach
2021-09-11 20:29:39.051 INFO  com.zdk.MyBlog.aspect.WebLogAspect Line:59  - SPEND TIME : 6
2021-09-11 21:54:54.246 INFO  org.springframework.scheduling.concurrent.ThreadPoolTaskExecutor Line:218 - Shutting down ExecutorService 'applicationTaskExecutor'
2021-09-11 21:54:54.360 INFO  com.alibaba.druid.pool.DruidDataSource Line:2043 - {dataSource-1} closing ...
2021-09-11 21:54:54.362 INFO  com.alibaba.druid.pool.DruidDataSource Line:2116 - {dataSource-1} closed
