11:59:38.818 INFO  -> Starting MyBlogApplicationTests using Java 1.8.0_282 on DESKTOP-7KN75LJ with PID 23676 (started by zdk in F:\project\my\MyBlog)
11:59:38.818 INFO  -> Starting MyBlogApplicationTests using Java 1.8.0_282 on DESKTOP-7KN75LJ with PID 23676 (started by zdk in F:\project\my\MyBlog)
11:59:38.818 DEBUG -> Running with Spring Boot v2.4.5, Spring v5.3.6
11:59:38.818 DEBUG -> Running with Spring Boot v2.4.5, Spring v5.3.6
11:59:38.820 INFO  -> No active profile set, falling back to default profiles: default
11:59:38.820 INFO  -> No active profile set, falling back to default profiles: default
11:59:40.905 INFO  -> Started MyBlogApplicationTests in 2.405 seconds (JVM running for 3.153)
11:59:40.905 INFO  -> Started MyBlogApplicationTests in 2.405 seconds (JVM running for 3.153)
11:59:41.381 DEBUG -> user==>{name=张迪凯}
11:59:41.381 DEBUG -> user==>{name=张迪凯}
11:59:41.387 DEBUG -> name===>zdk
11:59:41.387 DEBUG -> name===>zdk
12:03:39.672 INFO  -> Starting MyBlogApplicationTests using Java 1.8.0_282 on DESKTOP-7KN75LJ with PID 20156 (started by zdk in F:\project\my\MyBlog)
12:03:39.673 DEBUG -> Running with Spring Boot v2.4.5, Spring v5.3.6
12:03:39.674 INFO  -> No active profile set, falling back to default profiles: default
12:03:41.730 INFO  -> Started MyBlogApplicationTests in 2.364 seconds (JVM running for 3.114)
12:03:42.192 DEBUG -> user==>{name=张迪凯}
12:03:42.197 DEBUG -> name===>zdk
12:03:59.699 INFO  -> Starting MyBlogApplicationTests using Java 1.8.0_282 on DESKTOP-7KN75LJ with PID 15892 (started by zdk in F:\project\my\MyBlog)
12:03:59.700 DEBUG -> Running with Spring Boot v2.4.5, Spring v5.3.6
12:03:59.701 INFO  -> No active profile set, falling back to default profiles: default
12:04:01.727 INFO  -> Started MyBlogApplicationTests in 2.338 seconds (JVM running for 3.09)
12:04:02.194 DEBUG -> user==>{name=张迪凯}
12:04:02.200 DEBUG -> name===>zdk
12:04:21.636 INFO  -> Starting MyBlogApplicationTests using Java 1.8.0_282 on DESKTOP-7KN75LJ with PID 26964 (started by zdk in F:\project\my\MyBlog)
12:04:21.637 DEBUG -> Running with Spring Boot v2.4.5, Spring v5.3.6
12:04:21.638 INFO  -> No active profile set, falling back to default profiles: default
12:04:23.716 INFO  -> Started MyBlogApplicationTests in 2.392 seconds (JVM running for 3.165)
12:04:24.192 DEBUG -> user==>{name=张迪凯}
12:04:24.199 DEBUG -> name===>zdk
15:27:16.937 INFO  -> Starting MyBlogApplicationTests using Java 1.8.0_282 on DESKTOP-7KN75LJ with PID 25340 (started by zdk in F:\project\my\MyBlog)
15:27:16.938 DEBUG -> Running with Spring Boot v2.4.5, Spring v5.3.6
15:27:16.939 INFO  -> No active profile set, falling back to default profiles: default
15:27:19.041 INFO  -> Started MyBlogApplicationTests in 2.417 seconds (JVM running for 3.173)
15:27:36.664 INFO  -> Starting MyBlogApplicationTests using Java 1.8.0_282 on DESKTOP-7KN75LJ with PID 1080 (started by zdk in F:\project\my\MyBlog)
15:27:36.664 DEBUG -> Running with Spring Boot v2.4.5, Spring v5.3.6
15:27:36.665 INFO  -> No active profile set, falling back to default profiles: default
15:27:38.756 INFO  -> Started MyBlogApplicationTests in 2.407 seconds (JVM running for 3.154)
15:27:39.232 DEBUG -> user==>{name=张迪凯}
15:27:39.233 DEBUG -> name===>zdk
18:38:48.111 INFO  -> Starting MyBlogApplication using Java 1.8.0_282 on DESKTOP-7KN75LJ with PID 8276 (F:\project\my\MyBlog\target\classes started by zdk in F:\project\my\MyBlog)
18:38:48.113 DEBUG -> Running with Spring Boot v2.4.5, Spring v5.3.6
18:38:48.113 INFO  -> No active profile set, falling back to default profiles: default
18:38:49.701 INFO  -> Started MyBlogApplication in 1.9 seconds (JVM running for 2.352)
18:39:31.241 INFO  -> Starting MyBlogApplication using Java 1.8.0_282 on DESKTOP-7KN75LJ with PID 20472 (F:\project\my\MyBlog\target\classes started by zdk in F:\project\my\MyBlog)
18:39:31.243 DEBUG -> Running with Spring Boot v2.4.5, Spring v5.3.6
18:39:31.243 INFO  -> No active profile set, falling back to default profiles: default
18:39:32.848 INFO  -> Started MyBlogApplication in 1.908 seconds (JVM running for 2.391)
18:42:42.098 INFO  -> Starting MyBlogApplication using Java 1.8.0_282 on DESKTOP-7KN75LJ with PID 22300 (F:\project\my\MyBlog\target\classes started by zdk in F:\project\my\MyBlog)
18:42:42.100 DEBUG -> Running with Spring Boot v2.4.5, Spring v5.3.6
18:42:42.100 INFO  -> No active profile set, falling back to default profiles: default
18:42:43.662 INFO  -> Started MyBlogApplication in 1.863 seconds (JVM running for 2.319)
18:43:35.619 INFO  -> Starting MyBlogApplication using Java 1.8.0_282 on DESKTOP-7KN75LJ with PID 10100 (F:\project\my\MyBlog\target\classes started by zdk in F:\project\my\MyBlog)
18:43:35.621 DEBUG -> Running with Spring Boot v2.4.5, Spring v5.3.6
18:43:35.622 INFO  -> No active profile set, falling back to default profiles: default
18:43:37.180 INFO  -> Started MyBlogApplication in 1.889 seconds (JVM running for 2.347)
18:46:10.663 INFO  -> Starting MyBlogApplication using Java 1.8.0_282 on DESKTOP-7KN75LJ with PID 28620 (F:\project\my\MyBlog\target\classes started by zdk in F:\project\my\MyBlog)
18:46:10.665 DEBUG -> Running with Spring Boot v2.4.5, Spring v5.3.6
18:46:10.665 INFO  -> No active profile set, falling back to default profiles: default
18:46:12.207 INFO  -> Started MyBlogApplication in 1.84 seconds (JVM running for 2.295)
18:47:37.291 INFO  -> Starting MyBlogApplication using Java 1.8.0_282 on DESKTOP-7KN75LJ with PID 3752 (F:\project\my\MyBlog\target\classes started by zdk in F:\project\my\MyBlog)
18:47:37.293 DEBUG -> Running with Spring Boot v2.4.5, Spring v5.3.6
18:47:37.294 INFO  -> No active profile set, falling back to default profiles: default
18:47:38.916 INFO  -> Started MyBlogApplication in 1.926 seconds (JVM running for 2.386)
18:49:47.563 INFO  -> Starting MyBlogApplication using Java 1.8.0_282 on DESKTOP-7KN75LJ with PID 25324 (F:\project\my\MyBlog\target\classes started by zdk in F:\project\my\MyBlog)
18:49:47.565 DEBUG -> Running with Spring Boot v2.4.5, Spring v5.3.6
18:49:47.565 INFO  -> No active profile set, falling back to default profiles: default
18:49:49.294 INFO  -> Started MyBlogApplication in 2.037 seconds (JVM running for 2.528)
18:50:09.400 INFO  -> Starting MyBlogApplication using Java 1.8.0_282 on DESKTOP-7KN75LJ with PID 4888 (F:\project\my\MyBlog\target\classes started by zdk in F:\project\my\MyBlog)
18:50:09.401 DEBUG -> Running with Spring Boot v2.4.5, Spring v5.3.6
18:50:09.402 INFO  -> No active profile set, falling back to default profiles: default
18:50:11.015 INFO  -> Started MyBlogApplication in 1.915 seconds (JVM running for 2.364)
18:50:41.409 INFO  -> Starting MyBlogApplication using Java 1.8.0_282 on DESKTOP-7KN75LJ with PID 5040 (F:\project\my\MyBlog\target\classes started by zdk in F:\project\my\MyBlog)
18:50:41.411 DEBUG -> Running with Spring Boot v2.4.5, Spring v5.3.6
18:50:41.411 INFO  -> No active profile set, falling back to default profiles: default
18:50:42.991 INFO  -> Started MyBlogApplication in 1.882 seconds (JVM running for 2.328)
18:52:54.659 INFO  -> Starting MyBlogApplication using Java 1.8.0_282 on DESKTOP-7KN75LJ with PID 23648 (F:\project\my\MyBlog\target\classes started by zdk in F:\project\my\MyBlog)
18:52:54.661 DEBUG -> Running with Spring Boot v2.4.5, Spring v5.3.6
18:52:54.661 INFO  -> No active profile set, falling back to default profiles: default
18:52:56.293 INFO  -> Started MyBlogApplication in 1.955 seconds (JVM running for 2.434)
18:53:47.083 INFO  -> Starting MyBlogApplication using Java 1.8.0_282 on DESKTOP-7KN75LJ with PID 26232 (F:\project\my\MyBlog\target\classes started by zdk in F:\project\my\MyBlog)
18:53:47.084 DEBUG -> Running with Spring Boot v2.4.5, Spring v5.3.6
18:53:47.085 INFO  -> No active profile set, falling back to default profiles: default
18:53:48.673 INFO  -> Started MyBlogApplication in 1.888 seconds (JVM running for 4.078)
18:56:46.207 INFO  -> Starting MyBlogApplication using Java 1.8.0_282 on DESKTOP-7KN75LJ with PID 17024 (F:\project\my\MyBlog\target\classes started by zdk in F:\project\my\MyBlog)
18:56:46.209 DEBUG -> Running with Spring Boot v2.4.5, Spring v5.3.6
18:56:46.209 INFO  -> No active profile set, falling back to default profiles: default
18:56:47.755 INFO  -> Started MyBlogApplication in 1.85 seconds (JVM running for 2.312)
18:58:01.373 INFO  -> Starting MyBlogApplication using Java 1.8.0_282 on DESKTOP-7KN75LJ with PID 18168 (F:\project\my\MyBlog\target\classes started by zdk in F:\project\my\MyBlog)
18:58:01.375 DEBUG -> Running with Spring Boot v2.4.5, Spring v5.3.6
18:58:01.376 INFO  -> No active profile set, falling back to default profiles: default
18:58:02.975 INFO  -> Started MyBlogApplication in 1.931 seconds (JVM running for 2.4)
21:43:39.032 INFO  -> Starting MyBlogApplication using Java 1.8.0_282 on DESKTOP-7KN75LJ with PID 28396 (F:\project\my\MyBlog\target\classes started by zdk in F:\project\my\MyBlog)
21:43:39.034 DEBUG -> Running with Spring Boot v2.4.5, Spring v5.3.6
21:43:39.034 INFO  -> No active profile set, falling back to default profiles: default
21:43:40.605 INFO  -> Started MyBlogApplication in 1.862 seconds (JVM running for 2.46)
21:44:35.991 INFO  -> Starting MyBlogApplication using Java 1.8.0_282 on DESKTOP-7KN75LJ with PID 20644 (F:\project\my\MyBlog\target\classes started by zdk in F:\project\my\MyBlog)
21:44:35.993 DEBUG -> Running with Spring Boot v2.4.5, Spring v5.3.6
21:44:35.993 INFO  -> No active profile set, falling back to default profiles: default
21:44:37.491 INFO  -> Started MyBlogApplication in 1.786 seconds (JVM running for 2.252)
21:45:05.903 INFO  -> Starting MyBlogApplication using Java 1.8.0_282 on DESKTOP-7KN75LJ with PID 13376 (F:\project\my\MyBlog\target\classes started by zdk in F:\project\my\MyBlog)
21:45:05.904 DEBUG -> Running with Spring Boot v2.4.5, Spring v5.3.6
21:45:05.905 INFO  -> No active profile set, falling back to default profiles: default
21:45:07.390 INFO  -> Started MyBlogApplication in 1.784 seconds (JVM running for 2.241)
21:48:12.661 INFO  -> Starting MyBlogApplication using Java 1.8.0_282 on DESKTOP-7KN75LJ with PID 28352 (F:\project\my\MyBlog\target\classes started by zdk in F:\project\my\MyBlog)
21:48:12.663 DEBUG -> Running with Spring Boot v2.4.5, Spring v5.3.6
21:48:12.663 INFO  -> No active profile set, falling back to default profiles: default
21:48:14.185 INFO  -> Started MyBlogApplication in 1.818 seconds (JVM running for 2.274)
21:53:29.543 INFO  -> Starting MyBlogApplication using Java 1.8.0_282 on DESKTOP-7KN75LJ with PID 17924 (F:\project\my\MyBlog\target\classes started by zdk in F:\project\my\MyBlog)
21:53:29.545 DEBUG -> Running with Spring Boot v2.4.5, Spring v5.3.6
21:53:29.545 INFO  -> No active profile set, falling back to default profiles: default
21:53:31.170 INFO  -> Started MyBlogApplication in 1.931 seconds (JVM running for 2.395)
21:54:48.474 INFO  -> Starting MyBlogApplication using Java 1.8.0_282 on DESKTOP-7KN75LJ with PID 27780 (F:\project\my\MyBlog\target\classes started by zdk in F:\project\my\MyBlog)
21:54:48.476 DEBUG -> Running with Spring Boot v2.4.5, Spring v5.3.6
21:54:48.476 INFO  -> No active profile set, falling back to default profiles: default
21:54:50.053 INFO  -> Started MyBlogApplication in 1.874 seconds (JVM running for 2.356)
21:56:09.378 INFO  -> Starting MyBlogApplication using Java 1.8.0_282 on DESKTOP-7KN75LJ with PID 24004 (F:\project\my\MyBlog\target\classes started by zdk in F:\project\my\MyBlog)
21:56:09.380 DEBUG -> Running with Spring Boot v2.4.5, Spring v5.3.6
21:56:09.380 INFO  -> No active profile set, falling back to default profiles: default
21:56:10.941 INFO  -> Started MyBlogApplication in 1.848 seconds (JVM running for 2.314)
21:57:09.512 INFO  -> Starting MyBlogApplication using Java 1.8.0_282 on DESKTOP-7KN75LJ with PID 26668 (F:\project\my\MyBlog\target\classes started by zdk in F:\project\my\MyBlog)
21:57:09.514 DEBUG -> Running with Spring Boot v2.4.5, Spring v5.3.6
21:57:09.514 INFO  -> No active profile set, falling back to default profiles: default
21:57:11.088 INFO  -> Started MyBlogApplication in 1.876 seconds (JVM running for 2.349)
21:59:03.055 INFO  -> Starting MyBlogApplication using Java 1.8.0_282 on DESKTOP-7KN75LJ with PID 22200 (F:\project\my\MyBlog\target\classes started by zdk in F:\project\my\MyBlog)
21:59:03.057 DEBUG -> Running with Spring Boot v2.4.5, Spring v5.3.6
21:59:03.057 INFO  -> No active profile set, falling back to default profiles: default
21:59:05.108 INFO  -> Started MyBlogApplication in 2.345 seconds (JVM running for 2.804)
21:59:28.526 INFO  -> Starting MyBlogApplication using Java 1.8.0_282 on DESKTOP-7KN75LJ with PID 23356 (F:\project\my\MyBlog\target\classes started by zdk in F:\project\my\MyBlog)
21:59:28.528 DEBUG -> Running with Spring Boot v2.4.5, Spring v5.3.6
21:59:28.528 INFO  -> No active profile set, falling back to default profiles: default
21:59:30.134 INFO  -> Started MyBlogApplication in 1.909 seconds (JVM running for 2.374)
21:59:59.307 INFO  -> Starting MyBlogApplication using Java 1.8.0_282 on DESKTOP-7KN75LJ with PID 23840 (F:\project\my\MyBlog\target\classes started by zdk in F:\project\my\MyBlog)
21:59:59.309 DEBUG -> Running with Spring Boot v2.4.5, Spring v5.3.6
21:59:59.309 INFO  -> No active profile set, falling back to default profiles: default
22:00:00.925 INFO  -> Started MyBlogApplication in 1.907 seconds (JVM running for 2.379)
22:03:05.983 INFO  -> Starting MyBlogApplication using Java 1.8.0_282 on DESKTOP-7KN75LJ with PID 13996 (F:\project\my\MyBlog\target\classes started by zdk in F:\project\my\MyBlog)
22:03:05.985 DEBUG -> Running with Spring Boot v2.4.5, Spring v5.3.6
22:03:05.985 INFO  -> No active profile set, falling back to default profiles: default
22:03:07.529 INFO  -> Started MyBlogApplication in 1.847 seconds (JVM running for 2.323)
22:05:11.996 INFO  -> Starting MyBlogApplication using Java 1.8.0_282 on DESKTOP-7KN75LJ with PID 26836 (F:\project\my\MyBlog\target\classes started by zdk in F:\project\my\MyBlog)
22:05:11.998 DEBUG -> Running with Spring Boot v2.4.5, Spring v5.3.6
22:05:11.998 INFO  -> No active profile set, falling back to default profiles: default
22:05:13.621 INFO  -> Started MyBlogApplication in 1.931 seconds (JVM running for 2.398)
22:05:47.605 INFO  -> Starting MyBlogApplication using Java 1.8.0_282 on DESKTOP-7KN75LJ with PID 5956 (F:\project\my\MyBlog\target\classes started by zdk in F:\project\my\MyBlog)
22:05:47.607 DEBUG -> Running with Spring Boot v2.4.5, Spring v5.3.6
22:05:47.608 INFO  -> No active profile set, falling back to default profiles: default
22:05:49.142 INFO  -> Started MyBlogApplication in 1.828 seconds (JVM running for 2.289)
22:06:09.303 INFO  -> Starting MyBlogApplication using Java 1.8.0_282 on DESKTOP-7KN75LJ with PID 26124 (F:\project\my\MyBlog\target\classes started by zdk in F:\project\my\MyBlog)
22:06:09.305 DEBUG -> Running with Spring Boot v2.4.5, Spring v5.3.6
22:06:09.305 INFO  -> No active profile set, falling back to default profiles: default
22:06:10.905 INFO  -> Started MyBlogApplication in 1.895 seconds (JVM running for 2.365)
22:07:41.513 INFO  -> Starting MyBlogApplication using Java 1.8.0_282 on DESKTOP-7KN75LJ with PID 27404 (F:\project\my\MyBlog\target\classes started by zdk in F:\project\my\MyBlog)
22:07:41.515 DEBUG -> Running with Spring Boot v2.4.5, Spring v5.3.6
22:07:41.515 INFO  -> No active profile set, falling back to default profiles: default
22:07:43.063 INFO  -> Started MyBlogApplication in 1.836 seconds (JVM running for 2.305)
22:08:52.302 INFO  -> Starting MyBlogApplication using Java 1.8.0_282 on DESKTOP-7KN75LJ with PID 28364 (F:\project\my\MyBlog\target\classes started by zdk in F:\project\my\MyBlog)
22:08:52.304 DEBUG -> Running with Spring Boot v2.4.5, Spring v5.3.6
22:08:52.305 INFO  -> No active profile set, falling back to default profiles: default
22:08:54.357 INFO  -> Started MyBlogApplication in 2.371 seconds (JVM running for 2.84)
22:09:12.412 INFO  -> Starting MyBlogApplication using Java 1.8.0_282 on DESKTOP-7KN75LJ with PID 6524 (F:\project\my\MyBlog\target\classes started by zdk in F:\project\my\MyBlog)
22:09:12.414 DEBUG -> Running with Spring Boot v2.4.5, Spring v5.3.6
22:09:12.414 INFO  -> No active profile set, falling back to default profiles: default
22:09:14.034 INFO  -> Started MyBlogApplication in 1.912 seconds (JVM running for 2.389)
